[0.477s] DEBUG:colcon:Command line arguments: ['/home/ujglv/Dokumente/PSE/Grundstein/carmaker-workspace/.env/bin/colcon', 'build', '--cmake-args', '-DCARMAKER_VER:STRING=14.0.1', '--no-warn-unused-cli']
[0.477s] DEBUG:colcon:Parsed command line arguments: Namespace(log_base=None, log_level=None, verb_name='build', build_base='build', install_base='install', merge_install=False, symlink_install=False, test_result_base=None, continue_on_error=False, executor='parallel', parallel_workers=6, event_handlers=None, ignore_user_meta=False, metas=['./colcon.meta'], base_paths=['.'], packages_ignore=None, packages_ignore_regex=None, paths=None, packages_up_to=None, packages_up_to_regex=None, packages_above=None, packages_above_and_dependencies=None, packages_above_depth=None, packages_select_by_dep=None, packages_skip_by_dep=None, packages_skip_up_to=None, packages_select_build_failed=False, packages_skip_build_finished=False, packages_select_test_failures=False, packages_skip_test_passed=False, packages_select=None, packages_skip=None, packages_select_regex=None, packages_skip_regex=None, packages_start=None, packages_end=None, cmake_args=['-DCARMAKER_VER:STRING=14.0.1', '--no-warn-unused-cli'], cmake_target=None, cmake_target_skip_unavailable=False, cmake_clean_cache=False, cmake_clean_first=False, cmake_force_configure=False, ament_cmake_args=None, catkin_cmake_args=None, catkin_skip_building_tests=False, verb_parser=<colcon_defaults.argument_parser.defaults.DefaultArgumentsDecorator object at 0x7f9750fa1f50>, verb_extension=<colcon_core.verb.build.BuildVerb object at 0x7f9750fa1710>, main=<bound method BuildVerb.main of <colcon_core.verb.build.BuildVerb object at 0x7f9750fa1710>>)
[0.848s] Level 1:colcon.colcon_core.package_discovery:discover_packages(colcon_meta) check parameters
[0.848s] Level 1:colcon.colcon_core.package_discovery:discover_packages(recursive) check parameters
[0.848s] Level 1:colcon.colcon_core.package_discovery:discover_packages(ignore) check parameters
[0.848s] Level 1:colcon.colcon_core.package_discovery:discover_packages(path) check parameters
[0.848s] Level 1:colcon.colcon_core.package_discovery:discover_packages(colcon_meta) discover
[0.848s] Level 1:colcon.colcon_core.package_discovery:discover_packages(recursive) discover
[0.848s] INFO:colcon.colcon_core.package_discovery:Crawling recursively for packages in '/home/ujglv/Dokumente/PSE/Grundstein/carmaker-workspace/ros2_ws'
[0.849s] Level 1:colcon.colcon_core.package_identification:_identify(.) by extensions ['ignore', 'ignore_ament_install']
[0.849s] Level 1:colcon.colcon_core.package_identification:_identify(.) by extension 'ignore'
[0.849s] Level 1:colcon.colcon_core.package_identification:_identify(.) by extension 'ignore_ament_install'
[0.850s] Level 1:colcon.colcon_core.package_identification:_identify(.) by extensions ['colcon_pkg']
[0.850s] Level 1:colcon.colcon_core.package_identification:_identify(.) by extension 'colcon_pkg'
[0.850s] Level 1:colcon.colcon_core.package_identification:_identify(.) by extensions ['colcon_meta']
[0.850s] Level 1:colcon.colcon_core.package_identification:_identify(.) by extension 'colcon_meta'
[0.850s] Level 1:colcon.colcon_core.package_identification:_identify(.) by extensions ['ros']
[0.850s] Level 1:colcon.colcon_core.package_identification:_identify(.) by extension 'ros'
[0.904s] Level 1:colcon.colcon_core.package_identification:_identify(.) by extensions ['cmake', 'python']
[0.904s] Level 1:colcon.colcon_core.package_identification:_identify(.) by extension 'cmake'
[0.904s] Level 1:colcon.colcon_core.package_identification:_identify(.) by extension 'python'
[0.904s] Level 1:colcon.colcon_core.package_identification:_identify(.) by extensions ['python_setup_py']
[0.904s] Level 1:colcon.colcon_core.package_identification:_identify(.) by extension 'python_setup_py'
[0.904s] Level 1:colcon.colcon_core.package_identification:_identify(build) by extensions ['ignore', 'ignore_ament_install']
[0.904s] Level 1:colcon.colcon_core.package_identification:_identify(build) by extension 'ignore'
[0.904s] Level 1:colcon.colcon_core.package_identification:_identify(build) ignored
[0.904s] Level 1:colcon.colcon_core.package_identification:_identify(install) by extensions ['ignore', 'ignore_ament_install']
[0.905s] Level 1:colcon.colcon_core.package_identification:_identify(install) by extension 'ignore'
[0.905s] Level 1:colcon.colcon_core.package_identification:_identify(install) ignored
[0.905s] Level 1:colcon.colcon_core.package_identification:_identify(log) by extensions ['ignore', 'ignore_ament_install']
[0.905s] Level 1:colcon.colcon_core.package_identification:_identify(log) by extension 'ignore'
[0.905s] Level 1:colcon.colcon_core.package_identification:_identify(log) ignored
[0.905s] Level 1:colcon.colcon_core.package_identification:_identify(src) by extensions ['ignore', 'ignore_ament_install']
[0.905s] Level 1:colcon.colcon_core.package_identification:_identify(src) by extension 'ignore'
[0.906s] Level 1:colcon.colcon_core.package_identification:_identify(src) by extension 'ignore_ament_install'
[0.906s] Level 1:colcon.colcon_core.package_identification:_identify(src) by extensions ['colcon_pkg']
[0.906s] Level 1:colcon.colcon_core.package_identification:_identify(src) by extension 'colcon_pkg'
[0.907s] Level 1:colcon.colcon_core.package_identification:_identify(src) by extensions ['colcon_meta']
[0.907s] Level 1:colcon.colcon_core.package_identification:_identify(src) by extension 'colcon_meta'
[0.907s] Level 1:colcon.colcon_core.package_identification:_identify(src) by extensions ['ros']
[0.907s] Level 1:colcon.colcon_core.package_identification:_identify(src) by extension 'ros'
[0.908s] Level 1:colcon.colcon_core.package_identification:_identify(src) by extensions ['cmake', 'python']
[0.908s] Level 1:colcon.colcon_core.package_identification:_identify(src) by extension 'cmake'
[0.908s] Level 1:colcon.colcon_core.package_identification:_identify(src) by extension 'python'
[0.908s] Level 1:colcon.colcon_core.package_identification:_identify(src) by extensions ['python_setup_py']
[0.908s] Level 1:colcon.colcon_core.package_identification:_identify(src) by extension 'python_setup_py'
[0.909s] Level 1:colcon.colcon_core.package_identification:_identify(src/cm_msgs) by extensions ['ignore', 'ignore_ament_install']
[0.909s] Level 1:colcon.colcon_core.package_identification:_identify(src/cm_msgs) by extension 'ignore'
[0.909s] Level 1:colcon.colcon_core.package_identification:_identify(src/cm_msgs) by extension 'ignore_ament_install'
[0.910s] Level 1:colcon.colcon_core.package_identification:_identify(src/cm_msgs) by extensions ['colcon_pkg']
[0.910s] Level 1:colcon.colcon_core.package_identification:_identify(src/cm_msgs) by extension 'colcon_pkg'
[0.910s] Level 1:colcon.colcon_core.package_identification:_identify(src/cm_msgs) by extensions ['colcon_meta']
[0.910s] Level 1:colcon.colcon_core.package_identification:_identify(src/cm_msgs) by extension 'colcon_meta'
[0.910s] Level 1:colcon.colcon_core.package_identification:_identify(src/cm_msgs) by extensions ['ros']
[0.910s] Level 1:colcon.colcon_core.package_identification:_identify(src/cm_msgs) by extension 'ros'
[0.916s] DEBUG:colcon.colcon_core.package_identification:Package 'src/cm_msgs' with type 'ros.ament_cmake' and name 'cm_msgs'
[0.916s] Level 1:colcon.colcon_core.package_identification:_identify(src/cm_ros_if) by extensions ['ignore', 'ignore_ament_install']
[0.916s] Level 1:colcon.colcon_core.package_identification:_identify(src/cm_ros_if) by extension 'ignore'
[0.917s] Level 1:colcon.colcon_core.package_identification:_identify(src/cm_ros_if) by extension 'ignore_ament_install'
[0.917s] Level 1:colcon.colcon_core.package_identification:_identify(src/cm_ros_if) by extensions ['colcon_pkg']
[0.917s] Level 1:colcon.colcon_core.package_identification:_identify(src/cm_ros_if) by extension 'colcon_pkg'
[0.918s] Level 1:colcon.colcon_core.package_identification:_identify(src/cm_ros_if) by extensions ['colcon_meta']
[0.918s] Level 1:colcon.colcon_core.package_identification:_identify(src/cm_ros_if) by extension 'colcon_meta'
[0.918s] Level 1:colcon.colcon_core.package_identification:_identify(src/cm_ros_if) by extensions ['ros']
[0.918s] Level 1:colcon.colcon_core.package_identification:_identify(src/cm_ros_if) by extension 'ros'
[0.919s] DEBUG:colcon.colcon_core.package_identification:Package 'src/cm_ros_if' with type 'ros.ament_cmake' and name 'cm_ros_if'
[0.919s] Level 1:colcon.colcon_core.package_identification:_identify(src/cmrosutils) by extensions ['ignore', 'ignore_ament_install']
[0.919s] Level 1:colcon.colcon_core.package_identification:_identify(src/cmrosutils) by extension 'ignore'
[0.920s] Level 1:colcon.colcon_core.package_identification:_identify(src/cmrosutils) by extension 'ignore_ament_install'
[0.920s] Level 1:colcon.colcon_core.package_identification:_identify(src/cmrosutils) by extensions ['colcon_pkg']
[0.920s] Level 1:colcon.colcon_core.package_identification:_identify(src/cmrosutils) by extension 'colcon_pkg'
[0.920s] Level 1:colcon.colcon_core.package_identification:_identify(src/cmrosutils) by extensions ['colcon_meta']
[0.920s] Level 1:colcon.colcon_core.package_identification:_identify(src/cmrosutils) by extension 'colcon_meta'
[0.921s] Level 1:colcon.colcon_core.package_identification:_identify(src/cmrosutils) by extensions ['ros']
[0.921s] Level 1:colcon.colcon_core.package_identification:_identify(src/cmrosutils) by extension 'ros'
[0.922s] DEBUG:colcon.colcon_core.package_identification:Package 'src/cmrosutils' with type 'ros.ament_cmake' and name 'cmrosutils'
[0.922s] Level 1:colcon.colcon_core.package_identification:_identify(src/pse_aeb) by extensions ['ignore', 'ignore_ament_install']
[0.922s] Level 1:colcon.colcon_core.package_identification:_identify(src/pse_aeb) by extension 'ignore'
[0.922s] Level 1:colcon.colcon_core.package_identification:_identify(src/pse_aeb) by extension 'ignore_ament_install'
[0.923s] Level 1:colcon.colcon_core.package_identification:_identify(src/pse_aeb) by extensions ['colcon_pkg']
[0.923s] Level 1:colcon.colcon_core.package_identification:_identify(src/pse_aeb) by extension 'colcon_pkg'
[0.923s] Level 1:colcon.colcon_core.package_identification:_identify(src/pse_aeb) by extensions ['colcon_meta']
[0.923s] Level 1:colcon.colcon_core.package_identification:_identify(src/pse_aeb) by extension 'colcon_meta'
[0.923s] Level 1:colcon.colcon_core.package_identification:_identify(src/pse_aeb) by extensions ['ros']
[0.923s] Level 1:colcon.colcon_core.package_identification:_identify(src/pse_aeb) by extension 'ros'
[0.925s] DEBUG:colcon.colcon_core.package_identification:Package 'src/pse_aeb' with type 'ros.ament_cmake' and name 'pse_aeb'
[0.925s] Level 1:colcon.colcon_core.package_discovery:discover_packages(recursive) using defaults
[0.925s] Level 1:colcon.colcon_core.package_discovery:discover_packages(ignore) discover
[0.925s] Level 1:colcon.colcon_core.package_discovery:discover_packages(ignore) using defaults
[0.925s] Level 1:colcon.colcon_core.package_discovery:discover_packages(path) discover
[0.925s] Level 1:colcon.colcon_core.package_discovery:discover_packages(path) using defaults
[0.963s] Level 5:colcon.colcon_core.verb:set package 'cm_msgs' build argument 'cmake_args' from command line to '['-DCARMAKER_VER:STRING=14.0.1', '--no-warn-unused-cli']'
[0.963s] Level 5:colcon.colcon_core.verb:set package 'cm_msgs' build argument 'cmake_target' from command line to 'None'
[0.963s] Level 5:colcon.colcon_core.verb:set package 'cm_msgs' build argument 'cmake_target_skip_unavailable' from command line to 'False'
[0.963s] Level 5:colcon.colcon_core.verb:set package 'cm_msgs' build argument 'cmake_clean_cache' from command line to 'False'
[0.963s] Level 5:colcon.colcon_core.verb:set package 'cm_msgs' build argument 'cmake_clean_first' from command line to 'False'
[0.963s] Level 5:colcon.colcon_core.verb:set package 'cm_msgs' build argument 'cmake_force_configure' from command line to 'False'
[0.963s] Level 5:colcon.colcon_core.verb:set package 'cm_msgs' build argument 'ament_cmake_args' from command line to 'None'
[0.963s] Level 5:colcon.colcon_core.verb:set package 'cm_msgs' build argument 'catkin_cmake_args' from command line to 'None'
[0.963s] Level 5:colcon.colcon_core.verb:set package 'cm_msgs' build argument 'catkin_skip_building_tests' from command line to 'False'
[0.963s] DEBUG:colcon.colcon_core.verb:Building package 'cm_msgs' with the following arguments: {'ament_cmake_args': None, 'build_base': '/home/ujglv/Dokumente/PSE/Grundstein/carmaker-workspace/ros2_ws/build/cm_msgs', 'catkin_cmake_args': None, 'catkin_skip_building_tests': False, 'cmake_args': ['-DCARMAKER_VER:STRING=14.0.1', '--no-warn-unused-cli'], 'cmake_clean_cache': False, 'cmake_clean_first': False, 'cmake_force_configure': False, 'cmake_target': None, 'cmake_target_skip_unavailable': False, 'install_base': '/home/ujglv/Dokumente/PSE/Grundstein/carmaker-workspace/ros2_ws/install/cm_msgs', 'merge_install': False, 'path': '/home/ujglv/Dokumente/PSE/Grundstein/carmaker-workspace/ros2_ws/src/cm_msgs', 'symlink_install': False, 'test_result_base': None}
[0.964s] Level 5:colcon.colcon_core.verb:set package 'cmrosutils' build argument 'cmake_args' from command line to '['-DCARMAKER_VER:STRING=14.0.1', '--no-warn-unused-cli']'
[0.964s] Level 5:colcon.colcon_core.verb:set package 'cmrosutils' build argument 'cmake_target' from command line to 'None'
[0.964s] Level 5:colcon.colcon_core.verb:set package 'cmrosutils' build argument 'cmake_target_skip_unavailable' from command line to 'False'
[0.964s] Level 5:colcon.colcon_core.verb:set package 'cmrosutils' build argument 'cmake_clean_cache' from command line to 'False'
[0.964s] Level 5:colcon.colcon_core.verb:set package 'cmrosutils' build argument 'cmake_clean_first' from command line to 'False'
[0.964s] Level 5:colcon.colcon_core.verb:set package 'cmrosutils' build argument 'cmake_force_configure' from command line to 'False'
[0.964s] Level 5:colcon.colcon_core.verb:set package 'cmrosutils' build argument 'ament_cmake_args' from command line to 'None'
[0.964s] Level 5:colcon.colcon_core.verb:set package 'cmrosutils' build argument 'catkin_cmake_args' from command line to 'None'
[0.964s] Level 5:colcon.colcon_core.verb:set package 'cmrosutils' build argument 'catkin_skip_building_tests' from command line to 'False'
[0.964s] DEBUG:colcon.colcon_core.verb:Building package 'cmrosutils' with the following arguments: {'ament_cmake_args': None, 'build_base': '/home/ujglv/Dokumente/PSE/Grundstein/carmaker-workspace/ros2_ws/build/cmrosutils', 'catkin_cmake_args': None, 'catkin_skip_building_tests': False, 'cmake_args': ['-DCARMAKER_VER:STRING=14.0.1', '--no-warn-unused-cli'], 'cmake_clean_cache': False, 'cmake_clean_first': False, 'cmake_force_configure': False, 'cmake_target': None, 'cmake_target_skip_unavailable': False, 'install_base': '/home/ujglv/Dokumente/PSE/Grundstein/carmaker-workspace/ros2_ws/install/cmrosutils', 'merge_install': False, 'path': '/home/ujglv/Dokumente/PSE/Grundstein/carmaker-workspace/ros2_ws/src/cmrosutils', 'symlink_install': False, 'test_result_base': None}
[0.964s] Level 5:colcon.colcon_core.verb:set package 'cm_ros_if' build argument 'cmake_args' from command line to '['-DCARMAKER_VER:STRING=14.0.1', '--no-warn-unused-cli']'
[0.964s] Level 5:colcon.colcon_core.verb:set package 'cm_ros_if' build argument 'cmake_target' from command line to 'None'
[0.964s] Level 5:colcon.colcon_core.verb:set package 'cm_ros_if' build argument 'cmake_target_skip_unavailable' from command line to 'False'
[0.964s] Level 5:colcon.colcon_core.verb:set package 'cm_ros_if' build argument 'cmake_clean_cache' from command line to 'False'
[0.964s] Level 5:colcon.colcon_core.verb:set package 'cm_ros_if' build argument 'cmake_clean_first' from command line to 'False'
[0.964s] Level 5:colcon.colcon_core.verb:set package 'cm_ros_if' build argument 'cmake_force_configure' from command line to 'False'
[0.964s] Level 5:colcon.colcon_core.verb:set package 'cm_ros_if' build argument 'ament_cmake_args' from command line to 'None'
[0.964s] Level 5:colcon.colcon_core.verb:set package 'cm_ros_if' build argument 'catkin_cmake_args' from command line to 'None'
[0.964s] Level 5:colcon.colcon_core.verb:set package 'cm_ros_if' build argument 'catkin_skip_building_tests' from command line to 'False'
[0.964s] DEBUG:colcon.colcon_core.verb:Building package 'cm_ros_if' with the following arguments: {'ament_cmake_args': None, 'build_base': '/home/ujglv/Dokumente/PSE/Grundstein/carmaker-workspace/ros2_ws/build/cm_ros_if', 'catkin_cmake_args': None, 'catkin_skip_building_tests': False, 'cmake_args': ['-DCARMAKER_VER:STRING=14.0.1', '--no-warn-unused-cli'], 'cmake_clean_cache': False, 'cmake_clean_first': False, 'cmake_force_configure': False, 'cmake_target': None, 'cmake_target_skip_unavailable': False, 'install_base': '/home/ujglv/Dokumente/PSE/Grundstein/carmaker-workspace/ros2_ws/install/cm_ros_if', 'merge_install': False, 'path': '/home/ujglv/Dokumente/PSE/Grundstein/carmaker-workspace/ros2_ws/src/cm_ros_if', 'symlink_install': False, 'test_result_base': None}
[0.964s] Level 5:colcon.colcon_core.verb:set package 'pse_aeb' build argument 'cmake_args' from command line to '['-DCARMAKER_VER:STRING=14.0.1', '--no-warn-unused-cli']'
[0.964s] Level 5:colcon.colcon_core.verb:set package 'pse_aeb' build argument 'cmake_target' from command line to 'None'
[0.964s] Level 5:colcon.colcon_core.verb:set package 'pse_aeb' build argument 'cmake_target_skip_unavailable' from command line to 'False'
[0.964s] Level 5:colcon.colcon_core.verb:set package 'pse_aeb' build argument 'cmake_clean_cache' from command line to 'False'
[0.964s] Level 5:colcon.colcon_core.verb:set package 'pse_aeb' build argument 'cmake_clean_first' from command line to 'False'
[0.964s] Level 5:colcon.colcon_core.verb:set package 'pse_aeb' build argument 'cmake_force_configure' from command line to 'False'
[0.964s] Level 5:colcon.colcon_core.verb:set package 'pse_aeb' build argument 'ament_cmake_args' from command line to 'None'
[0.964s] Level 5:colcon.colcon_core.verb:set package 'pse_aeb' build argument 'catkin_cmake_args' from command line to 'None'
[0.964s] Level 5:colcon.colcon_core.verb:set package 'pse_aeb' build argument 'catkin_skip_building_tests' from command line to 'False'
[0.964s] DEBUG:colcon.colcon_core.verb:Building package 'pse_aeb' with the following arguments: {'ament_cmake_args': None, 'build_base': '/home/ujglv/Dokumente/PSE/Grundstein/carmaker-workspace/ros2_ws/build/pse_aeb', 'catkin_cmake_args': None, 'catkin_skip_building_tests': False, 'cmake_args': ['-DCARMAKER_VER:STRING=14.0.1', '--no-warn-unused-cli'], 'cmake_clean_cache': False, 'cmake_clean_first': False, 'cmake_force_configure': False, 'cmake_target': None, 'cmake_target_skip_unavailable': False, 'install_base': '/home/ujglv/Dokumente/PSE/Grundstein/carmaker-workspace/ros2_ws/install/pse_aeb', 'merge_install': False, 'path': '/home/ujglv/Dokumente/PSE/Grundstein/carmaker-workspace/ros2_ws/src/pse_aeb', 'symlink_install': False, 'test_result_base': None}
[0.965s] INFO:colcon.colcon_core.executor:Executing jobs using 'parallel' executor
[0.965s] DEBUG:colcon.colcon_parallel_executor.executor.parallel:run_until_complete
[0.965s] INFO:colcon.colcon_ros.task.ament_cmake.build:Building ROS package in '/home/ujglv/Dokumente/PSE/Grundstein/carmaker-workspace/ros2_ws/src/cm_msgs' with build type 'ament_cmake'
[0.965s] INFO:colcon.colcon_cmake.task.cmake.build:Building CMake package in '/home/ujglv/Dokumente/PSE/Grundstein/carmaker-workspace/ros2_ws/src/cm_msgs'
[0.978s] INFO:colcon.colcon_core.plugin_system:Skipping extension 'colcon_core.shell.bat': Not used on non-Windows systems
[0.978s] INFO:colcon.colcon_core.shell:Skip shell extension 'powershell' for command environment: Not usable outside of PowerShell
[0.978s] DEBUG:colcon.colcon_core.shell:Skip shell extension 'dsv' for command environment
[0.993s] INFO:colcon.colcon_ros.task.ament_cmake.build:Building ROS package in '/home/ujglv/Dokumente/PSE/Grundstein/carmaker-workspace/ros2_ws/src/cmrosutils' with build type 'ament_cmake'
[0.993s] INFO:colcon.colcon_cmake.task.cmake.build:Building CMake package in '/home/ujglv/Dokumente/PSE/Grundstein/carmaker-workspace/ros2_ws/src/cmrosutils'
[0.993s] INFO:colcon.colcon_core.shell:Skip shell extension 'powershell' for command environment: Not usable outside of PowerShell
[0.994s] DEBUG:colcon.colcon_core.shell:Skip shell extension 'dsv' for command environment
[1.013s] DEBUG:colcon.colcon_core.event_handler.log_command:Invoking command in '/home/ujglv/Dokumente/PSE/Grundstein/carmaker-workspace/ros2_ws/build/cm_msgs': CMAKE_PREFIX_PATH=/opt/ros/humble DEBUGINFOD_URLS=https://debuginfod.centos.org/ SHLVL=7 VIRTUAL_ENV_PROMPT=(.env) _=/usr/bin/env /usr/bin/cmake /home/ujglv/Dokumente/PSE/Grundstein/carmaker-workspace/ros2_ws/src/cm_msgs -DCARMAKER_VER:STRING=14.0.1 --no-warn-unused-cli -DCMAKE_INSTALL_PREFIX=/home/ujglv/Dokumente/PSE/Grundstein/carmaker-workspace/ros2_ws/install/cm_msgs
[1.024s] DEBUG:colcon.colcon_core.event_handler.log_command:Invoking command in '/home/ujglv/Dokumente/PSE/Grundstein/carmaker-workspace/ros2_ws/build/cmrosutils': CMAKE_PREFIX_PATH=/opt/ros/humble DEBUGINFOD_URLS=https://debuginfod.centos.org/ SHLVL=7 VIRTUAL_ENV_PROMPT=(.env) _=/usr/bin/env /usr/bin/cmake /home/ujglv/Dokumente/PSE/Grundstein/carmaker-workspace/ros2_ws/src/cmrosutils -DCARMAKER_VER:STRING=14.0.1 --no-warn-unused-cli -DCMAKE_INSTALL_PREFIX=/home/ujglv/Dokumente/PSE/Grundstein/carmaker-workspace/ros2_ws/install/cmrosutils
[8.225s] DEBUG:colcon.colcon_core.event_handler.log_command:Invoked command in '/home/ujglv/Dokumente/PSE/Grundstein/carmaker-workspace/ros2_ws/build/cm_msgs' returned '0': CMAKE_PREFIX_PATH=/opt/ros/humble DEBUGINFOD_URLS=https://debuginfod.centos.org/ SHLVL=7 VIRTUAL_ENV_PROMPT=(.env) _=/usr/bin/env /usr/bin/cmake /home/ujglv/Dokumente/PSE/Grundstein/carmaker-workspace/ros2_ws/src/cm_msgs -DCARMAKER_VER:STRING=14.0.1 --no-warn-unused-cli -DCMAKE_INSTALL_PREFIX=/home/ujglv/Dokumente/PSE/Grundstein/carmaker-workspace/ros2_ws/install/cm_msgs
[8.227s] DEBUG:colcon.colcon_core.event_handler.log_command:Invoking command in '/home/ujglv/Dokumente/PSE/Grundstein/carmaker-workspace/ros2_ws/build/cm_msgs': CMAKE_PREFIX_PATH=/opt/ros/humble DEBUGINFOD_URLS=https://debuginfod.centos.org/ SHLVL=7 VIRTUAL_ENV_PROMPT=(.env) _=/usr/bin/env /usr/bin/cmake --build /home/ujglv/Dokumente/PSE/Grundstein/carmaker-workspace/ros2_ws/build/cm_msgs -- -j6 -l6
[9.966s] DEBUG:colcon.colcon_core.event_handler.log_command:Invoked command in '/home/ujglv/Dokumente/PSE/Grundstein/carmaker-workspace/ros2_ws/build/cmrosutils' returned '0': CMAKE_PREFIX_PATH=/opt/ros/humble DEBUGINFOD_URLS=https://debuginfod.centos.org/ SHLVL=7 VIRTUAL_ENV_PROMPT=(.env) _=/usr/bin/env /usr/bin/cmake /home/ujglv/Dokumente/PSE/Grundstein/carmaker-workspace/ros2_ws/src/cmrosutils -DCARMAKER_VER:STRING=14.0.1 --no-warn-unused-cli -DCMAKE_INSTALL_PREFIX=/home/ujglv/Dokumente/PSE/Grundstein/carmaker-workspace/ros2_ws/install/cmrosutils
[9.969s] DEBUG:colcon.colcon_core.event_handler.log_command:Invoking command in '/home/ujglv/Dokumente/PSE/Grundstein/carmaker-workspace/ros2_ws/build/cmrosutils': CMAKE_PREFIX_PATH=/opt/ros/humble DEBUGINFOD_URLS=https://debuginfod.centos.org/ SHLVL=7 VIRTUAL_ENV_PROMPT=(.env) _=/usr/bin/env /usr/bin/cmake --build /home/ujglv/Dokumente/PSE/Grundstein/carmaker-workspace/ros2_ws/build/cmrosutils -- -j6 -l6
[15.458s] DEBUG:colcon.colcon_core.event_handler.log_command:Invoked command in '/home/ujglv/Dokumente/PSE/Grundstein/carmaker-workspace/ros2_ws/build/cm_msgs' returned '0': CMAKE_PREFIX_PATH=/opt/ros/humble DEBUGINFOD_URLS=https://debuginfod.centos.org/ SHLVL=7 VIRTUAL_ENV_PROMPT=(.env) _=/usr/bin/env /usr/bin/cmake --build /home/ujglv/Dokumente/PSE/Grundstein/carmaker-workspace/ros2_ws/build/cm_msgs -- -j6 -l6
[15.477s] DEBUG:colcon.colcon_core.event_handler.log_command:Invoking command in '/home/ujglv/Dokumente/PSE/Grundstein/carmaker-workspace/ros2_ws/build/cm_msgs': CMAKE_PREFIX_PATH=/opt/ros/humble DEBUGINFOD_URLS=https://debuginfod.centos.org/ SHLVL=7 VIRTUAL_ENV_PROMPT=(.env) _=/usr/bin/env /usr/bin/cmake --install /home/ujglv/Dokumente/PSE/Grundstein/carmaker-workspace/ros2_ws/build/cm_msgs
[16.604s] Level 1:colcon.colcon_core.environment:create_environment_scripts_only(cm_msgs)
[16.604s] DEBUG:colcon.colcon_core.event_handler.log_command:Invoked command in '/home/ujglv/Dokumente/PSE/Grundstein/carmaker-workspace/ros2_ws/build/cm_msgs' returned '0': CMAKE_PREFIX_PATH=/opt/ros/humble DEBUGINFOD_URLS=https://debuginfod.centos.org/ SHLVL=7 VIRTUAL_ENV_PROMPT=(.env) _=/usr/bin/env /usr/bin/cmake --install /home/ujglv/Dokumente/PSE/Grundstein/carmaker-workspace/ros2_ws/build/cm_msgs
[16.622s] Level 1:colcon.colcon_core.environment:checking '/home/ujglv/Dokumente/PSE/Grundstein/carmaker-workspace/ros2_ws/install/cm_msgs' for CMake module files
[16.625s] Level 1:colcon.colcon_core.environment:checking '/home/ujglv/Dokumente/PSE/Grundstein/carmaker-workspace/ros2_ws/install/cm_msgs' for CMake config files
[16.628s] Level 1:colcon.colcon_core.shell:create_environment_hook('cm_msgs', 'cmake_prefix_path')
[16.628s] INFO:colcon.colcon_core.shell:Creating environment hook '/home/ujglv/Dokumente/PSE/Grundstein/carmaker-workspace/ros2_ws/install/cm_msgs/share/cm_msgs/hook/cmake_prefix_path.ps1'
[16.631s] INFO:colcon.colcon_core.shell:Creating environment descriptor '/home/ujglv/Dokumente/PSE/Grundstein/carmaker-workspace/ros2_ws/install/cm_msgs/share/cm_msgs/hook/cmake_prefix_path.dsv'
[16.633s] INFO:colcon.colcon_core.shell:Creating environment hook '/home/ujglv/Dokumente/PSE/Grundstein/carmaker-workspace/ros2_ws/install/cm_msgs/share/cm_msgs/hook/cmake_prefix_path.sh'
[16.636s] Level 1:colcon.colcon_core.environment:checking '/home/ujglv/Dokumente/PSE/Grundstein/carmaker-workspace/ros2_ws/install/cm_msgs/lib'
[16.636s] Level 1:colcon.colcon_core.shell:create_environment_hook('cm_msgs', 'ld_library_path_lib')
[16.636s] INFO:colcon.colcon_core.shell:Creating environment hook '/home/ujglv/Dokumente/PSE/Grundstein/carmaker-workspace/ros2_ws/install/cm_msgs/share/cm_msgs/hook/ld_library_path_lib.ps1'
[16.643s] INFO:colcon.colcon_core.shell:Creating environment descriptor '/home/ujglv/Dokumente/PSE/Grundstein/carmaker-workspace/ros2_ws/install/cm_msgs/share/cm_msgs/hook/ld_library_path_lib.dsv'
[16.647s] INFO:colcon.colcon_core.shell:Creating environment hook '/home/ujglv/Dokumente/PSE/Grundstein/carmaker-workspace/ros2_ws/install/cm_msgs/share/cm_msgs/hook/ld_library_path_lib.sh'
[16.653s] Level 1:colcon.colcon_core.environment:checking '/home/ujglv/Dokumente/PSE/Grundstein/carmaker-workspace/ros2_ws/install/cm_msgs/bin'
[16.653s] Level 1:colcon.colcon_core.environment:checking '/home/ujglv/Dokumente/PSE/Grundstein/carmaker-workspace/ros2_ws/install/cm_msgs/lib/pkgconfig/cm_msgs.pc'
[16.654s] Level 1:colcon.colcon_core.environment:checking '/home/ujglv/Dokumente/PSE/Grundstein/carmaker-workspace/ros2_ws/install/cm_msgs/lib/python3.11/site-packages'
[16.654s] Level 1:colcon.colcon_core.shell:create_environment_hook('cm_msgs', 'pythonpath')
[16.655s] INFO:colcon.colcon_core.shell:Creating environment hook '/home/ujglv/Dokumente/PSE/Grundstein/carmaker-workspace/ros2_ws/install/cm_msgs/share/cm_msgs/hook/pythonpath.ps1'
[16.659s] INFO:colcon.colcon_core.shell:Creating environment descriptor '/home/ujglv/Dokumente/PSE/Grundstein/carmaker-workspace/ros2_ws/install/cm_msgs/share/cm_msgs/hook/pythonpath.dsv'
[16.661s] INFO:colcon.colcon_core.shell:Creating environment hook '/home/ujglv/Dokumente/PSE/Grundstein/carmaker-workspace/ros2_ws/install/cm_msgs/share/cm_msgs/hook/pythonpath.sh'
[16.663s] Level 1:colcon.colcon_core.environment:checking '/home/ujglv/Dokumente/PSE/Grundstein/carmaker-workspace/ros2_ws/install/cm_msgs/bin'
[16.663s] INFO:colcon.colcon_core.shell:Creating package script '/home/ujglv/Dokumente/PSE/Grundstein/carmaker-workspace/ros2_ws/install/cm_msgs/share/cm_msgs/package.ps1'
[16.666s] INFO:colcon.colcon_core.shell:Creating package descriptor '/home/ujglv/Dokumente/PSE/Grundstein/carmaker-workspace/ros2_ws/install/cm_msgs/share/cm_msgs/package.dsv'
[16.669s] INFO:colcon.colcon_core.shell:Creating package script '/home/ujglv/Dokumente/PSE/Grundstein/carmaker-workspace/ros2_ws/install/cm_msgs/share/cm_msgs/package.sh'
[16.677s] INFO:colcon.colcon_core.shell:Creating package script '/home/ujglv/Dokumente/PSE/Grundstein/carmaker-workspace/ros2_ws/install/cm_msgs/share/cm_msgs/package.bash'
[16.682s] INFO:colcon.colcon_core.shell:Creating package script '/home/ujglv/Dokumente/PSE/Grundstein/carmaker-workspace/ros2_ws/install/cm_msgs/share/cm_msgs/package.zsh'
[16.685s] Level 1:colcon.colcon_core.environment:create_file_with_runtime_dependencies(/home/ujglv/Dokumente/PSE/Grundstein/carmaker-workspace/ros2_ws/install/cm_msgs/share/colcon-core/packages/cm_msgs)
[16.693s] Level 1:colcon.colcon_core.environment:create_environment_scripts_only(cm_msgs)
[16.693s] Level 1:colcon.colcon_core.environment:checking '/home/ujglv/Dokumente/PSE/Grundstein/carmaker-workspace/ros2_ws/install/cm_msgs' for CMake module files
[16.697s] Level 1:colcon.colcon_core.environment:checking '/home/ujglv/Dokumente/PSE/Grundstein/carmaker-workspace/ros2_ws/install/cm_msgs' for CMake config files
[16.698s] Level 1:colcon.colcon_core.shell:create_environment_hook('cm_msgs', 'cmake_prefix_path')
[16.698s] INFO:colcon.colcon_core.shell:Creating environment hook '/home/ujglv/Dokumente/PSE/Grundstein/carmaker-workspace/ros2_ws/install/cm_msgs/share/cm_msgs/hook/cmake_prefix_path.ps1'
[16.700s] INFO:colcon.colcon_core.shell:Creating environment descriptor '/home/ujglv/Dokumente/PSE/Grundstein/carmaker-workspace/ros2_ws/install/cm_msgs/share/cm_msgs/hook/cmake_prefix_path.dsv'
[16.703s] INFO:colcon.colcon_core.shell:Creating environment hook '/home/ujglv/Dokumente/PSE/Grundstein/carmaker-workspace/ros2_ws/install/cm_msgs/share/cm_msgs/hook/cmake_prefix_path.sh'
[16.705s] Level 1:colcon.colcon_core.environment:checking '/home/ujglv/Dokumente/PSE/Grundstein/carmaker-workspace/ros2_ws/install/cm_msgs/lib'
[16.705s] Level 1:colcon.colcon_core.shell:create_environment_hook('cm_msgs', 'ld_library_path_lib')
[16.705s] INFO:colcon.colcon_core.shell:Creating environment hook '/home/ujglv/Dokumente/PSE/Grundstein/carmaker-workspace/ros2_ws/install/cm_msgs/share/cm_msgs/hook/ld_library_path_lib.ps1'
[16.707s] INFO:colcon.colcon_core.shell:Creating environment descriptor '/home/ujglv/Dokumente/PSE/Grundstein/carmaker-workspace/ros2_ws/install/cm_msgs/share/cm_msgs/hook/ld_library_path_lib.dsv'
[16.712s] INFO:colcon.colcon_core.shell:Creating environment hook '/home/ujglv/Dokumente/PSE/Grundstein/carmaker-workspace/ros2_ws/install/cm_msgs/share/cm_msgs/hook/ld_library_path_lib.sh'
[16.716s] Level 1:colcon.colcon_core.environment:checking '/home/ujglv/Dokumente/PSE/Grundstein/carmaker-workspace/ros2_ws/install/cm_msgs/bin'
[16.716s] Level 1:colcon.colcon_core.environment:checking '/home/ujglv/Dokumente/PSE/Grundstein/carmaker-workspace/ros2_ws/install/cm_msgs/lib/pkgconfig/cm_msgs.pc'
[16.716s] Level 1:colcon.colcon_core.environment:checking '/home/ujglv/Dokumente/PSE/Grundstein/carmaker-workspace/ros2_ws/install/cm_msgs/lib/python3.11/site-packages'
[16.717s] Level 1:colcon.colcon_core.shell:create_environment_hook('cm_msgs', 'pythonpath')
[16.717s] INFO:colcon.colcon_core.shell:Creating environment hook '/home/ujglv/Dokumente/PSE/Grundstein/carmaker-workspace/ros2_ws/install/cm_msgs/share/cm_msgs/hook/pythonpath.ps1'
[16.720s] INFO:colcon.colcon_core.shell:Creating environment descriptor '/home/ujglv/Dokumente/PSE/Grundstein/carmaker-workspace/ros2_ws/install/cm_msgs/share/cm_msgs/hook/pythonpath.dsv'
[16.722s] INFO:colcon.colcon_core.shell:Creating environment hook '/home/ujglv/Dokumente/PSE/Grundstein/carmaker-workspace/ros2_ws/install/cm_msgs/share/cm_msgs/hook/pythonpath.sh'
[16.724s] Level 1:colcon.colcon_core.environment:checking '/home/ujglv/Dokumente/PSE/Grundstein/carmaker-workspace/ros2_ws/install/cm_msgs/bin'
[16.725s] INFO:colcon.colcon_core.shell:Creating package script '/home/ujglv/Dokumente/PSE/Grundstein/carmaker-workspace/ros2_ws/install/cm_msgs/share/cm_msgs/package.ps1'
[16.727s] INFO:colcon.colcon_core.shell:Creating package descriptor '/home/ujglv/Dokumente/PSE/Grundstein/carmaker-workspace/ros2_ws/install/cm_msgs/share/cm_msgs/package.dsv'
[16.729s] INFO:colcon.colcon_core.shell:Creating package script '/home/ujglv/Dokumente/PSE/Grundstein/carmaker-workspace/ros2_ws/install/cm_msgs/share/cm_msgs/package.sh'
[16.735s] INFO:colcon.colcon_core.shell:Creating package script '/home/ujglv/Dokumente/PSE/Grundstein/carmaker-workspace/ros2_ws/install/cm_msgs/share/cm_msgs/package.bash'
[16.740s] INFO:colcon.colcon_core.shell:Creating package script '/home/ujglv/Dokumente/PSE/Grundstein/carmaker-workspace/ros2_ws/install/cm_msgs/share/cm_msgs/package.zsh'
[16.744s] Level 1:colcon.colcon_core.environment:create_file_with_runtime_dependencies(/home/ujglv/Dokumente/PSE/Grundstein/carmaker-workspace/ros2_ws/install/cm_msgs/share/colcon-core/packages/cm_msgs)
[16.745s] INFO:colcon.colcon_ros.task.ament_cmake.build:Building ROS package in '/home/ujglv/Dokumente/PSE/Grundstein/carmaker-workspace/ros2_ws/src/pse_aeb' with build type 'ament_cmake'
[16.745s] INFO:colcon.colcon_cmake.task.cmake.build:Building CMake package in '/home/ujglv/Dokumente/PSE/Grundstein/carmaker-workspace/ros2_ws/src/pse_aeb'
[16.746s] INFO:colcon.colcon_core.shell:Skip shell extension 'powershell' for command environment: Not usable outside of PowerShell
[16.746s] DEBUG:colcon.colcon_core.shell:Skip shell extension 'dsv' for command environment
[16.826s] DEBUG:colcon.colcon_core.event_handler.log_command:Invoking command in '/home/ujglv/Dokumente/PSE/Grundstein/carmaker-workspace/ros2_ws/build/pse_aeb': AMENT_PREFIX_PATH=/home/ujglv/Dokumente/PSE/Grundstein/carmaker-workspace/ros2_ws/install/cm_msgs:${AMENT_PREFIX_PATH} CMAKE_PREFIX_PATH=/home/ujglv/Dokumente/PSE/Grundstein/carmaker-workspace/ros2_ws/install/cm_msgs:/opt/ros/humble DEBUGINFOD_URLS=https://debuginfod.centos.org/ LD_LIBRARY_PATH=/home/ujglv/Dokumente/PSE/Grundstein/carmaker-workspace/ros2_ws/install/cm_msgs/lib:${LD_LIBRARY_PATH} PYTHONPATH=/home/ujglv/Dokumente/PSE/Grundstein/carmaker-workspace/ros2_ws/install/cm_msgs/lib/python3.11/site-packages:${PYTHONPATH} SHLVL=7 VIRTUAL_ENV_PROMPT=(.env) _=/usr/bin/env /usr/bin/cmake /home/ujglv/Dokumente/PSE/Grundstein/carmaker-workspace/ros2_ws/src/pse_aeb -DCARMAKER_VER:STRING=14.0.1 --no-warn-unused-cli -DCMAKE_INSTALL_PREFIX=/home/ujglv/Dokumente/PSE/Grundstein/carmaker-workspace/ros2_ws/install/pse_aeb
[19.828s] DEBUG:colcon.colcon_core.event_handler.log_command:Invoked command in '/home/ujglv/Dokumente/PSE/Grundstein/carmaker-workspace/ros2_ws/build/cmrosutils' returned '0': CMAKE_PREFIX_PATH=/opt/ros/humble DEBUGINFOD_URLS=https://debuginfod.centos.org/ SHLVL=7 VIRTUAL_ENV_PROMPT=(.env) _=/usr/bin/env /usr/bin/cmake --build /home/ujglv/Dokumente/PSE/Grundstein/carmaker-workspace/ros2_ws/build/cmrosutils -- -j6 -l6
[19.832s] DEBUG:colcon.colcon_core.event_handler.log_command:Invoking command in '/home/ujglv/Dokumente/PSE/Grundstein/carmaker-workspace/ros2_ws/build/cmrosutils': CMAKE_PREFIX_PATH=/opt/ros/humble DEBUGINFOD_URLS=https://debuginfod.centos.org/ SHLVL=7 VIRTUAL_ENV_PROMPT=(.env) _=/usr/bin/env /usr/bin/cmake --install /home/ujglv/Dokumente/PSE/Grundstein/carmaker-workspace/ros2_ws/build/cmrosutils
[20.703s] Level 1:colcon.colcon_core.environment:create_environment_scripts_only(cmrosutils)
[20.703s] Level 1:colcon.colcon_core.environment:checking '/home/ujglv/Dokumente/PSE/Grundstein/carmaker-workspace/ros2_ws/install/cmrosutils' for CMake module files
[20.703s] DEBUG:colcon.colcon_core.event_handler.log_command:Invoked command in '/home/ujglv/Dokumente/PSE/Grundstein/carmaker-workspace/ros2_ws/build/cmrosutils' returned '0': CMAKE_PREFIX_PATH=/opt/ros/humble DEBUGINFOD_URLS=https://debuginfod.centos.org/ SHLVL=7 VIRTUAL_ENV_PROMPT=(.env) _=/usr/bin/env /usr/bin/cmake --install /home/ujglv/Dokumente/PSE/Grundstein/carmaker-workspace/ros2_ws/build/cmrosutils
[20.712s] Level 1:colcon.colcon_core.environment:checking '/home/ujglv/Dokumente/PSE/Grundstein/carmaker-workspace/ros2_ws/install/cmrosutils' for CMake config files
[20.716s] Level 1:colcon.colcon_core.shell:create_environment_hook('cmrosutils', 'cmake_prefix_path')
[20.716s] INFO:colcon.colcon_core.shell:Creating environment hook '/home/ujglv/Dokumente/PSE/Grundstein/carmaker-workspace/ros2_ws/install/cmrosutils/share/cmrosutils/hook/cmake_prefix_path.ps1'
[20.718s] INFO:colcon.colcon_core.shell:Creating environment descriptor '/home/ujglv/Dokumente/PSE/Grundstein/carmaker-workspace/ros2_ws/install/cmrosutils/share/cmrosutils/hook/cmake_prefix_path.dsv'
[20.720s] INFO:colcon.colcon_core.shell:Creating environment hook '/home/ujglv/Dokumente/PSE/Grundstein/carmaker-workspace/ros2_ws/install/cmrosutils/share/cmrosutils/hook/cmake_prefix_path.sh'
[20.723s] Level 1:colcon.colcon_core.environment:checking '/home/ujglv/Dokumente/PSE/Grundstein/carmaker-workspace/ros2_ws/install/cmrosutils/lib'
[20.723s] Level 1:colcon.colcon_core.shell:create_environment_hook('cmrosutils', 'ld_library_path_lib')
[20.723s] INFO:colcon.colcon_core.shell:Creating environment hook '/home/ujglv/Dokumente/PSE/Grundstein/carmaker-workspace/ros2_ws/install/cmrosutils/share/cmrosutils/hook/ld_library_path_lib.ps1'
[20.725s] INFO:colcon.colcon_core.shell:Creating environment descriptor '/home/ujglv/Dokumente/PSE/Grundstein/carmaker-workspace/ros2_ws/install/cmrosutils/share/cmrosutils/hook/ld_library_path_lib.dsv'
[20.727s] INFO:colcon.colcon_core.shell:Creating environment hook '/home/ujglv/Dokumente/PSE/Grundstein/carmaker-workspace/ros2_ws/install/cmrosutils/share/cmrosutils/hook/ld_library_path_lib.sh'
[20.729s] Level 1:colcon.colcon_core.environment:checking '/home/ujglv/Dokumente/PSE/Grundstein/carmaker-workspace/ros2_ws/install/cmrosutils/bin'
[20.730s] Level 1:colcon.colcon_core.environment:checking '/home/ujglv/Dokumente/PSE/Grundstein/carmaker-workspace/ros2_ws/install/cmrosutils/lib/pkgconfig/cmrosutils.pc'
[20.730s] Level 1:colcon.colcon_core.environment:checking '/home/ujglv/Dokumente/PSE/Grundstein/carmaker-workspace/ros2_ws/install/cmrosutils/lib/python3.11/site-packages'
[20.730s] Level 1:colcon.colcon_core.shell:create_environment_hook('cmrosutils', 'pythonpath')
[20.730s] INFO:colcon.colcon_core.shell:Creating environment hook '/home/ujglv/Dokumente/PSE/Grundstein/carmaker-workspace/ros2_ws/install/cmrosutils/share/cmrosutils/hook/pythonpath.ps1'
[20.736s] INFO:colcon.colcon_core.shell:Creating environment descriptor '/home/ujglv/Dokumente/PSE/Grundstein/carmaker-workspace/ros2_ws/install/cmrosutils/share/cmrosutils/hook/pythonpath.dsv'
[20.737s] INFO:colcon.colcon_core.shell:Creating environment hook '/home/ujglv/Dokumente/PSE/Grundstein/carmaker-workspace/ros2_ws/install/cmrosutils/share/cmrosutils/hook/pythonpath.sh'
[20.740s] Level 1:colcon.colcon_core.environment:checking '/home/ujglv/Dokumente/PSE/Grundstein/carmaker-workspace/ros2_ws/install/cmrosutils/bin'
[20.740s] INFO:colcon.colcon_core.shell:Creating package script '/home/ujglv/Dokumente/PSE/Grundstein/carmaker-workspace/ros2_ws/install/cmrosutils/share/cmrosutils/package.ps1'
[20.742s] INFO:colcon.colcon_core.shell:Creating package descriptor '/home/ujglv/Dokumente/PSE/Grundstein/carmaker-workspace/ros2_ws/install/cmrosutils/share/cmrosutils/package.dsv'
[20.746s] INFO:colcon.colcon_core.shell:Creating package script '/home/ujglv/Dokumente/PSE/Grundstein/carmaker-workspace/ros2_ws/install/cmrosutils/share/cmrosutils/package.sh'
[20.748s] INFO:colcon.colcon_core.shell:Creating package script '/home/ujglv/Dokumente/PSE/Grundstein/carmaker-workspace/ros2_ws/install/cmrosutils/share/cmrosutils/package.bash'
[20.750s] INFO:colcon.colcon_core.shell:Creating package script '/home/ujglv/Dokumente/PSE/Grundstein/carmaker-workspace/ros2_ws/install/cmrosutils/share/cmrosutils/package.zsh'
[20.753s] Level 1:colcon.colcon_core.environment:create_file_with_runtime_dependencies(/home/ujglv/Dokumente/PSE/Grundstein/carmaker-workspace/ros2_ws/install/cmrosutils/share/colcon-core/packages/cmrosutils)
[20.758s] Level 1:colcon.colcon_core.environment:create_environment_scripts_only(cmrosutils)
[20.758s] Level 1:colcon.colcon_core.environment:checking '/home/ujglv/Dokumente/PSE/Grundstein/carmaker-workspace/ros2_ws/install/cmrosutils' for CMake module files
[20.759s] Level 1:colcon.colcon_core.environment:checking '/home/ujglv/Dokumente/PSE/Grundstein/carmaker-workspace/ros2_ws/install/cmrosutils' for CMake config files
[20.760s] Level 1:colcon.colcon_core.shell:create_environment_hook('cmrosutils', 'cmake_prefix_path')
[20.760s] INFO:colcon.colcon_core.shell:Creating environment hook '/home/ujglv/Dokumente/PSE/Grundstein/carmaker-workspace/ros2_ws/install/cmrosutils/share/cmrosutils/hook/cmake_prefix_path.ps1'
[20.762s] INFO:colcon.colcon_core.shell:Creating environment descriptor '/home/ujglv/Dokumente/PSE/Grundstein/carmaker-workspace/ros2_ws/install/cmrosutils/share/cmrosutils/hook/cmake_prefix_path.dsv'
[20.764s] INFO:colcon.colcon_core.shell:Creating environment hook '/home/ujglv/Dokumente/PSE/Grundstein/carmaker-workspace/ros2_ws/install/cmrosutils/share/cmrosutils/hook/cmake_prefix_path.sh'
[20.769s] Level 1:colcon.colcon_core.environment:checking '/home/ujglv/Dokumente/PSE/Grundstein/carmaker-workspace/ros2_ws/install/cmrosutils/lib'
[20.769s] Level 1:colcon.colcon_core.shell:create_environment_hook('cmrosutils', 'ld_library_path_lib')
[20.769s] INFO:colcon.colcon_core.shell:Creating environment hook '/home/ujglv/Dokumente/PSE/Grundstein/carmaker-workspace/ros2_ws/install/cmrosutils/share/cmrosutils/hook/ld_library_path_lib.ps1'
[20.772s] INFO:colcon.colcon_core.shell:Creating environment descriptor '/home/ujglv/Dokumente/PSE/Grundstein/carmaker-workspace/ros2_ws/install/cmrosutils/share/cmrosutils/hook/ld_library_path_lib.dsv'
[20.778s] INFO:colcon.colcon_core.shell:Creating environment hook '/home/ujglv/Dokumente/PSE/Grundstein/carmaker-workspace/ros2_ws/install/cmrosutils/share/cmrosutils/hook/ld_library_path_lib.sh'
[20.781s] Level 1:colcon.colcon_core.environment:checking '/home/ujglv/Dokumente/PSE/Grundstein/carmaker-workspace/ros2_ws/install/cmrosutils/bin'
[20.781s] Level 1:colcon.colcon_core.environment:checking '/home/ujglv/Dokumente/PSE/Grundstein/carmaker-workspace/ros2_ws/install/cmrosutils/lib/pkgconfig/cmrosutils.pc'
[20.781s] Level 1:colcon.colcon_core.environment:checking '/home/ujglv/Dokumente/PSE/Grundstein/carmaker-workspace/ros2_ws/install/cmrosutils/lib/python3.11/site-packages'
[20.781s] Level 1:colcon.colcon_core.shell:create_environment_hook('cmrosutils', 'pythonpath')
[20.781s] INFO:colcon.colcon_core.shell:Creating environment hook '/home/ujglv/Dokumente/PSE/Grundstein/carmaker-workspace/ros2_ws/install/cmrosutils/share/cmrosutils/hook/pythonpath.ps1'
[20.783s] INFO:colcon.colcon_core.shell:Creating environment descriptor '/home/ujglv/Dokumente/PSE/Grundstein/carmaker-workspace/ros2_ws/install/cmrosutils/share/cmrosutils/hook/pythonpath.dsv'
[20.786s] INFO:colcon.colcon_core.shell:Creating environment hook '/home/ujglv/Dokumente/PSE/Grundstein/carmaker-workspace/ros2_ws/install/cmrosutils/share/cmrosutils/hook/pythonpath.sh'
[20.788s] Level 1:colcon.colcon_core.environment:checking '/home/ujglv/Dokumente/PSE/Grundstein/carmaker-workspace/ros2_ws/install/cmrosutils/bin'
[20.789s] INFO:colcon.colcon_core.shell:Creating package script '/home/ujglv/Dokumente/PSE/Grundstein/carmaker-workspace/ros2_ws/install/cmrosutils/share/cmrosutils/package.ps1'
[20.791s] INFO:colcon.colcon_core.shell:Creating package descriptor '/home/ujglv/Dokumente/PSE/Grundstein/carmaker-workspace/ros2_ws/install/cmrosutils/share/cmrosutils/package.dsv'
[20.793s] INFO:colcon.colcon_core.shell:Creating package script '/home/ujglv/Dokumente/PSE/Grundstein/carmaker-workspace/ros2_ws/install/cmrosutils/share/cmrosutils/package.sh'
[20.795s] INFO:colcon.colcon_core.shell:Creating package script '/home/ujglv/Dokumente/PSE/Grundstein/carmaker-workspace/ros2_ws/install/cmrosutils/share/cmrosutils/package.bash'
[20.801s] INFO:colcon.colcon_core.shell:Creating package script '/home/ujglv/Dokumente/PSE/Grundstein/carmaker-workspace/ros2_ws/install/cmrosutils/share/cmrosutils/package.zsh'
[20.804s] Level 1:colcon.colcon_core.environment:create_file_with_runtime_dependencies(/home/ujglv/Dokumente/PSE/Grundstein/carmaker-workspace/ros2_ws/install/cmrosutils/share/colcon-core/packages/cmrosutils)
[20.806s] INFO:colcon.colcon_ros.task.ament_cmake.build:Building ROS package in '/home/ujglv/Dokumente/PSE/Grundstein/carmaker-workspace/ros2_ws/src/cm_ros_if' with build type 'ament_cmake'
[20.806s] INFO:colcon.colcon_cmake.task.cmake.build:Building CMake package in '/home/ujglv/Dokumente/PSE/Grundstein/carmaker-workspace/ros2_ws/src/cm_ros_if'
[20.806s] INFO:colcon.colcon_core.shell:Skip shell extension 'powershell' for command environment: Not usable outside of PowerShell
[20.806s] DEBUG:colcon.colcon_core.shell:Skip shell extension 'dsv' for command environment
[20.912s] DEBUG:colcon.colcon_core.event_handler.log_command:Invoking command in '/home/ujglv/Dokumente/PSE/Grundstein/carmaker-workspace/ros2_ws/build/cm_ros_if': AMENT_PREFIX_PATH=/home/ujglv/Dokumente/PSE/Grundstein/carmaker-workspace/ros2_ws/install/cmrosutils:/home/ujglv/Dokumente/PSE/Grundstein/carmaker-workspace/ros2_ws/install/cm_msgs:${AMENT_PREFIX_PATH} CMAKE_PREFIX_PATH=/home/ujglv/Dokumente/PSE/Grundstein/carmaker-workspace/ros2_ws/install/cmrosutils:/home/ujglv/Dokumente/PSE/Grundstein/carmaker-workspace/ros2_ws/install/cm_msgs:/opt/ros/humble DEBUGINFOD_URLS=https://debuginfod.centos.org/ LD_LIBRARY_PATH=/home/ujglv/Dokumente/PSE/Grundstein/carmaker-workspace/ros2_ws/install/cmrosutils/lib:/home/ujglv/Dokumente/PSE/Grundstein/carmaker-workspace/ros2_ws/install/cm_msgs/lib:${LD_LIBRARY_PATH} PYTHONPATH=/home/ujglv/Dokumente/PSE/Grundstein/carmaker-workspace/ros2_ws/install/cmrosutils/lib/python3.11/site-packages:/home/ujglv/Dokumente/PSE/Grundstein/carmaker-workspace/ros2_ws/install/cm_msgs/lib/python3.11/site-packages:${PYTHONPATH} SHLVL=7 VIRTUAL_ENV_PROMPT=(.env) _=/usr/bin/env /usr/bin/cmake /home/ujglv/Dokumente/PSE/Grundstein/carmaker-workspace/ros2_ws/src/cm_ros_if -DCARMAKER_VER:STRING=14.0.1 --no-warn-unused-cli -DCMAKE_INSTALL_PREFIX=/home/ujglv/Dokumente/PSE/Grundstein/carmaker-workspace/ros2_ws/install/cm_ros_if
[23.056s] DEBUG:colcon.colcon_core.event_handler.log_command:Invoked command in '/home/ujglv/Dokumente/PSE/Grundstein/carmaker-workspace/ros2_ws/build/pse_aeb' returned '0': AMENT_PREFIX_PATH=/home/ujglv/Dokumente/PSE/Grundstein/carmaker-workspace/ros2_ws/install/cm_msgs:${AMENT_PREFIX_PATH} CMAKE_PREFIX_PATH=/home/ujglv/Dokumente/PSE/Grundstein/carmaker-workspace/ros2_ws/install/cm_msgs:/opt/ros/humble DEBUGINFOD_URLS=https://debuginfod.centos.org/ LD_LIBRARY_PATH=/home/ujglv/Dokumente/PSE/Grundstein/carmaker-workspace/ros2_ws/install/cm_msgs/lib:${LD_LIBRARY_PATH} PYTHONPATH=/home/ujglv/Dokumente/PSE/Grundstein/carmaker-workspace/ros2_ws/install/cm_msgs/lib/python3.11/site-packages:${PYTHONPATH} SHLVL=7 VIRTUAL_ENV_PROMPT=(.env) _=/usr/bin/env /usr/bin/cmake /home/ujglv/Dokumente/PSE/Grundstein/carmaker-workspace/ros2_ws/src/pse_aeb -DCARMAKER_VER:STRING=14.0.1 --no-warn-unused-cli -DCMAKE_INSTALL_PREFIX=/home/ujglv/Dokumente/PSE/Grundstein/carmaker-workspace/ros2_ws/install/pse_aeb
[23.057s] DEBUG:colcon.colcon_core.event_handler.log_command:Invoking command in '/home/ujglv/Dokumente/PSE/Grundstein/carmaker-workspace/ros2_ws/build/pse_aeb': AMENT_PREFIX_PATH=/home/ujglv/Dokumente/PSE/Grundstein/carmaker-workspace/ros2_ws/install/cm_msgs:${AMENT_PREFIX_PATH} CMAKE_PREFIX_PATH=/home/ujglv/Dokumente/PSE/Grundstein/carmaker-workspace/ros2_ws/install/cm_msgs:/opt/ros/humble DEBUGINFOD_URLS=https://debuginfod.centos.org/ LD_LIBRARY_PATH=/home/ujglv/Dokumente/PSE/Grundstein/carmaker-workspace/ros2_ws/install/cm_msgs/lib:${LD_LIBRARY_PATH} PYTHONPATH=/home/ujglv/Dokumente/PSE/Grundstein/carmaker-workspace/ros2_ws/install/cm_msgs/lib/python3.11/site-packages:${PYTHONPATH} SHLVL=7 VIRTUAL_ENV_PROMPT=(.env) _=/usr/bin/env /usr/bin/cmake --build /home/ujglv/Dokumente/PSE/Grundstein/carmaker-workspace/ros2_ws/build/pse_aeb -- -j6 -l6
[26.647s] DEBUG:colcon.colcon_core.event_handler.log_command:Invoked command in '/home/ujglv/Dokumente/PSE/Grundstein/carmaker-workspace/ros2_ws/build/cm_ros_if' returned '0': AMENT_PREFIX_PATH=/home/ujglv/Dokumente/PSE/Grundstein/carmaker-workspace/ros2_ws/install/cmrosutils:/home/ujglv/Dokumente/PSE/Grundstein/carmaker-workspace/ros2_ws/install/cm_msgs:${AMENT_PREFIX_PATH} CMAKE_PREFIX_PATH=/home/ujglv/Dokumente/PSE/Grundstein/carmaker-workspace/ros2_ws/install/cmrosutils:/home/ujglv/Dokumente/PSE/Grundstein/carmaker-workspace/ros2_ws/install/cm_msgs:/opt/ros/humble DEBUGINFOD_URLS=https://debuginfod.centos.org/ LD_LIBRARY_PATH=/home/ujglv/Dokumente/PSE/Grundstein/carmaker-workspace/ros2_ws/install/cmrosutils/lib:/home/ujglv/Dokumente/PSE/Grundstein/carmaker-workspace/ros2_ws/install/cm_msgs/lib:${LD_LIBRARY_PATH} PYTHONPATH=/home/ujglv/Dokumente/PSE/Grundstein/carmaker-workspace/ros2_ws/install/cmrosutils/lib/python3.11/site-packages:/home/ujglv/Dokumente/PSE/Grundstein/carmaker-workspace/ros2_ws/install/cm_msgs/lib/python3.11/site-packages:${PYTHONPATH} SHLVL=7 VIRTUAL_ENV_PROMPT=(.env) _=/usr/bin/env /usr/bin/cmake /home/ujglv/Dokumente/PSE/Grundstein/carmaker-workspace/ros2_ws/src/cm_ros_if -DCARMAKER_VER:STRING=14.0.1 --no-warn-unused-cli -DCMAKE_INSTALL_PREFIX=/home/ujglv/Dokumente/PSE/Grundstein/carmaker-workspace/ros2_ws/install/cm_ros_if
[26.650s] DEBUG:colcon.colcon_core.event_handler.log_command:Invoking command in '/home/ujglv/Dokumente/PSE/Grundstein/carmaker-workspace/ros2_ws/build/cm_ros_if': AMENT_PREFIX_PATH=/home/ujglv/Dokumente/PSE/Grundstein/carmaker-workspace/ros2_ws/install/cmrosutils:/home/ujglv/Dokumente/PSE/Grundstein/carmaker-workspace/ros2_ws/install/cm_msgs:${AMENT_PREFIX_PATH} CMAKE_PREFIX_PATH=/home/ujglv/Dokumente/PSE/Grundstein/carmaker-workspace/ros2_ws/install/cmrosutils:/home/ujglv/Dokumente/PSE/Grundstein/carmaker-workspace/ros2_ws/install/cm_msgs:/opt/ros/humble DEBUGINFOD_URLS=https://debuginfod.centos.org/ LD_LIBRARY_PATH=/home/ujglv/Dokumente/PSE/Grundstein/carmaker-workspace/ros2_ws/install/cmrosutils/lib:/home/ujglv/Dokumente/PSE/Grundstein/carmaker-workspace/ros2_ws/install/cm_msgs/lib:${LD_LIBRARY_PATH} PYTHONPATH=/home/ujglv/Dokumente/PSE/Grundstein/carmaker-workspace/ros2_ws/install/cmrosutils/lib/python3.11/site-packages:/home/ujglv/Dokumente/PSE/Grundstein/carmaker-workspace/ros2_ws/install/cm_msgs/lib/python3.11/site-packages:${PYTHONPATH} SHLVL=7 VIRTUAL_ENV_PROMPT=(.env) _=/usr/bin/env /usr/bin/cmake --build /home/ujglv/Dokumente/PSE/Grundstein/carmaker-workspace/ros2_ws/build/cm_ros_if -- -j6 -l6
[32.632s] DEBUG:colcon.colcon_core.event_handler.log_command:Invoked command in '/home/ujglv/Dokumente/PSE/Grundstein/carmaker-workspace/ros2_ws/build/pse_aeb' returned '0': AMENT_PREFIX_PATH=/home/ujglv/Dokumente/PSE/Grundstein/carmaker-workspace/ros2_ws/install/cm_msgs:${AMENT_PREFIX_PATH} CMAKE_PREFIX_PATH=/home/ujglv/Dokumente/PSE/Grundstein/carmaker-workspace/ros2_ws/install/cm_msgs:/opt/ros/humble DEBUGINFOD_URLS=https://debuginfod.centos.org/ LD_LIBRARY_PATH=/home/ujglv/Dokumente/PSE/Grundstein/carmaker-workspace/ros2_ws/install/cm_msgs/lib:${LD_LIBRARY_PATH} PYTHONPATH=/home/ujglv/Dokumente/PSE/Grundstein/carmaker-workspace/ros2_ws/install/cm_msgs/lib/python3.11/site-packages:${PYTHONPATH} SHLVL=7 VIRTUAL_ENV_PROMPT=(.env) _=/usr/bin/env /usr/bin/cmake --build /home/ujglv/Dokumente/PSE/Grundstein/carmaker-workspace/ros2_ws/build/pse_aeb -- -j6 -l6
[32.634s] DEBUG:colcon.colcon_core.event_handler.log_command:Invoking command in '/home/ujglv/Dokumente/PSE/Grundstein/carmaker-workspace/ros2_ws/build/pse_aeb': AMENT_PREFIX_PATH=/home/ujglv/Dokumente/PSE/Grundstein/carmaker-workspace/ros2_ws/install/cm_msgs:${AMENT_PREFIX_PATH} CMAKE_PREFIX_PATH=/home/ujglv/Dokumente/PSE/Grundstein/carmaker-workspace/ros2_ws/install/cm_msgs:/opt/ros/humble DEBUGINFOD_URLS=https://debuginfod.centos.org/ LD_LIBRARY_PATH=/home/ujglv/Dokumente/PSE/Grundstein/carmaker-workspace/ros2_ws/install/cm_msgs/lib:${LD_LIBRARY_PATH} PYTHONPATH=/home/ujglv/Dokumente/PSE/Grundstein/carmaker-workspace/ros2_ws/install/cm_msgs/lib/python3.11/site-packages:${PYTHONPATH} SHLVL=7 VIRTUAL_ENV_PROMPT=(.env) _=/usr/bin/env /usr/bin/cmake --install /home/ujglv/Dokumente/PSE/Grundstein/carmaker-workspace/ros2_ws/build/pse_aeb
[32.861s] Level 1:colcon.colcon_core.environment:create_environment_scripts_only(pse_aeb)
[32.862s] Level 1:colcon.colcon_core.environment:checking '/home/ujglv/Dokumente/PSE/Grundstein/carmaker-workspace/ros2_ws/install/pse_aeb' for CMake module files
[32.862s] DEBUG:colcon.colcon_core.event_handler.log_command:Invoked command in '/home/ujglv/Dokumente/PSE/Grundstein/carmaker-workspace/ros2_ws/build/pse_aeb' returned '0': AMENT_PREFIX_PATH=/home/ujglv/Dokumente/PSE/Grundstein/carmaker-workspace/ros2_ws/install/cm_msgs:${AMENT_PREFIX_PATH} CMAKE_PREFIX_PATH=/home/ujglv/Dokumente/PSE/Grundstein/carmaker-workspace/ros2_ws/install/cm_msgs:/opt/ros/humble DEBUGINFOD_URLS=https://debuginfod.centos.org/ LD_LIBRARY_PATH=/home/ujglv/Dokumente/PSE/Grundstein/carmaker-workspace/ros2_ws/install/cm_msgs/lib:${LD_LIBRARY_PATH} PYTHONPATH=/home/ujglv/Dokumente/PSE/Grundstein/carmaker-workspace/ros2_ws/install/cm_msgs/lib/python3.11/site-packages:${PYTHONPATH} SHLVL=7 VIRTUAL_ENV_PROMPT=(.env) _=/usr/bin/env /usr/bin/cmake --install /home/ujglv/Dokumente/PSE/Grundstein/carmaker-workspace/ros2_ws/build/pse_aeb
[32.864s] Level 1:colcon.colcon_core.environment:checking '/home/ujglv/Dokumente/PSE/Grundstein/carmaker-workspace/ros2_ws/install/pse_aeb' for CMake config files
[32.865s] Level 1:colcon.colcon_core.shell:create_environment_hook('pse_aeb', 'cmake_prefix_path')
[32.865s] INFO:colcon.colcon_core.shell:Creating environment hook '/home/ujglv/Dokumente/PSE/Grundstein/carmaker-workspace/ros2_ws/install/pse_aeb/share/pse_aeb/hook/cmake_prefix_path.ps1'
[32.867s] INFO:colcon.colcon_core.shell:Creating environment descriptor '/home/ujglv/Dokumente/PSE/Grundstein/carmaker-workspace/ros2_ws/install/pse_aeb/share/pse_aeb/hook/cmake_prefix_path.dsv'
[32.870s] INFO:colcon.colcon_core.shell:Creating environment hook '/home/ujglv/Dokumente/PSE/Grundstein/carmaker-workspace/ros2_ws/install/pse_aeb/share/pse_aeb/hook/cmake_prefix_path.sh'
[32.872s] Level 1:colcon.colcon_core.environment:checking '/home/ujglv/Dokumente/PSE/Grundstein/carmaker-workspace/ros2_ws/install/pse_aeb/lib'
[32.872s] Level 1:colcon.colcon_core.environment:checking '/home/ujglv/Dokumente/PSE/Grundstein/carmaker-workspace/ros2_ws/install/pse_aeb/bin'
[32.872s] Level 1:colcon.colcon_core.environment:checking '/home/ujglv/Dokumente/PSE/Grundstein/carmaker-workspace/ros2_ws/install/pse_aeb/lib/pkgconfig/pse_aeb.pc'
[32.873s] Level 1:colcon.colcon_core.environment:checking '/home/ujglv/Dokumente/PSE/Grundstein/carmaker-workspace/ros2_ws/install/pse_aeb/lib/python3.11/site-packages'
[32.873s] Level 1:colcon.colcon_core.environment:checking '/home/ujglv/Dokumente/PSE/Grundstein/carmaker-workspace/ros2_ws/install/pse_aeb/bin'
[32.873s] INFO:colcon.colcon_core.shell:Creating package script '/home/ujglv/Dokumente/PSE/Grundstein/carmaker-workspace/ros2_ws/install/pse_aeb/share/pse_aeb/package.ps1'
[32.875s] INFO:colcon.colcon_core.shell:Creating package descriptor '/home/ujglv/Dokumente/PSE/Grundstein/carmaker-workspace/ros2_ws/install/pse_aeb/share/pse_aeb/package.dsv'
[32.877s] INFO:colcon.colcon_core.shell:Creating package script '/home/ujglv/Dokumente/PSE/Grundstein/carmaker-workspace/ros2_ws/install/pse_aeb/share/pse_aeb/package.sh'
[32.879s] INFO:colcon.colcon_core.shell:Creating package script '/home/ujglv/Dokumente/PSE/Grundstein/carmaker-workspace/ros2_ws/install/pse_aeb/share/pse_aeb/package.bash'
[32.882s] INFO:colcon.colcon_core.shell:Creating package script '/home/ujglv/Dokumente/PSE/Grundstein/carmaker-workspace/ros2_ws/install/pse_aeb/share/pse_aeb/package.zsh'
[32.886s] Level 1:colcon.colcon_core.environment:create_file_with_runtime_dependencies(/home/ujglv/Dokumente/PSE/Grundstein/carmaker-workspace/ros2_ws/install/pse_aeb/share/colcon-core/packages/pse_aeb)
[32.892s] Level 1:colcon.colcon_core.environment:create_environment_scripts_only(pse_aeb)
[32.892s] Level 1:colcon.colcon_core.environment:checking '/home/ujglv/Dokumente/PSE/Grundstein/carmaker-workspace/ros2_ws/install/pse_aeb' for CMake module files
[32.893s] Level 1:colcon.colcon_core.environment:checking '/home/ujglv/Dokumente/PSE/Grundstein/carmaker-workspace/ros2_ws/install/pse_aeb' for CMake config files
[32.894s] Level 1:colcon.colcon_core.shell:create_environment_hook('pse_aeb', 'cmake_prefix_path')
[32.894s] INFO:colcon.colcon_core.shell:Creating environment hook '/home/ujglv/Dokumente/PSE/Grundstein/carmaker-workspace/ros2_ws/install/pse_aeb/share/pse_aeb/hook/cmake_prefix_path.ps1'
[32.898s] INFO:colcon.colcon_core.shell:Creating environment descriptor '/home/ujglv/Dokumente/PSE/Grundstein/carmaker-workspace/ros2_ws/install/pse_aeb/share/pse_aeb/hook/cmake_prefix_path.dsv'
[32.900s] INFO:colcon.colcon_core.shell:Creating environment hook '/home/ujglv/Dokumente/PSE/Grundstein/carmaker-workspace/ros2_ws/install/pse_aeb/share/pse_aeb/hook/cmake_prefix_path.sh'
[32.903s] Level 1:colcon.colcon_core.environment:checking '/home/ujglv/Dokumente/PSE/Grundstein/carmaker-workspace/ros2_ws/install/pse_aeb/lib'
[32.903s] Level 1:colcon.colcon_core.environment:checking '/home/ujglv/Dokumente/PSE/Grundstein/carmaker-workspace/ros2_ws/install/pse_aeb/bin'
[32.903s] Level 1:colcon.colcon_core.environment:checking '/home/ujglv/Dokumente/PSE/Grundstein/carmaker-workspace/ros2_ws/install/pse_aeb/lib/pkgconfig/pse_aeb.pc'
[32.903s] Level 1:colcon.colcon_core.environment:checking '/home/ujglv/Dokumente/PSE/Grundstein/carmaker-workspace/ros2_ws/install/pse_aeb/lib/python3.11/site-packages'
[32.903s] Level 1:colcon.colcon_core.environment:checking '/home/ujglv/Dokumente/PSE/Grundstein/carmaker-workspace/ros2_ws/install/pse_aeb/bin'
[32.903s] INFO:colcon.colcon_core.shell:Creating package script '/home/ujglv/Dokumente/PSE/Grundstein/carmaker-workspace/ros2_ws/install/pse_aeb/share/pse_aeb/package.ps1'
[32.905s] INFO:colcon.colcon_core.shell:Creating package descriptor '/home/ujglv/Dokumente/PSE/Grundstein/carmaker-workspace/ros2_ws/install/pse_aeb/share/pse_aeb/package.dsv'
[32.907s] INFO:colcon.colcon_core.shell:Creating package script '/home/ujglv/Dokumente/PSE/Grundstein/carmaker-workspace/ros2_ws/install/pse_aeb/share/pse_aeb/package.sh'
[32.910s] INFO:colcon.colcon_core.shell:Creating package script '/home/ujglv/Dokumente/PSE/Grundstein/carmaker-workspace/ros2_ws/install/pse_aeb/share/pse_aeb/package.bash'
[32.915s] INFO:colcon.colcon_core.shell:Creating package script '/home/ujglv/Dokumente/PSE/Grundstein/carmaker-workspace/ros2_ws/install/pse_aeb/share/pse_aeb/package.zsh'
[32.918s] Level 1:colcon.colcon_core.environment:create_file_with_runtime_dependencies(/home/ujglv/Dokumente/PSE/Grundstein/carmaker-workspace/ros2_ws/install/pse_aeb/share/colcon-core/packages/pse_aeb)
[37.385s] DEBUG:colcon.colcon_core.event_handler.log_command:Invoked command in '/home/ujglv/Dokumente/PSE/Grundstein/carmaker-workspace/ros2_ws/build/cm_ros_if' returned '0': AMENT_PREFIX_PATH=/home/ujglv/Dokumente/PSE/Grundstein/carmaker-workspace/ros2_ws/install/cmrosutils:/home/ujglv/Dokumente/PSE/Grundstein/carmaker-workspace/ros2_ws/install/cm_msgs:${AMENT_PREFIX_PATH} CMAKE_PREFIX_PATH=/home/ujglv/Dokumente/PSE/Grundstein/carmaker-workspace/ros2_ws/install/cmrosutils:/home/ujglv/Dokumente/PSE/Grundstein/carmaker-workspace/ros2_ws/install/cm_msgs:/opt/ros/humble DEBUGINFOD_URLS=https://debuginfod.centos.org/ LD_LIBRARY_PATH=/home/ujglv/Dokumente/PSE/Grundstein/carmaker-workspace/ros2_ws/install/cmrosutils/lib:/home/ujglv/Dokumente/PSE/Grundstein/carmaker-workspace/ros2_ws/install/cm_msgs/lib:${LD_LIBRARY_PATH} PYTHONPATH=/home/ujglv/Dokumente/PSE/Grundstein/carmaker-workspace/ros2_ws/install/cmrosutils/lib/python3.11/site-packages:/home/ujglv/Dokumente/PSE/Grundstein/carmaker-workspace/ros2_ws/install/cm_msgs/lib/python3.11/site-packages:${PYTHONPATH} SHLVL=7 VIRTUAL_ENV_PROMPT=(.env) _=/usr/bin/env /usr/bin/cmake --build /home/ujglv/Dokumente/PSE/Grundstein/carmaker-workspace/ros2_ws/build/cm_ros_if -- -j6 -l6
[37.389s] DEBUG:colcon.colcon_core.event_handler.log_command:Invoking command in '/home/ujglv/Dokumente/PSE/Grundstein/carmaker-workspace/ros2_ws/build/cm_ros_if': AMENT_PREFIX_PATH=/home/ujglv/Dokumente/PSE/Grundstein/carmaker-workspace/ros2_ws/install/cmrosutils:/home/ujglv/Dokumente/PSE/Grundstein/carmaker-workspace/ros2_ws/install/cm_msgs:${AMENT_PREFIX_PATH} CMAKE_PREFIX_PATH=/home/ujglv/Dokumente/PSE/Grundstein/carmaker-workspace/ros2_ws/install/cmrosutils:/home/ujglv/Dokumente/PSE/Grundstein/carmaker-workspace/ros2_ws/install/cm_msgs:/opt/ros/humble DEBUGINFOD_URLS=https://debuginfod.centos.org/ LD_LIBRARY_PATH=/home/ujglv/Dokumente/PSE/Grundstein/carmaker-workspace/ros2_ws/install/cmrosutils/lib:/home/ujglv/Dokumente/PSE/Grundstein/carmaker-workspace/ros2_ws/install/cm_msgs/lib:${LD_LIBRARY_PATH} PYTHONPATH=/home/ujglv/Dokumente/PSE/Grundstein/carmaker-workspace/ros2_ws/install/cmrosutils/lib/python3.11/site-packages:/home/ujglv/Dokumente/PSE/Grundstein/carmaker-workspace/ros2_ws/install/cm_msgs/lib/python3.11/site-packages:${PYTHONPATH} SHLVL=7 VIRTUAL_ENV_PROMPT=(.env) _=/usr/bin/env /usr/bin/cmake --install /home/ujglv/Dokumente/PSE/Grundstein/carmaker-workspace/ros2_ws/build/cm_ros_if
[37.680s] Level 1:colcon.colcon_core.environment:create_environment_scripts_only(cm_ros_if)
[37.680s] Level 1:colcon.colcon_core.environment:checking '/home/ujglv/Dokumente/PSE/Grundstein/carmaker-workspace/ros2_ws/install/cm_ros_if' for CMake module files
[37.681s] DEBUG:colcon.colcon_core.event_handler.log_command:Invoked command in '/home/ujglv/Dokumente/PSE/Grundstein/carmaker-workspace/ros2_ws/build/cm_ros_if' returned '0': AMENT_PREFIX_PATH=/home/ujglv/Dokumente/PSE/Grundstein/carmaker-workspace/ros2_ws/install/cmrosutils:/home/ujglv/Dokumente/PSE/Grundstein/carmaker-workspace/ros2_ws/install/cm_msgs:${AMENT_PREFIX_PATH} CMAKE_PREFIX_PATH=/home/ujglv/Dokumente/PSE/Grundstein/carmaker-workspace/ros2_ws/install/cmrosutils:/home/ujglv/Dokumente/PSE/Grundstein/carmaker-workspace/ros2_ws/install/cm_msgs:/opt/ros/humble DEBUGINFOD_URLS=https://debuginfod.centos.org/ LD_LIBRARY_PATH=/home/ujglv/Dokumente/PSE/Grundstein/carmaker-workspace/ros2_ws/install/cmrosutils/lib:/home/ujglv/Dokumente/PSE/Grundstein/carmaker-workspace/ros2_ws/install/cm_msgs/lib:${LD_LIBRARY_PATH} PYTHONPATH=/home/ujglv/Dokumente/PSE/Grundstein/carmaker-workspace/ros2_ws/install/cmrosutils/lib/python3.11/site-packages:/home/ujglv/Dokumente/PSE/Grundstein/carmaker-workspace/ros2_ws/install/cm_msgs/lib/python3.11/site-packages:${PYTHONPATH} SHLVL=7 VIRTUAL_ENV_PROMPT=(.env) _=/usr/bin/env /usr/bin/cmake --install /home/ujglv/Dokumente/PSE/Grundstein/carmaker-workspace/ros2_ws/build/cm_ros_if
[37.683s] Level 1:colcon.colcon_core.environment:checking '/home/ujglv/Dokumente/PSE/Grundstein/carmaker-workspace/ros2_ws/install/cm_ros_if' for CMake config files
[37.684s] Level 1:colcon.colcon_core.shell:create_environment_hook('cm_ros_if', 'cmake_prefix_path')
[37.684s] INFO:colcon.colcon_core.shell:Creating environment hook '/home/ujglv/Dokumente/PSE/Grundstein/carmaker-workspace/ros2_ws/install/cm_ros_if/share/cm_ros_if/hook/cmake_prefix_path.ps1'
[37.692s] INFO:colcon.colcon_core.shell:Creating environment descriptor '/home/ujglv/Dokumente/PSE/Grundstein/carmaker-workspace/ros2_ws/install/cm_ros_if/share/cm_ros_if/hook/cmake_prefix_path.dsv'
[37.696s] INFO:colcon.colcon_core.shell:Creating environment hook '/home/ujglv/Dokumente/PSE/Grundstein/carmaker-workspace/ros2_ws/install/cm_ros_if/share/cm_ros_if/hook/cmake_prefix_path.sh'
[37.701s] Level 1:colcon.colcon_core.environment:checking '/home/ujglv/Dokumente/PSE/Grundstein/carmaker-workspace/ros2_ws/install/cm_ros_if/lib'
[37.701s] Level 1:colcon.colcon_core.shell:create_environment_hook('cm_ros_if', 'ld_library_path_lib')
[37.701s] INFO:colcon.colcon_core.shell:Creating environment hook '/home/ujglv/Dokumente/PSE/Grundstein/carmaker-workspace/ros2_ws/install/cm_ros_if/share/cm_ros_if/hook/ld_library_path_lib.ps1'
[37.704s] INFO:colcon.colcon_core.shell:Creating environment descriptor '/home/ujglv/Dokumente/PSE/Grundstein/carmaker-workspace/ros2_ws/install/cm_ros_if/share/cm_ros_if/hook/ld_library_path_lib.dsv'
[37.705s] INFO:colcon.colcon_core.shell:Creating environment hook '/home/ujglv/Dokumente/PSE/Grundstein/carmaker-workspace/ros2_ws/install/cm_ros_if/share/cm_ros_if/hook/ld_library_path_lib.sh'
[37.708s] Level 1:colcon.colcon_core.environment:checking '/home/ujglv/Dokumente/PSE/Grundstein/carmaker-workspace/ros2_ws/install/cm_ros_if/bin'
[37.708s] Level 1:colcon.colcon_core.environment:checking '/home/ujglv/Dokumente/PSE/Grundstein/carmaker-workspace/ros2_ws/install/cm_ros_if/lib/pkgconfig/cm_ros_if.pc'
[37.708s] Level 1:colcon.colcon_core.environment:checking '/home/ujglv/Dokumente/PSE/Grundstein/carmaker-workspace/ros2_ws/install/cm_ros_if/lib/python3.11/site-packages'
[37.709s] Level 1:colcon.colcon_core.environment:checking '/home/ujglv/Dokumente/PSE/Grundstein/carmaker-workspace/ros2_ws/install/cm_ros_if/bin'
[37.709s] INFO:colcon.colcon_core.shell:Creating package script '/home/ujglv/Dokumente/PSE/Grundstein/carmaker-workspace/ros2_ws/install/cm_ros_if/share/cm_ros_if/package.ps1'
[37.714s] INFO:colcon.colcon_core.shell:Creating package descriptor '/home/ujglv/Dokumente/PSE/Grundstein/carmaker-workspace/ros2_ws/install/cm_ros_if/share/cm_ros_if/package.dsv'
[37.720s] INFO:colcon.colcon_core.shell:Creating package script '/home/ujglv/Dokumente/PSE/Grundstein/carmaker-workspace/ros2_ws/install/cm_ros_if/share/cm_ros_if/package.sh'
[37.722s] INFO:colcon.colcon_core.shell:Creating package script '/home/ujglv/Dokumente/PSE/Grundstein/carmaker-workspace/ros2_ws/install/cm_ros_if/share/cm_ros_if/package.bash'
[37.724s] INFO:colcon.colcon_core.shell:Creating package script '/home/ujglv/Dokumente/PSE/Grundstein/carmaker-workspace/ros2_ws/install/cm_ros_if/share/cm_ros_if/package.zsh'
[37.726s] Level 1:colcon.colcon_core.environment:create_file_with_runtime_dependencies(/home/ujglv/Dokumente/PSE/Grundstein/carmaker-workspace/ros2_ws/install/cm_ros_if/share/colcon-core/packages/cm_ros_if)
[37.730s] Level 1:colcon.colcon_core.environment:create_environment_scripts_only(cm_ros_if)
[37.730s] Level 1:colcon.colcon_core.environment:checking '/home/ujglv/Dokumente/PSE/Grundstein/carmaker-workspace/ros2_ws/install/cm_ros_if' for CMake module files
[37.731s] Level 1:colcon.colcon_core.environment:checking '/home/ujglv/Dokumente/PSE/Grundstein/carmaker-workspace/ros2_ws/install/cm_ros_if' for CMake config files
[37.733s] Level 1:colcon.colcon_core.shell:create_environment_hook('cm_ros_if', 'cmake_prefix_path')
[37.733s] INFO:colcon.colcon_core.shell:Creating environment hook '/home/ujglv/Dokumente/PSE/Grundstein/carmaker-workspace/ros2_ws/install/cm_ros_if/share/cm_ros_if/hook/cmake_prefix_path.ps1'
[37.735s] INFO:colcon.colcon_core.shell:Creating environment descriptor '/home/ujglv/Dokumente/PSE/Grundstein/carmaker-workspace/ros2_ws/install/cm_ros_if/share/cm_ros_if/hook/cmake_prefix_path.dsv'
[37.737s] INFO:colcon.colcon_core.shell:Creating environment hook '/home/ujglv/Dokumente/PSE/Grundstein/carmaker-workspace/ros2_ws/install/cm_ros_if/share/cm_ros_if/hook/cmake_prefix_path.sh'
[37.739s] Level 1:colcon.colcon_core.environment:checking '/home/ujglv/Dokumente/PSE/Grundstein/carmaker-workspace/ros2_ws/install/cm_ros_if/lib'
[37.739s] Level 1:colcon.colcon_core.shell:create_environment_hook('cm_ros_if', 'ld_library_path_lib')
[37.740s] INFO:colcon.colcon_core.shell:Creating environment hook '/home/ujglv/Dokumente/PSE/Grundstein/carmaker-workspace/ros2_ws/install/cm_ros_if/share/cm_ros_if/hook/ld_library_path_lib.ps1'
[37.742s] INFO:colcon.colcon_core.shell:Creating environment descriptor '/home/ujglv/Dokumente/PSE/Grundstein/carmaker-workspace/ros2_ws/install/cm_ros_if/share/cm_ros_if/hook/ld_library_path_lib.dsv'
[37.744s] INFO:colcon.colcon_core.shell:Creating environment hook '/home/ujglv/Dokumente/PSE/Grundstein/carmaker-workspace/ros2_ws/install/cm_ros_if/share/cm_ros_if/hook/ld_library_path_lib.sh'
[37.746s] Level 1:colcon.colcon_core.environment:checking '/home/ujglv/Dokumente/PSE/Grundstein/carmaker-workspace/ros2_ws/install/cm_ros_if/bin'
[37.746s] Level 1:colcon.colcon_core.environment:checking '/home/ujglv/Dokumente/PSE/Grundstein/carmaker-workspace/ros2_ws/install/cm_ros_if/lib/pkgconfig/cm_ros_if.pc'
[37.746s] Level 1:colcon.colcon_core.environment:checking '/home/ujglv/Dokumente/PSE/Grundstein/carmaker-workspace/ros2_ws/install/cm_ros_if/lib/python3.11/site-packages'
[37.746s] Level 1:colcon.colcon_core.environment:checking '/home/ujglv/Dokumente/PSE/Grundstein/carmaker-workspace/ros2_ws/install/cm_ros_if/bin'
[37.747s] INFO:colcon.colcon_core.shell:Creating package script '/home/ujglv/Dokumente/PSE/Grundstein/carmaker-workspace/ros2_ws/install/cm_ros_if/share/cm_ros_if/package.ps1'
[37.749s] INFO:colcon.colcon_core.shell:Creating package descriptor '/home/ujglv/Dokumente/PSE/Grundstein/carmaker-workspace/ros2_ws/install/cm_ros_if/share/cm_ros_if/package.dsv'
[37.751s] INFO:colcon.colcon_core.shell:Creating package script '/home/ujglv/Dokumente/PSE/Grundstein/carmaker-workspace/ros2_ws/install/cm_ros_if/share/cm_ros_if/package.sh'
[37.753s] INFO:colcon.colcon_core.shell:Creating package script '/home/ujglv/Dokumente/PSE/Grundstein/carmaker-workspace/ros2_ws/install/cm_ros_if/share/cm_ros_if/package.bash'
[37.754s] INFO:colcon.colcon_core.shell:Creating package script '/home/ujglv/Dokumente/PSE/Grundstein/carmaker-workspace/ros2_ws/install/cm_ros_if/share/cm_ros_if/package.zsh'
[37.756s] Level 1:colcon.colcon_core.environment:create_file_with_runtime_dependencies(/home/ujglv/Dokumente/PSE/Grundstein/carmaker-workspace/ros2_ws/install/cm_ros_if/share/colcon-core/packages/cm_ros_if)
[37.758s] DEBUG:colcon.colcon_parallel_executor.executor.parallel:closing loop
[37.758s] DEBUG:colcon.colcon_parallel_executor.executor.parallel:loop closed
[37.758s] DEBUG:colcon.colcon_parallel_executor.executor.parallel:run_until_complete finished with '0'
[37.758s] DEBUG:colcon.colcon_core.event_reactor:joining thread
[37.767s] INFO:colcon.colcon_core.plugin_system:Skipping extension 'colcon_notification.desktop_notification.notify2': 'notify2' not found
[37.768s] INFO:colcon.colcon_core.plugin_system:Skipping extension 'colcon_notification.desktop_notification.terminal_notifier': Not used on non-Darwin systems
[37.768s] INFO:colcon.colcon_core.plugin_system:Skipping extension 'colcon_notification.desktop_notification.win32': Not used on non-Windows systems
[37.768s] INFO:colcon.colcon_notification.desktop_notification:Sending desktop notification using 'notify_send'
[37.829s] DEBUG:colcon.colcon_core.event_reactor:joined thread
[37.829s] INFO:colcon.colcon_core.shell:Creating prefix script '/home/ujglv/Dokumente/PSE/Grundstein/carmaker-workspace/ros2_ws/install/local_setup.ps1'
[37.832s] INFO:colcon.colcon_core.shell:Creating prefix util module '/home/ujglv/Dokumente/PSE/Grundstein/carmaker-workspace/ros2_ws/install/_local_setup_util_ps1.py'
[37.835s] INFO:colcon.colcon_core.shell:Creating prefix chain script '/home/ujglv/Dokumente/PSE/Grundstein/carmaker-workspace/ros2_ws/install/setup.ps1'
[37.838s] INFO:colcon.colcon_core.shell:Creating prefix script '/home/ujglv/Dokumente/PSE/Grundstein/carmaker-workspace/ros2_ws/install/local_setup.sh'
[37.845s] INFO:colcon.colcon_core.shell:Creating prefix util module '/home/ujglv/Dokumente/PSE/Grundstein/carmaker-workspace/ros2_ws/install/_local_setup_util_sh.py'
[37.849s] INFO:colcon.colcon_core.shell:Creating prefix chain script '/home/ujglv/Dokumente/PSE/Grundstein/carmaker-workspace/ros2_ws/install/setup.sh'
[37.855s] INFO:colcon.colcon_core.shell:Creating prefix script '/home/ujglv/Dokumente/PSE/Grundstein/carmaker-workspace/ros2_ws/install/local_setup.bash'
[37.857s] INFO:colcon.colcon_core.shell:Creating prefix chain script '/home/ujglv/Dokumente/PSE/Grundstein/carmaker-workspace/ros2_ws/install/setup.bash'
[37.860s] INFO:colcon.colcon_core.shell:Creating prefix script '/home/ujglv/Dokumente/PSE/Grundstein/carmaker-workspace/ros2_ws/install/local_setup.zsh'
[37.865s] INFO:colcon.colcon_core.shell:Creating prefix chain script '/home/ujglv/Dokumente/PSE/Grundstein/carmaker-workspace/ros2_ws/install/setup.zsh'
