[100%] Built target pse_aeb
-- Install configuration: ""
-- Installing: /home/ujglv/Dokumente/PSE/Grundstein/carmaker-workspace/ros2_ws/install/pse_aeb/lib/pse_aeb/pse_aeb
-- Set runtime path of "/home/ujglv/Dokumente/PSE/Grundstein/carmaker-workspace/ros2_ws/install/pse_aeb/lib/pse_aeb/pse_aeb" to ""
-- Installing: /home/ujglv/Dokumente/PSE/Grundstein/carmaker-workspace/ros2_ws/install/pse_aeb/share/pse_aeb//launch
-- Installing: /home/ujglv/Dokumente/PSE/Grundstein/carmaker-workspace/ros2_ws/install/pse_aeb/share/pse_aeb//launch/start_aeb.launch.py
-- Installing: /home/ujglv/Dokumente/PSE/Grundstein/carmaker-workspace/ros2_ws/install/pse_aeb/share/ament_index/resource_index/package_run_dependencies/pse_aeb
-- Installing: /home/ujglv/Dokumente/PSE/Grundstein/carmaker-workspace/ros2_ws/install/pse_aeb/share/ament_index/resource_index/parent_prefix_path/pse_aeb
-- Installing: /home/ujglv/Dokumente/PSE/Grundstein/carmaker-workspace/ros2_ws/install/pse_aeb/share/pse_aeb/environment/ament_prefix_path.sh
-- Installing: /home/ujglv/Dokumente/PSE/Grundstein/carmaker-workspace/ros2_ws/install/pse_aeb/share/pse_aeb/environment/ament_prefix_path.dsv
-- Installing: /home/ujglv/Dokumente/PSE/Grundstein/carmaker-workspace/ros2_ws/install/pse_aeb/share/pse_aeb/environment/path.sh
-- Installing: /home/ujglv/Dokumente/PSE/Grundstein/carmaker-workspace/ros2_ws/install/pse_aeb/share/pse_aeb/environment/path.dsv
-- Installing: /home/ujglv/Dokumente/PSE/Grundstein/carmaker-workspace/ros2_ws/install/pse_aeb/share/pse_aeb/local_setup.bash
-- Installing: /home/ujglv/Dokumente/PSE/Grundstein/carmaker-workspace/ros2_ws/install/pse_aeb/share/pse_aeb/local_setup.sh
-- Installing: /home/ujglv/Dokumente/PSE/Grundstein/carmaker-workspace/ros2_ws/install/pse_aeb/share/pse_aeb/local_setup.zsh
-- Installing: /home/ujglv/Dokumente/PSE/Grundstein/carmaker-workspace/ros2_ws/install/pse_aeb/share/pse_aeb/local_setup.dsv
-- Installing: /home/ujglv/Dokumente/PSE/Grundstein/carmaker-workspace/ros2_ws/install/pse_aeb/share/pse_aeb/package.dsv
-- Installing: /home/ujglv/Dokumente/PSE/Grundstein/carmaker-workspace/ros2_ws/install/pse_aeb/share/ament_index/resource_index/packages/pse_aeb
-- Installing: /home/ujglv/Dokumente/PSE/Grundstein/carmaker-workspace/ros2_ws/install/pse_aeb/share/pse_aeb/cmake/pse_aebConfig.cmake
-- Installing: /home/ujglv/Dokumente/PSE/Grundstein/carmaker-workspace/ros2_ws/install/pse_aeb/share/pse_aeb/cmake/pse_aebConfig-version.cmake
-- Installing: /home/ujglv/Dokumente/PSE/Grundstein/carmaker-workspace/ros2_ws/install/pse_aeb/share/pse_aeb/package.xml
