[0.057s] Invoking command in '/home/ujglv/Dokumente/PSE/Grundstein/carmaker-workspace/ros2_ws/build/pse_aeb': AMENT_PREFIX_PATH=/home/ujglv/Dokumente/PSE/Grundstein/carmaker-workspace/ros2_ws/install/cm_msgs:${AMENT_PREFIX_PATH} CMAKE_PREFIX_PATH=/home/ujglv/Dokumente/PSE/Grundstein/carmaker-workspace/ros2_ws/install/cm_msgs:/opt/ros/humble DEBUGINFOD_URLS=https://debuginfod.centos.org/ LD_LIBRARY_PATH=/home/ujglv/Dokumente/PSE/Grundstein/carmaker-workspace/ros2_ws/install/cm_msgs/lib:${LD_LIBRARY_PATH} PYTHONPATH=/home/ujglv/Dokumente/PSE/Grundstein/carmaker-workspace/ros2_ws/install/cm_msgs/lib/python3.11/site-packages:${PYTHONPATH} SHLVL=7 VIRTUAL_ENV_PROMPT=(.env) VSCODE_ENV_PREPEND=PATH=/home/ujglv/.vscode/extensions/ms-python.python-2025.8.0-linux-x64/python_files/deactivate/bash\x3a/home/ujglv/Dokumente/PSE/Grundstein/carmaker-workspace/.env/bin\x3a:PS1=(.env) VSCODE_ENV_REPLACE=VIRTUAL_ENV=/home/ujglv/Dokumente/PSE/Grundstein/carmaker-workspace/.env:VIRTUAL_ENV_PROMPT=(.env) _=/usr/bin/env /usr/bin/cmake --build /home/ujglv/Dokumente/PSE/Grundstein/carmaker-workspace/ros2_ws/build/pse_aeb -- -j6 -l6
[0.338s] [100%] Built target pse_aeb
[0.374s] Invoked command in '/home/ujglv/Dokumente/PSE/Grundstein/carmaker-workspace/ros2_ws/build/pse_aeb' returned '0': AMENT_PREFIX_PATH=/home/ujglv/Dokumente/PSE/Grundstein/carmaker-workspace/ros2_ws/install/cm_msgs:${AMENT_PREFIX_PATH} CMAKE_PREFIX_PATH=/home/ujglv/Dokumente/PSE/Grundstein/carmaker-workspace/ros2_ws/install/cm_msgs:/opt/ros/humble DEBUGINFOD_URLS=https://debuginfod.centos.org/ LD_LIBRARY_PATH=/home/ujglv/Dokumente/PSE/Grundstein/carmaker-workspace/ros2_ws/install/cm_msgs/lib:${LD_LIBRARY_PATH} PYTHONPATH=/home/ujglv/Dokumente/PSE/Grundstein/carmaker-workspace/ros2_ws/install/cm_msgs/lib/python3.11/site-packages:${PYTHONPATH} SHLVL=7 VIRTUAL_ENV_PROMPT=(.env) VSCODE_ENV_PREPEND=PATH=/home/ujglv/.vscode/extensions/ms-python.python-2025.8.0-linux-x64/python_files/deactivate/bash\x3a/home/ujglv/Dokumente/PSE/Grundstein/carmaker-workspace/.env/bin\x3a:PS1=(.env) VSCODE_ENV_REPLACE=VIRTUAL_ENV=/home/ujglv/Dokumente/PSE/Grundstein/carmaker-workspace/.env:VIRTUAL_ENV_PROMPT=(.env) _=/usr/bin/env /usr/bin/cmake --build /home/ujglv/Dokumente/PSE/Grundstein/carmaker-workspace/ros2_ws/build/pse_aeb -- -j6 -l6
[0.377s] Invoking command in '/home/ujglv/Dokumente/PSE/Grundstein/carmaker-workspace/ros2_ws/build/pse_aeb': AMENT_PREFIX_PATH=/home/ujglv/Dokumente/PSE/Grundstein/carmaker-workspace/ros2_ws/install/cm_msgs:${AMENT_PREFIX_PATH} CMAKE_PREFIX_PATH=/home/ujglv/Dokumente/PSE/Grundstein/carmaker-workspace/ros2_ws/install/cm_msgs:/opt/ros/humble DEBUGINFOD_URLS=https://debuginfod.centos.org/ LD_LIBRARY_PATH=/home/ujglv/Dokumente/PSE/Grundstein/carmaker-workspace/ros2_ws/install/cm_msgs/lib:${LD_LIBRARY_PATH} PYTHONPATH=/home/ujglv/Dokumente/PSE/Grundstein/carmaker-workspace/ros2_ws/install/cm_msgs/lib/python3.11/site-packages:${PYTHONPATH} SHLVL=7 VIRTUAL_ENV_PROMPT=(.env) VSCODE_ENV_PREPEND=PATH=/home/ujglv/.vscode/extensions/ms-python.python-2025.8.0-linux-x64/python_files/deactivate/bash\x3a/home/ujglv/Dokumente/PSE/Grundstein/carmaker-workspace/.env/bin\x3a:PS1=(.env) VSCODE_ENV_REPLACE=VIRTUAL_ENV=/home/ujglv/Dokumente/PSE/Grundstein/carmaker-workspace/.env:VIRTUAL_ENV_PROMPT=(.env) _=/usr/bin/env /usr/bin/cmake --install /home/ujglv/Dokumente/PSE/Grundstein/carmaker-workspace/ros2_ws/build/pse_aeb
[0.413s] -- Install configuration: ""
[0.426s] -- Installing: /home/ujglv/Dokumente/PSE/Grundstein/carmaker-workspace/ros2_ws/install/pse_aeb/lib/pse_aeb/pse_aeb
[0.462s] -- Set runtime path of "/home/ujglv/Dokumente/PSE/Grundstein/carmaker-workspace/ros2_ws/install/pse_aeb/lib/pse_aeb/pse_aeb" to ""
[0.463s] -- Installing: /home/ujglv/Dokumente/PSE/Grundstein/carmaker-workspace/ros2_ws/install/pse_aeb/share/pse_aeb//launch
[0.468s] -- Installing: /home/ujglv/Dokumente/PSE/Grundstein/carmaker-workspace/ros2_ws/install/pse_aeb/share/pse_aeb//launch/start_aeb.launch.py
[0.484s] -- Installing: /home/ujglv/Dokumente/PSE/Grundstein/carmaker-workspace/ros2_ws/install/pse_aeb/share/ament_index/resource_index/package_run_dependencies/pse_aeb
[0.492s] -- Installing: /home/ujglv/Dokumente/PSE/Grundstein/carmaker-workspace/ros2_ws/install/pse_aeb/share/ament_index/resource_index/parent_prefix_path/pse_aeb
[0.500s] -- Installing: /home/ujglv/Dokumente/PSE/Grundstein/carmaker-workspace/ros2_ws/install/pse_aeb/share/pse_aeb/environment/ament_prefix_path.sh
[0.503s] -- Installing: /home/ujglv/Dokumente/PSE/Grundstein/carmaker-workspace/ros2_ws/install/pse_aeb/share/pse_aeb/environment/ament_prefix_path.dsv
[0.507s] -- Installing: /home/ujglv/Dokumente/PSE/Grundstein/carmaker-workspace/ros2_ws/install/pse_aeb/share/pse_aeb/environment/path.sh
[0.522s] -- Installing: /home/ujglv/Dokumente/PSE/Grundstein/carmaker-workspace/ros2_ws/install/pse_aeb/share/pse_aeb/environment/path.dsv
[0.531s] -- Installing: /home/ujglv/Dokumente/PSE/Grundstein/carmaker-workspace/ros2_ws/install/pse_aeb/share/pse_aeb/local_setup.bash
[0.535s] -- Installing: /home/ujglv/Dokumente/PSE/Grundstein/carmaker-workspace/ros2_ws/install/pse_aeb/share/pse_aeb/local_setup.sh
[0.538s] -- Installing: /home/ujglv/Dokumente/PSE/Grundstein/carmaker-workspace/ros2_ws/install/pse_aeb/share/pse_aeb/local_setup.zsh
[0.544s] -- Installing: /home/ujglv/Dokumente/PSE/Grundstein/carmaker-workspace/ros2_ws/install/pse_aeb/share/pse_aeb/local_setup.dsv
[0.548s] -- Installing: /home/ujglv/Dokumente/PSE/Grundstein/carmaker-workspace/ros2_ws/install/pse_aeb/share/pse_aeb/package.dsv
[0.557s] -- Installing: /home/ujglv/Dokumente/PSE/Grundstein/carmaker-workspace/ros2_ws/install/pse_aeb/share/ament_index/resource_index/packages/pse_aeb
[0.563s] -- Installing: /home/ujglv/Dokumente/PSE/Grundstein/carmaker-workspace/ros2_ws/install/pse_aeb/share/pse_aeb/cmake/pse_aebConfig.cmake
[0.567s] -- Installing: /home/ujglv/Dokumente/PSE/Grundstein/carmaker-workspace/ros2_ws/install/pse_aeb/share/pse_aeb/cmake/pse_aebConfig-version.cmake
[0.578s] -- Installing: /home/ujglv/Dokumente/PSE/Grundstein/carmaker-workspace/ros2_ws/install/pse_aeb/share/pse_aeb/package.xml
[0.584s] Invoked command in '/home/ujglv/Dokumente/PSE/Grundstein/carmaker-workspace/ros2_ws/build/pse_aeb' returned '0': AMENT_PREFIX_PATH=/home/ujglv/Dokumente/PSE/Grundstein/carmaker-workspace/ros2_ws/install/cm_msgs:${AMENT_PREFIX_PATH} CMAKE_PREFIX_PATH=/home/ujglv/Dokumente/PSE/Grundstein/carmaker-workspace/ros2_ws/install/cm_msgs:/opt/ros/humble DEBUGINFOD_URLS=https://debuginfod.centos.org/ LD_LIBRARY_PATH=/home/ujglv/Dokumente/PSE/Grundstein/carmaker-workspace/ros2_ws/install/cm_msgs/lib:${LD_LIBRARY_PATH} PYTHONPATH=/home/ujglv/Dokumente/PSE/Grundstein/carmaker-workspace/ros2_ws/install/cm_msgs/lib/python3.11/site-packages:${PYTHONPATH} SHLVL=7 VIRTUAL_ENV_PROMPT=(.env) VSCODE_ENV_PREPEND=PATH=/home/ujglv/.vscode/extensions/ms-python.python-2025.8.0-linux-x64/python_files/deactivate/bash\x3a/home/ujglv/Dokumente/PSE/Grundstein/carmaker-workspace/.env/bin\x3a:PS1=(.env) VSCODE_ENV_REPLACE=VIRTUAL_ENV=/home/ujglv/Dokumente/PSE/Grundstein/carmaker-workspace/.env:VIRTUAL_ENV_PROMPT=(.env) _=/usr/bin/env /usr/bin/cmake --install /home/ujglv/Dokumente/PSE/Grundstein/carmaker-workspace/ros2_ws/build/pse_aeb
