Not searching for unused variables given on the command line.
-- The C compiler identification is GNU 8.5.0
-- The CXX compiler identification is GNU 8.5.0
-- Detecting C compiler ABI info
-- Detecting C compiler ABI info - done
-- Check for working C compiler: /usr/lib64/ccache/cc - skipped
-- Detecting C compile features
-- Detecting C compile features - done
-- Detecting CXX compiler ABI info
-- Detecting CXX compiler ABI info - done
-- Check for working CXX compiler: /usr/lib64/ccache/c++ - skipped
-- Detecting CXX compile features
-- Detecting CXX compile features - done
-- Found ament_cmake: 1.3.11 (/opt/ros/humble/share/ament_cmake/cmake)
-- Found Python3: /home/ujglv/Dokumente/PSE/Grundstein/carmaker-workspace/.env/bin/python3 (found version "3.11.11") found components: Interpreter 
-- Found rosidl_default_generators: 1.2.0 (/opt/ros/humble/share/rosidl_default_generators/cmake)
-- Using all available rosidl_typesupport_c: rosidl_typesupport_fastrtps_c;rosidl_typesupport_introspection_c
-- Found rosidl_adapter: 3.1.6 (/opt/ros/humble/share/rosidl_adapter/cmake)
-- Using all available rosidl_typesupport_cpp: rosidl_typesupport_fastrtps_cpp;rosidl_typesupport_introspection_cpp
-- Found std_msgs: 4.8.0 (/opt/ros/humble/share/std_msgs/cmake)
-- Found ament_cmake_ros: 0.10.0 (/opt/ros/humble/share/ament_cmake_ros/cmake)
-- Using all available rosidl_typesupport_c: rosidl_typesupport_fastrtps_c;rosidl_typesupport_introspection_c
-- Using all available rosidl_typesupport_cpp: rosidl_typesupport_fastrtps_cpp;rosidl_typesupport_introspection_cpp
-- Found PythonInterp: /usr/bin/python3.6 (found suitable version "3.6.8", minimum required is "3.6") 
-- Found python_cmake_module: 0.10.0 (/opt/ros/humble/share/python_cmake_module/cmake)
-- Found PythonLibs: /usr/lib64/libpython3.6m.so (found suitable version "3.6.8", minimum required is "3.5") 
-- Using PYTHON_EXECUTABLE: /usr/bin/python3.6
-- Using PYTHON_INCLUDE_DIRS: /usr/include/python3.6m
-- Using PYTHON_LIBRARIES: /usr/lib64/libpython3.6m.so
-- Found PythonExtra: .so  
-- Using numpy include directory: /usr/lib64/python3.6/site-packages/numpy/core/include
-- Found ament_lint_auto: 0.12.12 (/opt/ros/humble/share/ament_lint_auto/cmake)
-- Added test 'copyright' to check source files copyright and LICENSE
-- Added test 'lint_cmake' to check CMake code style
-- Added test 'xmllint' to check XML markup files
-- Configuring done (6.3s)
-- Generating done (0.7s)
-- Build files have been written to: /home/ujglv/Dokumente/PSE/Grundstein/carmaker-workspace/ros2_ws/build/cm_msgs
[  2%] [34m[1mGenerating C code for ROS interfaces[0m
[  4%] [34m[1mGenerating C++ code for ROS interfaces[0m
[  4%] Built target ament_cmake_python_copy_cm_msgs
[  4%] Built target cm_msgs__cpp
[ 14%] [34m[1mGenerating C++ type support for eProsima Fast-RTPS[0m
[ 14%] [32mBuilding C object CMakeFiles/cm_msgs__rosidl_generator_c.dir/rosidl_generator_c/cm_msgs/msg/detail/vehicle_state__functions.c.o[0m
[ 14%] [34m[1mGenerating C++ type support dispatch for ROS interfaces[0m
[ 14%] [34m[1mGenerating C++ introspection for ROS interfaces[0m
[ 14%] [32mBuilding C object CMakeFiles/cm_msgs__rosidl_generator_c.dir/rosidl_generator_c/cm_msgs/msg/detail/object__functions.c.o[0m
[ 17%] [32mBuilding C object CMakeFiles/cm_msgs__rosidl_generator_c.dir/rosidl_generator_c/cm_msgs/msg/detail/vehicle_input__functions.c.o[0m
[ 19%] [32mBuilding CXX object CMakeFiles/cm_msgs__rosidl_typesupport_cpp.dir/rosidl_typesupport_cpp/cm_msgs/msg/object__type_support.cpp.o[0m
running egg_info
creating cm_msgs.egg-info
[ 21%] [32mBuilding CXX object CMakeFiles/cm_msgs__rosidl_typesupport_cpp.dir/rosidl_typesupport_cpp/cm_msgs/msg/vehicle_state__type_support.cpp.o[0m
[ 23%] [32mBuilding CXX object CMakeFiles/cm_msgs__rosidl_typesupport_introspection_cpp.dir/rosidl_typesupport_introspection_cpp/cm_msgs/msg/detail/object__type_support.cpp.o[0m
writing cm_msgs.egg-info/PKG-INFO
writing dependency_links to cm_msgs.egg-info/dependency_links.txt
writing top-level names to cm_msgs.egg-info/top_level.txt
writing manifest file 'cm_msgs.egg-info/SOURCES.txt'
[ 25%] [32mBuilding CXX object CMakeFiles/cm_msgs__rosidl_typesupport_fastrtps_cpp.dir/rosidl_typesupport_fastrtps_cpp/cm_msgs/msg/detail/dds_fastrtps/object__type_support.cpp.o[0m
[ 27%] [32m[1mLinking C shared library libcm_msgs__rosidl_generator_c.so[0m
reading manifest file 'cm_msgs.egg-info/SOURCES.txt'
writing manifest file 'cm_msgs.egg-info/SOURCES.txt'
[ 27%] Built target ament_cmake_python_build_cm_msgs_egg
[ 27%] Built target cm_msgs__rosidl_generator_c
[ 31%] [32mBuilding CXX object CMakeFiles/cm_msgs__rosidl_typesupport_introspection_cpp.dir/rosidl_typesupport_introspection_cpp/cm_msgs/msg/detail/vehicle_state__type_support.cpp.o[0m
[ 31%] [32mBuilding CXX object CMakeFiles/cm_msgs__rosidl_typesupport_introspection_cpp.dir/rosidl_typesupport_introspection_cpp/cm_msgs/msg/detail/vehicle_input__type_support.cpp.o[0m
[ 36%] [32mBuilding CXX object CMakeFiles/cm_msgs__rosidl_typesupport_cpp.dir/rosidl_typesupport_cpp/cm_msgs/msg/vehicle_input__type_support.cpp.o[0m
[ 36%] [32mBuilding CXX object CMakeFiles/cm_msgs__rosidl_typesupport_fastrtps_cpp.dir/rosidl_typesupport_fastrtps_cpp/cm_msgs/msg/detail/dds_fastrtps/vehicle_state__type_support.cpp.o[0m
[ 38%] [32mBuilding CXX object CMakeFiles/cm_msgs__rosidl_typesupport_fastrtps_cpp.dir/rosidl_typesupport_fastrtps_cpp/cm_msgs/msg/detail/dds_fastrtps/vehicle_input__type_support.cpp.o[0m
[ 42%] [32m[1mLinking CXX shared library libcm_msgs__rosidl_typesupport_introspection_cpp.so[0m
[ 42%] [34m[1mGenerating C type support for eProsima Fast-RTPS[0m
[ 44%] [34m[1mGenerating C introspection for ROS interfaces[0m
[ 44%] Built target cm_msgs__rosidl_typesupport_introspection_cpp
[ 46%] [34m[1mGenerating C type support dispatch for ROS interfaces[0m
[ 48%] [32m[1mLinking CXX shared library libcm_msgs__rosidl_typesupport_cpp.so[0m
[ 51%] [32m[1mLinking CXX shared library libcm_msgs__rosidl_typesupport_fastrtps_cpp.so[0m
[ 55%] [32mBuilding CXX object CMakeFiles/cm_msgs__rosidl_typesupport_fastrtps_c.dir/rosidl_typesupport_fastrtps_c/cm_msgs/msg/detail/object__type_support_c.cpp.o[0m
[ 55%] [32mBuilding CXX object CMakeFiles/cm_msgs__rosidl_typesupport_fastrtps_c.dir/rosidl_typesupport_fastrtps_c/cm_msgs/msg/detail/vehicle_state__type_support_c.cpp.o[0m
[ 57%] [32mBuilding C object CMakeFiles/cm_msgs__rosidl_typesupport_introspection_c.dir/rosidl_typesupport_introspection_c/cm_msgs/msg/detail/object__type_support.c.o[0m
[ 57%] Built target cm_msgs__rosidl_typesupport_cpp
[ 59%] [32mBuilding C object CMakeFiles/cm_msgs__rosidl_typesupport_introspection_c.dir/rosidl_typesupport_introspection_c/cm_msgs/msg/detail/vehicle_state__type_support.c.o[0m
[ 59%] Built target cm_msgs__rosidl_typesupport_fastrtps_cpp
[ 61%] [32mBuilding C object CMakeFiles/cm_msgs__rosidl_typesupport_introspection_c.dir/rosidl_typesupport_introspection_c/cm_msgs/msg/detail/vehicle_input__type_support.c.o[0m
[ 68%] [32mBuilding CXX object CMakeFiles/cm_msgs__rosidl_typesupport_c.dir/rosidl_typesupport_c/cm_msgs/msg/object__type_support.cpp.o[0m
[ 68%] [32mBuilding CXX object CMakeFiles/cm_msgs__rosidl_typesupport_fastrtps_c.dir/rosidl_typesupport_fastrtps_c/cm_msgs/msg/detail/vehicle_input__type_support_c.cpp.o[0m
[ 68%] [32mBuilding CXX object CMakeFiles/cm_msgs__rosidl_typesupport_c.dir/rosidl_typesupport_c/cm_msgs/msg/vehicle_state__type_support.cpp.o[0m
[ 70%] [32m[1mLinking C shared library libcm_msgs__rosidl_typesupport_introspection_c.so[0m
[ 70%] Built target cm_msgs__rosidl_typesupport_introspection_c
[ 72%] [32mBuilding CXX object CMakeFiles/cm_msgs__rosidl_typesupport_c.dir/rosidl_typesupport_c/cm_msgs/msg/vehicle_input__type_support.cpp.o[0m
[ 74%] [32m[1mLinking CXX shared library libcm_msgs__rosidl_typesupport_c.so[0m
[ 74%] Built target cm_msgs__rosidl_typesupport_c
[ 76%] [32m[1mLinking CXX shared library libcm_msgs__rosidl_typesupport_fastrtps_c.so[0m
[ 76%] Built target cm_msgs__rosidl_typesupport_fastrtps_c
[ 76%] Built target cm_msgs
[ 78%] [34m[1mGenerating Python code for ROS interfaces[0m
[ 78%] Built target cm_msgs__py
[ 85%] [32mBuilding C object CMakeFiles/cm_msgs__rosidl_generator_py.dir/rosidl_generator_py/cm_msgs/msg/_vehicle_input_s.c.o[0m
[ 85%] [32mBuilding C object CMakeFiles/cm_msgs__rosidl_generator_py.dir/rosidl_generator_py/cm_msgs/msg/_object_s.c.o[0m
[ 85%] [32mBuilding C object CMakeFiles/cm_msgs__rosidl_generator_py.dir/rosidl_generator_py/cm_msgs/msg/_vehicle_state_s.c.o[0m
[ 87%] [32m[1mLinking C shared library rosidl_generator_py/cm_msgs/libcm_msgs__rosidl_generator_py.so[0m
[ 87%] Built target cm_msgs__rosidl_generator_py
[ 93%] [32mBuilding C object CMakeFiles/cm_msgs__rosidl_typesupport_introspection_c__pyext.dir/rosidl_generator_py/cm_msgs/_cm_msgs_s.ep.rosidl_typesupport_introspection_c.c.o[0m
[ 93%] [32mBuilding C object CMakeFiles/cm_msgs__rosidl_typesupport_fastrtps_c__pyext.dir/rosidl_generator_py/cm_msgs/_cm_msgs_s.ep.rosidl_typesupport_fastrtps_c.c.o[0m
[ 93%] [32mBuilding C object CMakeFiles/cm_msgs__rosidl_typesupport_c__pyext.dir/rosidl_generator_py/cm_msgs/_cm_msgs_s.ep.rosidl_typesupport_c.c.o[0m
[100%] [32m[1mLinking C shared library rosidl_generator_py/cm_msgs/cm_msgs_s__rosidl_typesupport_c.cpython-36m-x86_64-linux-gnu.so[0m
[100%] [32m[1mLinking C shared library rosidl_generator_py/cm_msgs/cm_msgs_s__rosidl_typesupport_introspection_c.cpython-36m-x86_64-linux-gnu.so[0m
[100%] [32m[1mLinking C shared library rosidl_generator_py/cm_msgs/cm_msgs_s__rosidl_typesupport_fastrtps_c.cpython-36m-x86_64-linux-gnu.so[0m
[100%] Built target cm_msgs__rosidl_typesupport_introspection_c__pyext
[100%] Built target cm_msgs__rosidl_typesupport_c__pyext
[100%] Built target cm_msgs__rosidl_typesupport_fastrtps_c__pyext
-- Install configuration: ""
-- Installing: /home/ujglv/Dokumente/PSE/Grundstein/carmaker-workspace/ros2_ws/install/cm_msgs/share/ament_index/resource_index/rosidl_interfaces/cm_msgs
-- Installing: /home/ujglv/Dokumente/PSE/Grundstein/carmaker-workspace/ros2_ws/install/cm_msgs/include/cm_msgs/cm_msgs
-- Installing: /home/ujglv/Dokumente/PSE/Grundstein/carmaker-workspace/ros2_ws/install/cm_msgs/include/cm_msgs/cm_msgs/msg
-- Installing: /home/ujglv/Dokumente/PSE/Grundstein/carmaker-workspace/ros2_ws/install/cm_msgs/include/cm_msgs/cm_msgs/msg/vehicle_state.h
-- Installing: /home/ujglv/Dokumente/PSE/Grundstein/carmaker-workspace/ros2_ws/install/cm_msgs/include/cm_msgs/cm_msgs/msg/detail
-- Installing: /home/ujglv/Dokumente/PSE/Grundstein/carmaker-workspace/ros2_ws/install/cm_msgs/include/cm_msgs/cm_msgs/msg/detail/object__functions.c
-- Installing: /home/ujglv/Dokumente/PSE/Grundstein/carmaker-workspace/ros2_ws/install/cm_msgs/include/cm_msgs/cm_msgs/msg/detail/vehicle_state__functions.c
-- Installing: /home/ujglv/Dokumente/PSE/Grundstein/carmaker-workspace/ros2_ws/install/cm_msgs/include/cm_msgs/cm_msgs/msg/detail/object__type_support.h
-- Installing: /home/ujglv/Dokumente/PSE/Grundstein/carmaker-workspace/ros2_ws/install/cm_msgs/include/cm_msgs/cm_msgs/msg/detail/vehicle_state__type_support.h
-- Installing: /home/ujglv/Dokumente/PSE/Grundstein/carmaker-workspace/ros2_ws/install/cm_msgs/include/cm_msgs/cm_msgs/msg/detail/vehicle_state__struct.h
-- Installing: /home/ujglv/Dokumente/PSE/Grundstein/carmaker-workspace/ros2_ws/install/cm_msgs/include/cm_msgs/cm_msgs/msg/detail/object__struct.h
-- Installing: /home/ujglv/Dokumente/PSE/Grundstein/carmaker-workspace/ros2_ws/install/cm_msgs/include/cm_msgs/cm_msgs/msg/detail/vehicle_input__struct.h
-- Installing: /home/ujglv/Dokumente/PSE/Grundstein/carmaker-workspace/ros2_ws/install/cm_msgs/include/cm_msgs/cm_msgs/msg/detail/vehicle_input__functions.c
-- Installing: /home/ujglv/Dokumente/PSE/Grundstein/carmaker-workspace/ros2_ws/install/cm_msgs/include/cm_msgs/cm_msgs/msg/detail/vehicle_state__functions.h
-- Installing: /home/ujglv/Dokumente/PSE/Grundstein/carmaker-workspace/ros2_ws/install/cm_msgs/include/cm_msgs/cm_msgs/msg/detail/object__functions.h
-- Installing: /home/ujglv/Dokumente/PSE/Grundstein/carmaker-workspace/ros2_ws/install/cm_msgs/include/cm_msgs/cm_msgs/msg/detail/vehicle_input__functions.h
-- Installing: /home/ujglv/Dokumente/PSE/Grundstein/carmaker-workspace/ros2_ws/install/cm_msgs/include/cm_msgs/cm_msgs/msg/detail/vehicle_input__type_support.h
-- Installing: /home/ujglv/Dokumente/PSE/Grundstein/carmaker-workspace/ros2_ws/install/cm_msgs/include/cm_msgs/cm_msgs/msg/object.h
-- Installing: /home/ujglv/Dokumente/PSE/Grundstein/carmaker-workspace/ros2_ws/install/cm_msgs/include/cm_msgs/cm_msgs/msg/vehicle_input.h
-- Installing: /home/ujglv/Dokumente/PSE/Grundstein/carmaker-workspace/ros2_ws/install/cm_msgs/include/cm_msgs/cm_msgs/msg/rosidl_generator_c__visibility_control.h
-- Installing: /home/ujglv/Dokumente/PSE/Grundstein/carmaker-workspace/ros2_ws/install/cm_msgs/share/cm_msgs/environment/library_path.sh
-- Installing: /home/ujglv/Dokumente/PSE/Grundstein/carmaker-workspace/ros2_ws/install/cm_msgs/share/cm_msgs/environment/library_path.dsv
-- Installing: /home/ujglv/Dokumente/PSE/Grundstein/carmaker-workspace/ros2_ws/install/cm_msgs/lib/libcm_msgs__rosidl_generator_c.so
-- Set runtime path of "/home/ujglv/Dokumente/PSE/Grundstein/carmaker-workspace/ros2_ws/install/cm_msgs/lib/libcm_msgs__rosidl_generator_c.so" to ""
-- Up-to-date: /home/ujglv/Dokumente/PSE/Grundstein/carmaker-workspace/ros2_ws/install/cm_msgs/include/cm_msgs/cm_msgs
-- Up-to-date: /home/ujglv/Dokumente/PSE/Grundstein/carmaker-workspace/ros2_ws/install/cm_msgs/include/cm_msgs/cm_msgs/msg
-- Up-to-date: /home/ujglv/Dokumente/PSE/Grundstein/carmaker-workspace/ros2_ws/install/cm_msgs/include/cm_msgs/cm_msgs/msg/detail
-- Installing: /home/ujglv/Dokumente/PSE/Grundstein/carmaker-workspace/ros2_ws/install/cm_msgs/include/cm_msgs/cm_msgs/msg/detail/vehicle_input__rosidl_typesupport_fastrtps_c.h
-- Installing: /home/ujglv/Dokumente/PSE/Grundstein/carmaker-workspace/ros2_ws/install/cm_msgs/include/cm_msgs/cm_msgs/msg/detail/object__rosidl_typesupport_fastrtps_c.h
-- Installing: /home/ujglv/Dokumente/PSE/Grundstein/carmaker-workspace/ros2_ws/install/cm_msgs/include/cm_msgs/cm_msgs/msg/detail/vehicle_state__rosidl_typesupport_fastrtps_c.h
-- Installing: /home/ujglv/Dokumente/PSE/Grundstein/carmaker-workspace/ros2_ws/install/cm_msgs/include/cm_msgs/cm_msgs/msg/rosidl_typesupport_fastrtps_c__visibility_control.h
-- Installing: /home/ujglv/Dokumente/PSE/Grundstein/carmaker-workspace/ros2_ws/install/cm_msgs/lib/libcm_msgs__rosidl_typesupport_fastrtps_c.so
-- Set runtime path of "/home/ujglv/Dokumente/PSE/Grundstein/carmaker-workspace/ros2_ws/install/cm_msgs/lib/libcm_msgs__rosidl_typesupport_fastrtps_c.so" to ""
-- Up-to-date: /home/ujglv/Dokumente/PSE/Grundstein/carmaker-workspace/ros2_ws/install/cm_msgs/include/cm_msgs/cm_msgs
-- Up-to-date: /home/ujglv/Dokumente/PSE/Grundstein/carmaker-workspace/ros2_ws/install/cm_msgs/include/cm_msgs/cm_msgs/msg
-- Up-to-date: /home/ujglv/Dokumente/PSE/Grundstein/carmaker-workspace/ros2_ws/install/cm_msgs/include/cm_msgs/cm_msgs/msg/detail
-- Installing: /home/ujglv/Dokumente/PSE/Grundstein/carmaker-workspace/ros2_ws/install/cm_msgs/include/cm_msgs/cm_msgs/msg/detail/vehicle_state__type_support.c
-- Installing: /home/ujglv/Dokumente/PSE/Grundstein/carmaker-workspace/ros2_ws/install/cm_msgs/include/cm_msgs/cm_msgs/msg/detail/vehicle_state__rosidl_typesupport_introspection_c.h
-- Installing: /home/ujglv/Dokumente/PSE/Grundstein/carmaker-workspace/ros2_ws/install/cm_msgs/include/cm_msgs/cm_msgs/msg/detail/vehicle_input__rosidl_typesupport_introspection_c.h
-- Installing: /home/ujglv/Dokumente/PSE/Grundstein/carmaker-workspace/ros2_ws/install/cm_msgs/include/cm_msgs/cm_msgs/msg/detail/object__rosidl_typesupport_introspection_c.h
-- Installing: /home/ujglv/Dokumente/PSE/Grundstein/carmaker-workspace/ros2_ws/install/cm_msgs/include/cm_msgs/cm_msgs/msg/detail/object__type_support.c
-- Installing: /home/ujglv/Dokumente/PSE/Grundstein/carmaker-workspace/ros2_ws/install/cm_msgs/include/cm_msgs/cm_msgs/msg/detail/vehicle_input__type_support.c
-- Installing: /home/ujglv/Dokumente/PSE/Grundstein/carmaker-workspace/ros2_ws/install/cm_msgs/include/cm_msgs/cm_msgs/msg/rosidl_typesupport_introspection_c__visibility_control.h
-- Installing: /home/ujglv/Dokumente/PSE/Grundstein/carmaker-workspace/ros2_ws/install/cm_msgs/lib/libcm_msgs__rosidl_typesupport_introspection_c.so
-- Set runtime path of "/home/ujglv/Dokumente/PSE/Grundstein/carmaker-workspace/ros2_ws/install/cm_msgs/lib/libcm_msgs__rosidl_typesupport_introspection_c.so" to ""
-- Installing: /home/ujglv/Dokumente/PSE/Grundstein/carmaker-workspace/ros2_ws/install/cm_msgs/lib/libcm_msgs__rosidl_typesupport_c.so
-- Set runtime path of "/home/ujglv/Dokumente/PSE/Grundstein/carmaker-workspace/ros2_ws/install/cm_msgs/lib/libcm_msgs__rosidl_typesupport_c.so" to ""
-- Up-to-date: /home/ujglv/Dokumente/PSE/Grundstein/carmaker-workspace/ros2_ws/install/cm_msgs/include/cm_msgs/cm_msgs
-- Up-to-date: /home/ujglv/Dokumente/PSE/Grundstein/carmaker-workspace/ros2_ws/install/cm_msgs/include/cm_msgs/cm_msgs/msg
-- Installing: /home/ujglv/Dokumente/PSE/Grundstein/carmaker-workspace/ros2_ws/install/cm_msgs/include/cm_msgs/cm_msgs/msg/rosidl_generator_cpp__visibility_control.hpp
-- Installing: /home/ujglv/Dokumente/PSE/Grundstein/carmaker-workspace/ros2_ws/install/cm_msgs/include/cm_msgs/cm_msgs/msg/vehicle_state.hpp
-- Installing: /home/ujglv/Dokumente/PSE/Grundstein/carmaker-workspace/ros2_ws/install/cm_msgs/include/cm_msgs/cm_msgs/msg/object.hpp
-- Up-to-date: /home/ujglv/Dokumente/PSE/Grundstein/carmaker-workspace/ros2_ws/install/cm_msgs/include/cm_msgs/cm_msgs/msg/detail
-- Installing: /home/ujglv/Dokumente/PSE/Grundstein/carmaker-workspace/ros2_ws/install/cm_msgs/include/cm_msgs/cm_msgs/msg/detail/vehicle_input__traits.hpp
-- Installing: /home/ujglv/Dokumente/PSE/Grundstein/carmaker-workspace/ros2_ws/install/cm_msgs/include/cm_msgs/cm_msgs/msg/detail/vehicle_state__traits.hpp
-- Installing: /home/ujglv/Dokumente/PSE/Grundstein/carmaker-workspace/ros2_ws/install/cm_msgs/include/cm_msgs/cm_msgs/msg/detail/vehicle_input__type_support.hpp
-- Installing: /home/ujglv/Dokumente/PSE/Grundstein/carmaker-workspace/ros2_ws/install/cm_msgs/include/cm_msgs/cm_msgs/msg/detail/vehicle_state__type_support.hpp
-- Installing: /home/ujglv/Dokumente/PSE/Grundstein/carmaker-workspace/ros2_ws/install/cm_msgs/include/cm_msgs/cm_msgs/msg/detail/object__traits.hpp
-- Installing: /home/ujglv/Dokumente/PSE/Grundstein/carmaker-workspace/ros2_ws/install/cm_msgs/include/cm_msgs/cm_msgs/msg/detail/object__builder.hpp
-- Installing: /home/ujglv/Dokumente/PSE/Grundstein/carmaker-workspace/ros2_ws/install/cm_msgs/include/cm_msgs/cm_msgs/msg/detail/vehicle_state__builder.hpp
-- Installing: /home/ujglv/Dokumente/PSE/Grundstein/carmaker-workspace/ros2_ws/install/cm_msgs/include/cm_msgs/cm_msgs/msg/detail/object__struct.hpp
-- Installing: /home/ujglv/Dokumente/PSE/Grundstein/carmaker-workspace/ros2_ws/install/cm_msgs/include/cm_msgs/cm_msgs/msg/detail/vehicle_input__builder.hpp
-- Installing: /home/ujglv/Dokumente/PSE/Grundstein/carmaker-workspace/ros2_ws/install/cm_msgs/include/cm_msgs/cm_msgs/msg/detail/vehicle_input__struct.hpp
-- Installing: /home/ujglv/Dokumente/PSE/Grundstein/carmaker-workspace/ros2_ws/install/cm_msgs/include/cm_msgs/cm_msgs/msg/detail/object__type_support.hpp
-- Installing: /home/ujglv/Dokumente/PSE/Grundstein/carmaker-workspace/ros2_ws/install/cm_msgs/include/cm_msgs/cm_msgs/msg/detail/vehicle_state__struct.hpp
-- Installing: /home/ujglv/Dokumente/PSE/Grundstein/carmaker-workspace/ros2_ws/install/cm_msgs/include/cm_msgs/cm_msgs/msg/vehicle_input.hpp
-- Up-to-date: /home/ujglv/Dokumente/PSE/Grundstein/carmaker-workspace/ros2_ws/install/cm_msgs/include/cm_msgs/cm_msgs
-- Up-to-date: /home/ujglv/Dokumente/PSE/Grundstein/carmaker-workspace/ros2_ws/install/cm_msgs/include/cm_msgs/cm_msgs/msg
-- Up-to-date: /home/ujglv/Dokumente/PSE/Grundstein/carmaker-workspace/ros2_ws/install/cm_msgs/include/cm_msgs/cm_msgs/msg/detail
-- Installing: /home/ujglv/Dokumente/PSE/Grundstein/carmaker-workspace/ros2_ws/install/cm_msgs/include/cm_msgs/cm_msgs/msg/detail/object__rosidl_typesupport_fastrtps_cpp.hpp
-- Installing: /home/ujglv/Dokumente/PSE/Grundstein/carmaker-workspace/ros2_ws/install/cm_msgs/include/cm_msgs/cm_msgs/msg/detail/dds_fastrtps
-- Installing: /home/ujglv/Dokumente/PSE/Grundstein/carmaker-workspace/ros2_ws/install/cm_msgs/include/cm_msgs/cm_msgs/msg/detail/vehicle_state__rosidl_typesupport_fastrtps_cpp.hpp
-- Installing: /home/ujglv/Dokumente/PSE/Grundstein/carmaker-workspace/ros2_ws/install/cm_msgs/include/cm_msgs/cm_msgs/msg/detail/vehicle_input__rosidl_typesupport_fastrtps_cpp.hpp
-- Installing: /home/ujglv/Dokumente/PSE/Grundstein/carmaker-workspace/ros2_ws/install/cm_msgs/include/cm_msgs/cm_msgs/msg/rosidl_typesupport_fastrtps_cpp__visibility_control.h
-- Installing: /home/ujglv/Dokumente/PSE/Grundstein/carmaker-workspace/ros2_ws/install/cm_msgs/lib/libcm_msgs__rosidl_typesupport_fastrtps_cpp.so
-- Set runtime path of "/home/ujglv/Dokumente/PSE/Grundstein/carmaker-workspace/ros2_ws/install/cm_msgs/lib/libcm_msgs__rosidl_typesupport_fastrtps_cpp.so" to ""
-- Up-to-date: /home/ujglv/Dokumente/PSE/Grundstein/carmaker-workspace/ros2_ws/install/cm_msgs/include/cm_msgs/cm_msgs
-- Up-to-date: /home/ujglv/Dokumente/PSE/Grundstein/carmaker-workspace/ros2_ws/install/cm_msgs/include/cm_msgs/cm_msgs/msg
-- Up-to-date: /home/ujglv/Dokumente/PSE/Grundstein/carmaker-workspace/ros2_ws/install/cm_msgs/include/cm_msgs/cm_msgs/msg/detail
-- Installing: /home/ujglv/Dokumente/PSE/Grundstein/carmaker-workspace/ros2_ws/install/cm_msgs/include/cm_msgs/cm_msgs/msg/detail/object__rosidl_typesupport_introspection_cpp.hpp
-- Installing: /home/ujglv/Dokumente/PSE/Grundstein/carmaker-workspace/ros2_ws/install/cm_msgs/include/cm_msgs/cm_msgs/msg/detail/vehicle_state__type_support.cpp
-- Installing: /home/ujglv/Dokumente/PSE/Grundstein/carmaker-workspace/ros2_ws/install/cm_msgs/include/cm_msgs/cm_msgs/msg/detail/vehicle_input__rosidl_typesupport_introspection_cpp.hpp
-- Installing: /home/ujglv/Dokumente/PSE/Grundstein/carmaker-workspace/ros2_ws/install/cm_msgs/include/cm_msgs/cm_msgs/msg/detail/vehicle_input__type_support.cpp
-- Installing: /home/ujglv/Dokumente/PSE/Grundstein/carmaker-workspace/ros2_ws/install/cm_msgs/include/cm_msgs/cm_msgs/msg/detail/vehicle_state__rosidl_typesupport_introspection_cpp.hpp
-- Installing: /home/ujglv/Dokumente/PSE/Grundstein/carmaker-workspace/ros2_ws/install/cm_msgs/include/cm_msgs/cm_msgs/msg/detail/object__type_support.cpp
-- Installing: /home/ujglv/Dokumente/PSE/Grundstein/carmaker-workspace/ros2_ws/install/cm_msgs/lib/libcm_msgs__rosidl_typesupport_introspection_cpp.so
-- Set runtime path of "/home/ujglv/Dokumente/PSE/Grundstein/carmaker-workspace/ros2_ws/install/cm_msgs/lib/libcm_msgs__rosidl_typesupport_introspection_cpp.so" to ""
-- Installing: /home/ujglv/Dokumente/PSE/Grundstein/carmaker-workspace/ros2_ws/install/cm_msgs/lib/libcm_msgs__rosidl_typesupport_cpp.so
-- Set runtime path of "/home/ujglv/Dokumente/PSE/Grundstein/carmaker-workspace/ros2_ws/install/cm_msgs/lib/libcm_msgs__rosidl_typesupport_cpp.so" to ""
-- Installing: /home/ujglv/Dokumente/PSE/Grundstein/carmaker-workspace/ros2_ws/install/cm_msgs/share/cm_msgs/environment/pythonpath.sh
-- Installing: /home/ujglv/Dokumente/PSE/Grundstein/carmaker-workspace/ros2_ws/install/cm_msgs/share/cm_msgs/environment/pythonpath.dsv
-- Installing: /home/ujglv/Dokumente/PSE/Grundstein/carmaker-workspace/ros2_ws/install/cm_msgs/lib/python3.11/site-packages/cm_msgs-0.1.0-py3.11.egg-info
-- Installing: /home/ujglv/Dokumente/PSE/Grundstein/carmaker-workspace/ros2_ws/install/cm_msgs/lib/python3.11/site-packages/cm_msgs-0.1.0-py3.11.egg-info/PKG-INFO
-- Installing: /home/ujglv/Dokumente/PSE/Grundstein/carmaker-workspace/ros2_ws/install/cm_msgs/lib/python3.11/site-packages/cm_msgs-0.1.0-py3.11.egg-info/SOURCES.txt
-- Installing: /home/ujglv/Dokumente/PSE/Grundstein/carmaker-workspace/ros2_ws/install/cm_msgs/lib/python3.11/site-packages/cm_msgs-0.1.0-py3.11.egg-info/top_level.txt
-- Installing: /home/ujglv/Dokumente/PSE/Grundstein/carmaker-workspace/ros2_ws/install/cm_msgs/lib/python3.11/site-packages/cm_msgs-0.1.0-py3.11.egg-info/dependency_links.txt
-- Installing: /home/ujglv/Dokumente/PSE/Grundstein/carmaker-workspace/ros2_ws/install/cm_msgs/lib/python3.11/site-packages/cm_msgs
-- Installing: /home/ujglv/Dokumente/PSE/Grundstein/carmaker-workspace/ros2_ws/install/cm_msgs/lib/python3.11/site-packages/cm_msgs/__init__.py
-- Installing: /home/ujglv/Dokumente/PSE/Grundstein/carmaker-workspace/ros2_ws/install/cm_msgs/lib/python3.11/site-packages/cm_msgs/cm_msgs_s__rosidl_typesupport_fastrtps_c.cpython-36m-x86_64-linux-gnu.so
-- Installing: /home/ujglv/Dokumente/PSE/Grundstein/carmaker-workspace/ros2_ws/install/cm_msgs/lib/python3.11/site-packages/cm_msgs/msg
-- Installing: /home/ujglv/Dokumente/PSE/Grundstein/carmaker-workspace/ros2_ws/install/cm_msgs/lib/python3.11/site-packages/cm_msgs/msg/_vehicle_state_s.c
-- Installing: /home/ujglv/Dokumente/PSE/Grundstein/carmaker-workspace/ros2_ws/install/cm_msgs/lib/python3.11/site-packages/cm_msgs/msg/_object_s.c
-- Installing: /home/ujglv/Dokumente/PSE/Grundstein/carmaker-workspace/ros2_ws/install/cm_msgs/lib/python3.11/site-packages/cm_msgs/msg/__init__.py
-- Installing: /home/ujglv/Dokumente/PSE/Grundstein/carmaker-workspace/ros2_ws/install/cm_msgs/lib/python3.11/site-packages/cm_msgs/msg/_vehicle_input.py
-- Installing: /home/ujglv/Dokumente/PSE/Grundstein/carmaker-workspace/ros2_ws/install/cm_msgs/lib/python3.11/site-packages/cm_msgs/msg/_vehicle_input_s.c
-- Installing: /home/ujglv/Dokumente/PSE/Grundstein/carmaker-workspace/ros2_ws/install/cm_msgs/lib/python3.11/site-packages/cm_msgs/msg/_vehicle_state.py
-- Installing: /home/ujglv/Dokumente/PSE/Grundstein/carmaker-workspace/ros2_ws/install/cm_msgs/lib/python3.11/site-packages/cm_msgs/msg/_object.py
-- Installing: /home/ujglv/Dokumente/PSE/Grundstein/carmaker-workspace/ros2_ws/install/cm_msgs/lib/python3.11/site-packages/cm_msgs/_cm_msgs_s.ep.rosidl_typesupport_fastrtps_c.c
-- Installing: /home/ujglv/Dokumente/PSE/Grundstein/carmaker-workspace/ros2_ws/install/cm_msgs/lib/python3.11/site-packages/cm_msgs/cm_msgs_s__rosidl_typesupport_introspection_c.cpython-36m-x86_64-linux-gnu.so
-- Installing: /home/ujglv/Dokumente/PSE/Grundstein/carmaker-workspace/ros2_ws/install/cm_msgs/lib/python3.11/site-packages/cm_msgs/_cm_msgs_s.ep.rosidl_typesupport_c.c
-- Installing: /home/ujglv/Dokumente/PSE/Grundstein/carmaker-workspace/ros2_ws/install/cm_msgs/lib/python3.11/site-packages/cm_msgs/libcm_msgs__rosidl_generator_py.so
-- Installing: /home/ujglv/Dokumente/PSE/Grundstein/carmaker-workspace/ros2_ws/install/cm_msgs/lib/python3.11/site-packages/cm_msgs/_cm_msgs_s.ep.rosidl_typesupport_introspection_c.c
-- Installing: /home/ujglv/Dokumente/PSE/Grundstein/carmaker-workspace/ros2_ws/install/cm_msgs/lib/python3.11/site-packages/cm_msgs/cm_msgs_s__rosidl_typesupport_c.cpython-36m-x86_64-linux-gnu.so
Listing '/home/ujglv/Dokumente/PSE/Grundstein/carmaker-workspace/ros2_ws/install/cm_msgs/lib/python3.11/site-packages/cm_msgs'...
Compiling '/home/ujglv/Dokumente/PSE/Grundstein/carmaker-workspace/ros2_ws/install/cm_msgs/lib/python3.11/site-packages/cm_msgs/__init__.py'...
Listing '/home/ujglv/Dokumente/PSE/Grundstein/carmaker-workspace/ros2_ws/install/cm_msgs/lib/python3.11/site-packages/cm_msgs/msg'...
Compiling '/home/ujglv/Dokumente/PSE/Grundstein/carmaker-workspace/ros2_ws/install/cm_msgs/lib/python3.11/site-packages/cm_msgs/msg/__init__.py'...
Compiling '/home/ujglv/Dokumente/PSE/Grundstein/carmaker-workspace/ros2_ws/install/cm_msgs/lib/python3.11/site-packages/cm_msgs/msg/_object.py'...
Compiling '/home/ujglv/Dokumente/PSE/Grundstein/carmaker-workspace/ros2_ws/install/cm_msgs/lib/python3.11/site-packages/cm_msgs/msg/_vehicle_input.py'...
Compiling '/home/ujglv/Dokumente/PSE/Grundstein/carmaker-workspace/ros2_ws/install/cm_msgs/lib/python3.11/site-packages/cm_msgs/msg/_vehicle_state.py'...
-- Installing: /home/ujglv/Dokumente/PSE/Grundstein/carmaker-workspace/ros2_ws/install/cm_msgs/lib/python3.11/site-packages/cm_msgs/cm_msgs_s__rosidl_typesupport_fastrtps_c.cpython-36m-x86_64-linux-gnu.so
-- Set runtime path of "/home/ujglv/Dokumente/PSE/Grundstein/carmaker-workspace/ros2_ws/install/cm_msgs/lib/python3.11/site-packages/cm_msgs/cm_msgs_s__rosidl_typesupport_fastrtps_c.cpython-36m-x86_64-linux-gnu.so" to ""
-- Installing: /home/ujglv/Dokumente/PSE/Grundstein/carmaker-workspace/ros2_ws/install/cm_msgs/lib/python3.11/site-packages/cm_msgs/cm_msgs_s__rosidl_typesupport_introspection_c.cpython-36m-x86_64-linux-gnu.so
-- Set runtime path of "/home/ujglv/Dokumente/PSE/Grundstein/carmaker-workspace/ros2_ws/install/cm_msgs/lib/python3.11/site-packages/cm_msgs/cm_msgs_s__rosidl_typesupport_introspection_c.cpython-36m-x86_64-linux-gnu.so" to ""
-- Installing: /home/ujglv/Dokumente/PSE/Grundstein/carmaker-workspace/ros2_ws/install/cm_msgs/lib/python3.11/site-packages/cm_msgs/cm_msgs_s__rosidl_typesupport_c.cpython-36m-x86_64-linux-gnu.so
-- Set runtime path of "/home/ujglv/Dokumente/PSE/Grundstein/carmaker-workspace/ros2_ws/install/cm_msgs/lib/python3.11/site-packages/cm_msgs/cm_msgs_s__rosidl_typesupport_c.cpython-36m-x86_64-linux-gnu.so" to ""
-- Installing: /home/ujglv/Dokumente/PSE/Grundstein/carmaker-workspace/ros2_ws/install/cm_msgs/lib/libcm_msgs__rosidl_generator_py.so
-- Set runtime path of "/home/ujglv/Dokumente/PSE/Grundstein/carmaker-workspace/ros2_ws/install/cm_msgs/lib/libcm_msgs__rosidl_generator_py.so" to ""
-- Installing: /home/ujglv/Dokumente/PSE/Grundstein/carmaker-workspace/ros2_ws/install/cm_msgs/share/cm_msgs/msg/Object.idl
-- Installing: /home/ujglv/Dokumente/PSE/Grundstein/carmaker-workspace/ros2_ws/install/cm_msgs/share/cm_msgs/msg/VehicleState.idl
-- Installing: /home/ujglv/Dokumente/PSE/Grundstein/carmaker-workspace/ros2_ws/install/cm_msgs/share/cm_msgs/msg/VehicleInput.idl
-- Installing: /home/ujglv/Dokumente/PSE/Grundstein/carmaker-workspace/ros2_ws/install/cm_msgs/share/cm_msgs/msg/Object.msg
-- Installing: /home/ujglv/Dokumente/PSE/Grundstein/carmaker-workspace/ros2_ws/install/cm_msgs/share/cm_msgs/msg/VehicleState.msg
-- Installing: /home/ujglv/Dokumente/PSE/Grundstein/carmaker-workspace/ros2_ws/install/cm_msgs/share/cm_msgs/msg/VehicleInput.msg
-- Installing: /home/ujglv/Dokumente/PSE/Grundstein/carmaker-workspace/ros2_ws/install/cm_msgs/share/ament_index/resource_index/package_run_dependencies/cm_msgs
-- Installing: /home/ujglv/Dokumente/PSE/Grundstein/carmaker-workspace/ros2_ws/install/cm_msgs/share/ament_index/resource_index/parent_prefix_path/cm_msgs
-- Installing: /home/ujglv/Dokumente/PSE/Grundstein/carmaker-workspace/ros2_ws/install/cm_msgs/share/cm_msgs/environment/ament_prefix_path.sh
-- Installing: /home/ujglv/Dokumente/PSE/Grundstein/carmaker-workspace/ros2_ws/install/cm_msgs/share/cm_msgs/environment/ament_prefix_path.dsv
-- Installing: /home/ujglv/Dokumente/PSE/Grundstein/carmaker-workspace/ros2_ws/install/cm_msgs/share/cm_msgs/environment/path.sh
-- Installing: /home/ujglv/Dokumente/PSE/Grundstein/carmaker-workspace/ros2_ws/install/cm_msgs/share/cm_msgs/environment/path.dsv
-- Installing: /home/ujglv/Dokumente/PSE/Grundstein/carmaker-workspace/ros2_ws/install/cm_msgs/share/cm_msgs/local_setup.bash
-- Installing: /home/ujglv/Dokumente/PSE/Grundstein/carmaker-workspace/ros2_ws/install/cm_msgs/share/cm_msgs/local_setup.sh
-- Installing: /home/ujglv/Dokumente/PSE/Grundstein/carmaker-workspace/ros2_ws/install/cm_msgs/share/cm_msgs/local_setup.zsh
-- Installing: /home/ujglv/Dokumente/PSE/Grundstein/carmaker-workspace/ros2_ws/install/cm_msgs/share/cm_msgs/local_setup.dsv
-- Installing: /home/ujglv/Dokumente/PSE/Grundstein/carmaker-workspace/ros2_ws/install/cm_msgs/share/cm_msgs/package.dsv
-- Installing: /home/ujglv/Dokumente/PSE/Grundstein/carmaker-workspace/ros2_ws/install/cm_msgs/share/ament_index/resource_index/packages/cm_msgs
-- Installing: /home/ujglv/Dokumente/PSE/Grundstein/carmaker-workspace/ros2_ws/install/cm_msgs/share/cm_msgs/cmake/export_cm_msgs__rosidl_generator_cExport.cmake
-- Installing: /home/ujglv/Dokumente/PSE/Grundstein/carmaker-workspace/ros2_ws/install/cm_msgs/share/cm_msgs/cmake/export_cm_msgs__rosidl_generator_cExport-noconfig.cmake
-- Installing: /home/ujglv/Dokumente/PSE/Grundstein/carmaker-workspace/ros2_ws/install/cm_msgs/share/cm_msgs/cmake/export_cm_msgs__rosidl_typesupport_fastrtps_cExport.cmake
-- Installing: /home/ujglv/Dokumente/PSE/Grundstein/carmaker-workspace/ros2_ws/install/cm_msgs/share/cm_msgs/cmake/export_cm_msgs__rosidl_typesupport_fastrtps_cExport-noconfig.cmake
-- Installing: /home/ujglv/Dokumente/PSE/Grundstein/carmaker-workspace/ros2_ws/install/cm_msgs/share/cm_msgs/cmake/cm_msgs__rosidl_typesupport_introspection_cExport.cmake
-- Installing: /home/ujglv/Dokumente/PSE/Grundstein/carmaker-workspace/ros2_ws/install/cm_msgs/share/cm_msgs/cmake/cm_msgs__rosidl_typesupport_introspection_cExport-noconfig.cmake
-- Installing: /home/ujglv/Dokumente/PSE/Grundstein/carmaker-workspace/ros2_ws/install/cm_msgs/share/cm_msgs/cmake/cm_msgs__rosidl_typesupport_cExport.cmake
-- Installing: /home/ujglv/Dokumente/PSE/Grundstein/carmaker-workspace/ros2_ws/install/cm_msgs/share/cm_msgs/cmake/cm_msgs__rosidl_typesupport_cExport-noconfig.cmake
-- Installing: /home/ujglv/Dokumente/PSE/Grundstein/carmaker-workspace/ros2_ws/install/cm_msgs/share/cm_msgs/cmake/export_cm_msgs__rosidl_generator_cppExport.cmake
-- Installing: /home/ujglv/Dokumente/PSE/Grundstein/carmaker-workspace/ros2_ws/install/cm_msgs/share/cm_msgs/cmake/export_cm_msgs__rosidl_typesupport_fastrtps_cppExport.cmake
-- Installing: /home/ujglv/Dokumente/PSE/Grundstein/carmaker-workspace/ros2_ws/install/cm_msgs/share/cm_msgs/cmake/export_cm_msgs__rosidl_typesupport_fastrtps_cppExport-noconfig.cmake
-- Installing: /home/ujglv/Dokumente/PSE/Grundstein/carmaker-workspace/ros2_ws/install/cm_msgs/share/cm_msgs/cmake/cm_msgs__rosidl_typesupport_introspection_cppExport.cmake
-- Installing: /home/ujglv/Dokumente/PSE/Grundstein/carmaker-workspace/ros2_ws/install/cm_msgs/share/cm_msgs/cmake/cm_msgs__rosidl_typesupport_introspection_cppExport-noconfig.cmake
-- Installing: /home/ujglv/Dokumente/PSE/Grundstein/carmaker-workspace/ros2_ws/install/cm_msgs/share/cm_msgs/cmake/cm_msgs__rosidl_typesupport_cppExport.cmake
-- Installing: /home/ujglv/Dokumente/PSE/Grundstein/carmaker-workspace/ros2_ws/install/cm_msgs/share/cm_msgs/cmake/cm_msgs__rosidl_typesupport_cppExport-noconfig.cmake
-- Installing: /home/ujglv/Dokumente/PSE/Grundstein/carmaker-workspace/ros2_ws/install/cm_msgs/share/cm_msgs/cmake/export_cm_msgs__rosidl_generator_pyExport.cmake
-- Installing: /home/ujglv/Dokumente/PSE/Grundstein/carmaker-workspace/ros2_ws/install/cm_msgs/share/cm_msgs/cmake/export_cm_msgs__rosidl_generator_pyExport-noconfig.cmake
-- Installing: /home/ujglv/Dokumente/PSE/Grundstein/carmaker-workspace/ros2_ws/install/cm_msgs/share/cm_msgs/cmake/rosidl_cmake-extras.cmake
-- Installing: /home/ujglv/Dokumente/PSE/Grundstein/carmaker-workspace/ros2_ws/install/cm_msgs/share/cm_msgs/cmake/ament_cmake_export_dependencies-extras.cmake
-- Installing: /home/ujglv/Dokumente/PSE/Grundstein/carmaker-workspace/ros2_ws/install/cm_msgs/share/cm_msgs/cmake/ament_cmake_export_include_directories-extras.cmake
-- Installing: /home/ujglv/Dokumente/PSE/Grundstein/carmaker-workspace/ros2_ws/install/cm_msgs/share/cm_msgs/cmake/ament_cmake_export_libraries-extras.cmake
-- Installing: /home/ujglv/Dokumente/PSE/Grundstein/carmaker-workspace/ros2_ws/install/cm_msgs/share/cm_msgs/cmake/ament_cmake_export_targets-extras.cmake
-- Installing: /home/ujglv/Dokumente/PSE/Grundstein/carmaker-workspace/ros2_ws/install/cm_msgs/share/cm_msgs/cmake/rosidl_cmake_export_typesupport_targets-extras.cmake
-- Installing: /home/ujglv/Dokumente/PSE/Grundstein/carmaker-workspace/ros2_ws/install/cm_msgs/share/cm_msgs/cmake/rosidl_cmake_export_typesupport_libraries-extras.cmake
-- Installing: /home/ujglv/Dokumente/PSE/Grundstein/carmaker-workspace/ros2_ws/install/cm_msgs/share/cm_msgs/cmake/cm_msgsConfig.cmake
-- Installing: /home/ujglv/Dokumente/PSE/Grundstein/carmaker-workspace/ros2_ws/install/cm_msgs/share/cm_msgs/cmake/cm_msgsConfig-version.cmake
-- Installing: /home/ujglv/Dokumente/PSE/Grundstein/carmaker-workspace/ros2_ws/install/cm_msgs/share/cm_msgs/package.xml
