[0.047s] Invoking command in '/home/ujglv/Dokumente/PSE/Grundstein/carmaker-workspace/ros2_ws/build/cm_msgs': CMAKE_PREFIX_PATH=/opt/ros/humble DEBUGINFOD_URLS=https://debuginfod.centos.org/ SHLVL=7 VIRTUAL_ENV_PROMPT=(.env) _=/usr/bin/env /usr/bin/cmake /home/ujglv/Dokumente/PSE/Grundstein/carmaker-workspace/ros2_ws/src/cm_msgs -DCARMAKER_VER:STRING=14.0.1 --no-warn-unused-cli -DCMAKE_INSTALL_PREFIX=/home/ujglv/Dokumente/PSE/Grundstein/carmaker-workspace/ros2_ws/install/cm_msgs
[0.067s] Not searching for unused variables given on the command line.
[0.295s] -- The C compiler identification is GNU 8.5.0
[0.746s] -- The CXX compiler identification is GNU 8.5.0
[0.800s] -- Detecting C compiler ABI info
[1.120s] -- Detecting C compiler ABI info - done
[1.128s] -- Check for working C compiler: /usr/lib64/ccache/cc - skipped
[1.128s] -- Detecting C compile features
[1.129s] -- Detecting C compile features - done
[1.144s] -- Detecting CXX compiler ABI info
[1.471s] -- Detecting CXX compiler ABI info - done
[1.480s] -- Check for working CXX compiler: /usr/lib64/ccache/c++ - skipped
[1.480s] -- Detecting CXX compile features
[1.481s] -- Detecting CXX compile features - done
[1.546s] -- Found ament_cmake: 1.3.11 (/opt/ros/humble/share/ament_cmake/cmake)
[2.658s] -- Found Python3: /home/ujglv/Dokumente/PSE/Grundstein/carmaker-workspace/.env/bin/python3 (found version "3.11.11") found components: Interpreter 
[2.993s] -- Found rosidl_default_generators: 1.2.0 (/opt/ros/humble/share/rosidl_default_generators/cmake)
[3.015s] -- Using all available rosidl_typesupport_c: rosidl_typesupport_fastrtps_c;rosidl_typesupport_introspection_c
[3.062s] -- Found rosidl_adapter: 3.1.6 (/opt/ros/humble/share/rosidl_adapter/cmake)
[3.243s] -- Using all available rosidl_typesupport_cpp: rosidl_typesupport_fastrtps_cpp;rosidl_typesupport_introspection_cpp
[3.405s] -- Found std_msgs: 4.8.0 (/opt/ros/humble/share/std_msgs/cmake)
[4.042s] -- Found ament_cmake_ros: 0.10.0 (/opt/ros/humble/share/ament_cmake_ros/cmake)
[4.592s] -- Using all available rosidl_typesupport_c: rosidl_typesupport_fastrtps_c;rosidl_typesupport_introspection_c
[5.235s] -- Using all available rosidl_typesupport_cpp: rosidl_typesupport_fastrtps_cpp;rosidl_typesupport_introspection_cpp
[5.285s] -- Found PythonInterp: /usr/bin/python3.6 (found suitable version "3.6.8", minimum required is "3.6") 
[5.300s] -- Found python_cmake_module: 0.10.0 (/opt/ros/humble/share/python_cmake_module/cmake)
[5.382s] -- Found PythonLibs: /usr/lib64/libpython3.6m.so (found suitable version "3.6.8", minimum required is "3.5") 
[5.382s] -- Using PYTHON_EXECUTABLE: /usr/bin/python3.6
[5.382s] -- Using PYTHON_INCLUDE_DIRS: /usr/include/python3.6m
[5.382s] -- Using PYTHON_LIBRARIES: /usr/lib64/libpython3.6m.so
[5.426s] -- Found PythonExtra: .so  
[6.022s] -- Using numpy include directory: /usr/lib64/python3.6/site-packages/numpy/core/include
[6.046s] -- Found ament_lint_auto: 0.12.12 (/opt/ros/humble/share/ament_lint_auto/cmake)
[6.296s] -- Added test 'copyright' to check source files copyright and LICENSE
[6.304s] -- Added test 'lint_cmake' to check CMake code style
[6.311s] -- Added test 'xmllint' to check XML markup files
[6.393s] -- Configuring done (6.3s)
[7.120s] -- Generating done (0.7s)
[7.252s] -- Build files have been written to: /home/ujglv/Dokumente/PSE/Grundstein/carmaker-workspace/ros2_ws/build/cm_msgs
[7.259s] Invoked command in '/home/ujglv/Dokumente/PSE/Grundstein/carmaker-workspace/ros2_ws/build/cm_msgs' returned '0': CMAKE_PREFIX_PATH=/opt/ros/humble DEBUGINFOD_URLS=https://debuginfod.centos.org/ SHLVL=7 VIRTUAL_ENV_PROMPT=(.env) _=/usr/bin/env /usr/bin/cmake /home/ujglv/Dokumente/PSE/Grundstein/carmaker-workspace/ros2_ws/src/cm_msgs -DCARMAKER_VER:STRING=14.0.1 --no-warn-unused-cli -DCMAKE_INSTALL_PREFIX=/home/ujglv/Dokumente/PSE/Grundstein/carmaker-workspace/ros2_ws/install/cm_msgs
[7.262s] Invoking command in '/home/ujglv/Dokumente/PSE/Grundstein/carmaker-workspace/ros2_ws/build/cm_msgs': CMAKE_PREFIX_PATH=/opt/ros/humble DEBUGINFOD_URLS=https://debuginfod.centos.org/ SHLVL=7 VIRTUAL_ENV_PROMPT=(.env) _=/usr/bin/env /usr/bin/cmake --build /home/ujglv/Dokumente/PSE/Grundstein/carmaker-workspace/ros2_ws/build/cm_msgs -- -j6 -l6
[7.524s] [  2%] [34m[1mGenerating C code for ROS interfaces[0m
[7.567s] [  4%] [34m[1mGenerating C++ code for ROS interfaces[0m
[7.618s] [  4%] Built target ament_cmake_python_copy_cm_msgs
[8.119s] [  4%] Built target cm_msgs__cpp
[8.170s] [ 14%] [34m[1mGenerating C++ type support for eProsima Fast-RTPS[0m
[8.170s] [ 14%] [32mBuilding C object CMakeFiles/cm_msgs__rosidl_generator_c.dir/rosidl_generator_c/cm_msgs/msg/detail/vehicle_state__functions.c.o[0m
[8.170s] [ 14%] [34m[1mGenerating C++ type support dispatch for ROS interfaces[0m
[8.170s] [ 14%] [34m[1mGenerating C++ introspection for ROS interfaces[0m
[8.170s] [ 14%] [32mBuilding C object CMakeFiles/cm_msgs__rosidl_generator_c.dir/rosidl_generator_c/cm_msgs/msg/detail/object__functions.c.o[0m
[8.511s] [ 17%] [32mBuilding C object CMakeFiles/cm_msgs__rosidl_generator_c.dir/rosidl_generator_c/cm_msgs/msg/detail/vehicle_input__functions.c.o[0m
[8.587s] [ 19%] [32mBuilding CXX object CMakeFiles/cm_msgs__rosidl_typesupport_cpp.dir/rosidl_typesupport_cpp/cm_msgs/msg/object__type_support.cpp.o[0m
[8.587s] running egg_info
[8.588s] creating cm_msgs.egg-info
[8.593s] [ 21%] [32mBuilding CXX object CMakeFiles/cm_msgs__rosidl_typesupport_cpp.dir/rosidl_typesupport_cpp/cm_msgs/msg/vehicle_state__type_support.cpp.o[0m
[8.634s] [ 23%] [32mBuilding CXX object CMakeFiles/cm_msgs__rosidl_typesupport_introspection_cpp.dir/rosidl_typesupport_introspection_cpp/cm_msgs/msg/detail/object__type_support.cpp.o[0m
[8.663s] writing cm_msgs.egg-info/PKG-INFO
[8.665s] writing dependency_links to cm_msgs.egg-info/dependency_links.txt
[8.668s] writing top-level names to cm_msgs.egg-info/top_level.txt
[8.672s] writing manifest file 'cm_msgs.egg-info/SOURCES.txt'
[8.709s] [ 25%] [32mBuilding CXX object CMakeFiles/cm_msgs__rosidl_typesupport_fastrtps_cpp.dir/rosidl_typesupport_fastrtps_cpp/cm_msgs/msg/detail/dds_fastrtps/object__type_support.cpp.o[0m
[8.834s] [ 27%] [32m[1mLinking C shared library libcm_msgs__rosidl_generator_c.so[0m
[8.925s] reading manifest file 'cm_msgs.egg-info/SOURCES.txt'
[8.926s] writing manifest file 'cm_msgs.egg-info/SOURCES.txt'
[9.000s] [ 27%] Built target ament_cmake_python_build_cm_msgs_egg
[9.008s] [ 27%] Built target cm_msgs__rosidl_generator_c
[9.046s] [ 31%] [32mBuilding CXX object CMakeFiles/cm_msgs__rosidl_typesupport_introspection_cpp.dir/rosidl_typesupport_introspection_cpp/cm_msgs/msg/detail/vehicle_state__type_support.cpp.o[0m
[9.046s] [ 31%] [32mBuilding CXX object CMakeFiles/cm_msgs__rosidl_typesupport_introspection_cpp.dir/rosidl_typesupport_introspection_cpp/cm_msgs/msg/detail/vehicle_input__type_support.cpp.o[0m
[9.513s] [ 36%] [32mBuilding CXX object CMakeFiles/cm_msgs__rosidl_typesupport_cpp.dir/rosidl_typesupport_cpp/cm_msgs/msg/vehicle_input__type_support.cpp.o[0m
[9.513s] [ 36%] [32mBuilding CXX object CMakeFiles/cm_msgs__rosidl_typesupport_fastrtps_cpp.dir/rosidl_typesupport_fastrtps_cpp/cm_msgs/msg/detail/dds_fastrtps/vehicle_state__type_support.cpp.o[0m
[9.558s] [ 38%] [32mBuilding CXX object CMakeFiles/cm_msgs__rosidl_typesupport_fastrtps_cpp.dir/rosidl_typesupport_fastrtps_cpp/cm_msgs/msg/detail/dds_fastrtps/vehicle_input__type_support.cpp.o[0m
[9.872s] [ 42%] [32m[1mLinking CXX shared library libcm_msgs__rosidl_typesupport_introspection_cpp.so[0m
[9.873s] [ 42%] [34m[1mGenerating C type support for eProsima Fast-RTPS[0m
[10.005s] [ 44%] [34m[1mGenerating C introspection for ROS interfaces[0m
[10.314s] [ 44%] Built target cm_msgs__rosidl_typesupport_introspection_cpp
[10.502s] [ 46%] [34m[1mGenerating C type support dispatch for ROS interfaces[0m
[10.529s] [ 48%] [32m[1mLinking CXX shared library libcm_msgs__rosidl_typesupport_cpp.so[0m
[10.582s] [ 51%] [32m[1mLinking CXX shared library libcm_msgs__rosidl_typesupport_fastrtps_cpp.so[0m
[10.675s] [ 55%] [32mBuilding CXX object CMakeFiles/cm_msgs__rosidl_typesupport_fastrtps_c.dir/rosidl_typesupport_fastrtps_c/cm_msgs/msg/detail/object__type_support_c.cpp.o[0m
[10.676s] [ 55%] [32mBuilding CXX object CMakeFiles/cm_msgs__rosidl_typesupport_fastrtps_c.dir/rosidl_typesupport_fastrtps_c/cm_msgs/msg/detail/vehicle_state__type_support_c.cpp.o[0m
[10.726s] [ 57%] [32mBuilding C object CMakeFiles/cm_msgs__rosidl_typesupport_introspection_c.dir/rosidl_typesupport_introspection_c/cm_msgs/msg/detail/object__type_support.c.o[0m
[10.735s] [ 57%] Built target cm_msgs__rosidl_typesupport_cpp
[10.757s] [ 59%] [32mBuilding C object CMakeFiles/cm_msgs__rosidl_typesupport_introspection_c.dir/rosidl_typesupport_introspection_c/cm_msgs/msg/detail/vehicle_state__type_support.c.o[0m
[10.760s] [ 59%] Built target cm_msgs__rosidl_typesupport_fastrtps_cpp
[10.806s] [ 61%] [32mBuilding C object CMakeFiles/cm_msgs__rosidl_typesupport_introspection_c.dir/rosidl_typesupport_introspection_c/cm_msgs/msg/detail/vehicle_input__type_support.c.o[0m
[11.083s] [ 68%] [32mBuilding CXX object CMakeFiles/cm_msgs__rosidl_typesupport_c.dir/rosidl_typesupport_c/cm_msgs/msg/object__type_support.cpp.o[0m
[11.083s] [ 68%] [32mBuilding CXX object CMakeFiles/cm_msgs__rosidl_typesupport_fastrtps_c.dir/rosidl_typesupport_fastrtps_c/cm_msgs/msg/detail/vehicle_input__type_support_c.cpp.o[0m
[11.083s] [ 68%] [32mBuilding CXX object CMakeFiles/cm_msgs__rosidl_typesupport_c.dir/rosidl_typesupport_c/cm_msgs/msg/vehicle_state__type_support.cpp.o[0m
[11.142s] [ 70%] [32m[1mLinking C shared library libcm_msgs__rosidl_typesupport_introspection_c.so[0m
[11.523s] [ 70%] Built target cm_msgs__rosidl_typesupport_introspection_c
[11.553s] [ 72%] [32mBuilding CXX object CMakeFiles/cm_msgs__rosidl_typesupport_c.dir/rosidl_typesupport_c/cm_msgs/msg/vehicle_input__type_support.cpp.o[0m
[11.763s] [ 74%] [32m[1mLinking CXX shared library libcm_msgs__rosidl_typesupport_c.so[0m
[11.957s] [ 74%] Built target cm_msgs__rosidl_typesupport_c
[11.973s] [ 76%] [32m[1mLinking CXX shared library libcm_msgs__rosidl_typesupport_fastrtps_c.so[0m
[12.134s] [ 76%] Built target cm_msgs__rosidl_typesupport_fastrtps_c
[12.206s] [ 76%] Built target cm_msgs
[12.270s] [ 78%] [34m[1mGenerating Python code for ROS interfaces[0m
[12.876s] [ 78%] Built target cm_msgs__py
[12.947s] [ 85%] [32mBuilding C object CMakeFiles/cm_msgs__rosidl_generator_py.dir/rosidl_generator_py/cm_msgs/msg/_vehicle_input_s.c.o[0m
[12.947s] [ 85%] [32mBuilding C object CMakeFiles/cm_msgs__rosidl_generator_py.dir/rosidl_generator_py/cm_msgs/msg/_object_s.c.o[0m
[12.947s] [ 85%] [32mBuilding C object CMakeFiles/cm_msgs__rosidl_generator_py.dir/rosidl_generator_py/cm_msgs/msg/_vehicle_state_s.c.o[0m
[13.541s] [ 87%] [32m[1mLinking C shared library rosidl_generator_py/cm_msgs/libcm_msgs__rosidl_generator_py.so[0m
[13.649s] [ 87%] Built target cm_msgs__rosidl_generator_py
[13.708s] [ 93%] [32mBuilding C object CMakeFiles/cm_msgs__rosidl_typesupport_introspection_c__pyext.dir/rosidl_generator_py/cm_msgs/_cm_msgs_s.ep.rosidl_typesupport_introspection_c.c.o[0m
[13.708s] [ 93%] [32mBuilding C object CMakeFiles/cm_msgs__rosidl_typesupport_fastrtps_c__pyext.dir/rosidl_generator_py/cm_msgs/_cm_msgs_s.ep.rosidl_typesupport_fastrtps_c.c.o[0m
[13.708s] [ 93%] [32mBuilding C object CMakeFiles/cm_msgs__rosidl_typesupport_c__pyext.dir/rosidl_generator_py/cm_msgs/_cm_msgs_s.ep.rosidl_typesupport_c.c.o[0m
[14.315s] [100%] [32m[1mLinking C shared library rosidl_generator_py/cm_msgs/cm_msgs_s__rosidl_typesupport_c.cpython-36m-x86_64-linux-gnu.so[0m
[14.315s] [100%] [32m[1mLinking C shared library rosidl_generator_py/cm_msgs/cm_msgs_s__rosidl_typesupport_introspection_c.cpython-36m-x86_64-linux-gnu.so[0m
[14.315s] [100%] [32m[1mLinking C shared library rosidl_generator_py/cm_msgs/cm_msgs_s__rosidl_typesupport_fastrtps_c.cpython-36m-x86_64-linux-gnu.so[0m
[14.442s] [100%] Built target cm_msgs__rosidl_typesupport_introspection_c__pyext
[14.443s] [100%] Built target cm_msgs__rosidl_typesupport_c__pyext
[14.446s] [100%] Built target cm_msgs__rosidl_typesupport_fastrtps_c__pyext
[14.492s] Invoked command in '/home/ujglv/Dokumente/PSE/Grundstein/carmaker-workspace/ros2_ws/build/cm_msgs' returned '0': CMAKE_PREFIX_PATH=/opt/ros/humble DEBUGINFOD_URLS=https://debuginfod.centos.org/ SHLVL=7 VIRTUAL_ENV_PROMPT=(.env) _=/usr/bin/env /usr/bin/cmake --build /home/ujglv/Dokumente/PSE/Grundstein/carmaker-workspace/ros2_ws/build/cm_msgs -- -j6 -l6
[14.511s] Invoking command in '/home/ujglv/Dokumente/PSE/Grundstein/carmaker-workspace/ros2_ws/build/cm_msgs': CMAKE_PREFIX_PATH=/opt/ros/humble DEBUGINFOD_URLS=https://debuginfod.centos.org/ SHLVL=7 VIRTUAL_ENV_PROMPT=(.env) _=/usr/bin/env /usr/bin/cmake --install /home/ujglv/Dokumente/PSE/Grundstein/carmaker-workspace/ros2_ws/build/cm_msgs
[14.531s] -- Install configuration: ""
[14.537s] -- Installing: /home/ujglv/Dokumente/PSE/Grundstein/carmaker-workspace/ros2_ws/install/cm_msgs/share/ament_index/resource_index/rosidl_interfaces/cm_msgs
[14.541s] -- Installing: /home/ujglv/Dokumente/PSE/Grundstein/carmaker-workspace/ros2_ws/install/cm_msgs/include/cm_msgs/cm_msgs
[14.547s] -- Installing: /home/ujglv/Dokumente/PSE/Grundstein/carmaker-workspace/ros2_ws/install/cm_msgs/include/cm_msgs/cm_msgs/msg
[14.552s] -- Installing: /home/ujglv/Dokumente/PSE/Grundstein/carmaker-workspace/ros2_ws/install/cm_msgs/include/cm_msgs/cm_msgs/msg/vehicle_state.h
[14.562s] -- Installing: /home/ujglv/Dokumente/PSE/Grundstein/carmaker-workspace/ros2_ws/install/cm_msgs/include/cm_msgs/cm_msgs/msg/detail
[14.570s] -- Installing: /home/ujglv/Dokumente/PSE/Grundstein/carmaker-workspace/ros2_ws/install/cm_msgs/include/cm_msgs/cm_msgs/msg/detail/object__functions.c
[14.574s] -- Installing: /home/ujglv/Dokumente/PSE/Grundstein/carmaker-workspace/ros2_ws/install/cm_msgs/include/cm_msgs/cm_msgs/msg/detail/vehicle_state__functions.c
[14.578s] -- Installing: /home/ujglv/Dokumente/PSE/Grundstein/carmaker-workspace/ros2_ws/install/cm_msgs/include/cm_msgs/cm_msgs/msg/detail/object__type_support.h
[14.582s] -- Installing: /home/ujglv/Dokumente/PSE/Grundstein/carmaker-workspace/ros2_ws/install/cm_msgs/include/cm_msgs/cm_msgs/msg/detail/vehicle_state__type_support.h
[14.590s] -- Installing: /home/ujglv/Dokumente/PSE/Grundstein/carmaker-workspace/ros2_ws/install/cm_msgs/include/cm_msgs/cm_msgs/msg/detail/vehicle_state__struct.h
[14.593s] -- Installing: /home/ujglv/Dokumente/PSE/Grundstein/carmaker-workspace/ros2_ws/install/cm_msgs/include/cm_msgs/cm_msgs/msg/detail/object__struct.h
[14.598s] -- Installing: /home/ujglv/Dokumente/PSE/Grundstein/carmaker-workspace/ros2_ws/install/cm_msgs/include/cm_msgs/cm_msgs/msg/detail/vehicle_input__struct.h
[14.601s] -- Installing: /home/ujglv/Dokumente/PSE/Grundstein/carmaker-workspace/ros2_ws/install/cm_msgs/include/cm_msgs/cm_msgs/msg/detail/vehicle_input__functions.c
[14.605s] -- Installing: /home/ujglv/Dokumente/PSE/Grundstein/carmaker-workspace/ros2_ws/install/cm_msgs/include/cm_msgs/cm_msgs/msg/detail/vehicle_state__functions.h
[14.609s] -- Installing: /home/ujglv/Dokumente/PSE/Grundstein/carmaker-workspace/ros2_ws/install/cm_msgs/include/cm_msgs/cm_msgs/msg/detail/object__functions.h
[14.621s] -- Installing: /home/ujglv/Dokumente/PSE/Grundstein/carmaker-workspace/ros2_ws/install/cm_msgs/include/cm_msgs/cm_msgs/msg/detail/vehicle_input__functions.h
[14.629s] -- Installing: /home/ujglv/Dokumente/PSE/Grundstein/carmaker-workspace/ros2_ws/install/cm_msgs/include/cm_msgs/cm_msgs/msg/detail/vehicle_input__type_support.h
[14.633s] -- Installing: /home/ujglv/Dokumente/PSE/Grundstein/carmaker-workspace/ros2_ws/install/cm_msgs/include/cm_msgs/cm_msgs/msg/object.h
[14.638s] -- Installing: /home/ujglv/Dokumente/PSE/Grundstein/carmaker-workspace/ros2_ws/install/cm_msgs/include/cm_msgs/cm_msgs/msg/vehicle_input.h
[14.641s] -- Installing: /home/ujglv/Dokumente/PSE/Grundstein/carmaker-workspace/ros2_ws/install/cm_msgs/include/cm_msgs/cm_msgs/msg/rosidl_generator_c__visibility_control.h
[14.649s] -- Installing: /home/ujglv/Dokumente/PSE/Grundstein/carmaker-workspace/ros2_ws/install/cm_msgs/share/cm_msgs/environment/library_path.sh
[14.670s] -- Installing: /home/ujglv/Dokumente/PSE/Grundstein/carmaker-workspace/ros2_ws/install/cm_msgs/share/cm_msgs/environment/library_path.dsv
[14.676s] -- Installing: /home/ujglv/Dokumente/PSE/Grundstein/carmaker-workspace/ros2_ws/install/cm_msgs/lib/libcm_msgs__rosidl_generator_c.so
[14.686s] -- Set runtime path of "/home/ujglv/Dokumente/PSE/Grundstein/carmaker-workspace/ros2_ws/install/cm_msgs/lib/libcm_msgs__rosidl_generator_c.so" to ""
[14.686s] -- Up-to-date: /home/ujglv/Dokumente/PSE/Grundstein/carmaker-workspace/ros2_ws/install/cm_msgs/include/cm_msgs/cm_msgs
[14.688s] -- Up-to-date: /home/ujglv/Dokumente/PSE/Grundstein/carmaker-workspace/ros2_ws/install/cm_msgs/include/cm_msgs/cm_msgs/msg
[14.690s] -- Up-to-date: /home/ujglv/Dokumente/PSE/Grundstein/carmaker-workspace/ros2_ws/install/cm_msgs/include/cm_msgs/cm_msgs/msg/detail
[14.691s] -- Installing: /home/ujglv/Dokumente/PSE/Grundstein/carmaker-workspace/ros2_ws/install/cm_msgs/include/cm_msgs/cm_msgs/msg/detail/vehicle_input__rosidl_typesupport_fastrtps_c.h
[14.697s] -- Installing: /home/ujglv/Dokumente/PSE/Grundstein/carmaker-workspace/ros2_ws/install/cm_msgs/include/cm_msgs/cm_msgs/msg/detail/object__rosidl_typesupport_fastrtps_c.h
[14.703s] -- Installing: /home/ujglv/Dokumente/PSE/Grundstein/carmaker-workspace/ros2_ws/install/cm_msgs/include/cm_msgs/cm_msgs/msg/detail/vehicle_state__rosidl_typesupport_fastrtps_c.h
[14.709s] -- Installing: /home/ujglv/Dokumente/PSE/Grundstein/carmaker-workspace/ros2_ws/install/cm_msgs/include/cm_msgs/cm_msgs/msg/rosidl_typesupport_fastrtps_c__visibility_control.h
[14.714s] -- Installing: /home/ujglv/Dokumente/PSE/Grundstein/carmaker-workspace/ros2_ws/install/cm_msgs/lib/libcm_msgs__rosidl_typesupport_fastrtps_c.so
[14.727s] -- Set runtime path of "/home/ujglv/Dokumente/PSE/Grundstein/carmaker-workspace/ros2_ws/install/cm_msgs/lib/libcm_msgs__rosidl_typesupport_fastrtps_c.so" to ""
[14.728s] -- Up-to-date: /home/ujglv/Dokumente/PSE/Grundstein/carmaker-workspace/ros2_ws/install/cm_msgs/include/cm_msgs/cm_msgs
[14.729s] -- Up-to-date: /home/ujglv/Dokumente/PSE/Grundstein/carmaker-workspace/ros2_ws/install/cm_msgs/include/cm_msgs/cm_msgs/msg
[14.731s] -- Up-to-date: /home/ujglv/Dokumente/PSE/Grundstein/carmaker-workspace/ros2_ws/install/cm_msgs/include/cm_msgs/cm_msgs/msg/detail
[14.732s] -- Installing: /home/ujglv/Dokumente/PSE/Grundstein/carmaker-workspace/ros2_ws/install/cm_msgs/include/cm_msgs/cm_msgs/msg/detail/vehicle_state__type_support.c
[14.739s] -- Installing: /home/ujglv/Dokumente/PSE/Grundstein/carmaker-workspace/ros2_ws/install/cm_msgs/include/cm_msgs/cm_msgs/msg/detail/vehicle_state__rosidl_typesupport_introspection_c.h
[14.743s] -- Installing: /home/ujglv/Dokumente/PSE/Grundstein/carmaker-workspace/ros2_ws/install/cm_msgs/include/cm_msgs/cm_msgs/msg/detail/vehicle_input__rosidl_typesupport_introspection_c.h
[14.748s] -- Installing: /home/ujglv/Dokumente/PSE/Grundstein/carmaker-workspace/ros2_ws/install/cm_msgs/include/cm_msgs/cm_msgs/msg/detail/object__rosidl_typesupport_introspection_c.h
[14.753s] -- Installing: /home/ujglv/Dokumente/PSE/Grundstein/carmaker-workspace/ros2_ws/install/cm_msgs/include/cm_msgs/cm_msgs/msg/detail/object__type_support.c
[14.759s] -- Installing: /home/ujglv/Dokumente/PSE/Grundstein/carmaker-workspace/ros2_ws/install/cm_msgs/include/cm_msgs/cm_msgs/msg/detail/vehicle_input__type_support.c
[14.766s] -- Installing: /home/ujglv/Dokumente/PSE/Grundstein/carmaker-workspace/ros2_ws/install/cm_msgs/include/cm_msgs/cm_msgs/msg/rosidl_typesupport_introspection_c__visibility_control.h
[14.771s] -- Installing: /home/ujglv/Dokumente/PSE/Grundstein/carmaker-workspace/ros2_ws/install/cm_msgs/lib/libcm_msgs__rosidl_typesupport_introspection_c.so
[14.780s] -- Set runtime path of "/home/ujglv/Dokumente/PSE/Grundstein/carmaker-workspace/ros2_ws/install/cm_msgs/lib/libcm_msgs__rosidl_typesupport_introspection_c.so" to ""
[14.781s] -- Installing: /home/ujglv/Dokumente/PSE/Grundstein/carmaker-workspace/ros2_ws/install/cm_msgs/lib/libcm_msgs__rosidl_typesupport_c.so
[14.788s] -- Set runtime path of "/home/ujglv/Dokumente/PSE/Grundstein/carmaker-workspace/ros2_ws/install/cm_msgs/lib/libcm_msgs__rosidl_typesupport_c.so" to ""
[14.789s] -- Up-to-date: /home/ujglv/Dokumente/PSE/Grundstein/carmaker-workspace/ros2_ws/install/cm_msgs/include/cm_msgs/cm_msgs
[14.789s] -- Up-to-date: /home/ujglv/Dokumente/PSE/Grundstein/carmaker-workspace/ros2_ws/install/cm_msgs/include/cm_msgs/cm_msgs/msg
[14.790s] -- Installing: /home/ujglv/Dokumente/PSE/Grundstein/carmaker-workspace/ros2_ws/install/cm_msgs/include/cm_msgs/cm_msgs/msg/rosidl_generator_cpp__visibility_control.hpp
[14.798s] -- Installing: /home/ujglv/Dokumente/PSE/Grundstein/carmaker-workspace/ros2_ws/install/cm_msgs/include/cm_msgs/cm_msgs/msg/vehicle_state.hpp
[14.803s] -- Installing: /home/ujglv/Dokumente/PSE/Grundstein/carmaker-workspace/ros2_ws/install/cm_msgs/include/cm_msgs/cm_msgs/msg/object.hpp
[14.808s] -- Up-to-date: /home/ujglv/Dokumente/PSE/Grundstein/carmaker-workspace/ros2_ws/install/cm_msgs/include/cm_msgs/cm_msgs/msg/detail
[14.811s] -- Installing: /home/ujglv/Dokumente/PSE/Grundstein/carmaker-workspace/ros2_ws/install/cm_msgs/include/cm_msgs/cm_msgs/msg/detail/vehicle_input__traits.hpp
[14.818s] -- Installing: /home/ujglv/Dokumente/PSE/Grundstein/carmaker-workspace/ros2_ws/install/cm_msgs/include/cm_msgs/cm_msgs/msg/detail/vehicle_state__traits.hpp
[14.821s] -- Installing: /home/ujglv/Dokumente/PSE/Grundstein/carmaker-workspace/ros2_ws/install/cm_msgs/include/cm_msgs/cm_msgs/msg/detail/vehicle_input__type_support.hpp
[14.825s] -- Installing: /home/ujglv/Dokumente/PSE/Grundstein/carmaker-workspace/ros2_ws/install/cm_msgs/include/cm_msgs/cm_msgs/msg/detail/vehicle_state__type_support.hpp
[14.829s] -- Installing: /home/ujglv/Dokumente/PSE/Grundstein/carmaker-workspace/ros2_ws/install/cm_msgs/include/cm_msgs/cm_msgs/msg/detail/object__traits.hpp
[14.839s] -- Installing: /home/ujglv/Dokumente/PSE/Grundstein/carmaker-workspace/ros2_ws/install/cm_msgs/include/cm_msgs/cm_msgs/msg/detail/object__builder.hpp
[14.845s] -- Installing: /home/ujglv/Dokumente/PSE/Grundstein/carmaker-workspace/ros2_ws/install/cm_msgs/include/cm_msgs/cm_msgs/msg/detail/vehicle_state__builder.hpp
[14.849s] -- Installing: /home/ujglv/Dokumente/PSE/Grundstein/carmaker-workspace/ros2_ws/install/cm_msgs/include/cm_msgs/cm_msgs/msg/detail/object__struct.hpp
[14.852s] -- Installing: /home/ujglv/Dokumente/PSE/Grundstein/carmaker-workspace/ros2_ws/install/cm_msgs/include/cm_msgs/cm_msgs/msg/detail/vehicle_input__builder.hpp
[14.856s] -- Installing: /home/ujglv/Dokumente/PSE/Grundstein/carmaker-workspace/ros2_ws/install/cm_msgs/include/cm_msgs/cm_msgs/msg/detail/vehicle_input__struct.hpp
[14.859s] -- Installing: /home/ujglv/Dokumente/PSE/Grundstein/carmaker-workspace/ros2_ws/install/cm_msgs/include/cm_msgs/cm_msgs/msg/detail/object__type_support.hpp
[14.864s] -- Installing: /home/ujglv/Dokumente/PSE/Grundstein/carmaker-workspace/ros2_ws/install/cm_msgs/include/cm_msgs/cm_msgs/msg/detail/vehicle_state__struct.hpp
[14.867s] -- Installing: /home/ujglv/Dokumente/PSE/Grundstein/carmaker-workspace/ros2_ws/install/cm_msgs/include/cm_msgs/cm_msgs/msg/vehicle_input.hpp
[14.870s] -- Up-to-date: /home/ujglv/Dokumente/PSE/Grundstein/carmaker-workspace/ros2_ws/install/cm_msgs/include/cm_msgs/cm_msgs
[14.874s] -- Up-to-date: /home/ujglv/Dokumente/PSE/Grundstein/carmaker-workspace/ros2_ws/install/cm_msgs/include/cm_msgs/cm_msgs/msg
[14.877s] -- Up-to-date: /home/ujglv/Dokumente/PSE/Grundstein/carmaker-workspace/ros2_ws/install/cm_msgs/include/cm_msgs/cm_msgs/msg/detail
[14.880s] -- Installing: /home/ujglv/Dokumente/PSE/Grundstein/carmaker-workspace/ros2_ws/install/cm_msgs/include/cm_msgs/cm_msgs/msg/detail/object__rosidl_typesupport_fastrtps_cpp.hpp
[14.883s] -- Installing: /home/ujglv/Dokumente/PSE/Grundstein/carmaker-workspace/ros2_ws/install/cm_msgs/include/cm_msgs/cm_msgs/msg/detail/dds_fastrtps
[14.887s] -- Installing: /home/ujglv/Dokumente/PSE/Grundstein/carmaker-workspace/ros2_ws/install/cm_msgs/include/cm_msgs/cm_msgs/msg/detail/vehicle_state__rosidl_typesupport_fastrtps_cpp.hpp
[14.890s] -- Installing: /home/ujglv/Dokumente/PSE/Grundstein/carmaker-workspace/ros2_ws/install/cm_msgs/include/cm_msgs/cm_msgs/msg/detail/vehicle_input__rosidl_typesupport_fastrtps_cpp.hpp
[14.898s] -- Installing: /home/ujglv/Dokumente/PSE/Grundstein/carmaker-workspace/ros2_ws/install/cm_msgs/include/cm_msgs/cm_msgs/msg/rosidl_typesupport_fastrtps_cpp__visibility_control.h
[14.907s] -- Installing: /home/ujglv/Dokumente/PSE/Grundstein/carmaker-workspace/ros2_ws/install/cm_msgs/lib/libcm_msgs__rosidl_typesupport_fastrtps_cpp.so
[14.914s] -- Set runtime path of "/home/ujglv/Dokumente/PSE/Grundstein/carmaker-workspace/ros2_ws/install/cm_msgs/lib/libcm_msgs__rosidl_typesupport_fastrtps_cpp.so" to ""
[14.914s] -- Up-to-date: /home/ujglv/Dokumente/PSE/Grundstein/carmaker-workspace/ros2_ws/install/cm_msgs/include/cm_msgs/cm_msgs
[14.915s] -- Up-to-date: /home/ujglv/Dokumente/PSE/Grundstein/carmaker-workspace/ros2_ws/install/cm_msgs/include/cm_msgs/cm_msgs/msg
[14.915s] -- Up-to-date: /home/ujglv/Dokumente/PSE/Grundstein/carmaker-workspace/ros2_ws/install/cm_msgs/include/cm_msgs/cm_msgs/msg/detail
[14.918s] -- Installing: /home/ujglv/Dokumente/PSE/Grundstein/carmaker-workspace/ros2_ws/install/cm_msgs/include/cm_msgs/cm_msgs/msg/detail/object__rosidl_typesupport_introspection_cpp.hpp
[14.928s] -- Installing: /home/ujglv/Dokumente/PSE/Grundstein/carmaker-workspace/ros2_ws/install/cm_msgs/include/cm_msgs/cm_msgs/msg/detail/vehicle_state__type_support.cpp
[14.936s] -- Installing: /home/ujglv/Dokumente/PSE/Grundstein/carmaker-workspace/ros2_ws/install/cm_msgs/include/cm_msgs/cm_msgs/msg/detail/vehicle_input__rosidl_typesupport_introspection_cpp.hpp
[14.941s] -- Installing: /home/ujglv/Dokumente/PSE/Grundstein/carmaker-workspace/ros2_ws/install/cm_msgs/include/cm_msgs/cm_msgs/msg/detail/vehicle_input__type_support.cpp
[14.944s] -- Installing: /home/ujglv/Dokumente/PSE/Grundstein/carmaker-workspace/ros2_ws/install/cm_msgs/include/cm_msgs/cm_msgs/msg/detail/vehicle_state__rosidl_typesupport_introspection_cpp.hpp
[14.948s] -- Installing: /home/ujglv/Dokumente/PSE/Grundstein/carmaker-workspace/ros2_ws/install/cm_msgs/include/cm_msgs/cm_msgs/msg/detail/object__type_support.cpp
[14.951s] -- Installing: /home/ujglv/Dokumente/PSE/Grundstein/carmaker-workspace/ros2_ws/install/cm_msgs/lib/libcm_msgs__rosidl_typesupport_introspection_cpp.so
[14.957s] -- Set runtime path of "/home/ujglv/Dokumente/PSE/Grundstein/carmaker-workspace/ros2_ws/install/cm_msgs/lib/libcm_msgs__rosidl_typesupport_introspection_cpp.so" to ""
[14.960s] -- Installing: /home/ujglv/Dokumente/PSE/Grundstein/carmaker-workspace/ros2_ws/install/cm_msgs/lib/libcm_msgs__rosidl_typesupport_cpp.so
[14.968s] -- Set runtime path of "/home/ujglv/Dokumente/PSE/Grundstein/carmaker-workspace/ros2_ws/install/cm_msgs/lib/libcm_msgs__rosidl_typesupport_cpp.so" to ""
[14.970s] -- Installing: /home/ujglv/Dokumente/PSE/Grundstein/carmaker-workspace/ros2_ws/install/cm_msgs/share/cm_msgs/environment/pythonpath.sh
[14.975s] -- Installing: /home/ujglv/Dokumente/PSE/Grundstein/carmaker-workspace/ros2_ws/install/cm_msgs/share/cm_msgs/environment/pythonpath.dsv
[14.984s] -- Installing: /home/ujglv/Dokumente/PSE/Grundstein/carmaker-workspace/ros2_ws/install/cm_msgs/lib/python3.11/site-packages/cm_msgs-0.1.0-py3.11.egg-info
[14.991s] -- Installing: /home/ujglv/Dokumente/PSE/Grundstein/carmaker-workspace/ros2_ws/install/cm_msgs/lib/python3.11/site-packages/cm_msgs-0.1.0-py3.11.egg-info/PKG-INFO
[14.994s] -- Installing: /home/ujglv/Dokumente/PSE/Grundstein/carmaker-workspace/ros2_ws/install/cm_msgs/lib/python3.11/site-packages/cm_msgs-0.1.0-py3.11.egg-info/SOURCES.txt
[14.997s] -- Installing: /home/ujglv/Dokumente/PSE/Grundstein/carmaker-workspace/ros2_ws/install/cm_msgs/lib/python3.11/site-packages/cm_msgs-0.1.0-py3.11.egg-info/top_level.txt
[15.004s] -- Installing: /home/ujglv/Dokumente/PSE/Grundstein/carmaker-workspace/ros2_ws/install/cm_msgs/lib/python3.11/site-packages/cm_msgs-0.1.0-py3.11.egg-info/dependency_links.txt
[15.010s] -- Installing: /home/ujglv/Dokumente/PSE/Grundstein/carmaker-workspace/ros2_ws/install/cm_msgs/lib/python3.11/site-packages/cm_msgs
[15.016s] -- Installing: /home/ujglv/Dokumente/PSE/Grundstein/carmaker-workspace/ros2_ws/install/cm_msgs/lib/python3.11/site-packages/cm_msgs/__init__.py
[15.022s] -- Installing: /home/ujglv/Dokumente/PSE/Grundstein/carmaker-workspace/ros2_ws/install/cm_msgs/lib/python3.11/site-packages/cm_msgs/cm_msgs_s__rosidl_typesupport_fastrtps_c.cpython-36m-x86_64-linux-gnu.so
[15.027s] -- Installing: /home/ujglv/Dokumente/PSE/Grundstein/carmaker-workspace/ros2_ws/install/cm_msgs/lib/python3.11/site-packages/cm_msgs/msg
[15.037s] -- Installing: /home/ujglv/Dokumente/PSE/Grundstein/carmaker-workspace/ros2_ws/install/cm_msgs/lib/python3.11/site-packages/cm_msgs/msg/_vehicle_state_s.c
[15.046s] -- Installing: /home/ujglv/Dokumente/PSE/Grundstein/carmaker-workspace/ros2_ws/install/cm_msgs/lib/python3.11/site-packages/cm_msgs/msg/_object_s.c
[15.052s] -- Installing: /home/ujglv/Dokumente/PSE/Grundstein/carmaker-workspace/ros2_ws/install/cm_msgs/lib/python3.11/site-packages/cm_msgs/msg/__init__.py
[15.057s] -- Installing: /home/ujglv/Dokumente/PSE/Grundstein/carmaker-workspace/ros2_ws/install/cm_msgs/lib/python3.11/site-packages/cm_msgs/msg/_vehicle_input.py
[15.064s] -- Installing: /home/ujglv/Dokumente/PSE/Grundstein/carmaker-workspace/ros2_ws/install/cm_msgs/lib/python3.11/site-packages/cm_msgs/msg/_vehicle_input_s.c
[15.070s] -- Installing: /home/ujglv/Dokumente/PSE/Grundstein/carmaker-workspace/ros2_ws/install/cm_msgs/lib/python3.11/site-packages/cm_msgs/msg/_vehicle_state.py
[15.074s] -- Installing: /home/ujglv/Dokumente/PSE/Grundstein/carmaker-workspace/ros2_ws/install/cm_msgs/lib/python3.11/site-packages/cm_msgs/msg/_object.py
[15.080s] -- Installing: /home/ujglv/Dokumente/PSE/Grundstein/carmaker-workspace/ros2_ws/install/cm_msgs/lib/python3.11/site-packages/cm_msgs/_cm_msgs_s.ep.rosidl_typesupport_fastrtps_c.c
[15.089s] -- Installing: /home/ujglv/Dokumente/PSE/Grundstein/carmaker-workspace/ros2_ws/install/cm_msgs/lib/python3.11/site-packages/cm_msgs/cm_msgs_s__rosidl_typesupport_introspection_c.cpython-36m-x86_64-linux-gnu.so
[15.096s] -- Installing: /home/ujglv/Dokumente/PSE/Grundstein/carmaker-workspace/ros2_ws/install/cm_msgs/lib/python3.11/site-packages/cm_msgs/_cm_msgs_s.ep.rosidl_typesupport_c.c
[15.101s] -- Installing: /home/ujglv/Dokumente/PSE/Grundstein/carmaker-workspace/ros2_ws/install/cm_msgs/lib/python3.11/site-packages/cm_msgs/libcm_msgs__rosidl_generator_py.so
[15.106s] -- Installing: /home/ujglv/Dokumente/PSE/Grundstein/carmaker-workspace/ros2_ws/install/cm_msgs/lib/python3.11/site-packages/cm_msgs/_cm_msgs_s.ep.rosidl_typesupport_introspection_c.c
[15.112s] -- Installing: /home/ujglv/Dokumente/PSE/Grundstein/carmaker-workspace/ros2_ws/install/cm_msgs/lib/python3.11/site-packages/cm_msgs/cm_msgs_s__rosidl_typesupport_c.cpython-36m-x86_64-linux-gnu.so
[15.222s] Listing '/home/ujglv/Dokumente/PSE/Grundstein/carmaker-workspace/ros2_ws/install/cm_msgs/lib/python3.11/site-packages/cm_msgs'...
[15.222s] Compiling '/home/ujglv/Dokumente/PSE/Grundstein/carmaker-workspace/ros2_ws/install/cm_msgs/lib/python3.11/site-packages/cm_msgs/__init__.py'...
[15.222s] Listing '/home/ujglv/Dokumente/PSE/Grundstein/carmaker-workspace/ros2_ws/install/cm_msgs/lib/python3.11/site-packages/cm_msgs/msg'...
[15.223s] Compiling '/home/ujglv/Dokumente/PSE/Grundstein/carmaker-workspace/ros2_ws/install/cm_msgs/lib/python3.11/site-packages/cm_msgs/msg/__init__.py'...
[15.223s] Compiling '/home/ujglv/Dokumente/PSE/Grundstein/carmaker-workspace/ros2_ws/install/cm_msgs/lib/python3.11/site-packages/cm_msgs/msg/_object.py'...
[15.223s] Compiling '/home/ujglv/Dokumente/PSE/Grundstein/carmaker-workspace/ros2_ws/install/cm_msgs/lib/python3.11/site-packages/cm_msgs/msg/_vehicle_input.py'...
[15.223s] Compiling '/home/ujglv/Dokumente/PSE/Grundstein/carmaker-workspace/ros2_ws/install/cm_msgs/lib/python3.11/site-packages/cm_msgs/msg/_vehicle_state.py'...
[15.233s] -- Installing: /home/ujglv/Dokumente/PSE/Grundstein/carmaker-workspace/ros2_ws/install/cm_msgs/lib/python3.11/site-packages/cm_msgs/cm_msgs_s__rosidl_typesupport_fastrtps_c.cpython-36m-x86_64-linux-gnu.so
[15.245s] -- Set runtime path of "/home/ujglv/Dokumente/PSE/Grundstein/carmaker-workspace/ros2_ws/install/cm_msgs/lib/python3.11/site-packages/cm_msgs/cm_msgs_s__rosidl_typesupport_fastrtps_c.cpython-36m-x86_64-linux-gnu.so" to ""
[15.248s] -- Installing: /home/ujglv/Dokumente/PSE/Grundstein/carmaker-workspace/ros2_ws/install/cm_msgs/lib/python3.11/site-packages/cm_msgs/cm_msgs_s__rosidl_typesupport_introspection_c.cpython-36m-x86_64-linux-gnu.so
[15.256s] -- Set runtime path of "/home/ujglv/Dokumente/PSE/Grundstein/carmaker-workspace/ros2_ws/install/cm_msgs/lib/python3.11/site-packages/cm_msgs/cm_msgs_s__rosidl_typesupport_introspection_c.cpython-36m-x86_64-linux-gnu.so" to ""
[15.260s] -- Installing: /home/ujglv/Dokumente/PSE/Grundstein/carmaker-workspace/ros2_ws/install/cm_msgs/lib/python3.11/site-packages/cm_msgs/cm_msgs_s__rosidl_typesupport_c.cpython-36m-x86_64-linux-gnu.so
[15.267s] -- Set runtime path of "/home/ujglv/Dokumente/PSE/Grundstein/carmaker-workspace/ros2_ws/install/cm_msgs/lib/python3.11/site-packages/cm_msgs/cm_msgs_s__rosidl_typesupport_c.cpython-36m-x86_64-linux-gnu.so" to ""
[15.267s] -- Installing: /home/ujglv/Dokumente/PSE/Grundstein/carmaker-workspace/ros2_ws/install/cm_msgs/lib/libcm_msgs__rosidl_generator_py.so
[15.280s] -- Set runtime path of "/home/ujglv/Dokumente/PSE/Grundstein/carmaker-workspace/ros2_ws/install/cm_msgs/lib/libcm_msgs__rosidl_generator_py.so" to ""
[15.284s] -- Installing: /home/ujglv/Dokumente/PSE/Grundstein/carmaker-workspace/ros2_ws/install/cm_msgs/share/cm_msgs/msg/Object.idl
[15.290s] -- Installing: /home/ujglv/Dokumente/PSE/Grundstein/carmaker-workspace/ros2_ws/install/cm_msgs/share/cm_msgs/msg/VehicleState.idl
[15.294s] -- Installing: /home/ujglv/Dokumente/PSE/Grundstein/carmaker-workspace/ros2_ws/install/cm_msgs/share/cm_msgs/msg/VehicleInput.idl
[15.305s] -- Installing: /home/ujglv/Dokumente/PSE/Grundstein/carmaker-workspace/ros2_ws/install/cm_msgs/share/cm_msgs/msg/Object.msg
[15.309s] -- Installing: /home/ujglv/Dokumente/PSE/Grundstein/carmaker-workspace/ros2_ws/install/cm_msgs/share/cm_msgs/msg/VehicleState.msg
[15.319s] -- Installing: /home/ujglv/Dokumente/PSE/Grundstein/carmaker-workspace/ros2_ws/install/cm_msgs/share/cm_msgs/msg/VehicleInput.msg
[15.328s] -- Installing: /home/ujglv/Dokumente/PSE/Grundstein/carmaker-workspace/ros2_ws/install/cm_msgs/share/ament_index/resource_index/package_run_dependencies/cm_msgs
[15.336s] -- Installing: /home/ujglv/Dokumente/PSE/Grundstein/carmaker-workspace/ros2_ws/install/cm_msgs/share/ament_index/resource_index/parent_prefix_path/cm_msgs
[15.349s] -- Installing: /home/ujglv/Dokumente/PSE/Grundstein/carmaker-workspace/ros2_ws/install/cm_msgs/share/cm_msgs/environment/ament_prefix_path.sh
[15.357s] -- Installing: /home/ujglv/Dokumente/PSE/Grundstein/carmaker-workspace/ros2_ws/install/cm_msgs/share/cm_msgs/environment/ament_prefix_path.dsv
[15.362s] -- Installing: /home/ujglv/Dokumente/PSE/Grundstein/carmaker-workspace/ros2_ws/install/cm_msgs/share/cm_msgs/environment/path.sh
[15.366s] -- Installing: /home/ujglv/Dokumente/PSE/Grundstein/carmaker-workspace/ros2_ws/install/cm_msgs/share/cm_msgs/environment/path.dsv
[15.375s] -- Installing: /home/ujglv/Dokumente/PSE/Grundstein/carmaker-workspace/ros2_ws/install/cm_msgs/share/cm_msgs/local_setup.bash
[15.380s] -- Installing: /home/ujglv/Dokumente/PSE/Grundstein/carmaker-workspace/ros2_ws/install/cm_msgs/share/cm_msgs/local_setup.sh
[15.385s] -- Installing: /home/ujglv/Dokumente/PSE/Grundstein/carmaker-workspace/ros2_ws/install/cm_msgs/share/cm_msgs/local_setup.zsh
[15.394s] -- Installing: /home/ujglv/Dokumente/PSE/Grundstein/carmaker-workspace/ros2_ws/install/cm_msgs/share/cm_msgs/local_setup.dsv
[15.400s] -- Installing: /home/ujglv/Dokumente/PSE/Grundstein/carmaker-workspace/ros2_ws/install/cm_msgs/share/cm_msgs/package.dsv
[15.409s] -- Installing: /home/ujglv/Dokumente/PSE/Grundstein/carmaker-workspace/ros2_ws/install/cm_msgs/share/ament_index/resource_index/packages/cm_msgs
[15.427s] -- Installing: /home/ujglv/Dokumente/PSE/Grundstein/carmaker-workspace/ros2_ws/install/cm_msgs/share/cm_msgs/cmake/export_cm_msgs__rosidl_generator_cExport.cmake
[15.437s] -- Installing: /home/ujglv/Dokumente/PSE/Grundstein/carmaker-workspace/ros2_ws/install/cm_msgs/share/cm_msgs/cmake/export_cm_msgs__rosidl_generator_cExport-noconfig.cmake
[15.442s] -- Installing: /home/ujglv/Dokumente/PSE/Grundstein/carmaker-workspace/ros2_ws/install/cm_msgs/share/cm_msgs/cmake/export_cm_msgs__rosidl_typesupport_fastrtps_cExport.cmake
[15.449s] -- Installing: /home/ujglv/Dokumente/PSE/Grundstein/carmaker-workspace/ros2_ws/install/cm_msgs/share/cm_msgs/cmake/export_cm_msgs__rosidl_typesupport_fastrtps_cExport-noconfig.cmake
[15.457s] -- Installing: /home/ujglv/Dokumente/PSE/Grundstein/carmaker-workspace/ros2_ws/install/cm_msgs/share/cm_msgs/cmake/cm_msgs__rosidl_typesupport_introspection_cExport.cmake
[15.469s] -- Installing: /home/ujglv/Dokumente/PSE/Grundstein/carmaker-workspace/ros2_ws/install/cm_msgs/share/cm_msgs/cmake/cm_msgs__rosidl_typesupport_introspection_cExport-noconfig.cmake
[15.479s] -- Installing: /home/ujglv/Dokumente/PSE/Grundstein/carmaker-workspace/ros2_ws/install/cm_msgs/share/cm_msgs/cmake/cm_msgs__rosidl_typesupport_cExport.cmake
[15.489s] -- Installing: /home/ujglv/Dokumente/PSE/Grundstein/carmaker-workspace/ros2_ws/install/cm_msgs/share/cm_msgs/cmake/cm_msgs__rosidl_typesupport_cExport-noconfig.cmake
[15.496s] -- Installing: /home/ujglv/Dokumente/PSE/Grundstein/carmaker-workspace/ros2_ws/install/cm_msgs/share/cm_msgs/cmake/export_cm_msgs__rosidl_generator_cppExport.cmake
[15.501s] -- Installing: /home/ujglv/Dokumente/PSE/Grundstein/carmaker-workspace/ros2_ws/install/cm_msgs/share/cm_msgs/cmake/export_cm_msgs__rosidl_typesupport_fastrtps_cppExport.cmake
[15.511s] -- Installing: /home/ujglv/Dokumente/PSE/Grundstein/carmaker-workspace/ros2_ws/install/cm_msgs/share/cm_msgs/cmake/export_cm_msgs__rosidl_typesupport_fastrtps_cppExport-noconfig.cmake
[15.518s] -- Installing: /home/ujglv/Dokumente/PSE/Grundstein/carmaker-workspace/ros2_ws/install/cm_msgs/share/cm_msgs/cmake/cm_msgs__rosidl_typesupport_introspection_cppExport.cmake
[15.524s] -- Installing: /home/ujglv/Dokumente/PSE/Grundstein/carmaker-workspace/ros2_ws/install/cm_msgs/share/cm_msgs/cmake/cm_msgs__rosidl_typesupport_introspection_cppExport-noconfig.cmake
[15.530s] -- Installing: /home/ujglv/Dokumente/PSE/Grundstein/carmaker-workspace/ros2_ws/install/cm_msgs/share/cm_msgs/cmake/cm_msgs__rosidl_typesupport_cppExport.cmake
[15.539s] -- Installing: /home/ujglv/Dokumente/PSE/Grundstein/carmaker-workspace/ros2_ws/install/cm_msgs/share/cm_msgs/cmake/cm_msgs__rosidl_typesupport_cppExport-noconfig.cmake
[15.546s] -- Installing: /home/ujglv/Dokumente/PSE/Grundstein/carmaker-workspace/ros2_ws/install/cm_msgs/share/cm_msgs/cmake/export_cm_msgs__rosidl_generator_pyExport.cmake
[15.552s] -- Installing: /home/ujglv/Dokumente/PSE/Grundstein/carmaker-workspace/ros2_ws/install/cm_msgs/share/cm_msgs/cmake/export_cm_msgs__rosidl_generator_pyExport-noconfig.cmake
[15.557s] -- Installing: /home/ujglv/Dokumente/PSE/Grundstein/carmaker-workspace/ros2_ws/install/cm_msgs/share/cm_msgs/cmake/rosidl_cmake-extras.cmake
[15.578s] -- Installing: /home/ujglv/Dokumente/PSE/Grundstein/carmaker-workspace/ros2_ws/install/cm_msgs/share/cm_msgs/cmake/ament_cmake_export_dependencies-extras.cmake
[15.585s] -- Installing: /home/ujglv/Dokumente/PSE/Grundstein/carmaker-workspace/ros2_ws/install/cm_msgs/share/cm_msgs/cmake/ament_cmake_export_include_directories-extras.cmake
[15.593s] -- Installing: /home/ujglv/Dokumente/PSE/Grundstein/carmaker-workspace/ros2_ws/install/cm_msgs/share/cm_msgs/cmake/ament_cmake_export_libraries-extras.cmake
[15.600s] -- Installing: /home/ujglv/Dokumente/PSE/Grundstein/carmaker-workspace/ros2_ws/install/cm_msgs/share/cm_msgs/cmake/ament_cmake_export_targets-extras.cmake
[15.604s] -- Installing: /home/ujglv/Dokumente/PSE/Grundstein/carmaker-workspace/ros2_ws/install/cm_msgs/share/cm_msgs/cmake/rosidl_cmake_export_typesupport_targets-extras.cmake
[15.609s] -- Installing: /home/ujglv/Dokumente/PSE/Grundstein/carmaker-workspace/ros2_ws/install/cm_msgs/share/cm_msgs/cmake/rosidl_cmake_export_typesupport_libraries-extras.cmake
[15.614s] -- Installing: /home/ujglv/Dokumente/PSE/Grundstein/carmaker-workspace/ros2_ws/install/cm_msgs/share/cm_msgs/cmake/cm_msgsConfig.cmake
[15.619s] -- Installing: /home/ujglv/Dokumente/PSE/Grundstein/carmaker-workspace/ros2_ws/install/cm_msgs/share/cm_msgs/cmake/cm_msgsConfig-version.cmake
[15.628s] -- Installing: /home/ujglv/Dokumente/PSE/Grundstein/carmaker-workspace/ros2_ws/install/cm_msgs/share/cm_msgs/package.xml
[15.638s] Invoked command in '/home/ujglv/Dokumente/PSE/Grundstein/carmaker-workspace/ros2_ws/build/cm_msgs' returned '0': CMAKE_PREFIX_PATH=/opt/ros/humble DEBUGINFOD_URLS=https://debuginfod.centos.org/ SHLVL=7 VIRTUAL_ENV_PROMPT=(.env) _=/usr/bin/env /usr/bin/cmake --install /home/ujglv/Dokumente/PSE/Grundstein/carmaker-workspace/ros2_ws/build/cm_msgs
