[0.075s] Invoking command in '/home/ujglv/Dokumente/PSE/Grundstein/carmaker-workspace/ros2_ws/build/pse_aeb': AMENT_PREFIX_PATH=/home/ujglv/Dokumente/PSE/Grundstein/carmaker-workspace/ros2_ws/install/cm_msgs:${AMENT_PREFIX_PATH} CMAKE_PREFIX_PATH=/home/ujglv/Dokumente/PSE/Grundstein/carmaker-workspace/ros2_ws/install/cm_msgs:/opt/ros/humble DEBUGINFOD_URLS=https://debuginfod.centos.org/ LD_LIBRARY_PATH=/home/ujglv/Dokumente/PSE/Grundstein/carmaker-workspace/ros2_ws/install/cm_msgs/lib:${LD_LIBRARY_PATH} PYTHONPATH=/home/ujglv/Dokumente/PSE/Grundstein/carmaker-workspace/ros2_ws/install/cm_msgs/lib/python3.11/site-packages:${PYTHONPATH} SHLVL=7 VIRTUAL_ENV_PROMPT=(.env) _=/usr/bin/env /usr/bin/cmake /home/ujglv/Dokumente/PSE/Grundstein/carmaker-workspace/ros2_ws/src/pse_aeb -DCARMAKER_VER:STRING=14.0.1 --no-warn-unused-cli -DCMAKE_INSTALL_PREFIX=/home/ujglv/Dokumente/PSE/Grundstein/carmaker-workspace/ros2_ws/install/pse_aeb
[0.114s] Not searching for unused variables given on the command line.
[0.334s] -- The C compiler identification is GNU 8.5.0
[0.594s] -- The CXX compiler identification is GNU 8.5.0
[0.650s] -- Detecting C compiler ABI info
[0.992s] -- Detecting C compiler ABI info - done
[1.000s] -- Check for working C compiler: /usr/lib64/ccache/cc - skipped
[1.001s] -- Detecting C compile features
[1.002s] -- Detecting C compile features - done
[1.020s] -- Detecting CXX compiler ABI info
[1.362s] -- Detecting CXX compiler ABI info - done
[1.371s] -- Check for working CXX compiler: /usr/lib64/ccache/c++ - skipped
[1.371s] -- Detecting CXX compile features
[1.372s] -- Detecting CXX compile features - done
[1.402s] -- Found ament_cmake: 1.3.11 (/opt/ros/humble/share/ament_cmake/cmake)
[2.357s] -- Found Python3: /home/ujglv/Dokumente/PSE/Grundstein/carmaker-workspace/.env/bin/python3 (found version "3.11.11") found components: Interpreter 
[2.711s] -- Found rclcpp: 16.0.12 (/opt/ros/humble/share/rclcpp/cmake)
[2.943s] -- Found rosidl_generator_c: 3.1.6 (/opt/ros/humble/share/rosidl_generator_c/cmake)
[2.964s] -- Found rosidl_adapter: 3.1.6 (/opt/ros/humble/share/rosidl_adapter/cmake)
[3.018s] -- Found rosidl_generator_cpp: 3.1.6 (/opt/ros/humble/share/rosidl_generator_cpp/cmake)
[3.073s] -- Using all available rosidl_typesupport_c: rosidl_typesupport_fastrtps_c;rosidl_typesupport_introspection_c
[3.142s] -- Using all available rosidl_typesupport_cpp: rosidl_typesupport_fastrtps_cpp;rosidl_typesupport_introspection_cpp
[3.407s] -- Found rmw_implementation_cmake: 6.1.2 (/opt/ros/humble/share/rmw_implementation_cmake/cmake)
[3.429s] -- Found rmw_fastrtps_cpp: 6.2.7 (/opt/ros/humble/share/rmw_fastrtps_cpp/cmake)
[3.880s] -- Found OpenSSL: /usr/lib64/libcrypto.so (found version "1.1.1k")  
[3.936s] -- Found FastRTPS: /opt/ros/humble/include  
[4.051s] -- Using RMW implementation 'rmw_fastrtps_cpp' as default
[4.114s] -- Performing Test CMAKE_HAVE_LIBC_PTHREAD
[4.604s] -- Performing Test CMAKE_HAVE_LIBC_PTHREAD - Failed
[4.604s] -- Looking for pthread_create in pthreads
[5.055s] -- Looking for pthread_create in pthreads - not found
[5.055s] -- Looking for pthread_create in pthread
[5.480s] -- Looking for pthread_create in pthread - found
[5.481s] -- Found Threads: TRUE  
[5.670s] -- Found cm_msgs: 0.1.0 (/home/ujglv/Dokumente/PSE/Grundstein/carmaker-workspace/ros2_ws/install/cm_msgs/share/cm_msgs/cmake)
[5.728s] -- Found ament_lint_auto: 0.12.12 (/opt/ros/humble/share/ament_lint_auto/cmake)
[5.995s] -- Added test 'copyright' to check source files copyright and LICENSE
[6.002s] -- Added test 'cppcheck' to perform static code analysis on C / C++ code
[6.002s] -- Configured cppcheck include dirs: /home/ujglv/Dokumente/PSE/Grundstein/carmaker-workspace/ros2_ws/src/pse_aeb/include
[6.002s] -- Configured cppcheck exclude dirs and/or files: 
[6.008s] -- Added test 'cpplint' to check C / C++ code against the Google style
[6.008s] -- Configured cpplint exclude dirs and/or files: 
[6.019s] -- Added test 'flake8' to check Python code syntax and style conventions
[6.026s] -- Added test 'lint_cmake' to check CMake code style
[6.031s] -- Added test 'pep257' to check Python code against some of the docstring style conventions in PEP 257
[6.035s] -- Added test 'uncrustify' to check C / C++ code style
[6.035s] -- Configured uncrustify additional arguments: 
[6.051s] -- Added test 'xmllint' to check XML markup files
[6.092s] -- Configuring done (6.0s)
[6.241s] -- Generating done (0.1s)
[6.298s] -- Build files have been written to: /home/ujglv/Dokumente/PSE/Grundstein/carmaker-workspace/ros2_ws/build/pse_aeb
[6.305s] Invoked command in '/home/ujglv/Dokumente/PSE/Grundstein/carmaker-workspace/ros2_ws/build/pse_aeb' returned '0': AMENT_PREFIX_PATH=/home/ujglv/Dokumente/PSE/Grundstein/carmaker-workspace/ros2_ws/install/cm_msgs:${AMENT_PREFIX_PATH} CMAKE_PREFIX_PATH=/home/ujglv/Dokumente/PSE/Grundstein/carmaker-workspace/ros2_ws/install/cm_msgs:/opt/ros/humble DEBUGINFOD_URLS=https://debuginfod.centos.org/ LD_LIBRARY_PATH=/home/ujglv/Dokumente/PSE/Grundstein/carmaker-workspace/ros2_ws/install/cm_msgs/lib:${LD_LIBRARY_PATH} PYTHONPATH=/home/ujglv/Dokumente/PSE/Grundstein/carmaker-workspace/ros2_ws/install/cm_msgs/lib/python3.11/site-packages:${PYTHONPATH} SHLVL=7 VIRTUAL_ENV_PROMPT=(.env) _=/usr/bin/env /usr/bin/cmake /home/ujglv/Dokumente/PSE/Grundstein/carmaker-workspace/ros2_ws/src/pse_aeb -DCARMAKER_VER:STRING=14.0.1 --no-warn-unused-cli -DCMAKE_INSTALL_PREFIX=/home/ujglv/Dokumente/PSE/Grundstein/carmaker-workspace/ros2_ws/install/pse_aeb
[6.307s] Invoking command in '/home/ujglv/Dokumente/PSE/Grundstein/carmaker-workspace/ros2_ws/build/pse_aeb': AMENT_PREFIX_PATH=/home/ujglv/Dokumente/PSE/Grundstein/carmaker-workspace/ros2_ws/install/cm_msgs:${AMENT_PREFIX_PATH} CMAKE_PREFIX_PATH=/home/ujglv/Dokumente/PSE/Grundstein/carmaker-workspace/ros2_ws/install/cm_msgs:/opt/ros/humble DEBUGINFOD_URLS=https://debuginfod.centos.org/ LD_LIBRARY_PATH=/home/ujglv/Dokumente/PSE/Grundstein/carmaker-workspace/ros2_ws/install/cm_msgs/lib:${LD_LIBRARY_PATH} PYTHONPATH=/home/ujglv/Dokumente/PSE/Grundstein/carmaker-workspace/ros2_ws/install/cm_msgs/lib/python3.11/site-packages:${PYTHONPATH} SHLVL=7 VIRTUAL_ENV_PROMPT=(.env) _=/usr/bin/env /usr/bin/cmake --build /home/ujglv/Dokumente/PSE/Grundstein/carmaker-workspace/ros2_ws/build/pse_aeb -- -j6 -l6
[6.541s] [ 50%] [32mBuilding CXX object CMakeFiles/pse_aeb.dir/src/aeb.cpp.o[0m
[15.378s] [100%] [32m[1mLinking CXX executable pse_aeb[0m
[15.856s] [100%] Built target pse_aeb
[15.881s] Invoked command in '/home/ujglv/Dokumente/PSE/Grundstein/carmaker-workspace/ros2_ws/build/pse_aeb' returned '0': AMENT_PREFIX_PATH=/home/ujglv/Dokumente/PSE/Grundstein/carmaker-workspace/ros2_ws/install/cm_msgs:${AMENT_PREFIX_PATH} CMAKE_PREFIX_PATH=/home/ujglv/Dokumente/PSE/Grundstein/carmaker-workspace/ros2_ws/install/cm_msgs:/opt/ros/humble DEBUGINFOD_URLS=https://debuginfod.centos.org/ LD_LIBRARY_PATH=/home/ujglv/Dokumente/PSE/Grundstein/carmaker-workspace/ros2_ws/install/cm_msgs/lib:${LD_LIBRARY_PATH} PYTHONPATH=/home/ujglv/Dokumente/PSE/Grundstein/carmaker-workspace/ros2_ws/install/cm_msgs/lib/python3.11/site-packages:${PYTHONPATH} SHLVL=7 VIRTUAL_ENV_PROMPT=(.env) _=/usr/bin/env /usr/bin/cmake --build /home/ujglv/Dokumente/PSE/Grundstein/carmaker-workspace/ros2_ws/build/pse_aeb -- -j6 -l6
[15.883s] Invoking command in '/home/ujglv/Dokumente/PSE/Grundstein/carmaker-workspace/ros2_ws/build/pse_aeb': AMENT_PREFIX_PATH=/home/ujglv/Dokumente/PSE/Grundstein/carmaker-workspace/ros2_ws/install/cm_msgs:${AMENT_PREFIX_PATH} CMAKE_PREFIX_PATH=/home/ujglv/Dokumente/PSE/Grundstein/carmaker-workspace/ros2_ws/install/cm_msgs:/opt/ros/humble DEBUGINFOD_URLS=https://debuginfod.centos.org/ LD_LIBRARY_PATH=/home/ujglv/Dokumente/PSE/Grundstein/carmaker-workspace/ros2_ws/install/cm_msgs/lib:${LD_LIBRARY_PATH} PYTHONPATH=/home/ujglv/Dokumente/PSE/Grundstein/carmaker-workspace/ros2_ws/install/cm_msgs/lib/python3.11/site-packages:${PYTHONPATH} SHLVL=7 VIRTUAL_ENV_PROMPT=(.env) _=/usr/bin/env /usr/bin/cmake --install /home/ujglv/Dokumente/PSE/Grundstein/carmaker-workspace/ros2_ws/build/pse_aeb
[15.906s] -- Install configuration: ""
[15.910s] -- Installing: /home/ujglv/Dokumente/PSE/Grundstein/carmaker-workspace/ros2_ws/install/pse_aeb/lib/pse_aeb/pse_aeb
[15.981s] -- Set runtime path of "/home/ujglv/Dokumente/PSE/Grundstein/carmaker-workspace/ros2_ws/install/pse_aeb/lib/pse_aeb/pse_aeb" to ""
[15.981s] -- Installing: /home/ujglv/Dokumente/PSE/Grundstein/carmaker-workspace/ros2_ws/install/pse_aeb/share/pse_aeb//launch
[15.985s] -- Installing: /home/ujglv/Dokumente/PSE/Grundstein/carmaker-workspace/ros2_ws/install/pse_aeb/share/pse_aeb//launch/start_aeb.launch.py
[15.994s] -- Installing: /home/ujglv/Dokumente/PSE/Grundstein/carmaker-workspace/ros2_ws/install/pse_aeb/share/ament_index/resource_index/package_run_dependencies/pse_aeb
[16.002s] -- Installing: /home/ujglv/Dokumente/PSE/Grundstein/carmaker-workspace/ros2_ws/install/pse_aeb/share/ament_index/resource_index/parent_prefix_path/pse_aeb
[16.009s] -- Installing: /home/ujglv/Dokumente/PSE/Grundstein/carmaker-workspace/ros2_ws/install/pse_aeb/share/pse_aeb/environment/ament_prefix_path.sh
[16.012s] -- Installing: /home/ujglv/Dokumente/PSE/Grundstein/carmaker-workspace/ros2_ws/install/pse_aeb/share/pse_aeb/environment/ament_prefix_path.dsv
[16.016s] -- Installing: /home/ujglv/Dokumente/PSE/Grundstein/carmaker-workspace/ros2_ws/install/pse_aeb/share/pse_aeb/environment/path.sh
[16.022s] -- Installing: /home/ujglv/Dokumente/PSE/Grundstein/carmaker-workspace/ros2_ws/install/pse_aeb/share/pse_aeb/environment/path.dsv
[16.029s] -- Installing: /home/ujglv/Dokumente/PSE/Grundstein/carmaker-workspace/ros2_ws/install/pse_aeb/share/pse_aeb/local_setup.bash
[16.039s] -- Installing: /home/ujglv/Dokumente/PSE/Grundstein/carmaker-workspace/ros2_ws/install/pse_aeb/share/pse_aeb/local_setup.sh
[16.048s] -- Installing: /home/ujglv/Dokumente/PSE/Grundstein/carmaker-workspace/ros2_ws/install/pse_aeb/share/pse_aeb/local_setup.zsh
[16.058s] -- Installing: /home/ujglv/Dokumente/PSE/Grundstein/carmaker-workspace/ros2_ws/install/pse_aeb/share/pse_aeb/local_setup.dsv
[16.069s] -- Installing: /home/ujglv/Dokumente/PSE/Grundstein/carmaker-workspace/ros2_ws/install/pse_aeb/share/pse_aeb/package.dsv
[16.082s] -- Installing: /home/ujglv/Dokumente/PSE/Grundstein/carmaker-workspace/ros2_ws/install/pse_aeb/share/ament_index/resource_index/packages/pse_aeb
[16.097s] -- Installing: /home/ujglv/Dokumente/PSE/Grundstein/carmaker-workspace/ros2_ws/install/pse_aeb/share/pse_aeb/cmake/pse_aebConfig.cmake
[16.103s] -- Installing: /home/ujglv/Dokumente/PSE/Grundstein/carmaker-workspace/ros2_ws/install/pse_aeb/share/pse_aeb/cmake/pse_aebConfig-version.cmake
[16.106s] -- Installing: /home/ujglv/Dokumente/PSE/Grundstein/carmaker-workspace/ros2_ws/install/pse_aeb/share/pse_aeb/package.xml
[16.111s] Invoked command in '/home/ujglv/Dokumente/PSE/Grundstein/carmaker-workspace/ros2_ws/build/pse_aeb' returned '0': AMENT_PREFIX_PATH=/home/ujglv/Dokumente/PSE/Grundstein/carmaker-workspace/ros2_ws/install/cm_msgs:${AMENT_PREFIX_PATH} CMAKE_PREFIX_PATH=/home/ujglv/Dokumente/PSE/Grundstein/carmaker-workspace/ros2_ws/install/cm_msgs:/opt/ros/humble DEBUGINFOD_URLS=https://debuginfod.centos.org/ LD_LIBRARY_PATH=/home/ujglv/Dokumente/PSE/Grundstein/carmaker-workspace/ros2_ws/install/cm_msgs/lib:${LD_LIBRARY_PATH} PYTHONPATH=/home/ujglv/Dokumente/PSE/Grundstein/carmaker-workspace/ros2_ws/install/cm_msgs/lib/python3.11/site-packages:${PYTHONPATH} SHLVL=7 VIRTUAL_ENV_PROMPT=(.env) _=/usr/bin/env /usr/bin/cmake --install /home/ujglv/Dokumente/PSE/Grundstein/carmaker-workspace/ros2_ws/build/pse_aeb
