[0.359s] DEBUG:colcon:Command line arguments: ['/home/ujglv/Dokumente/PSE/Grundstein/carmaker-workspace/.env/bin/colcon', 'build', '--cmake-args', '-DCARMAKER_VER:STRING=14.0.1', '--no-warn-unused-cli']
[0.359s] DEBUG:colcon:Parsed command line arguments: Namespace(log_base=None, log_level=None, verb_name='build', build_base='build', install_base='install', merge_install=False, symlink_install=False, test_result_base=None, continue_on_error=False, executor='parallel', parallel_workers=6, event_handlers=None, ignore_user_meta=False, metas=['./colcon.meta'], base_paths=['.'], packages_ignore=None, packages_ignore_regex=None, paths=None, packages_up_to=None, packages_up_to_regex=None, packages_above=None, packages_above_and_dependencies=None, packages_above_depth=None, packages_select_by_dep=None, packages_skip_by_dep=None, packages_skip_up_to=None, packages_select_build_failed=False, packages_skip_build_finished=False, packages_select_test_failures=False, packages_skip_test_passed=False, packages_select=None, packages_skip=None, packages_select_regex=None, packages_skip_regex=None, packages_start=None, packages_end=None, cmake_args=['-DCARMAKER_VER:STRING=14.0.1', '--no-warn-unused-cli'], cmake_target=None, cmake_target_skip_unavailable=False, cmake_clean_cache=False, cmake_clean_first=False, cmake_force_configure=False, ament_cmake_args=None, catkin_cmake_args=None, catkin_skip_building_tests=False, verb_parser=<colcon_defaults.argument_parser.defaults.DefaultArgumentsDecorator object at 0x7f2a265d2410>, verb_extension=<colcon_core.verb.build.BuildVerb object at 0x7f2a265d1c10>, main=<bound method BuildVerb.main of <colcon_core.verb.build.BuildVerb object at 0x7f2a265d1c10>>)
[0.669s] Level 1:colcon.colcon_core.package_discovery:discover_packages(colcon_meta) check parameters
[0.669s] Level 1:colcon.colcon_core.package_discovery:discover_packages(recursive) check parameters
[0.669s] Level 1:colcon.colcon_core.package_discovery:discover_packages(ignore) check parameters
[0.669s] Level 1:colcon.colcon_core.package_discovery:discover_packages(path) check parameters
[0.669s] Level 1:colcon.colcon_core.package_discovery:discover_packages(colcon_meta) discover
[0.669s] Level 1:colcon.colcon_core.package_discovery:discover_packages(recursive) discover
[0.669s] INFO:colcon.colcon_core.package_discovery:Crawling recursively for packages in '/home/ujglv/Dokumente/PSE/Grundstein/carmaker-workspace/ros2_ws'
[0.670s] Level 1:colcon.colcon_core.package_identification:_identify(.) by extensions ['ignore', 'ignore_ament_install']
[0.670s] Level 1:colcon.colcon_core.package_identification:_identify(.) by extension 'ignore'
[0.670s] Level 1:colcon.colcon_core.package_identification:_identify(.) by extension 'ignore_ament_install'
[0.670s] Level 1:colcon.colcon_core.package_identification:_identify(.) by extensions ['colcon_pkg']
[0.670s] Level 1:colcon.colcon_core.package_identification:_identify(.) by extension 'colcon_pkg'
[0.670s] Level 1:colcon.colcon_core.package_identification:_identify(.) by extensions ['colcon_meta']
[0.670s] Level 1:colcon.colcon_core.package_identification:_identify(.) by extension 'colcon_meta'
[0.670s] Level 1:colcon.colcon_core.package_identification:_identify(.) by extensions ['ros']
[0.670s] Level 1:colcon.colcon_core.package_identification:_identify(.) by extension 'ros'
[0.718s] Level 1:colcon.colcon_core.package_identification:_identify(.) by extensions ['cmake', 'python']
[0.718s] Level 1:colcon.colcon_core.package_identification:_identify(.) by extension 'cmake'
[0.718s] Level 1:colcon.colcon_core.package_identification:_identify(.) by extension 'python'
[0.718s] Level 1:colcon.colcon_core.package_identification:_identify(.) by extensions ['python_setup_py']
[0.718s] Level 1:colcon.colcon_core.package_identification:_identify(.) by extension 'python_setup_py'
[0.718s] Level 1:colcon.colcon_core.package_identification:_identify(build) by extensions ['ignore', 'ignore_ament_install']
[0.719s] Level 1:colcon.colcon_core.package_identification:_identify(build) by extension 'ignore'
[0.719s] Level 1:colcon.colcon_core.package_identification:_identify(build) ignored
[0.719s] Level 1:colcon.colcon_core.package_identification:_identify(install) by extensions ['ignore', 'ignore_ament_install']
[0.719s] Level 1:colcon.colcon_core.package_identification:_identify(install) by extension 'ignore'
[0.719s] Level 1:colcon.colcon_core.package_identification:_identify(install) ignored
[0.720s] Level 1:colcon.colcon_core.package_identification:_identify(log) by extensions ['ignore', 'ignore_ament_install']
[0.720s] Level 1:colcon.colcon_core.package_identification:_identify(log) by extension 'ignore'
[0.720s] Level 1:colcon.colcon_core.package_identification:_identify(log) ignored
[0.720s] Level 1:colcon.colcon_core.package_identification:_identify(src) by extensions ['ignore', 'ignore_ament_install']
[0.720s] Level 1:colcon.colcon_core.package_identification:_identify(src) by extension 'ignore'
[0.720s] Level 1:colcon.colcon_core.package_identification:_identify(src) by extension 'ignore_ament_install'
[0.720s] Level 1:colcon.colcon_core.package_identification:_identify(src) by extensions ['colcon_pkg']
[0.720s] Level 1:colcon.colcon_core.package_identification:_identify(src) by extension 'colcon_pkg'
[0.720s] Level 1:colcon.colcon_core.package_identification:_identify(src) by extensions ['colcon_meta']
[0.720s] Level 1:colcon.colcon_core.package_identification:_identify(src) by extension 'colcon_meta'
[0.720s] Level 1:colcon.colcon_core.package_identification:_identify(src) by extensions ['ros']
[0.720s] Level 1:colcon.colcon_core.package_identification:_identify(src) by extension 'ros'
[0.720s] Level 1:colcon.colcon_core.package_identification:_identify(src) by extensions ['cmake', 'python']
[0.720s] Level 1:colcon.colcon_core.package_identification:_identify(src) by extension 'cmake'
[0.720s] Level 1:colcon.colcon_core.package_identification:_identify(src) by extension 'python'
[0.720s] Level 1:colcon.colcon_core.package_identification:_identify(src) by extensions ['python_setup_py']
[0.720s] Level 1:colcon.colcon_core.package_identification:_identify(src) by extension 'python_setup_py'
[0.720s] Level 1:colcon.colcon_core.package_identification:_identify(src/cm_msgs) by extensions ['ignore', 'ignore_ament_install']
[0.720s] Level 1:colcon.colcon_core.package_identification:_identify(src/cm_msgs) by extension 'ignore'
[0.720s] Level 1:colcon.colcon_core.package_identification:_identify(src/cm_msgs) by extension 'ignore_ament_install'
[0.720s] Level 1:colcon.colcon_core.package_identification:_identify(src/cm_msgs) by extensions ['colcon_pkg']
[0.720s] Level 1:colcon.colcon_core.package_identification:_identify(src/cm_msgs) by extension 'colcon_pkg'
[0.720s] Level 1:colcon.colcon_core.package_identification:_identify(src/cm_msgs) by extensions ['colcon_meta']
[0.721s] Level 1:colcon.colcon_core.package_identification:_identify(src/cm_msgs) by extension 'colcon_meta'
[0.721s] Level 1:colcon.colcon_core.package_identification:_identify(src/cm_msgs) by extensions ['ros']
[0.721s] Level 1:colcon.colcon_core.package_identification:_identify(src/cm_msgs) by extension 'ros'
[0.726s] DEBUG:colcon.colcon_core.package_identification:Package 'src/cm_msgs' with type 'ros.ament_cmake' and name 'cm_msgs'
[0.726s] Level 1:colcon.colcon_core.package_identification:_identify(src/cm_ros_if) by extensions ['ignore', 'ignore_ament_install']
[0.726s] Level 1:colcon.colcon_core.package_identification:_identify(src/cm_ros_if) by extension 'ignore'
[0.726s] Level 1:colcon.colcon_core.package_identification:_identify(src/cm_ros_if) by extension 'ignore_ament_install'
[0.726s] Level 1:colcon.colcon_core.package_identification:_identify(src/cm_ros_if) by extensions ['colcon_pkg']
[0.726s] Level 1:colcon.colcon_core.package_identification:_identify(src/cm_ros_if) by extension 'colcon_pkg'
[0.726s] Level 1:colcon.colcon_core.package_identification:_identify(src/cm_ros_if) by extensions ['colcon_meta']
[0.726s] Level 1:colcon.colcon_core.package_identification:_identify(src/cm_ros_if) by extension 'colcon_meta'
[0.726s] Level 1:colcon.colcon_core.package_identification:_identify(src/cm_ros_if) by extensions ['ros']
[0.726s] Level 1:colcon.colcon_core.package_identification:_identify(src/cm_ros_if) by extension 'ros'
[0.728s] DEBUG:colcon.colcon_core.package_identification:Package 'src/cm_ros_if' with type 'ros.ament_cmake' and name 'cm_ros_if'
[0.728s] Level 1:colcon.colcon_core.package_identification:_identify(src/cmrosutils) by extensions ['ignore', 'ignore_ament_install']
[0.728s] Level 1:colcon.colcon_core.package_identification:_identify(src/cmrosutils) by extension 'ignore'
[0.728s] Level 1:colcon.colcon_core.package_identification:_identify(src/cmrosutils) by extension 'ignore_ament_install'
[0.728s] Level 1:colcon.colcon_core.package_identification:_identify(src/cmrosutils) by extensions ['colcon_pkg']
[0.728s] Level 1:colcon.colcon_core.package_identification:_identify(src/cmrosutils) by extension 'colcon_pkg'
[0.728s] Level 1:colcon.colcon_core.package_identification:_identify(src/cmrosutils) by extensions ['colcon_meta']
[0.728s] Level 1:colcon.colcon_core.package_identification:_identify(src/cmrosutils) by extension 'colcon_meta'
[0.728s] Level 1:colcon.colcon_core.package_identification:_identify(src/cmrosutils) by extensions ['ros']
[0.728s] Level 1:colcon.colcon_core.package_identification:_identify(src/cmrosutils) by extension 'ros'
[0.729s] DEBUG:colcon.colcon_core.package_identification:Package 'src/cmrosutils' with type 'ros.ament_cmake' and name 'cmrosutils'
[0.730s] Level 1:colcon.colcon_core.package_identification:_identify(src/pse_aeb) by extensions ['ignore', 'ignore_ament_install']
[0.730s] Level 1:colcon.colcon_core.package_identification:_identify(src/pse_aeb) by extension 'ignore'
[0.730s] Level 1:colcon.colcon_core.package_identification:_identify(src/pse_aeb) by extension 'ignore_ament_install'
[0.730s] Level 1:colcon.colcon_core.package_identification:_identify(src/pse_aeb) by extensions ['colcon_pkg']
[0.730s] Level 1:colcon.colcon_core.package_identification:_identify(src/pse_aeb) by extension 'colcon_pkg'
[0.730s] Level 1:colcon.colcon_core.package_identification:_identify(src/pse_aeb) by extensions ['colcon_meta']
[0.730s] Level 1:colcon.colcon_core.package_identification:_identify(src/pse_aeb) by extension 'colcon_meta'
[0.730s] Level 1:colcon.colcon_core.package_identification:_identify(src/pse_aeb) by extensions ['ros']
[0.730s] Level 1:colcon.colcon_core.package_identification:_identify(src/pse_aeb) by extension 'ros'
[0.731s] DEBUG:colcon.colcon_core.package_identification:Package 'src/pse_aeb' with type 'ros.ament_cmake' and name 'pse_aeb'
[0.731s] Level 1:colcon.colcon_core.package_discovery:discover_packages(recursive) using defaults
[0.731s] Level 1:colcon.colcon_core.package_discovery:discover_packages(ignore) discover
[0.731s] Level 1:colcon.colcon_core.package_discovery:discover_packages(ignore) using defaults
[0.731s] Level 1:colcon.colcon_core.package_discovery:discover_packages(path) discover
[0.731s] Level 1:colcon.colcon_core.package_discovery:discover_packages(path) using defaults
[0.763s] Level 5:colcon.colcon_core.verb:set package 'cm_msgs' build argument 'cmake_args' from command line to '['-DCARMAKER_VER:STRING=14.0.1', '--no-warn-unused-cli']'
[0.763s] Level 5:colcon.colcon_core.verb:set package 'cm_msgs' build argument 'cmake_target' from command line to 'None'
[0.763s] Level 5:colcon.colcon_core.verb:set package 'cm_msgs' build argument 'cmake_target_skip_unavailable' from command line to 'False'
[0.763s] Level 5:colcon.colcon_core.verb:set package 'cm_msgs' build argument 'cmake_clean_cache' from command line to 'False'
[0.763s] Level 5:colcon.colcon_core.verb:set package 'cm_msgs' build argument 'cmake_clean_first' from command line to 'False'
[0.763s] Level 5:colcon.colcon_core.verb:set package 'cm_msgs' build argument 'cmake_force_configure' from command line to 'False'
[0.763s] Level 5:colcon.colcon_core.verb:set package 'cm_msgs' build argument 'ament_cmake_args' from command line to 'None'
[0.763s] Level 5:colcon.colcon_core.verb:set package 'cm_msgs' build argument 'catkin_cmake_args' from command line to 'None'
[0.763s] Level 5:colcon.colcon_core.verb:set package 'cm_msgs' build argument 'catkin_skip_building_tests' from command line to 'False'
[0.763s] DEBUG:colcon.colcon_core.verb:Building package 'cm_msgs' with the following arguments: {'ament_cmake_args': None, 'build_base': '/home/ujglv/Dokumente/PSE/Grundstein/carmaker-workspace/ros2_ws/build/cm_msgs', 'catkin_cmake_args': None, 'catkin_skip_building_tests': False, 'cmake_args': ['-DCARMAKER_VER:STRING=14.0.1', '--no-warn-unused-cli'], 'cmake_clean_cache': False, 'cmake_clean_first': False, 'cmake_force_configure': False, 'cmake_target': None, 'cmake_target_skip_unavailable': False, 'install_base': '/home/ujglv/Dokumente/PSE/Grundstein/carmaker-workspace/ros2_ws/install/cm_msgs', 'merge_install': False, 'path': '/home/ujglv/Dokumente/PSE/Grundstein/carmaker-workspace/ros2_ws/src/cm_msgs', 'symlink_install': False, 'test_result_base': None}
[0.764s] Level 5:colcon.colcon_core.verb:set package 'cmrosutils' build argument 'cmake_args' from command line to '['-DCARMAKER_VER:STRING=14.0.1', '--no-warn-unused-cli']'
[0.764s] Level 5:colcon.colcon_core.verb:set package 'cmrosutils' build argument 'cmake_target' from command line to 'None'
[0.764s] Level 5:colcon.colcon_core.verb:set package 'cmrosutils' build argument 'cmake_target_skip_unavailable' from command line to 'False'
[0.764s] Level 5:colcon.colcon_core.verb:set package 'cmrosutils' build argument 'cmake_clean_cache' from command line to 'False'
[0.764s] Level 5:colcon.colcon_core.verb:set package 'cmrosutils' build argument 'cmake_clean_first' from command line to 'False'
[0.764s] Level 5:colcon.colcon_core.verb:set package 'cmrosutils' build argument 'cmake_force_configure' from command line to 'False'
[0.764s] Level 5:colcon.colcon_core.verb:set package 'cmrosutils' build argument 'ament_cmake_args' from command line to 'None'
[0.764s] Level 5:colcon.colcon_core.verb:set package 'cmrosutils' build argument 'catkin_cmake_args' from command line to 'None'
[0.764s] Level 5:colcon.colcon_core.verb:set package 'cmrosutils' build argument 'catkin_skip_building_tests' from command line to 'False'
[0.764s] DEBUG:colcon.colcon_core.verb:Building package 'cmrosutils' with the following arguments: {'ament_cmake_args': None, 'build_base': '/home/ujglv/Dokumente/PSE/Grundstein/carmaker-workspace/ros2_ws/build/cmrosutils', 'catkin_cmake_args': None, 'catkin_skip_building_tests': False, 'cmake_args': ['-DCARMAKER_VER:STRING=14.0.1', '--no-warn-unused-cli'], 'cmake_clean_cache': False, 'cmake_clean_first': False, 'cmake_force_configure': False, 'cmake_target': None, 'cmake_target_skip_unavailable': False, 'install_base': '/home/ujglv/Dokumente/PSE/Grundstein/carmaker-workspace/ros2_ws/install/cmrosutils', 'merge_install': False, 'path': '/home/ujglv/Dokumente/PSE/Grundstein/carmaker-workspace/ros2_ws/src/cmrosutils', 'symlink_install': False, 'test_result_base': None}
[0.764s] Level 5:colcon.colcon_core.verb:set package 'cm_ros_if' build argument 'cmake_args' from command line to '['-DCARMAKER_VER:STRING=14.0.1', '--no-warn-unused-cli']'
[0.764s] Level 5:colcon.colcon_core.verb:set package 'cm_ros_if' build argument 'cmake_target' from command line to 'None'
[0.764s] Level 5:colcon.colcon_core.verb:set package 'cm_ros_if' build argument 'cmake_target_skip_unavailable' from command line to 'False'
[0.764s] Level 5:colcon.colcon_core.verb:set package 'cm_ros_if' build argument 'cmake_clean_cache' from command line to 'False'
[0.764s] Level 5:colcon.colcon_core.verb:set package 'cm_ros_if' build argument 'cmake_clean_first' from command line to 'False'
[0.764s] Level 5:colcon.colcon_core.verb:set package 'cm_ros_if' build argument 'cmake_force_configure' from command line to 'False'
[0.764s] Level 5:colcon.colcon_core.verb:set package 'cm_ros_if' build argument 'ament_cmake_args' from command line to 'None'
[0.764s] Level 5:colcon.colcon_core.verb:set package 'cm_ros_if' build argument 'catkin_cmake_args' from command line to 'None'
[0.764s] Level 5:colcon.colcon_core.verb:set package 'cm_ros_if' build argument 'catkin_skip_building_tests' from command line to 'False'
[0.764s] DEBUG:colcon.colcon_core.verb:Building package 'cm_ros_if' with the following arguments: {'ament_cmake_args': None, 'build_base': '/home/ujglv/Dokumente/PSE/Grundstein/carmaker-workspace/ros2_ws/build/cm_ros_if', 'catkin_cmake_args': None, 'catkin_skip_building_tests': False, 'cmake_args': ['-DCARMAKER_VER:STRING=14.0.1', '--no-warn-unused-cli'], 'cmake_clean_cache': False, 'cmake_clean_first': False, 'cmake_force_configure': False, 'cmake_target': None, 'cmake_target_skip_unavailable': False, 'install_base': '/home/ujglv/Dokumente/PSE/Grundstein/carmaker-workspace/ros2_ws/install/cm_ros_if', 'merge_install': False, 'path': '/home/ujglv/Dokumente/PSE/Grundstein/carmaker-workspace/ros2_ws/src/cm_ros_if', 'symlink_install': False, 'test_result_base': None}
[0.764s] Level 5:colcon.colcon_core.verb:set package 'pse_aeb' build argument 'cmake_args' from command line to '['-DCARMAKER_VER:STRING=14.0.1', '--no-warn-unused-cli']'
[0.764s] Level 5:colcon.colcon_core.verb:set package 'pse_aeb' build argument 'cmake_target' from command line to 'None'
[0.764s] Level 5:colcon.colcon_core.verb:set package 'pse_aeb' build argument 'cmake_target_skip_unavailable' from command line to 'False'
[0.765s] Level 5:colcon.colcon_core.verb:set package 'pse_aeb' build argument 'cmake_clean_cache' from command line to 'False'
[0.765s] Level 5:colcon.colcon_core.verb:set package 'pse_aeb' build argument 'cmake_clean_first' from command line to 'False'
[0.765s] Level 5:colcon.colcon_core.verb:set package 'pse_aeb' build argument 'cmake_force_configure' from command line to 'False'
[0.765s] Level 5:colcon.colcon_core.verb:set package 'pse_aeb' build argument 'ament_cmake_args' from command line to 'None'
[0.765s] Level 5:colcon.colcon_core.verb:set package 'pse_aeb' build argument 'catkin_cmake_args' from command line to 'None'
[0.765s] Level 5:colcon.colcon_core.verb:set package 'pse_aeb' build argument 'catkin_skip_building_tests' from command line to 'False'
[0.765s] DEBUG:colcon.colcon_core.verb:Building package 'pse_aeb' with the following arguments: {'ament_cmake_args': None, 'build_base': '/home/ujglv/Dokumente/PSE/Grundstein/carmaker-workspace/ros2_ws/build/pse_aeb', 'catkin_cmake_args': None, 'catkin_skip_building_tests': False, 'cmake_args': ['-DCARMAKER_VER:STRING=14.0.1', '--no-warn-unused-cli'], 'cmake_clean_cache': False, 'cmake_clean_first': False, 'cmake_force_configure': False, 'cmake_target': None, 'cmake_target_skip_unavailable': False, 'install_base': '/home/ujglv/Dokumente/PSE/Grundstein/carmaker-workspace/ros2_ws/install/pse_aeb', 'merge_install': False, 'path': '/home/ujglv/Dokumente/PSE/Grundstein/carmaker-workspace/ros2_ws/src/pse_aeb', 'symlink_install': False, 'test_result_base': None}
[0.765s] INFO:colcon.colcon_core.executor:Executing jobs using 'parallel' executor
[0.765s] DEBUG:colcon.colcon_parallel_executor.executor.parallel:run_until_complete
[0.765s] INFO:colcon.colcon_ros.task.ament_cmake.build:Building ROS package in '/home/ujglv/Dokumente/PSE/Grundstein/carmaker-workspace/ros2_ws/src/cm_msgs' with build type 'ament_cmake'
[0.765s] INFO:colcon.colcon_cmake.task.cmake.build:Building CMake package in '/home/ujglv/Dokumente/PSE/Grundstein/carmaker-workspace/ros2_ws/src/cm_msgs'
[0.776s] INFO:colcon.colcon_core.plugin_system:Skipping extension 'colcon_core.shell.bat': Not used on non-Windows systems
[0.776s] INFO:colcon.colcon_core.shell:Skip shell extension 'powershell' for command environment: Not usable outside of PowerShell
[0.776s] DEBUG:colcon.colcon_core.shell:Skip shell extension 'dsv' for command environment
[0.791s] INFO:colcon.colcon_ros.task.ament_cmake.build:Building ROS package in '/home/ujglv/Dokumente/PSE/Grundstein/carmaker-workspace/ros2_ws/src/cmrosutils' with build type 'ament_cmake'
[0.791s] INFO:colcon.colcon_cmake.task.cmake.build:Building CMake package in '/home/ujglv/Dokumente/PSE/Grundstein/carmaker-workspace/ros2_ws/src/cmrosutils'
[0.792s] INFO:colcon.colcon_core.shell:Skip shell extension 'powershell' for command environment: Not usable outside of PowerShell
[0.792s] DEBUG:colcon.colcon_core.shell:Skip shell extension 'dsv' for command environment
[0.810s] DEBUG:colcon.colcon_core.event_handler.log_command:Invoking command in '/home/ujglv/Dokumente/PSE/Grundstein/carmaker-workspace/ros2_ws/build/cm_msgs': CMAKE_PREFIX_PATH=/opt/ros/humble DEBUGINFOD_URLS=https://debuginfod.centos.org/ SHLVL=7 VIRTUAL_ENV_PROMPT=(.env) VSCODE_ENV_PREPEND=PATH=/home/ujglv/.vscode/extensions/ms-python.python-2025.8.0-linux-x64/python_files/deactivate/bash\x3a/home/ujglv/Dokumente/PSE/Grundstein/carmaker-workspace/.env/bin\x3a:PS1=(.env) VSCODE_ENV_REPLACE=VIRTUAL_ENV=/home/ujglv/Dokumente/PSE/Grundstein/carmaker-workspace/.env:VIRTUAL_ENV_PROMPT=(.env) _=/usr/bin/env /usr/bin/cmake --build /home/ujglv/Dokumente/PSE/Grundstein/carmaker-workspace/ros2_ws/build/cm_msgs -- -j6 -l6
[0.821s] DEBUG:colcon.colcon_core.event_handler.log_command:Invoking command in '/home/ujglv/Dokumente/PSE/Grundstein/carmaker-workspace/ros2_ws/build/cmrosutils': CMAKE_PREFIX_PATH=/opt/ros/humble DEBUGINFOD_URLS=https://debuginfod.centos.org/ SHLVL=7 VIRTUAL_ENV_PROMPT=(.env) VSCODE_ENV_PREPEND=PATH=/home/ujglv/.vscode/extensions/ms-python.python-2025.8.0-linux-x64/python_files/deactivate/bash\x3a/home/ujglv/Dokumente/PSE/Grundstein/carmaker-workspace/.env/bin\x3a:PS1=(.env) VSCODE_ENV_REPLACE=VIRTUAL_ENV=/home/ujglv/Dokumente/PSE/Grundstein/carmaker-workspace/.env:VIRTUAL_ENV_PROMPT=(.env) _=/usr/bin/env /usr/bin/cmake --build /home/ujglv/Dokumente/PSE/Grundstein/carmaker-workspace/ros2_ws/build/cmrosutils -- -j6 -l6
[2.045s] DEBUG:colcon.colcon_core.event_handler.log_command:Invoked command in '/home/ujglv/Dokumente/PSE/Grundstein/carmaker-workspace/ros2_ws/build/cmrosutils' returned '0': CMAKE_PREFIX_PATH=/opt/ros/humble DEBUGINFOD_URLS=https://debuginfod.centos.org/ SHLVL=7 VIRTUAL_ENV_PROMPT=(.env) VSCODE_ENV_PREPEND=PATH=/home/ujglv/.vscode/extensions/ms-python.python-2025.8.0-linux-x64/python_files/deactivate/bash\x3a/home/ujglv/Dokumente/PSE/Grundstein/carmaker-workspace/.env/bin\x3a:PS1=(.env) VSCODE_ENV_REPLACE=VIRTUAL_ENV=/home/ujglv/Dokumente/PSE/Grundstein/carmaker-workspace/.env:VIRTUAL_ENV_PROMPT=(.env) _=/usr/bin/env /usr/bin/cmake --build /home/ujglv/Dokumente/PSE/Grundstein/carmaker-workspace/ros2_ws/build/cmrosutils -- -j6 -l6
[2.078s] DEBUG:colcon.colcon_core.event_handler.log_command:Invoking command in '/home/ujglv/Dokumente/PSE/Grundstein/carmaker-workspace/ros2_ws/build/cmrosutils': CMAKE_PREFIX_PATH=/opt/ros/humble DEBUGINFOD_URLS=https://debuginfod.centos.org/ SHLVL=7 VIRTUAL_ENV_PROMPT=(.env) VSCODE_ENV_PREPEND=PATH=/home/ujglv/.vscode/extensions/ms-python.python-2025.8.0-linux-x64/python_files/deactivate/bash\x3a/home/ujglv/Dokumente/PSE/Grundstein/carmaker-workspace/.env/bin\x3a:PS1=(.env) VSCODE_ENV_REPLACE=VIRTUAL_ENV=/home/ujglv/Dokumente/PSE/Grundstein/carmaker-workspace/.env:VIRTUAL_ENV_PROMPT=(.env) _=/usr/bin/env /usr/bin/cmake --install /home/ujglv/Dokumente/PSE/Grundstein/carmaker-workspace/ros2_ws/build/cmrosutils
[2.080s] DEBUG:colcon.colcon_core.event_handler.log_command:Invoked command in '/home/ujglv/Dokumente/PSE/Grundstein/carmaker-workspace/ros2_ws/build/cm_msgs' returned '0': CMAKE_PREFIX_PATH=/opt/ros/humble DEBUGINFOD_URLS=https://debuginfod.centos.org/ SHLVL=7 VIRTUAL_ENV_PROMPT=(.env) VSCODE_ENV_PREPEND=PATH=/home/ujglv/.vscode/extensions/ms-python.python-2025.8.0-linux-x64/python_files/deactivate/bash\x3a/home/ujglv/Dokumente/PSE/Grundstein/carmaker-workspace/.env/bin\x3a:PS1=(.env) VSCODE_ENV_REPLACE=VIRTUAL_ENV=/home/ujglv/Dokumente/PSE/Grundstein/carmaker-workspace/.env:VIRTUAL_ENV_PROMPT=(.env) _=/usr/bin/env /usr/bin/cmake --build /home/ujglv/Dokumente/PSE/Grundstein/carmaker-workspace/ros2_ws/build/cm_msgs -- -j6 -l6
[2.082s] DEBUG:colcon.colcon_core.event_handler.log_command:Invoking command in '/home/ujglv/Dokumente/PSE/Grundstein/carmaker-workspace/ros2_ws/build/cm_msgs': CMAKE_PREFIX_PATH=/opt/ros/humble DEBUGINFOD_URLS=https://debuginfod.centos.org/ SHLVL=7 VIRTUAL_ENV_PROMPT=(.env) VSCODE_ENV_PREPEND=PATH=/home/ujglv/.vscode/extensions/ms-python.python-2025.8.0-linux-x64/python_files/deactivate/bash\x3a/home/ujglv/Dokumente/PSE/Grundstein/carmaker-workspace/.env/bin\x3a:PS1=(.env) VSCODE_ENV_REPLACE=VIRTUAL_ENV=/home/ujglv/Dokumente/PSE/Grundstein/carmaker-workspace/.env:VIRTUAL_ENV_PROMPT=(.env) _=/usr/bin/env /usr/bin/cmake --install /home/ujglv/Dokumente/PSE/Grundstein/carmaker-workspace/ros2_ws/build/cm_msgs
[2.878s] Level 1:colcon.colcon_core.environment:create_environment_scripts_only(cmrosutils)
[2.879s] DEBUG:colcon.colcon_core.event_handler.log_command:Invoked command in '/home/ujglv/Dokumente/PSE/Grundstein/carmaker-workspace/ros2_ws/build/cmrosutils' returned '0': CMAKE_PREFIX_PATH=/opt/ros/humble DEBUGINFOD_URLS=https://debuginfod.centos.org/ SHLVL=7 VIRTUAL_ENV_PROMPT=(.env) VSCODE_ENV_PREPEND=PATH=/home/ujglv/.vscode/extensions/ms-python.python-2025.8.0-linux-x64/python_files/deactivate/bash\x3a/home/ujglv/Dokumente/PSE/Grundstein/carmaker-workspace/.env/bin\x3a:PS1=(.env) VSCODE_ENV_REPLACE=VIRTUAL_ENV=/home/ujglv/Dokumente/PSE/Grundstein/carmaker-workspace/.env:VIRTUAL_ENV_PROMPT=(.env) _=/usr/bin/env /usr/bin/cmake --install /home/ujglv/Dokumente/PSE/Grundstein/carmaker-workspace/ros2_ws/build/cmrosutils
[2.893s] Level 1:colcon.colcon_core.environment:checking '/home/ujglv/Dokumente/PSE/Grundstein/carmaker-workspace/ros2_ws/install/cmrosutils' for CMake module files
[2.896s] Level 1:colcon.colcon_core.environment:checking '/home/ujglv/Dokumente/PSE/Grundstein/carmaker-workspace/ros2_ws/install/cmrosutils' for CMake config files
[2.899s] Level 1:colcon.colcon_core.shell:create_environment_hook('cmrosutils', 'cmake_prefix_path')
[2.899s] INFO:colcon.colcon_core.shell:Creating environment hook '/home/ujglv/Dokumente/PSE/Grundstein/carmaker-workspace/ros2_ws/install/cmrosutils/share/cmrosutils/hook/cmake_prefix_path.ps1'
[2.901s] INFO:colcon.colcon_core.shell:Creating environment descriptor '/home/ujglv/Dokumente/PSE/Grundstein/carmaker-workspace/ros2_ws/install/cmrosutils/share/cmrosutils/hook/cmake_prefix_path.dsv'
[2.904s] INFO:colcon.colcon_core.shell:Creating environment hook '/home/ujglv/Dokumente/PSE/Grundstein/carmaker-workspace/ros2_ws/install/cmrosutils/share/cmrosutils/hook/cmake_prefix_path.sh'
[2.906s] Level 1:colcon.colcon_core.environment:checking '/home/ujglv/Dokumente/PSE/Grundstein/carmaker-workspace/ros2_ws/install/cmrosutils/lib'
[2.906s] Level 1:colcon.colcon_core.shell:create_environment_hook('cmrosutils', 'ld_library_path_lib')
[2.907s] INFO:colcon.colcon_core.shell:Creating environment hook '/home/ujglv/Dokumente/PSE/Grundstein/carmaker-workspace/ros2_ws/install/cmrosutils/share/cmrosutils/hook/ld_library_path_lib.ps1'
[2.908s] INFO:colcon.colcon_core.shell:Creating environment descriptor '/home/ujglv/Dokumente/PSE/Grundstein/carmaker-workspace/ros2_ws/install/cmrosutils/share/cmrosutils/hook/ld_library_path_lib.dsv'
[2.911s] INFO:colcon.colcon_core.shell:Creating environment hook '/home/ujglv/Dokumente/PSE/Grundstein/carmaker-workspace/ros2_ws/install/cmrosutils/share/cmrosutils/hook/ld_library_path_lib.sh'
[2.914s] Level 1:colcon.colcon_core.environment:checking '/home/ujglv/Dokumente/PSE/Grundstein/carmaker-workspace/ros2_ws/install/cmrosutils/bin'
[2.914s] Level 1:colcon.colcon_core.environment:checking '/home/ujglv/Dokumente/PSE/Grundstein/carmaker-workspace/ros2_ws/install/cmrosutils/lib/pkgconfig/cmrosutils.pc'
[2.917s] Level 1:colcon.colcon_core.environment:checking '/home/ujglv/Dokumente/PSE/Grundstein/carmaker-workspace/ros2_ws/install/cmrosutils/lib/python3.11/site-packages'
[2.917s] Level 1:colcon.colcon_core.shell:create_environment_hook('cmrosutils', 'pythonpath')
[2.917s] INFO:colcon.colcon_core.shell:Creating environment hook '/home/ujglv/Dokumente/PSE/Grundstein/carmaker-workspace/ros2_ws/install/cmrosutils/share/cmrosutils/hook/pythonpath.ps1'
[2.920s] INFO:colcon.colcon_core.shell:Creating environment descriptor '/home/ujglv/Dokumente/PSE/Grundstein/carmaker-workspace/ros2_ws/install/cmrosutils/share/cmrosutils/hook/pythonpath.dsv'
[2.921s] INFO:colcon.colcon_core.shell:Creating environment hook '/home/ujglv/Dokumente/PSE/Grundstein/carmaker-workspace/ros2_ws/install/cmrosutils/share/cmrosutils/hook/pythonpath.sh'
[2.923s] Level 1:colcon.colcon_core.environment:checking '/home/ujglv/Dokumente/PSE/Grundstein/carmaker-workspace/ros2_ws/install/cmrosutils/bin'
[2.923s] INFO:colcon.colcon_core.shell:Creating package script '/home/ujglv/Dokumente/PSE/Grundstein/carmaker-workspace/ros2_ws/install/cmrosutils/share/cmrosutils/package.ps1'
[2.926s] INFO:colcon.colcon_core.shell:Creating package descriptor '/home/ujglv/Dokumente/PSE/Grundstein/carmaker-workspace/ros2_ws/install/cmrosutils/share/cmrosutils/package.dsv'
[2.930s] INFO:colcon.colcon_core.shell:Creating package script '/home/ujglv/Dokumente/PSE/Grundstein/carmaker-workspace/ros2_ws/install/cmrosutils/share/cmrosutils/package.sh'
[2.933s] INFO:colcon.colcon_core.shell:Creating package script '/home/ujglv/Dokumente/PSE/Grundstein/carmaker-workspace/ros2_ws/install/cmrosutils/share/cmrosutils/package.bash'
[2.935s] INFO:colcon.colcon_core.shell:Creating package script '/home/ujglv/Dokumente/PSE/Grundstein/carmaker-workspace/ros2_ws/install/cmrosutils/share/cmrosutils/package.zsh'
[2.937s] Level 1:colcon.colcon_core.environment:create_file_with_runtime_dependencies(/home/ujglv/Dokumente/PSE/Grundstein/carmaker-workspace/ros2_ws/install/cmrosutils/share/colcon-core/packages/cmrosutils)
[2.940s] Level 1:colcon.colcon_core.environment:create_environment_scripts_only(cmrosutils)
[2.940s] Level 1:colcon.colcon_core.environment:checking '/home/ujglv/Dokumente/PSE/Grundstein/carmaker-workspace/ros2_ws/install/cmrosutils' for CMake module files
[2.941s] Level 1:colcon.colcon_core.environment:checking '/home/ujglv/Dokumente/PSE/Grundstein/carmaker-workspace/ros2_ws/install/cmrosutils' for CMake config files
[2.942s] Level 1:colcon.colcon_core.shell:create_environment_hook('cmrosutils', 'cmake_prefix_path')
[2.943s] INFO:colcon.colcon_core.shell:Creating environment hook '/home/ujglv/Dokumente/PSE/Grundstein/carmaker-workspace/ros2_ws/install/cmrosutils/share/cmrosutils/hook/cmake_prefix_path.ps1'
[2.944s] INFO:colcon.colcon_core.shell:Creating environment descriptor '/home/ujglv/Dokumente/PSE/Grundstein/carmaker-workspace/ros2_ws/install/cmrosutils/share/cmrosutils/hook/cmake_prefix_path.dsv'
[2.948s] INFO:colcon.colcon_core.shell:Creating environment hook '/home/ujglv/Dokumente/PSE/Grundstein/carmaker-workspace/ros2_ws/install/cmrosutils/share/cmrosutils/hook/cmake_prefix_path.sh'
[2.952s] Level 1:colcon.colcon_core.environment:checking '/home/ujglv/Dokumente/PSE/Grundstein/carmaker-workspace/ros2_ws/install/cmrosutils/lib'
[2.952s] Level 1:colcon.colcon_core.shell:create_environment_hook('cmrosutils', 'ld_library_path_lib')
[2.952s] INFO:colcon.colcon_core.shell:Creating environment hook '/home/ujglv/Dokumente/PSE/Grundstein/carmaker-workspace/ros2_ws/install/cmrosutils/share/cmrosutils/hook/ld_library_path_lib.ps1'
[2.955s] INFO:colcon.colcon_core.shell:Creating environment descriptor '/home/ujglv/Dokumente/PSE/Grundstein/carmaker-workspace/ros2_ws/install/cmrosutils/share/cmrosutils/hook/ld_library_path_lib.dsv'
[2.958s] INFO:colcon.colcon_core.shell:Creating environment hook '/home/ujglv/Dokumente/PSE/Grundstein/carmaker-workspace/ros2_ws/install/cmrosutils/share/cmrosutils/hook/ld_library_path_lib.sh'
[2.960s] Level 1:colcon.colcon_core.environment:checking '/home/ujglv/Dokumente/PSE/Grundstein/carmaker-workspace/ros2_ws/install/cmrosutils/bin'
[2.960s] Level 1:colcon.colcon_core.environment:checking '/home/ujglv/Dokumente/PSE/Grundstein/carmaker-workspace/ros2_ws/install/cmrosutils/lib/pkgconfig/cmrosutils.pc'
[2.960s] Level 1:colcon.colcon_core.environment:checking '/home/ujglv/Dokumente/PSE/Grundstein/carmaker-workspace/ros2_ws/install/cmrosutils/lib/python3.11/site-packages'
[2.960s] Level 1:colcon.colcon_core.shell:create_environment_hook('cmrosutils', 'pythonpath')
[2.960s] INFO:colcon.colcon_core.shell:Creating environment hook '/home/ujglv/Dokumente/PSE/Grundstein/carmaker-workspace/ros2_ws/install/cmrosutils/share/cmrosutils/hook/pythonpath.ps1'
[2.962s] INFO:colcon.colcon_core.shell:Creating environment descriptor '/home/ujglv/Dokumente/PSE/Grundstein/carmaker-workspace/ros2_ws/install/cmrosutils/share/cmrosutils/hook/pythonpath.dsv'
[2.963s] INFO:colcon.colcon_core.shell:Creating environment hook '/home/ujglv/Dokumente/PSE/Grundstein/carmaker-workspace/ros2_ws/install/cmrosutils/share/cmrosutils/hook/pythonpath.sh'
[2.966s] Level 1:colcon.colcon_core.environment:checking '/home/ujglv/Dokumente/PSE/Grundstein/carmaker-workspace/ros2_ws/install/cmrosutils/bin'
[2.966s] INFO:colcon.colcon_core.shell:Creating package script '/home/ujglv/Dokumente/PSE/Grundstein/carmaker-workspace/ros2_ws/install/cmrosutils/share/cmrosutils/package.ps1'
[2.970s] INFO:colcon.colcon_core.shell:Creating package descriptor '/home/ujglv/Dokumente/PSE/Grundstein/carmaker-workspace/ros2_ws/install/cmrosutils/share/cmrosutils/package.dsv'
[2.972s] INFO:colcon.colcon_core.shell:Creating package script '/home/ujglv/Dokumente/PSE/Grundstein/carmaker-workspace/ros2_ws/install/cmrosutils/share/cmrosutils/package.sh'
[2.975s] INFO:colcon.colcon_core.shell:Creating package script '/home/ujglv/Dokumente/PSE/Grundstein/carmaker-workspace/ros2_ws/install/cmrosutils/share/cmrosutils/package.bash'
[2.977s] INFO:colcon.colcon_core.shell:Creating package script '/home/ujglv/Dokumente/PSE/Grundstein/carmaker-workspace/ros2_ws/install/cmrosutils/share/cmrosutils/package.zsh'
[2.978s] Level 1:colcon.colcon_core.environment:create_file_with_runtime_dependencies(/home/ujglv/Dokumente/PSE/Grundstein/carmaker-workspace/ros2_ws/install/cmrosutils/share/colcon-core/packages/cmrosutils)
[2.999s] Level 1:colcon.colcon_core.environment:create_environment_scripts_only(cm_msgs)
[2.999s] Level 1:colcon.colcon_core.environment:checking '/home/ujglv/Dokumente/PSE/Grundstein/carmaker-workspace/ros2_ws/install/cm_msgs' for CMake module files
[2.999s] DEBUG:colcon.colcon_core.event_handler.log_command:Invoked command in '/home/ujglv/Dokumente/PSE/Grundstein/carmaker-workspace/ros2_ws/build/cm_msgs' returned '0': CMAKE_PREFIX_PATH=/opt/ros/humble DEBUGINFOD_URLS=https://debuginfod.centos.org/ SHLVL=7 VIRTUAL_ENV_PROMPT=(.env) VSCODE_ENV_PREPEND=PATH=/home/ujglv/.vscode/extensions/ms-python.python-2025.8.0-linux-x64/python_files/deactivate/bash\x3a/home/ujglv/Dokumente/PSE/Grundstein/carmaker-workspace/.env/bin\x3a:PS1=(.env) VSCODE_ENV_REPLACE=VIRTUAL_ENV=/home/ujglv/Dokumente/PSE/Grundstein/carmaker-workspace/.env:VIRTUAL_ENV_PROMPT=(.env) _=/usr/bin/env /usr/bin/cmake --install /home/ujglv/Dokumente/PSE/Grundstein/carmaker-workspace/ros2_ws/build/cm_msgs
[3.006s] Level 1:colcon.colcon_core.environment:checking '/home/ujglv/Dokumente/PSE/Grundstein/carmaker-workspace/ros2_ws/install/cm_msgs' for CMake config files
[3.013s] Level 1:colcon.colcon_core.shell:create_environment_hook('cm_msgs', 'cmake_prefix_path')
[3.013s] INFO:colcon.colcon_core.shell:Creating environment hook '/home/ujglv/Dokumente/PSE/Grundstein/carmaker-workspace/ros2_ws/install/cm_msgs/share/cm_msgs/hook/cmake_prefix_path.ps1'
[3.015s] INFO:colcon.colcon_core.shell:Creating environment descriptor '/home/ujglv/Dokumente/PSE/Grundstein/carmaker-workspace/ros2_ws/install/cm_msgs/share/cm_msgs/hook/cmake_prefix_path.dsv'
[3.017s] INFO:colcon.colcon_core.shell:Creating environment hook '/home/ujglv/Dokumente/PSE/Grundstein/carmaker-workspace/ros2_ws/install/cm_msgs/share/cm_msgs/hook/cmake_prefix_path.sh'
[3.020s] Level 1:colcon.colcon_core.environment:checking '/home/ujglv/Dokumente/PSE/Grundstein/carmaker-workspace/ros2_ws/install/cm_msgs/lib'
[3.021s] Level 1:colcon.colcon_core.shell:create_environment_hook('cm_msgs', 'ld_library_path_lib')
[3.021s] INFO:colcon.colcon_core.shell:Creating environment hook '/home/ujglv/Dokumente/PSE/Grundstein/carmaker-workspace/ros2_ws/install/cm_msgs/share/cm_msgs/hook/ld_library_path_lib.ps1'
[3.022s] INFO:colcon.colcon_core.shell:Creating environment descriptor '/home/ujglv/Dokumente/PSE/Grundstein/carmaker-workspace/ros2_ws/install/cm_msgs/share/cm_msgs/hook/ld_library_path_lib.dsv'
[3.024s] INFO:colcon.colcon_core.shell:Creating environment hook '/home/ujglv/Dokumente/PSE/Grundstein/carmaker-workspace/ros2_ws/install/cm_msgs/share/cm_msgs/hook/ld_library_path_lib.sh'
[3.026s] Level 1:colcon.colcon_core.environment:checking '/home/ujglv/Dokumente/PSE/Grundstein/carmaker-workspace/ros2_ws/install/cm_msgs/bin'
[3.026s] Level 1:colcon.colcon_core.environment:checking '/home/ujglv/Dokumente/PSE/Grundstein/carmaker-workspace/ros2_ws/install/cm_msgs/lib/pkgconfig/cm_msgs.pc'
[3.026s] Level 1:colcon.colcon_core.environment:checking '/home/ujglv/Dokumente/PSE/Grundstein/carmaker-workspace/ros2_ws/install/cm_msgs/lib/python3.11/site-packages'
[3.026s] Level 1:colcon.colcon_core.shell:create_environment_hook('cm_msgs', 'pythonpath')
[3.026s] INFO:colcon.colcon_core.shell:Creating environment hook '/home/ujglv/Dokumente/PSE/Grundstein/carmaker-workspace/ros2_ws/install/cm_msgs/share/cm_msgs/hook/pythonpath.ps1'
[3.028s] INFO:colcon.colcon_core.shell:Creating environment descriptor '/home/ujglv/Dokumente/PSE/Grundstein/carmaker-workspace/ros2_ws/install/cm_msgs/share/cm_msgs/hook/pythonpath.dsv'
[3.029s] INFO:colcon.colcon_core.shell:Creating environment hook '/home/ujglv/Dokumente/PSE/Grundstein/carmaker-workspace/ros2_ws/install/cm_msgs/share/cm_msgs/hook/pythonpath.sh'
[3.031s] Level 1:colcon.colcon_core.environment:checking '/home/ujglv/Dokumente/PSE/Grundstein/carmaker-workspace/ros2_ws/install/cm_msgs/bin'
[3.032s] INFO:colcon.colcon_core.shell:Creating package script '/home/ujglv/Dokumente/PSE/Grundstein/carmaker-workspace/ros2_ws/install/cm_msgs/share/cm_msgs/package.ps1'
[3.033s] INFO:colcon.colcon_core.shell:Creating package descriptor '/home/ujglv/Dokumente/PSE/Grundstein/carmaker-workspace/ros2_ws/install/cm_msgs/share/cm_msgs/package.dsv'
[3.037s] INFO:colcon.colcon_core.shell:Creating package script '/home/ujglv/Dokumente/PSE/Grundstein/carmaker-workspace/ros2_ws/install/cm_msgs/share/cm_msgs/package.sh'
[3.041s] INFO:colcon.colcon_core.shell:Creating package script '/home/ujglv/Dokumente/PSE/Grundstein/carmaker-workspace/ros2_ws/install/cm_msgs/share/cm_msgs/package.bash'
[3.044s] INFO:colcon.colcon_core.shell:Creating package script '/home/ujglv/Dokumente/PSE/Grundstein/carmaker-workspace/ros2_ws/install/cm_msgs/share/cm_msgs/package.zsh'
[3.046s] Level 1:colcon.colcon_core.environment:create_file_with_runtime_dependencies(/home/ujglv/Dokumente/PSE/Grundstein/carmaker-workspace/ros2_ws/install/cm_msgs/share/colcon-core/packages/cm_msgs)
[3.049s] Level 1:colcon.colcon_core.environment:create_environment_scripts_only(cm_msgs)
[3.049s] Level 1:colcon.colcon_core.environment:checking '/home/ujglv/Dokumente/PSE/Grundstein/carmaker-workspace/ros2_ws/install/cm_msgs' for CMake module files
[3.050s] Level 1:colcon.colcon_core.environment:checking '/home/ujglv/Dokumente/PSE/Grundstein/carmaker-workspace/ros2_ws/install/cm_msgs' for CMake config files
[3.053s] Level 1:colcon.colcon_core.shell:create_environment_hook('cm_msgs', 'cmake_prefix_path')
[3.053s] INFO:colcon.colcon_core.shell:Creating environment hook '/home/ujglv/Dokumente/PSE/Grundstein/carmaker-workspace/ros2_ws/install/cm_msgs/share/cm_msgs/hook/cmake_prefix_path.ps1'
[3.055s] INFO:colcon.colcon_core.shell:Creating environment descriptor '/home/ujglv/Dokumente/PSE/Grundstein/carmaker-workspace/ros2_ws/install/cm_msgs/share/cm_msgs/hook/cmake_prefix_path.dsv'
[3.056s] INFO:colcon.colcon_core.shell:Creating environment hook '/home/ujglv/Dokumente/PSE/Grundstein/carmaker-workspace/ros2_ws/install/cm_msgs/share/cm_msgs/hook/cmake_prefix_path.sh'
[3.058s] Level 1:colcon.colcon_core.environment:checking '/home/ujglv/Dokumente/PSE/Grundstein/carmaker-workspace/ros2_ws/install/cm_msgs/lib'
[3.058s] Level 1:colcon.colcon_core.shell:create_environment_hook('cm_msgs', 'ld_library_path_lib')
[3.058s] INFO:colcon.colcon_core.shell:Creating environment hook '/home/ujglv/Dokumente/PSE/Grundstein/carmaker-workspace/ros2_ws/install/cm_msgs/share/cm_msgs/hook/ld_library_path_lib.ps1'
[3.060s] INFO:colcon.colcon_core.shell:Creating environment descriptor '/home/ujglv/Dokumente/PSE/Grundstein/carmaker-workspace/ros2_ws/install/cm_msgs/share/cm_msgs/hook/ld_library_path_lib.dsv'
[3.062s] INFO:colcon.colcon_core.shell:Creating environment hook '/home/ujglv/Dokumente/PSE/Grundstein/carmaker-workspace/ros2_ws/install/cm_msgs/share/cm_msgs/hook/ld_library_path_lib.sh'
[3.063s] Level 1:colcon.colcon_core.environment:checking '/home/ujglv/Dokumente/PSE/Grundstein/carmaker-workspace/ros2_ws/install/cm_msgs/bin'
[3.063s] Level 1:colcon.colcon_core.environment:checking '/home/ujglv/Dokumente/PSE/Grundstein/carmaker-workspace/ros2_ws/install/cm_msgs/lib/pkgconfig/cm_msgs.pc'
[3.063s] Level 1:colcon.colcon_core.environment:checking '/home/ujglv/Dokumente/PSE/Grundstein/carmaker-workspace/ros2_ws/install/cm_msgs/lib/python3.11/site-packages'
[3.063s] Level 1:colcon.colcon_core.shell:create_environment_hook('cm_msgs', 'pythonpath')
[3.063s] INFO:colcon.colcon_core.shell:Creating environment hook '/home/ujglv/Dokumente/PSE/Grundstein/carmaker-workspace/ros2_ws/install/cm_msgs/share/cm_msgs/hook/pythonpath.ps1'
[3.065s] INFO:colcon.colcon_core.shell:Creating environment descriptor '/home/ujglv/Dokumente/PSE/Grundstein/carmaker-workspace/ros2_ws/install/cm_msgs/share/cm_msgs/hook/pythonpath.dsv'
[3.066s] INFO:colcon.colcon_core.shell:Creating environment hook '/home/ujglv/Dokumente/PSE/Grundstein/carmaker-workspace/ros2_ws/install/cm_msgs/share/cm_msgs/hook/pythonpath.sh'
[3.068s] Level 1:colcon.colcon_core.environment:checking '/home/ujglv/Dokumente/PSE/Grundstein/carmaker-workspace/ros2_ws/install/cm_msgs/bin'
[3.068s] INFO:colcon.colcon_core.shell:Creating package script '/home/ujglv/Dokumente/PSE/Grundstein/carmaker-workspace/ros2_ws/install/cm_msgs/share/cm_msgs/package.ps1'
[3.070s] INFO:colcon.colcon_core.shell:Creating package descriptor '/home/ujglv/Dokumente/PSE/Grundstein/carmaker-workspace/ros2_ws/install/cm_msgs/share/cm_msgs/package.dsv'
[3.072s] INFO:colcon.colcon_core.shell:Creating package script '/home/ujglv/Dokumente/PSE/Grundstein/carmaker-workspace/ros2_ws/install/cm_msgs/share/cm_msgs/package.sh'
[3.074s] INFO:colcon.colcon_core.shell:Creating package script '/home/ujglv/Dokumente/PSE/Grundstein/carmaker-workspace/ros2_ws/install/cm_msgs/share/cm_msgs/package.bash'
[3.076s] INFO:colcon.colcon_core.shell:Creating package script '/home/ujglv/Dokumente/PSE/Grundstein/carmaker-workspace/ros2_ws/install/cm_msgs/share/cm_msgs/package.zsh'
[3.083s] Level 1:colcon.colcon_core.environment:create_file_with_runtime_dependencies(/home/ujglv/Dokumente/PSE/Grundstein/carmaker-workspace/ros2_ws/install/cm_msgs/share/colcon-core/packages/cm_msgs)
[3.087s] INFO:colcon.colcon_ros.task.ament_cmake.build:Building ROS package in '/home/ujglv/Dokumente/PSE/Grundstein/carmaker-workspace/ros2_ws/src/cm_ros_if' with build type 'ament_cmake'
[3.087s] INFO:colcon.colcon_cmake.task.cmake.build:Building CMake package in '/home/ujglv/Dokumente/PSE/Grundstein/carmaker-workspace/ros2_ws/src/cm_ros_if'
[3.087s] INFO:colcon.colcon_core.shell:Skip shell extension 'powershell' for command environment: Not usable outside of PowerShell
[3.087s] DEBUG:colcon.colcon_core.shell:Skip shell extension 'dsv' for command environment
[3.095s] INFO:colcon.colcon_ros.task.ament_cmake.build:Building ROS package in '/home/ujglv/Dokumente/PSE/Grundstein/carmaker-workspace/ros2_ws/src/pse_aeb' with build type 'ament_cmake'
[3.096s] INFO:colcon.colcon_cmake.task.cmake.build:Building CMake package in '/home/ujglv/Dokumente/PSE/Grundstein/carmaker-workspace/ros2_ws/src/pse_aeb'
[3.096s] INFO:colcon.colcon_core.shell:Skip shell extension 'powershell' for command environment: Not usable outside of PowerShell
[3.096s] DEBUG:colcon.colcon_core.shell:Skip shell extension 'dsv' for command environment
[3.153s] DEBUG:colcon.colcon_core.event_handler.log_command:Invoking command in '/home/ujglv/Dokumente/PSE/Grundstein/carmaker-workspace/ros2_ws/build/pse_aeb': AMENT_PREFIX_PATH=/home/ujglv/Dokumente/PSE/Grundstein/carmaker-workspace/ros2_ws/install/cm_msgs:${AMENT_PREFIX_PATH} CMAKE_PREFIX_PATH=/home/ujglv/Dokumente/PSE/Grundstein/carmaker-workspace/ros2_ws/install/cm_msgs:/opt/ros/humble DEBUGINFOD_URLS=https://debuginfod.centos.org/ LD_LIBRARY_PATH=/home/ujglv/Dokumente/PSE/Grundstein/carmaker-workspace/ros2_ws/install/cm_msgs/lib:${LD_LIBRARY_PATH} PYTHONPATH=/home/ujglv/Dokumente/PSE/Grundstein/carmaker-workspace/ros2_ws/install/cm_msgs/lib/python3.11/site-packages:${PYTHONPATH} SHLVL=7 VIRTUAL_ENV_PROMPT=(.env) VSCODE_ENV_PREPEND=PATH=/home/ujglv/.vscode/extensions/ms-python.python-2025.8.0-linux-x64/python_files/deactivate/bash\x3a/home/ujglv/Dokumente/PSE/Grundstein/carmaker-workspace/.env/bin\x3a:PS1=(.env) VSCODE_ENV_REPLACE=VIRTUAL_ENV=/home/ujglv/Dokumente/PSE/Grundstein/carmaker-workspace/.env:VIRTUAL_ENV_PROMPT=(.env) _=/usr/bin/env /usr/bin/cmake --build /home/ujglv/Dokumente/PSE/Grundstein/carmaker-workspace/ros2_ws/build/pse_aeb -- -j6 -l6
[3.201s] DEBUG:colcon.colcon_core.event_handler.log_command:Invoking command in '/home/ujglv/Dokumente/PSE/Grundstein/carmaker-workspace/ros2_ws/build/cm_ros_if': AMENT_PREFIX_PATH=/home/ujglv/Dokumente/PSE/Grundstein/carmaker-workspace/ros2_ws/install/cmrosutils:/home/ujglv/Dokumente/PSE/Grundstein/carmaker-workspace/ros2_ws/install/cm_msgs:${AMENT_PREFIX_PATH} CMAKE_PREFIX_PATH=/home/ujglv/Dokumente/PSE/Grundstein/carmaker-workspace/ros2_ws/install/cmrosutils:/home/ujglv/Dokumente/PSE/Grundstein/carmaker-workspace/ros2_ws/install/cm_msgs:/opt/ros/humble DEBUGINFOD_URLS=https://debuginfod.centos.org/ LD_LIBRARY_PATH=/home/ujglv/Dokumente/PSE/Grundstein/carmaker-workspace/ros2_ws/install/cmrosutils/lib:/home/ujglv/Dokumente/PSE/Grundstein/carmaker-workspace/ros2_ws/install/cm_msgs/lib:${LD_LIBRARY_PATH} PYTHONPATH=/home/ujglv/Dokumente/PSE/Grundstein/carmaker-workspace/ros2_ws/install/cmrosutils/lib/python3.11/site-packages:/home/ujglv/Dokumente/PSE/Grundstein/carmaker-workspace/ros2_ws/install/cm_msgs/lib/python3.11/site-packages:${PYTHONPATH} SHLVL=7 VIRTUAL_ENV_PROMPT=(.env) VSCODE_ENV_PREPEND=PATH=/home/ujglv/.vscode/extensions/ms-python.python-2025.8.0-linux-x64/python_files/deactivate/bash\x3a/home/ujglv/Dokumente/PSE/Grundstein/carmaker-workspace/.env/bin\x3a:PS1=(.env) VSCODE_ENV_REPLACE=VIRTUAL_ENV=/home/ujglv/Dokumente/PSE/Grundstein/carmaker-workspace/.env:VIRTUAL_ENV_PROMPT=(.env) _=/usr/bin/env /usr/bin/cmake --build /home/ujglv/Dokumente/PSE/Grundstein/carmaker-workspace/ros2_ws/build/cm_ros_if -- -j6 -l6
[3.470s] DEBUG:colcon.colcon_core.event_handler.log_command:Invoked command in '/home/ujglv/Dokumente/PSE/Grundstein/carmaker-workspace/ros2_ws/build/pse_aeb' returned '0': AMENT_PREFIX_PATH=/home/ujglv/Dokumente/PSE/Grundstein/carmaker-workspace/ros2_ws/install/cm_msgs:${AMENT_PREFIX_PATH} CMAKE_PREFIX_PATH=/home/ujglv/Dokumente/PSE/Grundstein/carmaker-workspace/ros2_ws/install/cm_msgs:/opt/ros/humble DEBUGINFOD_URLS=https://debuginfod.centos.org/ LD_LIBRARY_PATH=/home/ujglv/Dokumente/PSE/Grundstein/carmaker-workspace/ros2_ws/install/cm_msgs/lib:${LD_LIBRARY_PATH} PYTHONPATH=/home/ujglv/Dokumente/PSE/Grundstein/carmaker-workspace/ros2_ws/install/cm_msgs/lib/python3.11/site-packages:${PYTHONPATH} SHLVL=7 VIRTUAL_ENV_PROMPT=(.env) VSCODE_ENV_PREPEND=PATH=/home/ujglv/.vscode/extensions/ms-python.python-2025.8.0-linux-x64/python_files/deactivate/bash\x3a/home/ujglv/Dokumente/PSE/Grundstein/carmaker-workspace/.env/bin\x3a:PS1=(.env) VSCODE_ENV_REPLACE=VIRTUAL_ENV=/home/ujglv/Dokumente/PSE/Grundstein/carmaker-workspace/.env:VIRTUAL_ENV_PROMPT=(.env) _=/usr/bin/env /usr/bin/cmake --build /home/ujglv/Dokumente/PSE/Grundstein/carmaker-workspace/ros2_ws/build/pse_aeb -- -j6 -l6
[3.473s] DEBUG:colcon.colcon_core.event_handler.log_command:Invoking command in '/home/ujglv/Dokumente/PSE/Grundstein/carmaker-workspace/ros2_ws/build/pse_aeb': AMENT_PREFIX_PATH=/home/ujglv/Dokumente/PSE/Grundstein/carmaker-workspace/ros2_ws/install/cm_msgs:${AMENT_PREFIX_PATH} CMAKE_PREFIX_PATH=/home/ujglv/Dokumente/PSE/Grundstein/carmaker-workspace/ros2_ws/install/cm_msgs:/opt/ros/humble DEBUGINFOD_URLS=https://debuginfod.centos.org/ LD_LIBRARY_PATH=/home/ujglv/Dokumente/PSE/Grundstein/carmaker-workspace/ros2_ws/install/cm_msgs/lib:${LD_LIBRARY_PATH} PYTHONPATH=/home/ujglv/Dokumente/PSE/Grundstein/carmaker-workspace/ros2_ws/install/cm_msgs/lib/python3.11/site-packages:${PYTHONPATH} SHLVL=7 VIRTUAL_ENV_PROMPT=(.env) VSCODE_ENV_PREPEND=PATH=/home/ujglv/.vscode/extensions/ms-python.python-2025.8.0-linux-x64/python_files/deactivate/bash\x3a/home/ujglv/Dokumente/PSE/Grundstein/carmaker-workspace/.env/bin\x3a:PS1=(.env) VSCODE_ENV_REPLACE=VIRTUAL_ENV=/home/ujglv/Dokumente/PSE/Grundstein/carmaker-workspace/.env:VIRTUAL_ENV_PROMPT=(.env) _=/usr/bin/env /usr/bin/cmake --install /home/ujglv/Dokumente/PSE/Grundstein/carmaker-workspace/ros2_ws/build/pse_aeb
[3.679s] Level 1:colcon.colcon_core.environment:create_environment_scripts_only(pse_aeb)
[3.679s] Level 1:colcon.colcon_core.environment:checking '/home/ujglv/Dokumente/PSE/Grundstein/carmaker-workspace/ros2_ws/install/pse_aeb' for CMake module files
[3.680s] DEBUG:colcon.colcon_core.event_handler.log_command:Invoked command in '/home/ujglv/Dokumente/PSE/Grundstein/carmaker-workspace/ros2_ws/build/pse_aeb' returned '0': AMENT_PREFIX_PATH=/home/ujglv/Dokumente/PSE/Grundstein/carmaker-workspace/ros2_ws/install/cm_msgs:${AMENT_PREFIX_PATH} CMAKE_PREFIX_PATH=/home/ujglv/Dokumente/PSE/Grundstein/carmaker-workspace/ros2_ws/install/cm_msgs:/opt/ros/humble DEBUGINFOD_URLS=https://debuginfod.centos.org/ LD_LIBRARY_PATH=/home/ujglv/Dokumente/PSE/Grundstein/carmaker-workspace/ros2_ws/install/cm_msgs/lib:${LD_LIBRARY_PATH} PYTHONPATH=/home/ujglv/Dokumente/PSE/Grundstein/carmaker-workspace/ros2_ws/install/cm_msgs/lib/python3.11/site-packages:${PYTHONPATH} SHLVL=7 VIRTUAL_ENV_PROMPT=(.env) VSCODE_ENV_PREPEND=PATH=/home/ujglv/.vscode/extensions/ms-python.python-2025.8.0-linux-x64/python_files/deactivate/bash\x3a/home/ujglv/Dokumente/PSE/Grundstein/carmaker-workspace/.env/bin\x3a:PS1=(.env) VSCODE_ENV_REPLACE=VIRTUAL_ENV=/home/ujglv/Dokumente/PSE/Grundstein/carmaker-workspace/.env:VIRTUAL_ENV_PROMPT=(.env) _=/usr/bin/env /usr/bin/cmake --install /home/ujglv/Dokumente/PSE/Grundstein/carmaker-workspace/ros2_ws/build/pse_aeb
[3.682s] Level 1:colcon.colcon_core.environment:checking '/home/ujglv/Dokumente/PSE/Grundstein/carmaker-workspace/ros2_ws/install/pse_aeb' for CMake config files
[3.683s] Level 1:colcon.colcon_core.shell:create_environment_hook('pse_aeb', 'cmake_prefix_path')
[3.683s] INFO:colcon.colcon_core.shell:Creating environment hook '/home/ujglv/Dokumente/PSE/Grundstein/carmaker-workspace/ros2_ws/install/pse_aeb/share/pse_aeb/hook/cmake_prefix_path.ps1'
[3.686s] INFO:colcon.colcon_core.shell:Creating environment descriptor '/home/ujglv/Dokumente/PSE/Grundstein/carmaker-workspace/ros2_ws/install/pse_aeb/share/pse_aeb/hook/cmake_prefix_path.dsv'
[3.688s] INFO:colcon.colcon_core.shell:Creating environment hook '/home/ujglv/Dokumente/PSE/Grundstein/carmaker-workspace/ros2_ws/install/pse_aeb/share/pse_aeb/hook/cmake_prefix_path.sh'
[3.691s] Level 1:colcon.colcon_core.environment:checking '/home/ujglv/Dokumente/PSE/Grundstein/carmaker-workspace/ros2_ws/install/pse_aeb/lib'
[3.691s] Level 1:colcon.colcon_core.environment:checking '/home/ujglv/Dokumente/PSE/Grundstein/carmaker-workspace/ros2_ws/install/pse_aeb/bin'
[3.691s] Level 1:colcon.colcon_core.environment:checking '/home/ujglv/Dokumente/PSE/Grundstein/carmaker-workspace/ros2_ws/install/pse_aeb/lib/pkgconfig/pse_aeb.pc'
[3.692s] Level 1:colcon.colcon_core.environment:checking '/home/ujglv/Dokumente/PSE/Grundstein/carmaker-workspace/ros2_ws/install/pse_aeb/lib/python3.11/site-packages'
[3.692s] Level 1:colcon.colcon_core.environment:checking '/home/ujglv/Dokumente/PSE/Grundstein/carmaker-workspace/ros2_ws/install/pse_aeb/bin'
[3.693s] INFO:colcon.colcon_core.shell:Creating package script '/home/ujglv/Dokumente/PSE/Grundstein/carmaker-workspace/ros2_ws/install/pse_aeb/share/pse_aeb/package.ps1'
[3.694s] INFO:colcon.colcon_core.shell:Creating package descriptor '/home/ujglv/Dokumente/PSE/Grundstein/carmaker-workspace/ros2_ws/install/pse_aeb/share/pse_aeb/package.dsv'
[3.696s] INFO:colcon.colcon_core.shell:Creating package script '/home/ujglv/Dokumente/PSE/Grundstein/carmaker-workspace/ros2_ws/install/pse_aeb/share/pse_aeb/package.sh'
[3.698s] INFO:colcon.colcon_core.shell:Creating package script '/home/ujglv/Dokumente/PSE/Grundstein/carmaker-workspace/ros2_ws/install/pse_aeb/share/pse_aeb/package.bash'
[3.701s] INFO:colcon.colcon_core.shell:Creating package script '/home/ujglv/Dokumente/PSE/Grundstein/carmaker-workspace/ros2_ws/install/pse_aeb/share/pse_aeb/package.zsh'
[3.702s] Level 1:colcon.colcon_core.environment:create_file_with_runtime_dependencies(/home/ujglv/Dokumente/PSE/Grundstein/carmaker-workspace/ros2_ws/install/pse_aeb/share/colcon-core/packages/pse_aeb)
[3.705s] Level 1:colcon.colcon_core.environment:create_environment_scripts_only(pse_aeb)
[3.705s] Level 1:colcon.colcon_core.environment:checking '/home/ujglv/Dokumente/PSE/Grundstein/carmaker-workspace/ros2_ws/install/pse_aeb' for CMake module files
[3.706s] Level 1:colcon.colcon_core.environment:checking '/home/ujglv/Dokumente/PSE/Grundstein/carmaker-workspace/ros2_ws/install/pse_aeb' for CMake config files
[3.707s] Level 1:colcon.colcon_core.shell:create_environment_hook('pse_aeb', 'cmake_prefix_path')
[3.707s] INFO:colcon.colcon_core.shell:Creating environment hook '/home/ujglv/Dokumente/PSE/Grundstein/carmaker-workspace/ros2_ws/install/pse_aeb/share/pse_aeb/hook/cmake_prefix_path.ps1'
[3.708s] INFO:colcon.colcon_core.shell:Creating environment descriptor '/home/ujglv/Dokumente/PSE/Grundstein/carmaker-workspace/ros2_ws/install/pse_aeb/share/pse_aeb/hook/cmake_prefix_path.dsv'
[3.710s] INFO:colcon.colcon_core.shell:Creating environment hook '/home/ujglv/Dokumente/PSE/Grundstein/carmaker-workspace/ros2_ws/install/pse_aeb/share/pse_aeb/hook/cmake_prefix_path.sh'
[3.712s] Level 1:colcon.colcon_core.environment:checking '/home/ujglv/Dokumente/PSE/Grundstein/carmaker-workspace/ros2_ws/install/pse_aeb/lib'
[3.712s] Level 1:colcon.colcon_core.environment:checking '/home/ujglv/Dokumente/PSE/Grundstein/carmaker-workspace/ros2_ws/install/pse_aeb/bin'
[3.712s] Level 1:colcon.colcon_core.environment:checking '/home/ujglv/Dokumente/PSE/Grundstein/carmaker-workspace/ros2_ws/install/pse_aeb/lib/pkgconfig/pse_aeb.pc'
[3.713s] Level 1:colcon.colcon_core.environment:checking '/home/ujglv/Dokumente/PSE/Grundstein/carmaker-workspace/ros2_ws/install/pse_aeb/lib/python3.11/site-packages'
[3.713s] Level 1:colcon.colcon_core.environment:checking '/home/ujglv/Dokumente/PSE/Grundstein/carmaker-workspace/ros2_ws/install/pse_aeb/bin'
[3.713s] INFO:colcon.colcon_core.shell:Creating package script '/home/ujglv/Dokumente/PSE/Grundstein/carmaker-workspace/ros2_ws/install/pse_aeb/share/pse_aeb/package.ps1'
[3.719s] INFO:colcon.colcon_core.shell:Creating package descriptor '/home/ujglv/Dokumente/PSE/Grundstein/carmaker-workspace/ros2_ws/install/pse_aeb/share/pse_aeb/package.dsv'
[3.721s] INFO:colcon.colcon_core.shell:Creating package script '/home/ujglv/Dokumente/PSE/Grundstein/carmaker-workspace/ros2_ws/install/pse_aeb/share/pse_aeb/package.sh'
[3.722s] INFO:colcon.colcon_core.shell:Creating package script '/home/ujglv/Dokumente/PSE/Grundstein/carmaker-workspace/ros2_ws/install/pse_aeb/share/pse_aeb/package.bash'
[3.724s] INFO:colcon.colcon_core.shell:Creating package script '/home/ujglv/Dokumente/PSE/Grundstein/carmaker-workspace/ros2_ws/install/pse_aeb/share/pse_aeb/package.zsh'
[3.726s] Level 1:colcon.colcon_core.environment:create_file_with_runtime_dependencies(/home/ujglv/Dokumente/PSE/Grundstein/carmaker-workspace/ros2_ws/install/pse_aeb/share/colcon-core/packages/pse_aeb)
[14.476s] DEBUG:colcon.colcon_core.event_handler.log_command:Invoked command in '/home/ujglv/Dokumente/PSE/Grundstein/carmaker-workspace/ros2_ws/build/cm_ros_if' returned '0': AMENT_PREFIX_PATH=/home/ujglv/Dokumente/PSE/Grundstein/carmaker-workspace/ros2_ws/install/cmrosutils:/home/ujglv/Dokumente/PSE/Grundstein/carmaker-workspace/ros2_ws/install/cm_msgs:${AMENT_PREFIX_PATH} CMAKE_PREFIX_PATH=/home/ujglv/Dokumente/PSE/Grundstein/carmaker-workspace/ros2_ws/install/cmrosutils:/home/ujglv/Dokumente/PSE/Grundstein/carmaker-workspace/ros2_ws/install/cm_msgs:/opt/ros/humble DEBUGINFOD_URLS=https://debuginfod.centos.org/ LD_LIBRARY_PATH=/home/ujglv/Dokumente/PSE/Grundstein/carmaker-workspace/ros2_ws/install/cmrosutils/lib:/home/ujglv/Dokumente/PSE/Grundstein/carmaker-workspace/ros2_ws/install/cm_msgs/lib:${LD_LIBRARY_PATH} PYTHONPATH=/home/ujglv/Dokumente/PSE/Grundstein/carmaker-workspace/ros2_ws/install/cmrosutils/lib/python3.11/site-packages:/home/ujglv/Dokumente/PSE/Grundstein/carmaker-workspace/ros2_ws/install/cm_msgs/lib/python3.11/site-packages:${PYTHONPATH} SHLVL=7 VIRTUAL_ENV_PROMPT=(.env) VSCODE_ENV_PREPEND=PATH=/home/ujglv/.vscode/extensions/ms-python.python-2025.8.0-linux-x64/python_files/deactivate/bash\x3a/home/ujglv/Dokumente/PSE/Grundstein/carmaker-workspace/.env/bin\x3a:PS1=(.env) VSCODE_ENV_REPLACE=VIRTUAL_ENV=/home/ujglv/Dokumente/PSE/Grundstein/carmaker-workspace/.env:VIRTUAL_ENV_PROMPT=(.env) _=/usr/bin/env /usr/bin/cmake --build /home/ujglv/Dokumente/PSE/Grundstein/carmaker-workspace/ros2_ws/build/cm_ros_if -- -j6 -l6
[14.479s] DEBUG:colcon.colcon_core.event_handler.log_command:Invoking command in '/home/ujglv/Dokumente/PSE/Grundstein/carmaker-workspace/ros2_ws/build/cm_ros_if': AMENT_PREFIX_PATH=/home/ujglv/Dokumente/PSE/Grundstein/carmaker-workspace/ros2_ws/install/cmrosutils:/home/ujglv/Dokumente/PSE/Grundstein/carmaker-workspace/ros2_ws/install/cm_msgs:${AMENT_PREFIX_PATH} CMAKE_PREFIX_PATH=/home/ujglv/Dokumente/PSE/Grundstein/carmaker-workspace/ros2_ws/install/cmrosutils:/home/ujglv/Dokumente/PSE/Grundstein/carmaker-workspace/ros2_ws/install/cm_msgs:/opt/ros/humble DEBUGINFOD_URLS=https://debuginfod.centos.org/ LD_LIBRARY_PATH=/home/ujglv/Dokumente/PSE/Grundstein/carmaker-workspace/ros2_ws/install/cmrosutils/lib:/home/ujglv/Dokumente/PSE/Grundstein/carmaker-workspace/ros2_ws/install/cm_msgs/lib:${LD_LIBRARY_PATH} PYTHONPATH=/home/ujglv/Dokumente/PSE/Grundstein/carmaker-workspace/ros2_ws/install/cmrosutils/lib/python3.11/site-packages:/home/ujglv/Dokumente/PSE/Grundstein/carmaker-workspace/ros2_ws/install/cm_msgs/lib/python3.11/site-packages:${PYTHONPATH} SHLVL=7 VIRTUAL_ENV_PROMPT=(.env) VSCODE_ENV_PREPEND=PATH=/home/ujglv/.vscode/extensions/ms-python.python-2025.8.0-linux-x64/python_files/deactivate/bash\x3a/home/ujglv/Dokumente/PSE/Grundstein/carmaker-workspace/.env/bin\x3a:PS1=(.env) VSCODE_ENV_REPLACE=VIRTUAL_ENV=/home/ujglv/Dokumente/PSE/Grundstein/carmaker-workspace/.env:VIRTUAL_ENV_PROMPT=(.env) _=/usr/bin/env /usr/bin/cmake --install /home/ujglv/Dokumente/PSE/Grundstein/carmaker-workspace/ros2_ws/build/cm_ros_if
[14.733s] Level 1:colcon.colcon_core.environment:create_environment_scripts_only(cm_ros_if)
[14.733s] Level 1:colcon.colcon_core.environment:checking '/home/ujglv/Dokumente/PSE/Grundstein/carmaker-workspace/ros2_ws/install/cm_ros_if' for CMake module files
[14.734s] DEBUG:colcon.colcon_core.event_handler.log_command:Invoked command in '/home/ujglv/Dokumente/PSE/Grundstein/carmaker-workspace/ros2_ws/build/cm_ros_if' returned '0': AMENT_PREFIX_PATH=/home/ujglv/Dokumente/PSE/Grundstein/carmaker-workspace/ros2_ws/install/cmrosutils:/home/ujglv/Dokumente/PSE/Grundstein/carmaker-workspace/ros2_ws/install/cm_msgs:${AMENT_PREFIX_PATH} CMAKE_PREFIX_PATH=/home/ujglv/Dokumente/PSE/Grundstein/carmaker-workspace/ros2_ws/install/cmrosutils:/home/ujglv/Dokumente/PSE/Grundstein/carmaker-workspace/ros2_ws/install/cm_msgs:/opt/ros/humble DEBUGINFOD_URLS=https://debuginfod.centos.org/ LD_LIBRARY_PATH=/home/ujglv/Dokumente/PSE/Grundstein/carmaker-workspace/ros2_ws/install/cmrosutils/lib:/home/ujglv/Dokumente/PSE/Grundstein/carmaker-workspace/ros2_ws/install/cm_msgs/lib:${LD_LIBRARY_PATH} PYTHONPATH=/home/ujglv/Dokumente/PSE/Grundstein/carmaker-workspace/ros2_ws/install/cmrosutils/lib/python3.11/site-packages:/home/ujglv/Dokumente/PSE/Grundstein/carmaker-workspace/ros2_ws/install/cm_msgs/lib/python3.11/site-packages:${PYTHONPATH} SHLVL=7 VIRTUAL_ENV_PROMPT=(.env) VSCODE_ENV_PREPEND=PATH=/home/ujglv/.vscode/extensions/ms-python.python-2025.8.0-linux-x64/python_files/deactivate/bash\x3a/home/ujglv/Dokumente/PSE/Grundstein/carmaker-workspace/.env/bin\x3a:PS1=(.env) VSCODE_ENV_REPLACE=VIRTUAL_ENV=/home/ujglv/Dokumente/PSE/Grundstein/carmaker-workspace/.env:VIRTUAL_ENV_PROMPT=(.env) _=/usr/bin/env /usr/bin/cmake --install /home/ujglv/Dokumente/PSE/Grundstein/carmaker-workspace/ros2_ws/build/cm_ros_if
[14.738s] Level 1:colcon.colcon_core.environment:checking '/home/ujglv/Dokumente/PSE/Grundstein/carmaker-workspace/ros2_ws/install/cm_ros_if' for CMake config files
[14.740s] Level 1:colcon.colcon_core.shell:create_environment_hook('cm_ros_if', 'cmake_prefix_path')
[14.741s] INFO:colcon.colcon_core.shell:Creating environment hook '/home/ujglv/Dokumente/PSE/Grundstein/carmaker-workspace/ros2_ws/install/cm_ros_if/share/cm_ros_if/hook/cmake_prefix_path.ps1'
[14.743s] INFO:colcon.colcon_core.shell:Creating environment descriptor '/home/ujglv/Dokumente/PSE/Grundstein/carmaker-workspace/ros2_ws/install/cm_ros_if/share/cm_ros_if/hook/cmake_prefix_path.dsv'
[14.747s] INFO:colcon.colcon_core.shell:Creating environment hook '/home/ujglv/Dokumente/PSE/Grundstein/carmaker-workspace/ros2_ws/install/cm_ros_if/share/cm_ros_if/hook/cmake_prefix_path.sh'
[14.751s] Level 1:colcon.colcon_core.environment:checking '/home/ujglv/Dokumente/PSE/Grundstein/carmaker-workspace/ros2_ws/install/cm_ros_if/lib'
[14.751s] Level 1:colcon.colcon_core.shell:create_environment_hook('cm_ros_if', 'ld_library_path_lib')
[14.751s] INFO:colcon.colcon_core.shell:Creating environment hook '/home/ujglv/Dokumente/PSE/Grundstein/carmaker-workspace/ros2_ws/install/cm_ros_if/share/cm_ros_if/hook/ld_library_path_lib.ps1'
[14.752s] INFO:colcon.colcon_core.shell:Creating environment descriptor '/home/ujglv/Dokumente/PSE/Grundstein/carmaker-workspace/ros2_ws/install/cm_ros_if/share/cm_ros_if/hook/ld_library_path_lib.dsv'
[14.759s] INFO:colcon.colcon_core.shell:Creating environment hook '/home/ujglv/Dokumente/PSE/Grundstein/carmaker-workspace/ros2_ws/install/cm_ros_if/share/cm_ros_if/hook/ld_library_path_lib.sh'
[14.764s] Level 1:colcon.colcon_core.environment:checking '/home/ujglv/Dokumente/PSE/Grundstein/carmaker-workspace/ros2_ws/install/cm_ros_if/bin'
[14.764s] Level 1:colcon.colcon_core.environment:checking '/home/ujglv/Dokumente/PSE/Grundstein/carmaker-workspace/ros2_ws/install/cm_ros_if/lib/pkgconfig/cm_ros_if.pc'
[14.765s] Level 1:colcon.colcon_core.environment:checking '/home/ujglv/Dokumente/PSE/Grundstein/carmaker-workspace/ros2_ws/install/cm_ros_if/lib/python3.11/site-packages'
[14.765s] Level 1:colcon.colcon_core.environment:checking '/home/ujglv/Dokumente/PSE/Grundstein/carmaker-workspace/ros2_ws/install/cm_ros_if/bin'
[14.765s] INFO:colcon.colcon_core.shell:Creating package script '/home/ujglv/Dokumente/PSE/Grundstein/carmaker-workspace/ros2_ws/install/cm_ros_if/share/cm_ros_if/package.ps1'
[14.767s] INFO:colcon.colcon_core.shell:Creating package descriptor '/home/ujglv/Dokumente/PSE/Grundstein/carmaker-workspace/ros2_ws/install/cm_ros_if/share/cm_ros_if/package.dsv'
[14.769s] INFO:colcon.colcon_core.shell:Creating package script '/home/ujglv/Dokumente/PSE/Grundstein/carmaker-workspace/ros2_ws/install/cm_ros_if/share/cm_ros_if/package.sh'
[14.770s] INFO:colcon.colcon_core.shell:Creating package script '/home/ujglv/Dokumente/PSE/Grundstein/carmaker-workspace/ros2_ws/install/cm_ros_if/share/cm_ros_if/package.bash'
[14.776s] INFO:colcon.colcon_core.shell:Creating package script '/home/ujglv/Dokumente/PSE/Grundstein/carmaker-workspace/ros2_ws/install/cm_ros_if/share/cm_ros_if/package.zsh'
[14.780s] Level 1:colcon.colcon_core.environment:create_file_with_runtime_dependencies(/home/ujglv/Dokumente/PSE/Grundstein/carmaker-workspace/ros2_ws/install/cm_ros_if/share/colcon-core/packages/cm_ros_if)
[14.783s] Level 1:colcon.colcon_core.environment:create_environment_scripts_only(cm_ros_if)
[14.783s] Level 1:colcon.colcon_core.environment:checking '/home/ujglv/Dokumente/PSE/Grundstein/carmaker-workspace/ros2_ws/install/cm_ros_if' for CMake module files
[14.784s] Level 1:colcon.colcon_core.environment:checking '/home/ujglv/Dokumente/PSE/Grundstein/carmaker-workspace/ros2_ws/install/cm_ros_if' for CMake config files
[14.785s] Level 1:colcon.colcon_core.shell:create_environment_hook('cm_ros_if', 'cmake_prefix_path')
[14.785s] INFO:colcon.colcon_core.shell:Creating environment hook '/home/ujglv/Dokumente/PSE/Grundstein/carmaker-workspace/ros2_ws/install/cm_ros_if/share/cm_ros_if/hook/cmake_prefix_path.ps1'
[14.787s] INFO:colcon.colcon_core.shell:Creating environment descriptor '/home/ujglv/Dokumente/PSE/Grundstein/carmaker-workspace/ros2_ws/install/cm_ros_if/share/cm_ros_if/hook/cmake_prefix_path.dsv'
[14.789s] INFO:colcon.colcon_core.shell:Creating environment hook '/home/ujglv/Dokumente/PSE/Grundstein/carmaker-workspace/ros2_ws/install/cm_ros_if/share/cm_ros_if/hook/cmake_prefix_path.sh'
[14.790s] Level 1:colcon.colcon_core.environment:checking '/home/ujglv/Dokumente/PSE/Grundstein/carmaker-workspace/ros2_ws/install/cm_ros_if/lib'
[14.790s] Level 1:colcon.colcon_core.shell:create_environment_hook('cm_ros_if', 'ld_library_path_lib')
[14.791s] INFO:colcon.colcon_core.shell:Creating environment hook '/home/ujglv/Dokumente/PSE/Grundstein/carmaker-workspace/ros2_ws/install/cm_ros_if/share/cm_ros_if/hook/ld_library_path_lib.ps1'
[14.793s] INFO:colcon.colcon_core.shell:Creating environment descriptor '/home/ujglv/Dokumente/PSE/Grundstein/carmaker-workspace/ros2_ws/install/cm_ros_if/share/cm_ros_if/hook/ld_library_path_lib.dsv'
[14.794s] INFO:colcon.colcon_core.shell:Creating environment hook '/home/ujglv/Dokumente/PSE/Grundstein/carmaker-workspace/ros2_ws/install/cm_ros_if/share/cm_ros_if/hook/ld_library_path_lib.sh'
[14.796s] Level 1:colcon.colcon_core.environment:checking '/home/ujglv/Dokumente/PSE/Grundstein/carmaker-workspace/ros2_ws/install/cm_ros_if/bin'
[14.796s] Level 1:colcon.colcon_core.environment:checking '/home/ujglv/Dokumente/PSE/Grundstein/carmaker-workspace/ros2_ws/install/cm_ros_if/lib/pkgconfig/cm_ros_if.pc'
[14.796s] Level 1:colcon.colcon_core.environment:checking '/home/ujglv/Dokumente/PSE/Grundstein/carmaker-workspace/ros2_ws/install/cm_ros_if/lib/python3.11/site-packages'
[14.796s] Level 1:colcon.colcon_core.environment:checking '/home/ujglv/Dokumente/PSE/Grundstein/carmaker-workspace/ros2_ws/install/cm_ros_if/bin'
[14.797s] INFO:colcon.colcon_core.shell:Creating package script '/home/ujglv/Dokumente/PSE/Grundstein/carmaker-workspace/ros2_ws/install/cm_ros_if/share/cm_ros_if/package.ps1'
[14.798s] INFO:colcon.colcon_core.shell:Creating package descriptor '/home/ujglv/Dokumente/PSE/Grundstein/carmaker-workspace/ros2_ws/install/cm_ros_if/share/cm_ros_if/package.dsv'
[14.800s] INFO:colcon.colcon_core.shell:Creating package script '/home/ujglv/Dokumente/PSE/Grundstein/carmaker-workspace/ros2_ws/install/cm_ros_if/share/cm_ros_if/package.sh'
[14.802s] INFO:colcon.colcon_core.shell:Creating package script '/home/ujglv/Dokumente/PSE/Grundstein/carmaker-workspace/ros2_ws/install/cm_ros_if/share/cm_ros_if/package.bash'
[14.803s] INFO:colcon.colcon_core.shell:Creating package script '/home/ujglv/Dokumente/PSE/Grundstein/carmaker-workspace/ros2_ws/install/cm_ros_if/share/cm_ros_if/package.zsh'
[14.805s] Level 1:colcon.colcon_core.environment:create_file_with_runtime_dependencies(/home/ujglv/Dokumente/PSE/Grundstein/carmaker-workspace/ros2_ws/install/cm_ros_if/share/colcon-core/packages/cm_ros_if)
[14.806s] DEBUG:colcon.colcon_parallel_executor.executor.parallel:closing loop
[14.806s] DEBUG:colcon.colcon_parallel_executor.executor.parallel:loop closed
[14.806s] DEBUG:colcon.colcon_parallel_executor.executor.parallel:run_until_complete finished with '0'
[14.806s] DEBUG:colcon.colcon_core.event_reactor:joining thread
[14.820s] INFO:colcon.colcon_core.plugin_system:Skipping extension 'colcon_notification.desktop_notification.notify2': 'notify2' not found
[14.820s] INFO:colcon.colcon_core.plugin_system:Skipping extension 'colcon_notification.desktop_notification.terminal_notifier': Not used on non-Darwin systems
[14.820s] INFO:colcon.colcon_core.plugin_system:Skipping extension 'colcon_notification.desktop_notification.win32': Not used on non-Windows systems
[14.820s] INFO:colcon.colcon_notification.desktop_notification:Sending desktop notification using 'notify_send'
[14.865s] DEBUG:colcon.colcon_core.event_reactor:joined thread
[14.865s] INFO:colcon.colcon_core.shell:Creating prefix script '/home/ujglv/Dokumente/PSE/Grundstein/carmaker-workspace/ros2_ws/install/local_setup.ps1'
[14.868s] INFO:colcon.colcon_core.shell:Creating prefix util module '/home/ujglv/Dokumente/PSE/Grundstein/carmaker-workspace/ros2_ws/install/_local_setup_util_ps1.py'
[14.870s] INFO:colcon.colcon_core.shell:Creating prefix chain script '/home/ujglv/Dokumente/PSE/Grundstein/carmaker-workspace/ros2_ws/install/setup.ps1'
[14.872s] INFO:colcon.colcon_core.shell:Creating prefix script '/home/ujglv/Dokumente/PSE/Grundstein/carmaker-workspace/ros2_ws/install/local_setup.sh'
[14.875s] INFO:colcon.colcon_core.shell:Creating prefix util module '/home/ujglv/Dokumente/PSE/Grundstein/carmaker-workspace/ros2_ws/install/_local_setup_util_sh.py'
[14.877s] INFO:colcon.colcon_core.shell:Creating prefix chain script '/home/ujglv/Dokumente/PSE/Grundstein/carmaker-workspace/ros2_ws/install/setup.sh'
[14.880s] INFO:colcon.colcon_core.shell:Creating prefix script '/home/ujglv/Dokumente/PSE/Grundstein/carmaker-workspace/ros2_ws/install/local_setup.bash'
[14.882s] INFO:colcon.colcon_core.shell:Creating prefix chain script '/home/ujglv/Dokumente/PSE/Grundstein/carmaker-workspace/ros2_ws/install/setup.bash'
[14.884s] INFO:colcon.colcon_core.shell:Creating prefix script '/home/ujglv/Dokumente/PSE/Grundstein/carmaker-workspace/ros2_ws/install/local_setup.zsh'
[14.895s] INFO:colcon.colcon_core.shell:Creating prefix chain script '/home/ujglv/Dokumente/PSE/Grundstein/carmaker-workspace/ros2_ws/install/setup.zsh'
