[  2%] Built target cm_msgs__cpp
[ 12%] Built target cm_msgs__rosidl_generator_c
[ 12%] Built target ament_cmake_python_copy_cm_msgs
[ 51%] Built target cm_msgs__rosidl_typesupport_introspection_c
[ 57%] Built target cm_msgs__rosidl_typesupport_cpp
[ 61%] Built target cm_msgs__rosidl_typesupport_fastrtps_cpp
[ 61%] Built target cm_msgs__rosidl_typesupport_introspection_cpp
[ 65%] Built target cm_msgs__rosidl_typesupport_fastrtps_c
[ 76%] Built target cm_msgs__rosidl_typesupport_c
[ 76%] Built target cm_msgs
[ 78%] Built target cm_msgs__py
[ 87%] Built target cm_msgs__rosidl_generator_py
[100%] Built target cm_msgs__rosidl_typesupport_fastrtps_c__pyext
[100%] Built target cm_msgs__rosidl_typesupport_introspection_c__pyext
[100%] Built target cm_msgs__rosidl_typesupport_c__pyext
running egg_info
writing cm_msgs.egg-info/PKG-INFO
writing dependency_links to cm_msgs.egg-info/dependency_links.txt
writing top-level names to cm_msgs.egg-info/top_level.txt
reading manifest file 'cm_msgs.egg-info/SOURCES.txt'
writing manifest file 'cm_msgs.egg-info/SOURCES.txt'
[100%] Built target ament_cmake_python_build_cm_msgs_egg
-- Install configuration: ""
-- Installing: /home/ujglv/Dokumente/PSE/Grundstein/carmaker-workspace/ros2_ws/install/cm_msgs/share/ament_index/resource_index/rosidl_interfaces/cm_msgs
-- Installing: /home/ujglv/Dokumente/PSE/Grundstein/carmaker-workspace/ros2_ws/install/cm_msgs/include/cm_msgs/cm_msgs
-- Installing: /home/ujglv/Dokumente/PSE/Grundstein/carmaker-workspace/ros2_ws/install/cm_msgs/include/cm_msgs/cm_msgs/msg
-- Installing: /home/ujglv/Dokumente/PSE/Grundstein/carmaker-workspace/ros2_ws/install/cm_msgs/include/cm_msgs/cm_msgs/msg/object.h
-- Installing: /home/ujglv/Dokumente/PSE/Grundstein/carmaker-workspace/ros2_ws/install/cm_msgs/include/cm_msgs/cm_msgs/msg/vehicle_input.h
-- Installing: /home/ujglv/Dokumente/PSE/Grundstein/carmaker-workspace/ros2_ws/install/cm_msgs/include/cm_msgs/cm_msgs/msg/detail
-- Installing: /home/ujglv/Dokumente/PSE/Grundstein/carmaker-workspace/ros2_ws/install/cm_msgs/include/cm_msgs/cm_msgs/msg/detail/vehicle_state__functions.c
-- Installing: /home/ujglv/Dokumente/PSE/Grundstein/carmaker-workspace/ros2_ws/install/cm_msgs/include/cm_msgs/cm_msgs/msg/detail/object__type_support.h
-- Installing: /home/ujglv/Dokumente/PSE/Grundstein/carmaker-workspace/ros2_ws/install/cm_msgs/include/cm_msgs/cm_msgs/msg/detail/object__functions.c
-- Installing: /home/ujglv/Dokumente/PSE/Grundstein/carmaker-workspace/ros2_ws/install/cm_msgs/include/cm_msgs/cm_msgs/msg/detail/vehicle_input__type_support.h
-- Installing: /home/ujglv/Dokumente/PSE/Grundstein/carmaker-workspace/ros2_ws/install/cm_msgs/include/cm_msgs/cm_msgs/msg/detail/vehicle_input__functions.c
-- Installing: /home/ujglv/Dokumente/PSE/Grundstein/carmaker-workspace/ros2_ws/install/cm_msgs/include/cm_msgs/cm_msgs/msg/detail/object__functions.h
-- Installing: /home/ujglv/Dokumente/PSE/Grundstein/carmaker-workspace/ros2_ws/install/cm_msgs/include/cm_msgs/cm_msgs/msg/detail/vehicle_state__type_support.h
-- Installing: /home/ujglv/Dokumente/PSE/Grundstein/carmaker-workspace/ros2_ws/install/cm_msgs/include/cm_msgs/cm_msgs/msg/detail/vehicle_state__functions.h
-- Installing: /home/ujglv/Dokumente/PSE/Grundstein/carmaker-workspace/ros2_ws/install/cm_msgs/include/cm_msgs/cm_msgs/msg/detail/object__struct.h
-- Installing: /home/ujglv/Dokumente/PSE/Grundstein/carmaker-workspace/ros2_ws/install/cm_msgs/include/cm_msgs/cm_msgs/msg/detail/vehicle_state__struct.h
-- Installing: /home/ujglv/Dokumente/PSE/Grundstein/carmaker-workspace/ros2_ws/install/cm_msgs/include/cm_msgs/cm_msgs/msg/detail/vehicle_input__functions.h
-- Installing: /home/ujglv/Dokumente/PSE/Grundstein/carmaker-workspace/ros2_ws/install/cm_msgs/include/cm_msgs/cm_msgs/msg/detail/vehicle_input__struct.h
-- Installing: /home/ujglv/Dokumente/PSE/Grundstein/carmaker-workspace/ros2_ws/install/cm_msgs/include/cm_msgs/cm_msgs/msg/rosidl_generator_c__visibility_control.h
-- Installing: /home/ujglv/Dokumente/PSE/Grundstein/carmaker-workspace/ros2_ws/install/cm_msgs/include/cm_msgs/cm_msgs/msg/vehicle_state.h
-- Installing: /home/ujglv/Dokumente/PSE/Grundstein/carmaker-workspace/ros2_ws/install/cm_msgs/share/cm_msgs/environment/library_path.sh
-- Installing: /home/ujglv/Dokumente/PSE/Grundstein/carmaker-workspace/ros2_ws/install/cm_msgs/share/cm_msgs/environment/library_path.dsv
-- Installing: /home/ujglv/Dokumente/PSE/Grundstein/carmaker-workspace/ros2_ws/install/cm_msgs/lib/libcm_msgs__rosidl_generator_c.so
-- Set runtime path of "/home/ujglv/Dokumente/PSE/Grundstein/carmaker-workspace/ros2_ws/install/cm_msgs/lib/libcm_msgs__rosidl_generator_c.so" to ""
-- Up-to-date: /home/ujglv/Dokumente/PSE/Grundstein/carmaker-workspace/ros2_ws/install/cm_msgs/include/cm_msgs/cm_msgs
-- Up-to-date: /home/ujglv/Dokumente/PSE/Grundstein/carmaker-workspace/ros2_ws/install/cm_msgs/include/cm_msgs/cm_msgs/msg
-- Installing: /home/ujglv/Dokumente/PSE/Grundstein/carmaker-workspace/ros2_ws/install/cm_msgs/include/cm_msgs/cm_msgs/msg/rosidl_typesupport_fastrtps_c__visibility_control.h
-- Up-to-date: /home/ujglv/Dokumente/PSE/Grundstein/carmaker-workspace/ros2_ws/install/cm_msgs/include/cm_msgs/cm_msgs/msg/detail
-- Installing: /home/ujglv/Dokumente/PSE/Grundstein/carmaker-workspace/ros2_ws/install/cm_msgs/include/cm_msgs/cm_msgs/msg/detail/object__rosidl_typesupport_fastrtps_c.h
-- Installing: /home/ujglv/Dokumente/PSE/Grundstein/carmaker-workspace/ros2_ws/install/cm_msgs/include/cm_msgs/cm_msgs/msg/detail/vehicle_state__rosidl_typesupport_fastrtps_c.h
-- Installing: /home/ujglv/Dokumente/PSE/Grundstein/carmaker-workspace/ros2_ws/install/cm_msgs/include/cm_msgs/cm_msgs/msg/detail/vehicle_input__rosidl_typesupport_fastrtps_c.h
-- Installing: /home/ujglv/Dokumente/PSE/Grundstein/carmaker-workspace/ros2_ws/install/cm_msgs/lib/libcm_msgs__rosidl_typesupport_fastrtps_c.so
-- Set runtime path of "/home/ujglv/Dokumente/PSE/Grundstein/carmaker-workspace/ros2_ws/install/cm_msgs/lib/libcm_msgs__rosidl_typesupport_fastrtps_c.so" to ""
-- Up-to-date: /home/ujglv/Dokumente/PSE/Grundstein/carmaker-workspace/ros2_ws/install/cm_msgs/include/cm_msgs/cm_msgs
-- Up-to-date: /home/ujglv/Dokumente/PSE/Grundstein/carmaker-workspace/ros2_ws/install/cm_msgs/include/cm_msgs/cm_msgs/msg
-- Installing: /home/ujglv/Dokumente/PSE/Grundstein/carmaker-workspace/ros2_ws/install/cm_msgs/include/cm_msgs/cm_msgs/msg/rosidl_typesupport_introspection_c__visibility_control.h
-- Up-to-date: /home/ujglv/Dokumente/PSE/Grundstein/carmaker-workspace/ros2_ws/install/cm_msgs/include/cm_msgs/cm_msgs/msg/detail
-- Installing: /home/ujglv/Dokumente/PSE/Grundstein/carmaker-workspace/ros2_ws/install/cm_msgs/include/cm_msgs/cm_msgs/msg/detail/vehicle_input__type_support.c
-- Installing: /home/ujglv/Dokumente/PSE/Grundstein/carmaker-workspace/ros2_ws/install/cm_msgs/include/cm_msgs/cm_msgs/msg/detail/vehicle_state__rosidl_typesupport_introspection_c.h
-- Installing: /home/ujglv/Dokumente/PSE/Grundstein/carmaker-workspace/ros2_ws/install/cm_msgs/include/cm_msgs/cm_msgs/msg/detail/object__rosidl_typesupport_introspection_c.h
-- Installing: /home/ujglv/Dokumente/PSE/Grundstein/carmaker-workspace/ros2_ws/install/cm_msgs/include/cm_msgs/cm_msgs/msg/detail/vehicle_input__rosidl_typesupport_introspection_c.h
-- Installing: /home/ujglv/Dokumente/PSE/Grundstein/carmaker-workspace/ros2_ws/install/cm_msgs/include/cm_msgs/cm_msgs/msg/detail/vehicle_state__type_support.c
-- Installing: /home/ujglv/Dokumente/PSE/Grundstein/carmaker-workspace/ros2_ws/install/cm_msgs/include/cm_msgs/cm_msgs/msg/detail/object__type_support.c
-- Installing: /home/ujglv/Dokumente/PSE/Grundstein/carmaker-workspace/ros2_ws/install/cm_msgs/lib/libcm_msgs__rosidl_typesupport_introspection_c.so
-- Set runtime path of "/home/ujglv/Dokumente/PSE/Grundstein/carmaker-workspace/ros2_ws/install/cm_msgs/lib/libcm_msgs__rosidl_typesupport_introspection_c.so" to ""
-- Installing: /home/ujglv/Dokumente/PSE/Grundstein/carmaker-workspace/ros2_ws/install/cm_msgs/lib/libcm_msgs__rosidl_typesupport_c.so
-- Set runtime path of "/home/ujglv/Dokumente/PSE/Grundstein/carmaker-workspace/ros2_ws/install/cm_msgs/lib/libcm_msgs__rosidl_typesupport_c.so" to ""
-- Up-to-date: /home/ujglv/Dokumente/PSE/Grundstein/carmaker-workspace/ros2_ws/install/cm_msgs/include/cm_msgs/cm_msgs
-- Up-to-date: /home/ujglv/Dokumente/PSE/Grundstein/carmaker-workspace/ros2_ws/install/cm_msgs/include/cm_msgs/cm_msgs/msg
-- Installing: /home/ujglv/Dokumente/PSE/Grundstein/carmaker-workspace/ros2_ws/install/cm_msgs/include/cm_msgs/cm_msgs/msg/vehicle_state.hpp
-- Installing: /home/ujglv/Dokumente/PSE/Grundstein/carmaker-workspace/ros2_ws/install/cm_msgs/include/cm_msgs/cm_msgs/msg/rosidl_generator_cpp__visibility_control.hpp
-- Installing: /home/ujglv/Dokumente/PSE/Grundstein/carmaker-workspace/ros2_ws/install/cm_msgs/include/cm_msgs/cm_msgs/msg/object.hpp
-- Up-to-date: /home/ujglv/Dokumente/PSE/Grundstein/carmaker-workspace/ros2_ws/install/cm_msgs/include/cm_msgs/cm_msgs/msg/detail
-- Installing: /home/ujglv/Dokumente/PSE/Grundstein/carmaker-workspace/ros2_ws/install/cm_msgs/include/cm_msgs/cm_msgs/msg/detail/vehicle_input__struct.hpp
-- Installing: /home/ujglv/Dokumente/PSE/Grundstein/carmaker-workspace/ros2_ws/install/cm_msgs/include/cm_msgs/cm_msgs/msg/detail/object__traits.hpp
-- Installing: /home/ujglv/Dokumente/PSE/Grundstein/carmaker-workspace/ros2_ws/install/cm_msgs/include/cm_msgs/cm_msgs/msg/detail/vehicle_state__builder.hpp
-- Installing: /home/ujglv/Dokumente/PSE/Grundstein/carmaker-workspace/ros2_ws/install/cm_msgs/include/cm_msgs/cm_msgs/msg/detail/vehicle_state__struct.hpp
-- Installing: /home/ujglv/Dokumente/PSE/Grundstein/carmaker-workspace/ros2_ws/install/cm_msgs/include/cm_msgs/cm_msgs/msg/detail/vehicle_state__type_support.hpp
-- Installing: /home/ujglv/Dokumente/PSE/Grundstein/carmaker-workspace/ros2_ws/install/cm_msgs/include/cm_msgs/cm_msgs/msg/detail/vehicle_input__builder.hpp
-- Installing: /home/ujglv/Dokumente/PSE/Grundstein/carmaker-workspace/ros2_ws/install/cm_msgs/include/cm_msgs/cm_msgs/msg/detail/object__type_support.hpp
-- Installing: /home/ujglv/Dokumente/PSE/Grundstein/carmaker-workspace/ros2_ws/install/cm_msgs/include/cm_msgs/cm_msgs/msg/detail/vehicle_input__type_support.hpp
-- Installing: /home/ujglv/Dokumente/PSE/Grundstein/carmaker-workspace/ros2_ws/install/cm_msgs/include/cm_msgs/cm_msgs/msg/detail/vehicle_input__traits.hpp
-- Installing: /home/ujglv/Dokumente/PSE/Grundstein/carmaker-workspace/ros2_ws/install/cm_msgs/include/cm_msgs/cm_msgs/msg/detail/object__struct.hpp
-- Installing: /home/ujglv/Dokumente/PSE/Grundstein/carmaker-workspace/ros2_ws/install/cm_msgs/include/cm_msgs/cm_msgs/msg/detail/vehicle_state__traits.hpp
-- Installing: /home/ujglv/Dokumente/PSE/Grundstein/carmaker-workspace/ros2_ws/install/cm_msgs/include/cm_msgs/cm_msgs/msg/detail/object__builder.hpp
-- Installing: /home/ujglv/Dokumente/PSE/Grundstein/carmaker-workspace/ros2_ws/install/cm_msgs/include/cm_msgs/cm_msgs/msg/vehicle_input.hpp
-- Up-to-date: /home/ujglv/Dokumente/PSE/Grundstein/carmaker-workspace/ros2_ws/install/cm_msgs/include/cm_msgs/cm_msgs
-- Up-to-date: /home/ujglv/Dokumente/PSE/Grundstein/carmaker-workspace/ros2_ws/install/cm_msgs/include/cm_msgs/cm_msgs/msg
-- Up-to-date: /home/ujglv/Dokumente/PSE/Grundstein/carmaker-workspace/ros2_ws/install/cm_msgs/include/cm_msgs/cm_msgs/msg/detail
-- Installing: /home/ujglv/Dokumente/PSE/Grundstein/carmaker-workspace/ros2_ws/install/cm_msgs/include/cm_msgs/cm_msgs/msg/detail/object__rosidl_typesupport_fastrtps_cpp.hpp
-- Installing: /home/ujglv/Dokumente/PSE/Grundstein/carmaker-workspace/ros2_ws/install/cm_msgs/include/cm_msgs/cm_msgs/msg/detail/vehicle_state__rosidl_typesupport_fastrtps_cpp.hpp
-- Installing: /home/ujglv/Dokumente/PSE/Grundstein/carmaker-workspace/ros2_ws/install/cm_msgs/include/cm_msgs/cm_msgs/msg/detail/dds_fastrtps
-- Installing: /home/ujglv/Dokumente/PSE/Grundstein/carmaker-workspace/ros2_ws/install/cm_msgs/include/cm_msgs/cm_msgs/msg/detail/vehicle_input__rosidl_typesupport_fastrtps_cpp.hpp
-- Installing: /home/ujglv/Dokumente/PSE/Grundstein/carmaker-workspace/ros2_ws/install/cm_msgs/include/cm_msgs/cm_msgs/msg/rosidl_typesupport_fastrtps_cpp__visibility_control.h
-- Installing: /home/ujglv/Dokumente/PSE/Grundstein/carmaker-workspace/ros2_ws/install/cm_msgs/lib/libcm_msgs__rosidl_typesupport_fastrtps_cpp.so
-- Set runtime path of "/home/ujglv/Dokumente/PSE/Grundstein/carmaker-workspace/ros2_ws/install/cm_msgs/lib/libcm_msgs__rosidl_typesupport_fastrtps_cpp.so" to ""
-- Up-to-date: /home/ujglv/Dokumente/PSE/Grundstein/carmaker-workspace/ros2_ws/install/cm_msgs/include/cm_msgs/cm_msgs
-- Up-to-date: /home/ujglv/Dokumente/PSE/Grundstein/carmaker-workspace/ros2_ws/install/cm_msgs/include/cm_msgs/cm_msgs/msg
-- Up-to-date: /home/ujglv/Dokumente/PSE/Grundstein/carmaker-workspace/ros2_ws/install/cm_msgs/include/cm_msgs/cm_msgs/msg/detail
-- Installing: /home/ujglv/Dokumente/PSE/Grundstein/carmaker-workspace/ros2_ws/install/cm_msgs/include/cm_msgs/cm_msgs/msg/detail/vehicle_input__type_support.cpp
-- Installing: /home/ujglv/Dokumente/PSE/Grundstein/carmaker-workspace/ros2_ws/install/cm_msgs/include/cm_msgs/cm_msgs/msg/detail/vehicle_input__rosidl_typesupport_introspection_cpp.hpp
-- Installing: /home/ujglv/Dokumente/PSE/Grundstein/carmaker-workspace/ros2_ws/install/cm_msgs/include/cm_msgs/cm_msgs/msg/detail/vehicle_state__type_support.cpp
-- Installing: /home/ujglv/Dokumente/PSE/Grundstein/carmaker-workspace/ros2_ws/install/cm_msgs/include/cm_msgs/cm_msgs/msg/detail/object__rosidl_typesupport_introspection_cpp.hpp
-- Installing: /home/ujglv/Dokumente/PSE/Grundstein/carmaker-workspace/ros2_ws/install/cm_msgs/include/cm_msgs/cm_msgs/msg/detail/vehicle_state__rosidl_typesupport_introspection_cpp.hpp
-- Installing: /home/ujglv/Dokumente/PSE/Grundstein/carmaker-workspace/ros2_ws/install/cm_msgs/include/cm_msgs/cm_msgs/msg/detail/object__type_support.cpp
-- Installing: /home/ujglv/Dokumente/PSE/Grundstein/carmaker-workspace/ros2_ws/install/cm_msgs/lib/libcm_msgs__rosidl_typesupport_introspection_cpp.so
-- Set runtime path of "/home/ujglv/Dokumente/PSE/Grundstein/carmaker-workspace/ros2_ws/install/cm_msgs/lib/libcm_msgs__rosidl_typesupport_introspection_cpp.so" to ""
-- Installing: /home/ujglv/Dokumente/PSE/Grundstein/carmaker-workspace/ros2_ws/install/cm_msgs/lib/libcm_msgs__rosidl_typesupport_cpp.so
-- Set runtime path of "/home/ujglv/Dokumente/PSE/Grundstein/carmaker-workspace/ros2_ws/install/cm_msgs/lib/libcm_msgs__rosidl_typesupport_cpp.so" to ""
-- Installing: /home/ujglv/Dokumente/PSE/Grundstein/carmaker-workspace/ros2_ws/install/cm_msgs/share/cm_msgs/environment/pythonpath.sh
-- Installing: /home/ujglv/Dokumente/PSE/Grundstein/carmaker-workspace/ros2_ws/install/cm_msgs/share/cm_msgs/environment/pythonpath.dsv
-- Installing: /home/ujglv/Dokumente/PSE/Grundstein/carmaker-workspace/ros2_ws/install/cm_msgs/lib/python3.11/site-packages/cm_msgs-0.1.0-py3.11.egg-info
-- Installing: /home/ujglv/Dokumente/PSE/Grundstein/carmaker-workspace/ros2_ws/install/cm_msgs/lib/python3.11/site-packages/cm_msgs-0.1.0-py3.11.egg-info/PKG-INFO
-- Installing: /home/ujglv/Dokumente/PSE/Grundstein/carmaker-workspace/ros2_ws/install/cm_msgs/lib/python3.11/site-packages/cm_msgs-0.1.0-py3.11.egg-info/SOURCES.txt
-- Installing: /home/ujglv/Dokumente/PSE/Grundstein/carmaker-workspace/ros2_ws/install/cm_msgs/lib/python3.11/site-packages/cm_msgs-0.1.0-py3.11.egg-info/top_level.txt
-- Installing: /home/ujglv/Dokumente/PSE/Grundstein/carmaker-workspace/ros2_ws/install/cm_msgs/lib/python3.11/site-packages/cm_msgs-0.1.0-py3.11.egg-info/dependency_links.txt
-- Installing: /home/ujglv/Dokumente/PSE/Grundstein/carmaker-workspace/ros2_ws/install/cm_msgs/lib/python3.11/site-packages/cm_msgs
-- Installing: /home/ujglv/Dokumente/PSE/Grundstein/carmaker-workspace/ros2_ws/install/cm_msgs/lib/python3.11/site-packages/cm_msgs/msg
-- Installing: /home/ujglv/Dokumente/PSE/Grundstein/carmaker-workspace/ros2_ws/install/cm_msgs/lib/python3.11/site-packages/cm_msgs/msg/__init__.py
-- Installing: /home/ujglv/Dokumente/PSE/Grundstein/carmaker-workspace/ros2_ws/install/cm_msgs/lib/python3.11/site-packages/cm_msgs/msg/_object_s.c
-- Installing: /home/ujglv/Dokumente/PSE/Grundstein/carmaker-workspace/ros2_ws/install/cm_msgs/lib/python3.11/site-packages/cm_msgs/msg/_vehicle_input_s.c
-- Installing: /home/ujglv/Dokumente/PSE/Grundstein/carmaker-workspace/ros2_ws/install/cm_msgs/lib/python3.11/site-packages/cm_msgs/msg/_vehicle_state_s.c
-- Installing: /home/ujglv/Dokumente/PSE/Grundstein/carmaker-workspace/ros2_ws/install/cm_msgs/lib/python3.11/site-packages/cm_msgs/msg/_vehicle_state.py
-- Installing: /home/ujglv/Dokumente/PSE/Grundstein/carmaker-workspace/ros2_ws/install/cm_msgs/lib/python3.11/site-packages/cm_msgs/msg/_vehicle_input.py
-- Installing: /home/ujglv/Dokumente/PSE/Grundstein/carmaker-workspace/ros2_ws/install/cm_msgs/lib/python3.11/site-packages/cm_msgs/msg/_object.py
-- Installing: /home/ujglv/Dokumente/PSE/Grundstein/carmaker-workspace/ros2_ws/install/cm_msgs/lib/python3.11/site-packages/cm_msgs/__init__.py
-- Installing: /home/ujglv/Dokumente/PSE/Grundstein/carmaker-workspace/ros2_ws/install/cm_msgs/lib/python3.11/site-packages/cm_msgs/_cm_msgs_s.ep.rosidl_typesupport_c.c
-- Installing: /home/ujglv/Dokumente/PSE/Grundstein/carmaker-workspace/ros2_ws/install/cm_msgs/lib/python3.11/site-packages/cm_msgs/cm_msgs_s__rosidl_typesupport_fastrtps_c.cpython-36m-x86_64-linux-gnu.so
-- Installing: /home/ujglv/Dokumente/PSE/Grundstein/carmaker-workspace/ros2_ws/install/cm_msgs/lib/python3.11/site-packages/cm_msgs/cm_msgs_s__rosidl_typesupport_c.cpython-36m-x86_64-linux-gnu.so
-- Installing: /home/ujglv/Dokumente/PSE/Grundstein/carmaker-workspace/ros2_ws/install/cm_msgs/lib/python3.11/site-packages/cm_msgs/libcm_msgs__rosidl_generator_py.so
-- Installing: /home/ujglv/Dokumente/PSE/Grundstein/carmaker-workspace/ros2_ws/install/cm_msgs/lib/python3.11/site-packages/cm_msgs/cm_msgs_s__rosidl_typesupport_introspection_c.cpython-36m-x86_64-linux-gnu.so
-- Installing: /home/ujglv/Dokumente/PSE/Grundstein/carmaker-workspace/ros2_ws/install/cm_msgs/lib/python3.11/site-packages/cm_msgs/_cm_msgs_s.ep.rosidl_typesupport_introspection_c.c
-- Installing: /home/ujglv/Dokumente/PSE/Grundstein/carmaker-workspace/ros2_ws/install/cm_msgs/lib/python3.11/site-packages/cm_msgs/_cm_msgs_s.ep.rosidl_typesupport_fastrtps_c.c
Listing '/home/ujglv/Dokumente/PSE/Grundstein/carmaker-workspace/ros2_ws/install/cm_msgs/lib/python3.11/site-packages/cm_msgs'...
Compiling '/home/ujglv/Dokumente/PSE/Grundstein/carmaker-workspace/ros2_ws/install/cm_msgs/lib/python3.11/site-packages/cm_msgs/__init__.py'...
Listing '/home/ujglv/Dokumente/PSE/Grundstein/carmaker-workspace/ros2_ws/install/cm_msgs/lib/python3.11/site-packages/cm_msgs/msg'...
Compiling '/home/ujglv/Dokumente/PSE/Grundstein/carmaker-workspace/ros2_ws/install/cm_msgs/lib/python3.11/site-packages/cm_msgs/msg/__init__.py'...
Compiling '/home/ujglv/Dokumente/PSE/Grundstein/carmaker-workspace/ros2_ws/install/cm_msgs/lib/python3.11/site-packages/cm_msgs/msg/_object.py'...
Compiling '/home/ujglv/Dokumente/PSE/Grundstein/carmaker-workspace/ros2_ws/install/cm_msgs/lib/python3.11/site-packages/cm_msgs/msg/_vehicle_input.py'...
Compiling '/home/ujglv/Dokumente/PSE/Grundstein/carmaker-workspace/ros2_ws/install/cm_msgs/lib/python3.11/site-packages/cm_msgs/msg/_vehicle_state.py'...
-- Installing: /home/ujglv/Dokumente/PSE/Grundstein/carmaker-workspace/ros2_ws/install/cm_msgs/lib/python3.11/site-packages/cm_msgs/cm_msgs_s__rosidl_typesupport_fastrtps_c.cpython-36m-x86_64-linux-gnu.so
-- Set runtime path of "/home/ujglv/Dokumente/PSE/Grundstein/carmaker-workspace/ros2_ws/install/cm_msgs/lib/python3.11/site-packages/cm_msgs/cm_msgs_s__rosidl_typesupport_fastrtps_c.cpython-36m-x86_64-linux-gnu.so" to ""
-- Installing: /home/ujglv/Dokumente/PSE/Grundstein/carmaker-workspace/ros2_ws/install/cm_msgs/lib/python3.11/site-packages/cm_msgs/cm_msgs_s__rosidl_typesupport_introspection_c.cpython-36m-x86_64-linux-gnu.so
-- Set runtime path of "/home/ujglv/Dokumente/PSE/Grundstein/carmaker-workspace/ros2_ws/install/cm_msgs/lib/python3.11/site-packages/cm_msgs/cm_msgs_s__rosidl_typesupport_introspection_c.cpython-36m-x86_64-linux-gnu.so" to ""
-- Installing: /home/ujglv/Dokumente/PSE/Grundstein/carmaker-workspace/ros2_ws/install/cm_msgs/lib/python3.11/site-packages/cm_msgs/cm_msgs_s__rosidl_typesupport_c.cpython-36m-x86_64-linux-gnu.so
-- Set runtime path of "/home/ujglv/Dokumente/PSE/Grundstein/carmaker-workspace/ros2_ws/install/cm_msgs/lib/python3.11/site-packages/cm_msgs/cm_msgs_s__rosidl_typesupport_c.cpython-36m-x86_64-linux-gnu.so" to ""
-- Installing: /home/ujglv/Dokumente/PSE/Grundstein/carmaker-workspace/ros2_ws/install/cm_msgs/lib/libcm_msgs__rosidl_generator_py.so
-- Set runtime path of "/home/ujglv/Dokumente/PSE/Grundstein/carmaker-workspace/ros2_ws/install/cm_msgs/lib/libcm_msgs__rosidl_generator_py.so" to ""
-- Installing: /home/ujglv/Dokumente/PSE/Grundstein/carmaker-workspace/ros2_ws/install/cm_msgs/share/cm_msgs/msg/Object.idl
-- Installing: /home/ujglv/Dokumente/PSE/Grundstein/carmaker-workspace/ros2_ws/install/cm_msgs/share/cm_msgs/msg/VehicleState.idl
-- Installing: /home/ujglv/Dokumente/PSE/Grundstein/carmaker-workspace/ros2_ws/install/cm_msgs/share/cm_msgs/msg/VehicleInput.idl
-- Installing: /home/ujglv/Dokumente/PSE/Grundstein/carmaker-workspace/ros2_ws/install/cm_msgs/share/cm_msgs/msg/Object.msg
-- Installing: /home/ujglv/Dokumente/PSE/Grundstein/carmaker-workspace/ros2_ws/install/cm_msgs/share/cm_msgs/msg/VehicleState.msg
-- Installing: /home/ujglv/Dokumente/PSE/Grundstein/carmaker-workspace/ros2_ws/install/cm_msgs/share/cm_msgs/msg/VehicleInput.msg
-- Installing: /home/ujglv/Dokumente/PSE/Grundstein/carmaker-workspace/ros2_ws/install/cm_msgs/share/ament_index/resource_index/package_run_dependencies/cm_msgs
-- Installing: /home/ujglv/Dokumente/PSE/Grundstein/carmaker-workspace/ros2_ws/install/cm_msgs/share/ament_index/resource_index/parent_prefix_path/cm_msgs
-- Installing: /home/ujglv/Dokumente/PSE/Grundstein/carmaker-workspace/ros2_ws/install/cm_msgs/share/cm_msgs/environment/ament_prefix_path.sh
-- Installing: /home/ujglv/Dokumente/PSE/Grundstein/carmaker-workspace/ros2_ws/install/cm_msgs/share/cm_msgs/environment/ament_prefix_path.dsv
-- Installing: /home/ujglv/Dokumente/PSE/Grundstein/carmaker-workspace/ros2_ws/install/cm_msgs/share/cm_msgs/environment/path.sh
-- Installing: /home/ujglv/Dokumente/PSE/Grundstein/carmaker-workspace/ros2_ws/install/cm_msgs/share/cm_msgs/environment/path.dsv
-- Installing: /home/ujglv/Dokumente/PSE/Grundstein/carmaker-workspace/ros2_ws/install/cm_msgs/share/cm_msgs/local_setup.bash
-- Installing: /home/ujglv/Dokumente/PSE/Grundstein/carmaker-workspace/ros2_ws/install/cm_msgs/share/cm_msgs/local_setup.sh
-- Installing: /home/ujglv/Dokumente/PSE/Grundstein/carmaker-workspace/ros2_ws/install/cm_msgs/share/cm_msgs/local_setup.zsh
-- Installing: /home/ujglv/Dokumente/PSE/Grundstein/carmaker-workspace/ros2_ws/install/cm_msgs/share/cm_msgs/local_setup.dsv
-- Installing: /home/ujglv/Dokumente/PSE/Grundstein/carmaker-workspace/ros2_ws/install/cm_msgs/share/cm_msgs/package.dsv
-- Installing: /home/ujglv/Dokumente/PSE/Grundstein/carmaker-workspace/ros2_ws/install/cm_msgs/share/ament_index/resource_index/packages/cm_msgs
-- Installing: /home/ujglv/Dokumente/PSE/Grundstein/carmaker-workspace/ros2_ws/install/cm_msgs/share/cm_msgs/cmake/export_cm_msgs__rosidl_generator_cExport.cmake
-- Installing: /home/ujglv/Dokumente/PSE/Grundstein/carmaker-workspace/ros2_ws/install/cm_msgs/share/cm_msgs/cmake/export_cm_msgs__rosidl_generator_cExport-noconfig.cmake
-- Installing: /home/ujglv/Dokumente/PSE/Grundstein/carmaker-workspace/ros2_ws/install/cm_msgs/share/cm_msgs/cmake/export_cm_msgs__rosidl_typesupport_fastrtps_cExport.cmake
-- Installing: /home/ujglv/Dokumente/PSE/Grundstein/carmaker-workspace/ros2_ws/install/cm_msgs/share/cm_msgs/cmake/export_cm_msgs__rosidl_typesupport_fastrtps_cExport-noconfig.cmake
-- Installing: /home/ujglv/Dokumente/PSE/Grundstein/carmaker-workspace/ros2_ws/install/cm_msgs/share/cm_msgs/cmake/cm_msgs__rosidl_typesupport_introspection_cExport.cmake
-- Installing: /home/ujglv/Dokumente/PSE/Grundstein/carmaker-workspace/ros2_ws/install/cm_msgs/share/cm_msgs/cmake/cm_msgs__rosidl_typesupport_introspection_cExport-noconfig.cmake
-- Installing: /home/ujglv/Dokumente/PSE/Grundstein/carmaker-workspace/ros2_ws/install/cm_msgs/share/cm_msgs/cmake/cm_msgs__rosidl_typesupport_cExport.cmake
-- Installing: /home/ujglv/Dokumente/PSE/Grundstein/carmaker-workspace/ros2_ws/install/cm_msgs/share/cm_msgs/cmake/cm_msgs__rosidl_typesupport_cExport-noconfig.cmake
-- Installing: /home/ujglv/Dokumente/PSE/Grundstein/carmaker-workspace/ros2_ws/install/cm_msgs/share/cm_msgs/cmake/export_cm_msgs__rosidl_generator_cppExport.cmake
-- Installing: /home/ujglv/Dokumente/PSE/Grundstein/carmaker-workspace/ros2_ws/install/cm_msgs/share/cm_msgs/cmake/export_cm_msgs__rosidl_typesupport_fastrtps_cppExport.cmake
-- Installing: /home/ujglv/Dokumente/PSE/Grundstein/carmaker-workspace/ros2_ws/install/cm_msgs/share/cm_msgs/cmake/export_cm_msgs__rosidl_typesupport_fastrtps_cppExport-noconfig.cmake
-- Installing: /home/ujglv/Dokumente/PSE/Grundstein/carmaker-workspace/ros2_ws/install/cm_msgs/share/cm_msgs/cmake/cm_msgs__rosidl_typesupport_introspection_cppExport.cmake
-- Installing: /home/ujglv/Dokumente/PSE/Grundstein/carmaker-workspace/ros2_ws/install/cm_msgs/share/cm_msgs/cmake/cm_msgs__rosidl_typesupport_introspection_cppExport-noconfig.cmake
-- Installing: /home/ujglv/Dokumente/PSE/Grundstein/carmaker-workspace/ros2_ws/install/cm_msgs/share/cm_msgs/cmake/cm_msgs__rosidl_typesupport_cppExport.cmake
-- Installing: /home/ujglv/Dokumente/PSE/Grundstein/carmaker-workspace/ros2_ws/install/cm_msgs/share/cm_msgs/cmake/cm_msgs__rosidl_typesupport_cppExport-noconfig.cmake
-- Installing: /home/ujglv/Dokumente/PSE/Grundstein/carmaker-workspace/ros2_ws/install/cm_msgs/share/cm_msgs/cmake/export_cm_msgs__rosidl_generator_pyExport.cmake
-- Installing: /home/ujglv/Dokumente/PSE/Grundstein/carmaker-workspace/ros2_ws/install/cm_msgs/share/cm_msgs/cmake/export_cm_msgs__rosidl_generator_pyExport-noconfig.cmake
-- Installing: /home/ujglv/Dokumente/PSE/Grundstein/carmaker-workspace/ros2_ws/install/cm_msgs/share/cm_msgs/cmake/rosidl_cmake-extras.cmake
-- Installing: /home/ujglv/Dokumente/PSE/Grundstein/carmaker-workspace/ros2_ws/install/cm_msgs/share/cm_msgs/cmake/ament_cmake_export_dependencies-extras.cmake
-- Installing: /home/ujglv/Dokumente/PSE/Grundstein/carmaker-workspace/ros2_ws/install/cm_msgs/share/cm_msgs/cmake/ament_cmake_export_include_directories-extras.cmake
-- Installing: /home/ujglv/Dokumente/PSE/Grundstein/carmaker-workspace/ros2_ws/install/cm_msgs/share/cm_msgs/cmake/ament_cmake_export_libraries-extras.cmake
-- Installing: /home/ujglv/Dokumente/PSE/Grundstein/carmaker-workspace/ros2_ws/install/cm_msgs/share/cm_msgs/cmake/ament_cmake_export_targets-extras.cmake
-- Installing: /home/ujglv/Dokumente/PSE/Grundstein/carmaker-workspace/ros2_ws/install/cm_msgs/share/cm_msgs/cmake/rosidl_cmake_export_typesupport_targets-extras.cmake
-- Installing: /home/ujglv/Dokumente/PSE/Grundstein/carmaker-workspace/ros2_ws/install/cm_msgs/share/cm_msgs/cmake/rosidl_cmake_export_typesupport_libraries-extras.cmake
-- Installing: /home/ujglv/Dokumente/PSE/Grundstein/carmaker-workspace/ros2_ws/install/cm_msgs/share/cm_msgs/cmake/cm_msgsConfig.cmake
-- Installing: /home/ujglv/Dokumente/PSE/Grundstein/carmaker-workspace/ros2_ws/install/cm_msgs/share/cm_msgs/cmake/cm_msgsConfig-version.cmake
-- Installing: /home/ujglv/Dokumente/PSE/Grundstein/carmaker-workspace/ros2_ws/install/cm_msgs/share/cm_msgs/package.xml
