[0.044s] Invoking command in '/home/ujglv/Dokumente/PSE/Grundstein/carmaker-workspace/ros2_ws/build/cm_msgs': CMAKE_PREFIX_PATH=/opt/ros/humble DEBUGINFOD_URLS=https://debuginfod.centos.org/ SHLVL=7 VIRTUAL_ENV_PROMPT=(.env) VSCODE_ENV_PREPEND=PATH=/home/ujglv/.vscode/extensions/ms-python.python-2025.8.0-linux-x64/python_files/deactivate/bash\x3a/home/ujglv/Dokumente/PSE/Grundstein/carmaker-workspace/.env/bin\x3a:PS1=(.env) VSCODE_ENV_REPLACE=VIRTUAL_ENV=/home/ujglv/Dokumente/PSE/Grundstein/carmaker-workspace/.env:VIRTUAL_ENV_PROMPT=(.env) _=/usr/bin/env /usr/bin/cmake --build /home/ujglv/Dokumente/PSE/Grundstein/carmaker-workspace/ros2_ws/build/cm_msgs -- -j6 -l6
[0.373s] [  2%] Built target cm_msgs__cpp
[0.420s] [ 12%] Built target cm_msgs__rosidl_generator_c
[0.460s] [ 12%] Built target ament_cmake_python_copy_cm_msgs
[0.519s] [ 51%] Built target cm_msgs__rosidl_typesupport_introspection_c
[0.522s] [ 57%] Built target cm_msgs__rosidl_typesupport_cpp
[0.524s] [ 61%] Built target cm_msgs__rosidl_typesupport_fastrtps_cpp
[0.525s] [ 61%] Built target cm_msgs__rosidl_typesupport_introspection_cpp
[0.527s] [ 65%] Built target cm_msgs__rosidl_typesupport_fastrtps_c
[0.553s] [ 76%] Built target cm_msgs__rosidl_typesupport_c
[0.641s] [ 76%] Built target cm_msgs
[0.730s] [ 78%] Built target cm_msgs__py
[0.846s] [ 87%] Built target cm_msgs__rosidl_generator_py
[0.953s] [100%] Built target cm_msgs__rosidl_typesupport_fastrtps_c__pyext
[0.954s] [100%] Built target cm_msgs__rosidl_typesupport_introspection_c__pyext
[0.954s] [100%] Built target cm_msgs__rosidl_typesupport_c__pyext
[1.120s] running egg_info
[1.131s] writing cm_msgs.egg-info/PKG-INFO
[1.133s] writing dependency_links to cm_msgs.egg-info/dependency_links.txt
[1.136s] writing top-level names to cm_msgs.egg-info/top_level.txt
[1.169s] reading manifest file 'cm_msgs.egg-info/SOURCES.txt'
[1.171s] writing manifest file 'cm_msgs.egg-info/SOURCES.txt'
[1.232s] [100%] Built target ament_cmake_python_build_cm_msgs_egg
[1.314s] Invoked command in '/home/ujglv/Dokumente/PSE/Grundstein/carmaker-workspace/ros2_ws/build/cm_msgs' returned '0': CMAKE_PREFIX_PATH=/opt/ros/humble DEBUGINFOD_URLS=https://debuginfod.centos.org/ SHLVL=7 VIRTUAL_ENV_PROMPT=(.env) VSCODE_ENV_PREPEND=PATH=/home/ujglv/.vscode/extensions/ms-python.python-2025.8.0-linux-x64/python_files/deactivate/bash\x3a/home/ujglv/Dokumente/PSE/Grundstein/carmaker-workspace/.env/bin\x3a:PS1=(.env) VSCODE_ENV_REPLACE=VIRTUAL_ENV=/home/ujglv/Dokumente/PSE/Grundstein/carmaker-workspace/.env:VIRTUAL_ENV_PROMPT=(.env) _=/usr/bin/env /usr/bin/cmake --build /home/ujglv/Dokumente/PSE/Grundstein/carmaker-workspace/ros2_ws/build/cm_msgs -- -j6 -l6
[1.316s] Invoking command in '/home/ujglv/Dokumente/PSE/Grundstein/carmaker-workspace/ros2_ws/build/cm_msgs': CMAKE_PREFIX_PATH=/opt/ros/humble DEBUGINFOD_URLS=https://debuginfod.centos.org/ SHLVL=7 VIRTUAL_ENV_PROMPT=(.env) VSCODE_ENV_PREPEND=PATH=/home/ujglv/.vscode/extensions/ms-python.python-2025.8.0-linux-x64/python_files/deactivate/bash\x3a/home/ujglv/Dokumente/PSE/Grundstein/carmaker-workspace/.env/bin\x3a:PS1=(.env) VSCODE_ENV_REPLACE=VIRTUAL_ENV=/home/ujglv/Dokumente/PSE/Grundstein/carmaker-workspace/.env:VIRTUAL_ENV_PROMPT=(.env) _=/usr/bin/env /usr/bin/cmake --install /home/ujglv/Dokumente/PSE/Grundstein/carmaker-workspace/ros2_ws/build/cm_msgs
[1.332s] -- Install configuration: ""
[1.336s] -- Installing: /home/ujglv/Dokumente/PSE/Grundstein/carmaker-workspace/ros2_ws/install/cm_msgs/share/ament_index/resource_index/rosidl_interfaces/cm_msgs
[1.340s] -- Installing: /home/ujglv/Dokumente/PSE/Grundstein/carmaker-workspace/ros2_ws/install/cm_msgs/include/cm_msgs/cm_msgs
[1.344s] -- Installing: /home/ujglv/Dokumente/PSE/Grundstein/carmaker-workspace/ros2_ws/install/cm_msgs/include/cm_msgs/cm_msgs/msg
[1.348s] -- Installing: /home/ujglv/Dokumente/PSE/Grundstein/carmaker-workspace/ros2_ws/install/cm_msgs/include/cm_msgs/cm_msgs/msg/object.h
[1.351s] -- Installing: /home/ujglv/Dokumente/PSE/Grundstein/carmaker-workspace/ros2_ws/install/cm_msgs/include/cm_msgs/cm_msgs/msg/vehicle_input.h
[1.355s] -- Installing: /home/ujglv/Dokumente/PSE/Grundstein/carmaker-workspace/ros2_ws/install/cm_msgs/include/cm_msgs/cm_msgs/msg/detail
[1.358s] -- Installing: /home/ujglv/Dokumente/PSE/Grundstein/carmaker-workspace/ros2_ws/install/cm_msgs/include/cm_msgs/cm_msgs/msg/detail/vehicle_state__functions.c
[1.362s] -- Installing: /home/ujglv/Dokumente/PSE/Grundstein/carmaker-workspace/ros2_ws/install/cm_msgs/include/cm_msgs/cm_msgs/msg/detail/object__type_support.h
[1.365s] -- Installing: /home/ujglv/Dokumente/PSE/Grundstein/carmaker-workspace/ros2_ws/install/cm_msgs/include/cm_msgs/cm_msgs/msg/detail/object__functions.c
[1.369s] -- Installing: /home/ujglv/Dokumente/PSE/Grundstein/carmaker-workspace/ros2_ws/install/cm_msgs/include/cm_msgs/cm_msgs/msg/detail/vehicle_input__type_support.h
[1.373s] -- Installing: /home/ujglv/Dokumente/PSE/Grundstein/carmaker-workspace/ros2_ws/install/cm_msgs/include/cm_msgs/cm_msgs/msg/detail/vehicle_input__functions.c
[1.377s] -- Installing: /home/ujglv/Dokumente/PSE/Grundstein/carmaker-workspace/ros2_ws/install/cm_msgs/include/cm_msgs/cm_msgs/msg/detail/object__functions.h
[1.380s] -- Installing: /home/ujglv/Dokumente/PSE/Grundstein/carmaker-workspace/ros2_ws/install/cm_msgs/include/cm_msgs/cm_msgs/msg/detail/vehicle_state__type_support.h
[1.384s] -- Installing: /home/ujglv/Dokumente/PSE/Grundstein/carmaker-workspace/ros2_ws/install/cm_msgs/include/cm_msgs/cm_msgs/msg/detail/vehicle_state__functions.h
[1.387s] -- Installing: /home/ujglv/Dokumente/PSE/Grundstein/carmaker-workspace/ros2_ws/install/cm_msgs/include/cm_msgs/cm_msgs/msg/detail/object__struct.h
[1.391s] -- Installing: /home/ujglv/Dokumente/PSE/Grundstein/carmaker-workspace/ros2_ws/install/cm_msgs/include/cm_msgs/cm_msgs/msg/detail/vehicle_state__struct.h
[1.404s] -- Installing: /home/ujglv/Dokumente/PSE/Grundstein/carmaker-workspace/ros2_ws/install/cm_msgs/include/cm_msgs/cm_msgs/msg/detail/vehicle_input__functions.h
[1.408s] -- Installing: /home/ujglv/Dokumente/PSE/Grundstein/carmaker-workspace/ros2_ws/install/cm_msgs/include/cm_msgs/cm_msgs/msg/detail/vehicle_input__struct.h
[1.412s] -- Installing: /home/ujglv/Dokumente/PSE/Grundstein/carmaker-workspace/ros2_ws/install/cm_msgs/include/cm_msgs/cm_msgs/msg/rosidl_generator_c__visibility_control.h
[1.416s] -- Installing: /home/ujglv/Dokumente/PSE/Grundstein/carmaker-workspace/ros2_ws/install/cm_msgs/include/cm_msgs/cm_msgs/msg/vehicle_state.h
[1.431s] -- Installing: /home/ujglv/Dokumente/PSE/Grundstein/carmaker-workspace/ros2_ws/install/cm_msgs/share/cm_msgs/environment/library_path.sh
[1.438s] -- Installing: /home/ujglv/Dokumente/PSE/Grundstein/carmaker-workspace/ros2_ws/install/cm_msgs/share/cm_msgs/environment/library_path.dsv
[1.446s] -- Installing: /home/ujglv/Dokumente/PSE/Grundstein/carmaker-workspace/ros2_ws/install/cm_msgs/lib/libcm_msgs__rosidl_generator_c.so
[1.453s] -- Set runtime path of "/home/ujglv/Dokumente/PSE/Grundstein/carmaker-workspace/ros2_ws/install/cm_msgs/lib/libcm_msgs__rosidl_generator_c.so" to ""
[1.453s] -- Up-to-date: /home/ujglv/Dokumente/PSE/Grundstein/carmaker-workspace/ros2_ws/install/cm_msgs/include/cm_msgs/cm_msgs
[1.453s] -- Up-to-date: /home/ujglv/Dokumente/PSE/Grundstein/carmaker-workspace/ros2_ws/install/cm_msgs/include/cm_msgs/cm_msgs/msg
[1.456s] -- Installing: /home/ujglv/Dokumente/PSE/Grundstein/carmaker-workspace/ros2_ws/install/cm_msgs/include/cm_msgs/cm_msgs/msg/rosidl_typesupport_fastrtps_c__visibility_control.h
[1.461s] -- Up-to-date: /home/ujglv/Dokumente/PSE/Grundstein/carmaker-workspace/ros2_ws/install/cm_msgs/include/cm_msgs/cm_msgs/msg/detail
[1.461s] -- Installing: /home/ujglv/Dokumente/PSE/Grundstein/carmaker-workspace/ros2_ws/install/cm_msgs/include/cm_msgs/cm_msgs/msg/detail/object__rosidl_typesupport_fastrtps_c.h
[1.465s] -- Installing: /home/ujglv/Dokumente/PSE/Grundstein/carmaker-workspace/ros2_ws/install/cm_msgs/include/cm_msgs/cm_msgs/msg/detail/vehicle_state__rosidl_typesupport_fastrtps_c.h
[1.468s] -- Installing: /home/ujglv/Dokumente/PSE/Grundstein/carmaker-workspace/ros2_ws/install/cm_msgs/include/cm_msgs/cm_msgs/msg/detail/vehicle_input__rosidl_typesupport_fastrtps_c.h
[1.475s] -- Installing: /home/ujglv/Dokumente/PSE/Grundstein/carmaker-workspace/ros2_ws/install/cm_msgs/lib/libcm_msgs__rosidl_typesupport_fastrtps_c.so
[1.489s] -- Set runtime path of "/home/ujglv/Dokumente/PSE/Grundstein/carmaker-workspace/ros2_ws/install/cm_msgs/lib/libcm_msgs__rosidl_typesupport_fastrtps_c.so" to ""
[1.489s] -- Up-to-date: /home/ujglv/Dokumente/PSE/Grundstein/carmaker-workspace/ros2_ws/install/cm_msgs/include/cm_msgs/cm_msgs
[1.490s] -- Up-to-date: /home/ujglv/Dokumente/PSE/Grundstein/carmaker-workspace/ros2_ws/install/cm_msgs/include/cm_msgs/cm_msgs/msg
[1.490s] -- Installing: /home/ujglv/Dokumente/PSE/Grundstein/carmaker-workspace/ros2_ws/install/cm_msgs/include/cm_msgs/cm_msgs/msg/rosidl_typesupport_introspection_c__visibility_control.h
[1.497s] -- Up-to-date: /home/ujglv/Dokumente/PSE/Grundstein/carmaker-workspace/ros2_ws/install/cm_msgs/include/cm_msgs/cm_msgs/msg/detail
[1.500s] -- Installing: /home/ujglv/Dokumente/PSE/Grundstein/carmaker-workspace/ros2_ws/install/cm_msgs/include/cm_msgs/cm_msgs/msg/detail/vehicle_input__type_support.c
[1.507s] -- Installing: /home/ujglv/Dokumente/PSE/Grundstein/carmaker-workspace/ros2_ws/install/cm_msgs/include/cm_msgs/cm_msgs/msg/detail/vehicle_state__rosidl_typesupport_introspection_c.h
[1.514s] -- Installing: /home/ujglv/Dokumente/PSE/Grundstein/carmaker-workspace/ros2_ws/install/cm_msgs/include/cm_msgs/cm_msgs/msg/detail/object__rosidl_typesupport_introspection_c.h
[1.520s] -- Installing: /home/ujglv/Dokumente/PSE/Grundstein/carmaker-workspace/ros2_ws/install/cm_msgs/include/cm_msgs/cm_msgs/msg/detail/vehicle_input__rosidl_typesupport_introspection_c.h
[1.526s] -- Installing: /home/ujglv/Dokumente/PSE/Grundstein/carmaker-workspace/ros2_ws/install/cm_msgs/include/cm_msgs/cm_msgs/msg/detail/vehicle_state__type_support.c
[1.534s] -- Installing: /home/ujglv/Dokumente/PSE/Grundstein/carmaker-workspace/ros2_ws/install/cm_msgs/include/cm_msgs/cm_msgs/msg/detail/object__type_support.c
[1.543s] -- Installing: /home/ujglv/Dokumente/PSE/Grundstein/carmaker-workspace/ros2_ws/install/cm_msgs/lib/libcm_msgs__rosidl_typesupport_introspection_c.so
[1.550s] -- Set runtime path of "/home/ujglv/Dokumente/PSE/Grundstein/carmaker-workspace/ros2_ws/install/cm_msgs/lib/libcm_msgs__rosidl_typesupport_introspection_c.so" to ""
[1.551s] -- Installing: /home/ujglv/Dokumente/PSE/Grundstein/carmaker-workspace/ros2_ws/install/cm_msgs/lib/libcm_msgs__rosidl_typesupport_c.so
[1.557s] -- Set runtime path of "/home/ujglv/Dokumente/PSE/Grundstein/carmaker-workspace/ros2_ws/install/cm_msgs/lib/libcm_msgs__rosidl_typesupport_c.so" to ""
[1.557s] -- Up-to-date: /home/ujglv/Dokumente/PSE/Grundstein/carmaker-workspace/ros2_ws/install/cm_msgs/include/cm_msgs/cm_msgs
[1.558s] -- Up-to-date: /home/ujglv/Dokumente/PSE/Grundstein/carmaker-workspace/ros2_ws/install/cm_msgs/include/cm_msgs/cm_msgs/msg
[1.559s] -- Installing: /home/ujglv/Dokumente/PSE/Grundstein/carmaker-workspace/ros2_ws/install/cm_msgs/include/cm_msgs/cm_msgs/msg/vehicle_state.hpp
[1.563s] -- Installing: /home/ujglv/Dokumente/PSE/Grundstein/carmaker-workspace/ros2_ws/install/cm_msgs/include/cm_msgs/cm_msgs/msg/rosidl_generator_cpp__visibility_control.hpp
[1.566s] -- Installing: /home/ujglv/Dokumente/PSE/Grundstein/carmaker-workspace/ros2_ws/install/cm_msgs/include/cm_msgs/cm_msgs/msg/object.hpp
[1.570s] -- Up-to-date: /home/ujglv/Dokumente/PSE/Grundstein/carmaker-workspace/ros2_ws/install/cm_msgs/include/cm_msgs/cm_msgs/msg/detail
[1.570s] -- Installing: /home/ujglv/Dokumente/PSE/Grundstein/carmaker-workspace/ros2_ws/install/cm_msgs/include/cm_msgs/cm_msgs/msg/detail/vehicle_input__struct.hpp
[1.576s] -- Installing: /home/ujglv/Dokumente/PSE/Grundstein/carmaker-workspace/ros2_ws/install/cm_msgs/include/cm_msgs/cm_msgs/msg/detail/object__traits.hpp
[1.583s] -- Installing: /home/ujglv/Dokumente/PSE/Grundstein/carmaker-workspace/ros2_ws/install/cm_msgs/include/cm_msgs/cm_msgs/msg/detail/vehicle_state__builder.hpp
[1.588s] -- Installing: /home/ujglv/Dokumente/PSE/Grundstein/carmaker-workspace/ros2_ws/install/cm_msgs/include/cm_msgs/cm_msgs/msg/detail/vehicle_state__struct.hpp
[1.596s] -- Installing: /home/ujglv/Dokumente/PSE/Grundstein/carmaker-workspace/ros2_ws/install/cm_msgs/include/cm_msgs/cm_msgs/msg/detail/vehicle_state__type_support.hpp
[1.600s] -- Installing: /home/ujglv/Dokumente/PSE/Grundstein/carmaker-workspace/ros2_ws/install/cm_msgs/include/cm_msgs/cm_msgs/msg/detail/vehicle_input__builder.hpp
[1.605s] -- Installing: /home/ujglv/Dokumente/PSE/Grundstein/carmaker-workspace/ros2_ws/install/cm_msgs/include/cm_msgs/cm_msgs/msg/detail/object__type_support.hpp
[1.610s] -- Installing: /home/ujglv/Dokumente/PSE/Grundstein/carmaker-workspace/ros2_ws/install/cm_msgs/include/cm_msgs/cm_msgs/msg/detail/vehicle_input__type_support.hpp
[1.618s] -- Installing: /home/ujglv/Dokumente/PSE/Grundstein/carmaker-workspace/ros2_ws/install/cm_msgs/include/cm_msgs/cm_msgs/msg/detail/vehicle_input__traits.hpp
[1.624s] -- Installing: /home/ujglv/Dokumente/PSE/Grundstein/carmaker-workspace/ros2_ws/install/cm_msgs/include/cm_msgs/cm_msgs/msg/detail/object__struct.hpp
[1.628s] -- Installing: /home/ujglv/Dokumente/PSE/Grundstein/carmaker-workspace/ros2_ws/install/cm_msgs/include/cm_msgs/cm_msgs/msg/detail/vehicle_state__traits.hpp
[1.634s] -- Installing: /home/ujglv/Dokumente/PSE/Grundstein/carmaker-workspace/ros2_ws/install/cm_msgs/include/cm_msgs/cm_msgs/msg/detail/object__builder.hpp
[1.639s] -- Installing: /home/ujglv/Dokumente/PSE/Grundstein/carmaker-workspace/ros2_ws/install/cm_msgs/include/cm_msgs/cm_msgs/msg/vehicle_input.hpp
[1.641s] -- Up-to-date: /home/ujglv/Dokumente/PSE/Grundstein/carmaker-workspace/ros2_ws/install/cm_msgs/include/cm_msgs/cm_msgs
[1.642s] -- Up-to-date: /home/ujglv/Dokumente/PSE/Grundstein/carmaker-workspace/ros2_ws/install/cm_msgs/include/cm_msgs/cm_msgs/msg
[1.642s] -- Up-to-date: /home/ujglv/Dokumente/PSE/Grundstein/carmaker-workspace/ros2_ws/install/cm_msgs/include/cm_msgs/cm_msgs/msg/detail
[1.643s] -- Installing: /home/ujglv/Dokumente/PSE/Grundstein/carmaker-workspace/ros2_ws/install/cm_msgs/include/cm_msgs/cm_msgs/msg/detail/object__rosidl_typesupport_fastrtps_cpp.hpp
[1.648s] -- Installing: /home/ujglv/Dokumente/PSE/Grundstein/carmaker-workspace/ros2_ws/install/cm_msgs/include/cm_msgs/cm_msgs/msg/detail/vehicle_state__rosidl_typesupport_fastrtps_cpp.hpp
[1.657s] -- Installing: /home/ujglv/Dokumente/PSE/Grundstein/carmaker-workspace/ros2_ws/install/cm_msgs/include/cm_msgs/cm_msgs/msg/detail/dds_fastrtps
[1.663s] -- Installing: /home/ujglv/Dokumente/PSE/Grundstein/carmaker-workspace/ros2_ws/install/cm_msgs/include/cm_msgs/cm_msgs/msg/detail/vehicle_input__rosidl_typesupport_fastrtps_cpp.hpp
[1.667s] -- Installing: /home/ujglv/Dokumente/PSE/Grundstein/carmaker-workspace/ros2_ws/install/cm_msgs/include/cm_msgs/cm_msgs/msg/rosidl_typesupport_fastrtps_cpp__visibility_control.h
[1.670s] -- Installing: /home/ujglv/Dokumente/PSE/Grundstein/carmaker-workspace/ros2_ws/install/cm_msgs/lib/libcm_msgs__rosidl_typesupport_fastrtps_cpp.so
[1.682s] -- Set runtime path of "/home/ujglv/Dokumente/PSE/Grundstein/carmaker-workspace/ros2_ws/install/cm_msgs/lib/libcm_msgs__rosidl_typesupport_fastrtps_cpp.so" to ""
[1.682s] -- Up-to-date: /home/ujglv/Dokumente/PSE/Grundstein/carmaker-workspace/ros2_ws/install/cm_msgs/include/cm_msgs/cm_msgs
[1.683s] -- Up-to-date: /home/ujglv/Dokumente/PSE/Grundstein/carmaker-workspace/ros2_ws/install/cm_msgs/include/cm_msgs/cm_msgs/msg
[1.684s] -- Up-to-date: /home/ujglv/Dokumente/PSE/Grundstein/carmaker-workspace/ros2_ws/install/cm_msgs/include/cm_msgs/cm_msgs/msg/detail
[1.684s] -- Installing: /home/ujglv/Dokumente/PSE/Grundstein/carmaker-workspace/ros2_ws/install/cm_msgs/include/cm_msgs/cm_msgs/msg/detail/vehicle_input__type_support.cpp
[1.688s] -- Installing: /home/ujglv/Dokumente/PSE/Grundstein/carmaker-workspace/ros2_ws/install/cm_msgs/include/cm_msgs/cm_msgs/msg/detail/vehicle_input__rosidl_typesupport_introspection_cpp.hpp
[1.691s] -- Installing: /home/ujglv/Dokumente/PSE/Grundstein/carmaker-workspace/ros2_ws/install/cm_msgs/include/cm_msgs/cm_msgs/msg/detail/vehicle_state__type_support.cpp
[1.695s] -- Installing: /home/ujglv/Dokumente/PSE/Grundstein/carmaker-workspace/ros2_ws/install/cm_msgs/include/cm_msgs/cm_msgs/msg/detail/object__rosidl_typesupport_introspection_cpp.hpp
[1.699s] -- Installing: /home/ujglv/Dokumente/PSE/Grundstein/carmaker-workspace/ros2_ws/install/cm_msgs/include/cm_msgs/cm_msgs/msg/detail/vehicle_state__rosidl_typesupport_introspection_cpp.hpp
[1.702s] -- Installing: /home/ujglv/Dokumente/PSE/Grundstein/carmaker-workspace/ros2_ws/install/cm_msgs/include/cm_msgs/cm_msgs/msg/detail/object__type_support.cpp
[1.706s] -- Installing: /home/ujglv/Dokumente/PSE/Grundstein/carmaker-workspace/ros2_ws/install/cm_msgs/lib/libcm_msgs__rosidl_typesupport_introspection_cpp.so
[1.713s] -- Set runtime path of "/home/ujglv/Dokumente/PSE/Grundstein/carmaker-workspace/ros2_ws/install/cm_msgs/lib/libcm_msgs__rosidl_typesupport_introspection_cpp.so" to ""
[1.713s] -- Installing: /home/ujglv/Dokumente/PSE/Grundstein/carmaker-workspace/ros2_ws/install/cm_msgs/lib/libcm_msgs__rosidl_typesupport_cpp.so
[1.720s] -- Set runtime path of "/home/ujglv/Dokumente/PSE/Grundstein/carmaker-workspace/ros2_ws/install/cm_msgs/lib/libcm_msgs__rosidl_typesupport_cpp.so" to ""
[1.720s] -- Installing: /home/ujglv/Dokumente/PSE/Grundstein/carmaker-workspace/ros2_ws/install/cm_msgs/share/cm_msgs/environment/pythonpath.sh
[1.724s] -- Installing: /home/ujglv/Dokumente/PSE/Grundstein/carmaker-workspace/ros2_ws/install/cm_msgs/share/cm_msgs/environment/pythonpath.dsv
[1.728s] -- Installing: /home/ujglv/Dokumente/PSE/Grundstein/carmaker-workspace/ros2_ws/install/cm_msgs/lib/python3.11/site-packages/cm_msgs-0.1.0-py3.11.egg-info
[1.733s] -- Installing: /home/ujglv/Dokumente/PSE/Grundstein/carmaker-workspace/ros2_ws/install/cm_msgs/lib/python3.11/site-packages/cm_msgs-0.1.0-py3.11.egg-info/PKG-INFO
[1.736s] -- Installing: /home/ujglv/Dokumente/PSE/Grundstein/carmaker-workspace/ros2_ws/install/cm_msgs/lib/python3.11/site-packages/cm_msgs-0.1.0-py3.11.egg-info/SOURCES.txt
[1.739s] -- Installing: /home/ujglv/Dokumente/PSE/Grundstein/carmaker-workspace/ros2_ws/install/cm_msgs/lib/python3.11/site-packages/cm_msgs-0.1.0-py3.11.egg-info/top_level.txt
[1.743s] -- Installing: /home/ujglv/Dokumente/PSE/Grundstein/carmaker-workspace/ros2_ws/install/cm_msgs/lib/python3.11/site-packages/cm_msgs-0.1.0-py3.11.egg-info/dependency_links.txt
[1.757s] -- Installing: /home/ujglv/Dokumente/PSE/Grundstein/carmaker-workspace/ros2_ws/install/cm_msgs/lib/python3.11/site-packages/cm_msgs
[1.766s] -- Installing: /home/ujglv/Dokumente/PSE/Grundstein/carmaker-workspace/ros2_ws/install/cm_msgs/lib/python3.11/site-packages/cm_msgs/msg
[1.773s] -- Installing: /home/ujglv/Dokumente/PSE/Grundstein/carmaker-workspace/ros2_ws/install/cm_msgs/lib/python3.11/site-packages/cm_msgs/msg/__init__.py
[1.778s] -- Installing: /home/ujglv/Dokumente/PSE/Grundstein/carmaker-workspace/ros2_ws/install/cm_msgs/lib/python3.11/site-packages/cm_msgs/msg/_object_s.c
[1.781s] -- Installing: /home/ujglv/Dokumente/PSE/Grundstein/carmaker-workspace/ros2_ws/install/cm_msgs/lib/python3.11/site-packages/cm_msgs/msg/_vehicle_input_s.c
[1.786s] -- Installing: /home/ujglv/Dokumente/PSE/Grundstein/carmaker-workspace/ros2_ws/install/cm_msgs/lib/python3.11/site-packages/cm_msgs/msg/_vehicle_state_s.c
[1.791s] -- Installing: /home/ujglv/Dokumente/PSE/Grundstein/carmaker-workspace/ros2_ws/install/cm_msgs/lib/python3.11/site-packages/cm_msgs/msg/_vehicle_state.py
[1.794s] -- Installing: /home/ujglv/Dokumente/PSE/Grundstein/carmaker-workspace/ros2_ws/install/cm_msgs/lib/python3.11/site-packages/cm_msgs/msg/_vehicle_input.py
[1.797s] -- Installing: /home/ujglv/Dokumente/PSE/Grundstein/carmaker-workspace/ros2_ws/install/cm_msgs/lib/python3.11/site-packages/cm_msgs/msg/_object.py
[1.800s] -- Installing: /home/ujglv/Dokumente/PSE/Grundstein/carmaker-workspace/ros2_ws/install/cm_msgs/lib/python3.11/site-packages/cm_msgs/__init__.py
[1.803s] -- Installing: /home/ujglv/Dokumente/PSE/Grundstein/carmaker-workspace/ros2_ws/install/cm_msgs/lib/python3.11/site-packages/cm_msgs/_cm_msgs_s.ep.rosidl_typesupport_c.c
[1.807s] -- Installing: /home/ujglv/Dokumente/PSE/Grundstein/carmaker-workspace/ros2_ws/install/cm_msgs/lib/python3.11/site-packages/cm_msgs/cm_msgs_s__rosidl_typesupport_fastrtps_c.cpython-36m-x86_64-linux-gnu.so
[1.813s] -- Installing: /home/ujglv/Dokumente/PSE/Grundstein/carmaker-workspace/ros2_ws/install/cm_msgs/lib/python3.11/site-packages/cm_msgs/cm_msgs_s__rosidl_typesupport_c.cpython-36m-x86_64-linux-gnu.so
[1.822s] -- Installing: /home/ujglv/Dokumente/PSE/Grundstein/carmaker-workspace/ros2_ws/install/cm_msgs/lib/python3.11/site-packages/cm_msgs/libcm_msgs__rosidl_generator_py.so
[1.831s] -- Installing: /home/ujglv/Dokumente/PSE/Grundstein/carmaker-workspace/ros2_ws/install/cm_msgs/lib/python3.11/site-packages/cm_msgs/cm_msgs_s__rosidl_typesupport_introspection_c.cpython-36m-x86_64-linux-gnu.so
[1.835s] -- Installing: /home/ujglv/Dokumente/PSE/Grundstein/carmaker-workspace/ros2_ws/install/cm_msgs/lib/python3.11/site-packages/cm_msgs/_cm_msgs_s.ep.rosidl_typesupport_introspection_c.c
[1.839s] -- Installing: /home/ujglv/Dokumente/PSE/Grundstein/carmaker-workspace/ros2_ws/install/cm_msgs/lib/python3.11/site-packages/cm_msgs/_cm_msgs_s.ep.rosidl_typesupport_fastrtps_c.c
[1.960s] Listing '/home/ujglv/Dokumente/PSE/Grundstein/carmaker-workspace/ros2_ws/install/cm_msgs/lib/python3.11/site-packages/cm_msgs'...
[1.960s] Compiling '/home/ujglv/Dokumente/PSE/Grundstein/carmaker-workspace/ros2_ws/install/cm_msgs/lib/python3.11/site-packages/cm_msgs/__init__.py'...
[1.960s] Listing '/home/ujglv/Dokumente/PSE/Grundstein/carmaker-workspace/ros2_ws/install/cm_msgs/lib/python3.11/site-packages/cm_msgs/msg'...
[1.960s] Compiling '/home/ujglv/Dokumente/PSE/Grundstein/carmaker-workspace/ros2_ws/install/cm_msgs/lib/python3.11/site-packages/cm_msgs/msg/__init__.py'...
[1.960s] Compiling '/home/ujglv/Dokumente/PSE/Grundstein/carmaker-workspace/ros2_ws/install/cm_msgs/lib/python3.11/site-packages/cm_msgs/msg/_object.py'...
[1.960s] Compiling '/home/ujglv/Dokumente/PSE/Grundstein/carmaker-workspace/ros2_ws/install/cm_msgs/lib/python3.11/site-packages/cm_msgs/msg/_vehicle_input.py'...
[1.960s] Compiling '/home/ujglv/Dokumente/PSE/Grundstein/carmaker-workspace/ros2_ws/install/cm_msgs/lib/python3.11/site-packages/cm_msgs/msg/_vehicle_state.py'...
[1.969s] -- Installing: /home/ujglv/Dokumente/PSE/Grundstein/carmaker-workspace/ros2_ws/install/cm_msgs/lib/python3.11/site-packages/cm_msgs/cm_msgs_s__rosidl_typesupport_fastrtps_c.cpython-36m-x86_64-linux-gnu.so
[1.975s] -- Set runtime path of "/home/ujglv/Dokumente/PSE/Grundstein/carmaker-workspace/ros2_ws/install/cm_msgs/lib/python3.11/site-packages/cm_msgs/cm_msgs_s__rosidl_typesupport_fastrtps_c.cpython-36m-x86_64-linux-gnu.so" to ""
[1.979s] -- Installing: /home/ujglv/Dokumente/PSE/Grundstein/carmaker-workspace/ros2_ws/install/cm_msgs/lib/python3.11/site-packages/cm_msgs/cm_msgs_s__rosidl_typesupport_introspection_c.cpython-36m-x86_64-linux-gnu.so
[1.985s] -- Set runtime path of "/home/ujglv/Dokumente/PSE/Grundstein/carmaker-workspace/ros2_ws/install/cm_msgs/lib/python3.11/site-packages/cm_msgs/cm_msgs_s__rosidl_typesupport_introspection_c.cpython-36m-x86_64-linux-gnu.so" to ""
[1.987s] -- Installing: /home/ujglv/Dokumente/PSE/Grundstein/carmaker-workspace/ros2_ws/install/cm_msgs/lib/python3.11/site-packages/cm_msgs/cm_msgs_s__rosidl_typesupport_c.cpython-36m-x86_64-linux-gnu.so
[1.993s] -- Set runtime path of "/home/ujglv/Dokumente/PSE/Grundstein/carmaker-workspace/ros2_ws/install/cm_msgs/lib/python3.11/site-packages/cm_msgs/cm_msgs_s__rosidl_typesupport_c.cpython-36m-x86_64-linux-gnu.so" to ""
[1.993s] -- Installing: /home/ujglv/Dokumente/PSE/Grundstein/carmaker-workspace/ros2_ws/install/cm_msgs/lib/libcm_msgs__rosidl_generator_py.so
[2.004s] -- Set runtime path of "/home/ujglv/Dokumente/PSE/Grundstein/carmaker-workspace/ros2_ws/install/cm_msgs/lib/libcm_msgs__rosidl_generator_py.so" to ""
[2.008s] -- Installing: /home/ujglv/Dokumente/PSE/Grundstein/carmaker-workspace/ros2_ws/install/cm_msgs/share/cm_msgs/msg/Object.idl
[2.012s] -- Installing: /home/ujglv/Dokumente/PSE/Grundstein/carmaker-workspace/ros2_ws/install/cm_msgs/share/cm_msgs/msg/VehicleState.idl
[2.015s] -- Installing: /home/ujglv/Dokumente/PSE/Grundstein/carmaker-workspace/ros2_ws/install/cm_msgs/share/cm_msgs/msg/VehicleInput.idl
[2.018s] -- Installing: /home/ujglv/Dokumente/PSE/Grundstein/carmaker-workspace/ros2_ws/install/cm_msgs/share/cm_msgs/msg/Object.msg
[2.026s] -- Installing: /home/ujglv/Dokumente/PSE/Grundstein/carmaker-workspace/ros2_ws/install/cm_msgs/share/cm_msgs/msg/VehicleState.msg
[2.029s] -- Installing: /home/ujglv/Dokumente/PSE/Grundstein/carmaker-workspace/ros2_ws/install/cm_msgs/share/cm_msgs/msg/VehicleInput.msg
[2.036s] -- Installing: /home/ujglv/Dokumente/PSE/Grundstein/carmaker-workspace/ros2_ws/install/cm_msgs/share/ament_index/resource_index/package_run_dependencies/cm_msgs
[2.043s] -- Installing: /home/ujglv/Dokumente/PSE/Grundstein/carmaker-workspace/ros2_ws/install/cm_msgs/share/ament_index/resource_index/parent_prefix_path/cm_msgs
[2.047s] -- Installing: /home/ujglv/Dokumente/PSE/Grundstein/carmaker-workspace/ros2_ws/install/cm_msgs/share/cm_msgs/environment/ament_prefix_path.sh
[2.055s] -- Installing: /home/ujglv/Dokumente/PSE/Grundstein/carmaker-workspace/ros2_ws/install/cm_msgs/share/cm_msgs/environment/ament_prefix_path.dsv
[2.061s] -- Installing: /home/ujglv/Dokumente/PSE/Grundstein/carmaker-workspace/ros2_ws/install/cm_msgs/share/cm_msgs/environment/path.sh
[2.064s] -- Installing: /home/ujglv/Dokumente/PSE/Grundstein/carmaker-workspace/ros2_ws/install/cm_msgs/share/cm_msgs/environment/path.dsv
[2.068s] -- Installing: /home/ujglv/Dokumente/PSE/Grundstein/carmaker-workspace/ros2_ws/install/cm_msgs/share/cm_msgs/local_setup.bash
[2.073s] -- Installing: /home/ujglv/Dokumente/PSE/Grundstein/carmaker-workspace/ros2_ws/install/cm_msgs/share/cm_msgs/local_setup.sh
[2.077s] -- Installing: /home/ujglv/Dokumente/PSE/Grundstein/carmaker-workspace/ros2_ws/install/cm_msgs/share/cm_msgs/local_setup.zsh
[2.080s] -- Installing: /home/ujglv/Dokumente/PSE/Grundstein/carmaker-workspace/ros2_ws/install/cm_msgs/share/cm_msgs/local_setup.dsv
[2.084s] -- Installing: /home/ujglv/Dokumente/PSE/Grundstein/carmaker-workspace/ros2_ws/install/cm_msgs/share/cm_msgs/package.dsv
[2.098s] -- Installing: /home/ujglv/Dokumente/PSE/Grundstein/carmaker-workspace/ros2_ws/install/cm_msgs/share/ament_index/resource_index/packages/cm_msgs
[2.105s] -- Installing: /home/ujglv/Dokumente/PSE/Grundstein/carmaker-workspace/ros2_ws/install/cm_msgs/share/cm_msgs/cmake/export_cm_msgs__rosidl_generator_cExport.cmake
[2.109s] -- Installing: /home/ujglv/Dokumente/PSE/Grundstein/carmaker-workspace/ros2_ws/install/cm_msgs/share/cm_msgs/cmake/export_cm_msgs__rosidl_generator_cExport-noconfig.cmake
[2.113s] -- Installing: /home/ujglv/Dokumente/PSE/Grundstein/carmaker-workspace/ros2_ws/install/cm_msgs/share/cm_msgs/cmake/export_cm_msgs__rosidl_typesupport_fastrtps_cExport.cmake
[2.117s] -- Installing: /home/ujglv/Dokumente/PSE/Grundstein/carmaker-workspace/ros2_ws/install/cm_msgs/share/cm_msgs/cmake/export_cm_msgs__rosidl_typesupport_fastrtps_cExport-noconfig.cmake
[2.123s] -- Installing: /home/ujglv/Dokumente/PSE/Grundstein/carmaker-workspace/ros2_ws/install/cm_msgs/share/cm_msgs/cmake/cm_msgs__rosidl_typesupport_introspection_cExport.cmake
[2.129s] -- Installing: /home/ujglv/Dokumente/PSE/Grundstein/carmaker-workspace/ros2_ws/install/cm_msgs/share/cm_msgs/cmake/cm_msgs__rosidl_typesupport_introspection_cExport-noconfig.cmake
[2.133s] -- Installing: /home/ujglv/Dokumente/PSE/Grundstein/carmaker-workspace/ros2_ws/install/cm_msgs/share/cm_msgs/cmake/cm_msgs__rosidl_typesupport_cExport.cmake
[2.137s] -- Installing: /home/ujglv/Dokumente/PSE/Grundstein/carmaker-workspace/ros2_ws/install/cm_msgs/share/cm_msgs/cmake/cm_msgs__rosidl_typesupport_cExport-noconfig.cmake
[2.142s] -- Installing: /home/ujglv/Dokumente/PSE/Grundstein/carmaker-workspace/ros2_ws/install/cm_msgs/share/cm_msgs/cmake/export_cm_msgs__rosidl_generator_cppExport.cmake
[2.148s] -- Installing: /home/ujglv/Dokumente/PSE/Grundstein/carmaker-workspace/ros2_ws/install/cm_msgs/share/cm_msgs/cmake/export_cm_msgs__rosidl_typesupport_fastrtps_cppExport.cmake
[2.155s] -- Installing: /home/ujglv/Dokumente/PSE/Grundstein/carmaker-workspace/ros2_ws/install/cm_msgs/share/cm_msgs/cmake/export_cm_msgs__rosidl_typesupport_fastrtps_cppExport-noconfig.cmake
[2.159s] -- Installing: /home/ujglv/Dokumente/PSE/Grundstein/carmaker-workspace/ros2_ws/install/cm_msgs/share/cm_msgs/cmake/cm_msgs__rosidl_typesupport_introspection_cppExport.cmake
[2.164s] -- Installing: /home/ujglv/Dokumente/PSE/Grundstein/carmaker-workspace/ros2_ws/install/cm_msgs/share/cm_msgs/cmake/cm_msgs__rosidl_typesupport_introspection_cppExport-noconfig.cmake
[2.168s] -- Installing: /home/ujglv/Dokumente/PSE/Grundstein/carmaker-workspace/ros2_ws/install/cm_msgs/share/cm_msgs/cmake/cm_msgs__rosidl_typesupport_cppExport.cmake
[2.172s] -- Installing: /home/ujglv/Dokumente/PSE/Grundstein/carmaker-workspace/ros2_ws/install/cm_msgs/share/cm_msgs/cmake/cm_msgs__rosidl_typesupport_cppExport-noconfig.cmake
[2.176s] -- Installing: /home/ujglv/Dokumente/PSE/Grundstein/carmaker-workspace/ros2_ws/install/cm_msgs/share/cm_msgs/cmake/export_cm_msgs__rosidl_generator_pyExport.cmake
[2.183s] -- Installing: /home/ujglv/Dokumente/PSE/Grundstein/carmaker-workspace/ros2_ws/install/cm_msgs/share/cm_msgs/cmake/export_cm_msgs__rosidl_generator_pyExport-noconfig.cmake
[2.190s] -- Installing: /home/ujglv/Dokumente/PSE/Grundstein/carmaker-workspace/ros2_ws/install/cm_msgs/share/cm_msgs/cmake/rosidl_cmake-extras.cmake
[2.195s] -- Installing: /home/ujglv/Dokumente/PSE/Grundstein/carmaker-workspace/ros2_ws/install/cm_msgs/share/cm_msgs/cmake/ament_cmake_export_dependencies-extras.cmake
[2.198s] -- Installing: /home/ujglv/Dokumente/PSE/Grundstein/carmaker-workspace/ros2_ws/install/cm_msgs/share/cm_msgs/cmake/ament_cmake_export_include_directories-extras.cmake
[2.205s] -- Installing: /home/ujglv/Dokumente/PSE/Grundstein/carmaker-workspace/ros2_ws/install/cm_msgs/share/cm_msgs/cmake/ament_cmake_export_libraries-extras.cmake
[2.208s] -- Installing: /home/ujglv/Dokumente/PSE/Grundstein/carmaker-workspace/ros2_ws/install/cm_msgs/share/cm_msgs/cmake/ament_cmake_export_targets-extras.cmake
[2.212s] -- Installing: /home/ujglv/Dokumente/PSE/Grundstein/carmaker-workspace/ros2_ws/install/cm_msgs/share/cm_msgs/cmake/rosidl_cmake_export_typesupport_targets-extras.cmake
[2.217s] -- Installing: /home/ujglv/Dokumente/PSE/Grundstein/carmaker-workspace/ros2_ws/install/cm_msgs/share/cm_msgs/cmake/rosidl_cmake_export_typesupport_libraries-extras.cmake
[2.219s] -- Installing: /home/ujglv/Dokumente/PSE/Grundstein/carmaker-workspace/ros2_ws/install/cm_msgs/share/cm_msgs/cmake/cm_msgsConfig.cmake
[2.222s] -- Installing: /home/ujglv/Dokumente/PSE/Grundstein/carmaker-workspace/ros2_ws/install/cm_msgs/share/cm_msgs/cmake/cm_msgsConfig-version.cmake
[2.226s] -- Installing: /home/ujglv/Dokumente/PSE/Grundstein/carmaker-workspace/ros2_ws/install/cm_msgs/share/cm_msgs/package.xml
[2.233s] Invoked command in '/home/ujglv/Dokumente/PSE/Grundstein/carmaker-workspace/ros2_ws/build/cm_msgs' returned '0': CMAKE_PREFIX_PATH=/opt/ros/humble DEBUGINFOD_URLS=https://debuginfod.centos.org/ SHLVL=7 VIRTUAL_ENV_PROMPT=(.env) VSCODE_ENV_PREPEND=PATH=/home/ujglv/.vscode/extensions/ms-python.python-2025.8.0-linux-x64/python_files/deactivate/bash\x3a/home/ujglv/Dokumente/PSE/Grundstein/carmaker-workspace/.env/bin\x3a:PS1=(.env) VSCODE_ENV_REPLACE=VIRTUAL_ENV=/home/ujglv/Dokumente/PSE/Grundstein/carmaker-workspace/.env:VIRTUAL_ENV_PROMPT=(.env) _=/usr/bin/env /usr/bin/cmake --install /home/ujglv/Dokumente/PSE/Grundstein/carmaker-workspace/ros2_ws/build/cm_msgs
