Not searching for unused variables given on the command line.
-- The C compiler identification is GNU 8.5.0
-- The CXX compiler identification is GNU 8.5.0
-- Detecting C compiler ABI info
-- Detecting C compiler ABI info - done
-- Check for working C compiler: /usr/lib64/ccache/cc - skipped
-- Detecting C compile features
-- Detecting C compile features - done
-- Detecting CXX compiler ABI info
-- Detecting CXX compiler ABI info - done
-- Check for working CXX compiler: /usr/lib64/ccache/c++ - skipped
-- Detecting CXX compile features
-- Detecting CXX compile features - done
-- Found ament_cmake: 1.3.11 (/opt/ros/humble/share/ament_cmake/cmake)
-- Found Python3: /home/ujglv/Dokumente/PSE/Grundstein/carmaker-workspace/.env/bin/python3 (found version "3.11.11") found components: Interpreter 
-- Found rclcpp: 16.0.12 (/opt/ros/humble/share/rclcpp/cmake)
-- Found rosidl_generator_c: 3.1.6 (/opt/ros/humble/share/rosidl_generator_c/cmake)
-- Found rosidl_adapter: 3.1.6 (/opt/ros/humble/share/rosidl_adapter/cmake)
-- Found rosidl_generator_cpp: 3.1.6 (/opt/ros/humble/share/rosidl_generator_cpp/cmake)
-- Using all available rosidl_typesupport_c: rosidl_typesupport_fastrtps_c;rosidl_typesupport_introspection_c
-- Using all available rosidl_typesupport_cpp: rosidl_typesupport_fastrtps_cpp;rosidl_typesupport_introspection_cpp
-- Found rmw_implementation_cmake: 6.1.2 (/opt/ros/humble/share/rmw_implementation_cmake/cmake)
-- Found rmw_fastrtps_cpp: 6.2.7 (/opt/ros/humble/share/rmw_fastrtps_cpp/cmake)
-- Found OpenSSL: /usr/lib64/libcrypto.so (found version "1.1.1k")  
-- Found FastRTPS: /opt/ros/humble/include  
-- Using RMW implementation 'rmw_fastrtps_cpp' as default
-- Performing Test CMAKE_HAVE_LIBC_PTHREAD
-- Performing Test CMAKE_HAVE_LIBC_PTHREAD - Failed
-- Looking for pthread_create in pthreads
-- Looking for pthread_create in pthreads - not found
-- Looking for pthread_create in pthread
-- Looking for pthread_create in pthread - found
-- Found Threads: TRUE  
-- Found cmrosutils: 1.1.0 (/home/ujglv/Dokumente/PSE/Grundstein/carmaker-workspace/ros2_ws/install/cmrosutils/share/cmrosutils/cmake)
-- Found cm_msgs: 0.1.0 (/home/ujglv/Dokumente/PSE/Grundstein/carmaker-workspace/ros2_ws/install/cm_msgs/share/cm_msgs/cmake)
-- Found ament_lint_auto: 0.12.12 (/opt/ros/humble/share/ament_lint_auto/cmake)
-- Added test 'copyright' to check source files copyright and LICENSE
-- Added test 'cppcheck' to perform static code analysis on C / C++ code
-- Configured cppcheck include dirs: 
-- Configured cppcheck exclude dirs and/or files: 
-- Added test 'cpplint' to check C / C++ code against the Google style
-- Configured cpplint exclude dirs and/or files: 
-- Added test 'lint_cmake' to check CMake code style
-- Added test 'uncrustify' to check C / C++ code style
-- Configured uncrustify additional arguments: 
-- Added test 'xmllint' to check XML markup files
-- Configuring done (5.5s)
-- Generating done (0.1s)
-- Build files have been written to: /home/ujglv/Dokumente/PSE/Grundstein/carmaker-workspace/ros2_ws/build/cm_ros_if
[ 50%] [32mBuilding CXX object CMakeFiles/cm_ros_if.dir/src/cm_ros_if.cpp.o[0m
[100%] [32m[1mLinking CXX shared library libcm_ros_if.so[0m
[100%] Built target cm_ros_if
-- Install configuration: ""
-- Installing: /home/ujglv/Dokumente/PSE/Grundstein/carmaker-workspace/ros2_ws/install/cm_ros_if/lib/libcm_ros_if.so
-- Set runtime path of "/home/ujglv/Dokumente/PSE/Grundstein/carmaker-workspace/ros2_ws/install/cm_ros_if/lib/libcm_ros_if.so" to ""
-- Installing: /home/ujglv/Dokumente/PSE/Grundstein/carmaker-workspace/ros2_ws/install/cm_ros_if/share/cm_ros_if/environment/library_path.sh
-- Installing: /home/ujglv/Dokumente/PSE/Grundstein/carmaker-workspace/ros2_ws/install/cm_ros_if/share/cm_ros_if/environment/library_path.dsv
-- Installing: /home/ujglv/Dokumente/PSE/Grundstein/carmaker-workspace/ros2_ws/install/cm_ros_if/share/ament_index/resource_index/package_run_dependencies/cm_ros_if
-- Installing: /home/ujglv/Dokumente/PSE/Grundstein/carmaker-workspace/ros2_ws/install/cm_ros_if/share/ament_index/resource_index/parent_prefix_path/cm_ros_if
-- Installing: /home/ujglv/Dokumente/PSE/Grundstein/carmaker-workspace/ros2_ws/install/cm_ros_if/share/cm_ros_if/environment/ament_prefix_path.sh
-- Installing: /home/ujglv/Dokumente/PSE/Grundstein/carmaker-workspace/ros2_ws/install/cm_ros_if/share/cm_ros_if/environment/ament_prefix_path.dsv
-- Installing: /home/ujglv/Dokumente/PSE/Grundstein/carmaker-workspace/ros2_ws/install/cm_ros_if/share/cm_ros_if/environment/path.sh
-- Installing: /home/ujglv/Dokumente/PSE/Grundstein/carmaker-workspace/ros2_ws/install/cm_ros_if/share/cm_ros_if/environment/path.dsv
-- Installing: /home/ujglv/Dokumente/PSE/Grundstein/carmaker-workspace/ros2_ws/install/cm_ros_if/share/cm_ros_if/local_setup.bash
-- Installing: /home/ujglv/Dokumente/PSE/Grundstein/carmaker-workspace/ros2_ws/install/cm_ros_if/share/cm_ros_if/local_setup.sh
-- Installing: /home/ujglv/Dokumente/PSE/Grundstein/carmaker-workspace/ros2_ws/install/cm_ros_if/share/cm_ros_if/local_setup.zsh
-- Installing: /home/ujglv/Dokumente/PSE/Grundstein/carmaker-workspace/ros2_ws/install/cm_ros_if/share/cm_ros_if/local_setup.dsv
-- Installing: /home/ujglv/Dokumente/PSE/Grundstein/carmaker-workspace/ros2_ws/install/cm_ros_if/share/cm_ros_if/package.dsv
-- Installing: /home/ujglv/Dokumente/PSE/Grundstein/carmaker-workspace/ros2_ws/install/cm_ros_if/share/ament_index/resource_index/packages/cm_ros_if
-- Installing: /home/ujglv/Dokumente/PSE/Grundstein/carmaker-workspace/ros2_ws/install/cm_ros_if/share/cm_ros_if/cmake/ament_cmake_export_libraries-extras.cmake
-- Installing: /home/ujglv/Dokumente/PSE/Grundstein/carmaker-workspace/ros2_ws/install/cm_ros_if/share/cm_ros_if/cmake/ament_cmake_export_dependencies-extras.cmake
-- Installing: /home/ujglv/Dokumente/PSE/Grundstein/carmaker-workspace/ros2_ws/install/cm_ros_if/share/cm_ros_if/cmake/cm_ros_ifConfig.cmake
-- Installing: /home/ujglv/Dokumente/PSE/Grundstein/carmaker-workspace/ros2_ws/install/cm_ros_if/share/cm_ros_if/cmake/cm_ros_ifConfig-version.cmake
-- Installing: /home/ujglv/Dokumente/PSE/Grundstein/carmaker-workspace/ros2_ws/install/cm_ros_if/share/cm_ros_if/package.xml
