[0.099s] Invoking command in '/home/ujglv/Dokumente/PSE/Grundstein/carmaker-workspace/ros2_ws/build/cm_ros_if': AMENT_PREFIX_PATH=/home/ujglv/Dokumente/PSE/Grundstein/carmaker-workspace/ros2_ws/install/cmrosutils:/home/ujglv/Dokumente/PSE/Grundstein/carmaker-workspace/ros2_ws/install/cm_msgs:${AMENT_PREFIX_PATH} CMAKE_PREFIX_PATH=/home/ujglv/Dokumente/PSE/Grundstein/carmaker-workspace/ros2_ws/install/cmrosutils:/home/ujglv/Dokumente/PSE/Grundstein/carmaker-workspace/ros2_ws/install/cm_msgs:/opt/ros/humble DEBUGINFOD_URLS=https://debuginfod.centos.org/ LD_LIBRARY_PATH=/home/ujglv/Dokumente/PSE/Grundstein/carmaker-workspace/ros2_ws/install/cmrosutils/lib:/home/ujglv/Dokumente/PSE/Grundstein/carmaker-workspace/ros2_ws/install/cm_msgs/lib:${LD_LIBRARY_PATH} PYTHONPATH=/home/ujglv/Dokumente/PSE/Grundstein/carmaker-workspace/ros2_ws/install/cmrosutils/lib/python3.11/site-packages:/home/ujglv/Dokumente/PSE/Grundstein/carmaker-workspace/ros2_ws/install/cm_msgs/lib/python3.11/site-packages:${PYTHONPATH} SHLVL=7 VIRTUAL_ENV_PROMPT=(.env) _=/usr/bin/env /usr/bin/cmake /home/ujglv/Dokumente/PSE/Grundstein/carmaker-workspace/ros2_ws/src/cm_ros_if -DCARMAKER_VER:STRING=14.0.1 --no-warn-unused-cli -DCMAKE_INSTALL_PREFIX=/home/ujglv/Dokumente/PSE/Grundstein/carmaker-workspace/ros2_ws/install/cm_ros_if
[0.147s] Not searching for unused variables given on the command line.
[0.352s] -- The C compiler identification is GNU 8.5.0
[0.571s] -- The CXX compiler identification is GNU 8.5.0
[0.644s] -- Detecting C compiler ABI info
[0.979s] -- Detecting C compiler ABI info - done
[0.988s] -- Check for working C compiler: /usr/lib64/ccache/cc - skipped
[0.988s] -- Detecting C compile features
[0.989s] -- Detecting C compile features - done
[1.011s] -- Detecting CXX compiler ABI info
[1.365s] -- Detecting CXX compiler ABI info - done
[1.373s] -- Check for working CXX compiler: /usr/lib64/ccache/c++ - skipped
[1.373s] -- Detecting CXX compile features
[1.374s] -- Detecting CXX compile features - done
[1.397s] -- Found ament_cmake: 1.3.11 (/opt/ros/humble/share/ament_cmake/cmake)
[2.498s] -- Found Python3: /home/ujglv/Dokumente/PSE/Grundstein/carmaker-workspace/.env/bin/python3 (found version "3.11.11") found components: Interpreter 
[2.814s] -- Found rclcpp: 16.0.12 (/opt/ros/humble/share/rclcpp/cmake)
[2.983s] -- Found rosidl_generator_c: 3.1.6 (/opt/ros/humble/share/rosidl_generator_c/cmake)
[3.000s] -- Found rosidl_adapter: 3.1.6 (/opt/ros/humble/share/rosidl_adapter/cmake)
[3.033s] -- Found rosidl_generator_cpp: 3.1.6 (/opt/ros/humble/share/rosidl_generator_cpp/cmake)
[3.079s] -- Using all available rosidl_typesupport_c: rosidl_typesupport_fastrtps_c;rosidl_typesupport_introspection_c
[3.133s] -- Using all available rosidl_typesupport_cpp: rosidl_typesupport_fastrtps_cpp;rosidl_typesupport_introspection_cpp
[3.359s] -- Found rmw_implementation_cmake: 6.1.2 (/opt/ros/humble/share/rmw_implementation_cmake/cmake)
[3.370s] -- Found rmw_fastrtps_cpp: 6.2.7 (/opt/ros/humble/share/rmw_fastrtps_cpp/cmake)
[3.640s] -- Found OpenSSL: /usr/lib64/libcrypto.so (found version "1.1.1k")  
[3.700s] -- Found FastRTPS: /opt/ros/humble/include  
[3.780s] -- Using RMW implementation 'rmw_fastrtps_cpp' as default
[3.817s] -- Performing Test CMAKE_HAVE_LIBC_PTHREAD
[4.233s] -- Performing Test CMAKE_HAVE_LIBC_PTHREAD - Failed
[4.233s] -- Looking for pthread_create in pthreads
[4.611s] -- Looking for pthread_create in pthreads - not found
[4.611s] -- Looking for pthread_create in pthread
[4.983s] -- Looking for pthread_create in pthread - found
[4.984s] -- Found Threads: TRUE  
[5.141s] -- Found cmrosutils: 1.1.0 (/home/ujglv/Dokumente/PSE/Grundstein/carmaker-workspace/ros2_ws/install/cmrosutils/share/cmrosutils/cmake)
[5.198s] -- Found cm_msgs: 0.1.0 (/home/ujglv/Dokumente/PSE/Grundstein/carmaker-workspace/ros2_ws/install/cm_msgs/share/cm_msgs/cmake)
[5.264s] -- Found ament_lint_auto: 0.12.12 (/opt/ros/humble/share/ament_lint_auto/cmake)
[5.536s] -- Added test 'copyright' to check source files copyright and LICENSE
[5.541s] -- Added test 'cppcheck' to perform static code analysis on C / C++ code
[5.541s] -- Configured cppcheck include dirs: 
[5.541s] -- Configured cppcheck exclude dirs and/or files: 
[5.546s] -- Added test 'cpplint' to check C / C++ code against the Google style
[5.546s] -- Configured cpplint exclude dirs and/or files: 
[5.552s] -- Added test 'lint_cmake' to check CMake code style
[5.561s] -- Added test 'uncrustify' to check C / C++ code style
[5.561s] -- Configured uncrustify additional arguments: 
[5.567s] -- Added test 'xmllint' to check XML markup files
[5.612s] -- Configuring done (5.5s)
[5.765s] -- Generating done (0.1s)
[5.826s] -- Build files have been written to: /home/ujglv/Dokumente/PSE/Grundstein/carmaker-workspace/ros2_ws/build/cm_ros_if
[5.834s] Invoked command in '/home/ujglv/Dokumente/PSE/Grundstein/carmaker-workspace/ros2_ws/build/cm_ros_if' returned '0': AMENT_PREFIX_PATH=/home/ujglv/Dokumente/PSE/Grundstein/carmaker-workspace/ros2_ws/install/cmrosutils:/home/ujglv/Dokumente/PSE/Grundstein/carmaker-workspace/ros2_ws/install/cm_msgs:${AMENT_PREFIX_PATH} CMAKE_PREFIX_PATH=/home/ujglv/Dokumente/PSE/Grundstein/carmaker-workspace/ros2_ws/install/cmrosutils:/home/ujglv/Dokumente/PSE/Grundstein/carmaker-workspace/ros2_ws/install/cm_msgs:/opt/ros/humble DEBUGINFOD_URLS=https://debuginfod.centos.org/ LD_LIBRARY_PATH=/home/ujglv/Dokumente/PSE/Grundstein/carmaker-workspace/ros2_ws/install/cmrosutils/lib:/home/ujglv/Dokumente/PSE/Grundstein/carmaker-workspace/ros2_ws/install/cm_msgs/lib:${LD_LIBRARY_PATH} PYTHONPATH=/home/ujglv/Dokumente/PSE/Grundstein/carmaker-workspace/ros2_ws/install/cmrosutils/lib/python3.11/site-packages:/home/ujglv/Dokumente/PSE/Grundstein/carmaker-workspace/ros2_ws/install/cm_msgs/lib/python3.11/site-packages:${PYTHONPATH} SHLVL=7 VIRTUAL_ENV_PROMPT=(.env) _=/usr/bin/env /usr/bin/cmake /home/ujglv/Dokumente/PSE/Grundstein/carmaker-workspace/ros2_ws/src/cm_ros_if -DCARMAKER_VER:STRING=14.0.1 --no-warn-unused-cli -DCMAKE_INSTALL_PREFIX=/home/ujglv/Dokumente/PSE/Grundstein/carmaker-workspace/ros2_ws/install/cm_ros_if
[5.837s] Invoking command in '/home/ujglv/Dokumente/PSE/Grundstein/carmaker-workspace/ros2_ws/build/cm_ros_if': AMENT_PREFIX_PATH=/home/ujglv/Dokumente/PSE/Grundstein/carmaker-workspace/ros2_ws/install/cmrosutils:/home/ujglv/Dokumente/PSE/Grundstein/carmaker-workspace/ros2_ws/install/cm_msgs:${AMENT_PREFIX_PATH} CMAKE_PREFIX_PATH=/home/ujglv/Dokumente/PSE/Grundstein/carmaker-workspace/ros2_ws/install/cmrosutils:/home/ujglv/Dokumente/PSE/Grundstein/carmaker-workspace/ros2_ws/install/cm_msgs:/opt/ros/humble DEBUGINFOD_URLS=https://debuginfod.centos.org/ LD_LIBRARY_PATH=/home/ujglv/Dokumente/PSE/Grundstein/carmaker-workspace/ros2_ws/install/cmrosutils/lib:/home/ujglv/Dokumente/PSE/Grundstein/carmaker-workspace/ros2_ws/install/cm_msgs/lib:${LD_LIBRARY_PATH} PYTHONPATH=/home/ujglv/Dokumente/PSE/Grundstein/carmaker-workspace/ros2_ws/install/cmrosutils/lib/python3.11/site-packages:/home/ujglv/Dokumente/PSE/Grundstein/carmaker-workspace/ros2_ws/install/cm_msgs/lib/python3.11/site-packages:${PYTHONPATH} SHLVL=7 VIRTUAL_ENV_PROMPT=(.env) _=/usr/bin/env /usr/bin/cmake --build /home/ujglv/Dokumente/PSE/Grundstein/carmaker-workspace/ros2_ws/build/cm_ros_if -- -j6 -l6
[6.075s] [ 50%] [32mBuilding CXX object CMakeFiles/cm_ros_if.dir/src/cm_ros_if.cpp.o[0m
[16.040s] [100%] [32m[1mLinking CXX shared library libcm_ros_if.so[0m
[16.549s] [100%] Built target cm_ros_if
[16.573s] Invoked command in '/home/ujglv/Dokumente/PSE/Grundstein/carmaker-workspace/ros2_ws/build/cm_ros_if' returned '0': AMENT_PREFIX_PATH=/home/ujglv/Dokumente/PSE/Grundstein/carmaker-workspace/ros2_ws/install/cmrosutils:/home/ujglv/Dokumente/PSE/Grundstein/carmaker-workspace/ros2_ws/install/cm_msgs:${AMENT_PREFIX_PATH} CMAKE_PREFIX_PATH=/home/ujglv/Dokumente/PSE/Grundstein/carmaker-workspace/ros2_ws/install/cmrosutils:/home/ujglv/Dokumente/PSE/Grundstein/carmaker-workspace/ros2_ws/install/cm_msgs:/opt/ros/humble DEBUGINFOD_URLS=https://debuginfod.centos.org/ LD_LIBRARY_PATH=/home/ujglv/Dokumente/PSE/Grundstein/carmaker-workspace/ros2_ws/install/cmrosutils/lib:/home/ujglv/Dokumente/PSE/Grundstein/carmaker-workspace/ros2_ws/install/cm_msgs/lib:${LD_LIBRARY_PATH} PYTHONPATH=/home/ujglv/Dokumente/PSE/Grundstein/carmaker-workspace/ros2_ws/install/cmrosutils/lib/python3.11/site-packages:/home/ujglv/Dokumente/PSE/Grundstein/carmaker-workspace/ros2_ws/install/cm_msgs/lib/python3.11/site-packages:${PYTHONPATH} SHLVL=7 VIRTUAL_ENV_PROMPT=(.env) _=/usr/bin/env /usr/bin/cmake --build /home/ujglv/Dokumente/PSE/Grundstein/carmaker-workspace/ros2_ws/build/cm_ros_if -- -j6 -l6
[16.576s] Invoking command in '/home/ujglv/Dokumente/PSE/Grundstein/carmaker-workspace/ros2_ws/build/cm_ros_if': AMENT_PREFIX_PATH=/home/ujglv/Dokumente/PSE/Grundstein/carmaker-workspace/ros2_ws/install/cmrosutils:/home/ujglv/Dokumente/PSE/Grundstein/carmaker-workspace/ros2_ws/install/cm_msgs:${AMENT_PREFIX_PATH} CMAKE_PREFIX_PATH=/home/ujglv/Dokumente/PSE/Grundstein/carmaker-workspace/ros2_ws/install/cmrosutils:/home/ujglv/Dokumente/PSE/Grundstein/carmaker-workspace/ros2_ws/install/cm_msgs:/opt/ros/humble DEBUGINFOD_URLS=https://debuginfod.centos.org/ LD_LIBRARY_PATH=/home/ujglv/Dokumente/PSE/Grundstein/carmaker-workspace/ros2_ws/install/cmrosutils/lib:/home/ujglv/Dokumente/PSE/Grundstein/carmaker-workspace/ros2_ws/install/cm_msgs/lib:${LD_LIBRARY_PATH} PYTHONPATH=/home/ujglv/Dokumente/PSE/Grundstein/carmaker-workspace/ros2_ws/install/cmrosutils/lib/python3.11/site-packages:/home/ujglv/Dokumente/PSE/Grundstein/carmaker-workspace/ros2_ws/install/cm_msgs/lib/python3.11/site-packages:${PYTHONPATH} SHLVL=7 VIRTUAL_ENV_PROMPT=(.env) _=/usr/bin/env /usr/bin/cmake --install /home/ujglv/Dokumente/PSE/Grundstein/carmaker-workspace/ros2_ws/build/cm_ros_if
[16.617s] -- Install configuration: ""
[16.621s] -- Installing: /home/ujglv/Dokumente/PSE/Grundstein/carmaker-workspace/ros2_ws/install/cm_ros_if/lib/libcm_ros_if.so
[16.731s] -- Set runtime path of "/home/ujglv/Dokumente/PSE/Grundstein/carmaker-workspace/ros2_ws/install/cm_ros_if/lib/libcm_ros_if.so" to ""
[16.739s] -- Installing: /home/ujglv/Dokumente/PSE/Grundstein/carmaker-workspace/ros2_ws/install/cm_ros_if/share/cm_ros_if/environment/library_path.sh
[16.747s] -- Installing: /home/ujglv/Dokumente/PSE/Grundstein/carmaker-workspace/ros2_ws/install/cm_ros_if/share/cm_ros_if/environment/library_path.dsv
[16.756s] -- Installing: /home/ujglv/Dokumente/PSE/Grundstein/carmaker-workspace/ros2_ws/install/cm_ros_if/share/ament_index/resource_index/package_run_dependencies/cm_ros_if
[16.763s] -- Installing: /home/ujglv/Dokumente/PSE/Grundstein/carmaker-workspace/ros2_ws/install/cm_ros_if/share/ament_index/resource_index/parent_prefix_path/cm_ros_if
[16.773s] -- Installing: /home/ujglv/Dokumente/PSE/Grundstein/carmaker-workspace/ros2_ws/install/cm_ros_if/share/cm_ros_if/environment/ament_prefix_path.sh
[16.781s] -- Installing: /home/ujglv/Dokumente/PSE/Grundstein/carmaker-workspace/ros2_ws/install/cm_ros_if/share/cm_ros_if/environment/ament_prefix_path.dsv
[16.785s] -- Installing: /home/ujglv/Dokumente/PSE/Grundstein/carmaker-workspace/ros2_ws/install/cm_ros_if/share/cm_ros_if/environment/path.sh
[16.791s] -- Installing: /home/ujglv/Dokumente/PSE/Grundstein/carmaker-workspace/ros2_ws/install/cm_ros_if/share/cm_ros_if/environment/path.dsv
[16.796s] -- Installing: /home/ujglv/Dokumente/PSE/Grundstein/carmaker-workspace/ros2_ws/install/cm_ros_if/share/cm_ros_if/local_setup.bash
[16.801s] -- Installing: /home/ujglv/Dokumente/PSE/Grundstein/carmaker-workspace/ros2_ws/install/cm_ros_if/share/cm_ros_if/local_setup.sh
[16.806s] -- Installing: /home/ujglv/Dokumente/PSE/Grundstein/carmaker-workspace/ros2_ws/install/cm_ros_if/share/cm_ros_if/local_setup.zsh
[16.810s] -- Installing: /home/ujglv/Dokumente/PSE/Grundstein/carmaker-workspace/ros2_ws/install/cm_ros_if/share/cm_ros_if/local_setup.dsv
[16.820s] -- Installing: /home/ujglv/Dokumente/PSE/Grundstein/carmaker-workspace/ros2_ws/install/cm_ros_if/share/cm_ros_if/package.dsv
[16.830s] -- Installing: /home/ujglv/Dokumente/PSE/Grundstein/carmaker-workspace/ros2_ws/install/cm_ros_if/share/ament_index/resource_index/packages/cm_ros_if
[16.836s] -- Installing: /home/ujglv/Dokumente/PSE/Grundstein/carmaker-workspace/ros2_ws/install/cm_ros_if/share/cm_ros_if/cmake/ament_cmake_export_libraries-extras.cmake
[16.840s] -- Installing: /home/ujglv/Dokumente/PSE/Grundstein/carmaker-workspace/ros2_ws/install/cm_ros_if/share/cm_ros_if/cmake/ament_cmake_export_dependencies-extras.cmake
[16.846s] -- Installing: /home/ujglv/Dokumente/PSE/Grundstein/carmaker-workspace/ros2_ws/install/cm_ros_if/share/cm_ros_if/cmake/cm_ros_ifConfig.cmake
[16.853s] -- Installing: /home/ujglv/Dokumente/PSE/Grundstein/carmaker-workspace/ros2_ws/install/cm_ros_if/share/cm_ros_if/cmake/cm_ros_ifConfig-version.cmake
[16.861s] -- Installing: /home/ujglv/Dokumente/PSE/Grundstein/carmaker-workspace/ros2_ws/install/cm_ros_if/share/cm_ros_if/package.xml
[16.868s] Invoked command in '/home/ujglv/Dokumente/PSE/Grundstein/carmaker-workspace/ros2_ws/build/cm_ros_if' returned '0': AMENT_PREFIX_PATH=/home/ujglv/Dokumente/PSE/Grundstein/carmaker-workspace/ros2_ws/install/cmrosutils:/home/ujglv/Dokumente/PSE/Grundstein/carmaker-workspace/ros2_ws/install/cm_msgs:${AMENT_PREFIX_PATH} CMAKE_PREFIX_PATH=/home/ujglv/Dokumente/PSE/Grundstein/carmaker-workspace/ros2_ws/install/cmrosutils:/home/ujglv/Dokumente/PSE/Grundstein/carmaker-workspace/ros2_ws/install/cm_msgs:/opt/ros/humble DEBUGINFOD_URLS=https://debuginfod.centos.org/ LD_LIBRARY_PATH=/home/ujglv/Dokumente/PSE/Grundstein/carmaker-workspace/ros2_ws/install/cmrosutils/lib:/home/ujglv/Dokumente/PSE/Grundstein/carmaker-workspace/ros2_ws/install/cm_msgs/lib:${LD_LIBRARY_PATH} PYTHONPATH=/home/ujglv/Dokumente/PSE/Grundstein/carmaker-workspace/ros2_ws/install/cmrosutils/lib/python3.11/site-packages:/home/ujglv/Dokumente/PSE/Grundstein/carmaker-workspace/ros2_ws/install/cm_msgs/lib/python3.11/site-packages:${PYTHONPATH} SHLVL=7 VIRTUAL_ENV_PROMPT=(.env) _=/usr/bin/env /usr/bin/cmake --install /home/ujglv/Dokumente/PSE/Grundstein/carmaker-workspace/ros2_ws/build/cm_ros_if
