[0.031s] Invoking command in '/home/ujglv/Dokumente/PSE/Grundstein/carmaker-workspace/ros2_ws/build/cmrosutils': CMAKE_PREFIX_PATH=/opt/ros/humble DEBUGINFOD_URLS=https://debuginfod.centos.org/ SHLVL=7 VIRTUAL_ENV_PROMPT=(.env) _=/usr/bin/env /usr/bin/cmake /home/ujglv/Dokumente/PSE/Grundstein/carmaker-workspace/ros2_ws/src/cmrosutils -DCARMAKER_VER:STRING=14.0.1 --no-warn-unused-cli -DCMAKE_INSTALL_PREFIX=/home/ujglv/Dokumente/PSE/Grundstein/carmaker-workspace/ros2_ws/install/cmrosutils
[0.042s] Not searching for unused variables given on the command line.
[0.267s] -- The C compiler identification is GNU 8.5.0
[0.718s] -- The CXX compiler identification is GNU 8.5.0
[0.772s] -- Detecting C compiler ABI info
[1.090s] -- Detecting C compiler ABI info - done
[1.098s] -- Check for working C compiler: /usr/lib64/ccache/cc - skipped
[1.099s] -- Detecting C compile features
[1.101s] -- Detecting C compile features - done
[1.116s] -- Detecting CXX compiler ABI info
[1.445s] -- Detecting CXX compiler ABI info - done
[1.453s] -- Check for working CXX compiler: /usr/lib64/ccache/c++ - skipped
[1.453s] -- Detecting CXX compile features
[1.454s] -- Detecting CXX compile features - done
[1.519s] -- Found ament_cmake: 1.3.11 (/opt/ros/humble/share/ament_cmake/cmake)
[2.631s] -- Found Python3: /home/ujglv/Dokumente/PSE/Grundstein/carmaker-workspace/.env/bin/python3 (found version "3.11.11") found components: Interpreter 
[2.971s] -- Found rclcpp: 16.0.12 (/opt/ros/humble/share/rclcpp/cmake)
[3.186s] -- Found rosidl_generator_c: 3.1.6 (/opt/ros/humble/share/rosidl_generator_c/cmake)
[3.203s] -- Found rosidl_adapter: 3.1.6 (/opt/ros/humble/share/rosidl_adapter/cmake)
[3.236s] -- Found rosidl_generator_cpp: 3.1.6 (/opt/ros/humble/share/rosidl_generator_cpp/cmake)
[3.294s] -- Using all available rosidl_typesupport_c: rosidl_typesupport_fastrtps_c;rosidl_typesupport_introspection_c
[3.347s] -- Using all available rosidl_typesupport_cpp: rosidl_typesupport_fastrtps_cpp;rosidl_typesupport_introspection_cpp
[3.579s] -- Found rmw_implementation_cmake: 6.1.2 (/opt/ros/humble/share/rmw_implementation_cmake/cmake)
[3.600s] -- Found rmw_fastrtps_cpp: 6.2.7 (/opt/ros/humble/share/rmw_fastrtps_cpp/cmake)
[3.997s] -- Found OpenSSL: /usr/lib64/libcrypto.so (found version "1.1.1k")  
[4.056s] -- Found FastRTPS: /opt/ros/humble/include  
[4.185s] -- Using RMW implementation 'rmw_fastrtps_cpp' as default
[4.243s] -- Performing Test CMAKE_HAVE_LIBC_PTHREAD
[4.729s] -- Performing Test CMAKE_HAVE_LIBC_PTHREAD - Failed
[4.729s] -- Looking for pthread_create in pthreads
[5.125s] -- Looking for pthread_create in pthreads - not found
[5.126s] -- Looking for pthread_create in pthread
[5.503s] -- Looking for pthread_create in pthread - found
[5.504s] -- Found Threads: TRUE  
[5.804s] -- Found rosidl_default_generators: 1.2.0 (/opt/ros/humble/share/rosidl_default_generators/cmake)
[6.282s] -- Found ament_cmake_ros: 0.10.0 (/opt/ros/humble/share/ament_cmake_ros/cmake)
[6.855s] -- Using all available rosidl_typesupport_c: rosidl_typesupport_fastrtps_c;rosidl_typesupport_introspection_c
[7.040s] -- Using all available rosidl_typesupport_cpp: rosidl_typesupport_fastrtps_cpp;rosidl_typesupport_introspection_cpp
[7.134s] -- Found PythonInterp: /usr/bin/python3.6 (found suitable version "3.6.8", minimum required is "3.6") 
[7.140s] -- Found python_cmake_module: 0.10.0 (/opt/ros/humble/share/python_cmake_module/cmake)
[7.198s] -- Found PythonLibs: /usr/lib64/libpython3.6m.so (found suitable version "3.6.8", minimum required is "3.5") 
[7.198s] -- Using PYTHON_EXECUTABLE: /usr/bin/python3.6
[7.198s] -- Using PYTHON_INCLUDE_DIRS: /usr/include/python3.6m
[7.198s] -- Using PYTHON_LIBRARIES: /usr/lib64/libpython3.6m.so
[7.273s] -- Found PythonExtra: .so  
[7.712s] -- Using numpy include directory: /usr/lib64/python3.6/site-packages/numpy/core/include
[7.731s] -- Found ament_lint_auto: 0.12.12 (/opt/ros/humble/share/ament_lint_auto/cmake)
[7.950s] -- Added test 'copyright' to check source files copyright and LICENSE
[7.956s] -- Added test 'cppcheck' to perform static code analysis on C / C++ code
[7.956s] -- Configured cppcheck include dirs: $<BUILD_INTERFACE:/home/ujglv/Dokumente/PSE/Grundstein/carmaker-workspace/ros2_ws/src/cmrosutils/include>
[7.956s] -- Configured cppcheck exclude dirs and/or files: 
[7.961s] -- Added test 'cpplint' to check C / C++ code against the Google style
[7.961s] -- Configured cpplint exclude dirs and/or files: 
[7.965s] -- Added test 'lint_cmake' to check CMake code style
[7.969s] -- Added test 'uncrustify' to check C / C++ code style
[7.969s] -- Configured uncrustify additional arguments: 
[7.973s] -- Added test 'xmllint' to check XML markup files
[8.031s] -- Configuring done (8.0s)
[8.797s] -- Generating done (0.7s)
[8.962s] -- Build files have been written to: /home/ujglv/Dokumente/PSE/Grundstein/carmaker-workspace/ros2_ws/build/cmrosutils
[8.973s] Invoked command in '/home/ujglv/Dokumente/PSE/Grundstein/carmaker-workspace/ros2_ws/build/cmrosutils' returned '0': CMAKE_PREFIX_PATH=/opt/ros/humble DEBUGINFOD_URLS=https://debuginfod.centos.org/ SHLVL=7 VIRTUAL_ENV_PROMPT=(.env) _=/usr/bin/env /usr/bin/cmake /home/ujglv/Dokumente/PSE/Grundstein/carmaker-workspace/ros2_ws/src/cmrosutils -DCARMAKER_VER:STRING=14.0.1 --no-warn-unused-cli -DCMAKE_INSTALL_PREFIX=/home/ujglv/Dokumente/PSE/Grundstein/carmaker-workspace/ros2_ws/install/cmrosutils
[8.975s] Invoking command in '/home/ujglv/Dokumente/PSE/Grundstein/carmaker-workspace/ros2_ws/build/cmrosutils': CMAKE_PREFIX_PATH=/opt/ros/humble DEBUGINFOD_URLS=https://debuginfod.centos.org/ SHLVL=7 VIRTUAL_ENV_PROMPT=(.env) _=/usr/bin/env /usr/bin/cmake --build /home/ujglv/Dokumente/PSE/Grundstein/carmaker-workspace/ros2_ws/build/cmrosutils -- -j6 -l6
[9.432s] [  3%] [34m[1mGenerating C code for ROS interfaces[0m
[9.482s] [  6%] [34m[1mGenerating C++ code for ROS interfaces[0m
[9.538s] [  6%] Built target ament_cmake_python_copy_cmrosutils
[10.045s] [  6%] Built target cmrosutils__cpp
[10.138s] [ 15%] [34m[1mGenerating C++ type support dispatch for ROS interfaces[0m
[10.138s] [ 15%] [32mBuilding C object CMakeFiles/cmrosutils__rosidl_generator_c.dir/rosidl_generator_c/cmrosutils/srv/detail/cm_remote_control__functions.c.o[0m
[10.142s] [ 15%] [34m[1mGenerating C++ introspection for ROS interfaces[0m
[10.164s] [ 18%] [34m[1mGenerating C++ type support for eProsima Fast-RTPS[0m
[10.643s] [ 21%] [32mBuilding CXX object CMakeFiles/cmrosutils__rosidl_typesupport_cpp.dir/rosidl_typesupport_cpp/cmrosutils/srv/cm_remote_control__type_support.cpp.o[0m
[10.679s] [ 24%] [32mBuilding CXX object CMakeFiles/cmrosutils__rosidl_typesupport_introspection_cpp.dir/rosidl_typesupport_introspection_cpp/cmrosutils/srv/detail/cm_remote_control__type_support.cpp.o[0m
[10.696s] [ 27%] [32mBuilding CXX object CMakeFiles/cmrosutils__rosidl_typesupport_fastrtps_cpp.dir/rosidl_typesupport_fastrtps_cpp/cmrosutils/srv/detail/dds_fastrtps/cm_remote_control__type_support.cpp.o[0m
[10.731s] [ 30%] [32m[1mLinking C shared library libcmrosutils__rosidl_generator_c.so[0m
[10.923s] [ 30%] Built target cmrosutils__rosidl_generator_c
[10.926s] running egg_info
[10.926s] creating cmrosutils.egg-info
[10.946s] writing cmrosutils.egg-info/PKG-INFO
[10.946s] writing dependency_links to cmrosutils.egg-info/dependency_links.txt
[10.947s] writing top-level names to cmrosutils.egg-info/top_level.txt
[10.949s] writing manifest file 'cmrosutils.egg-info/SOURCES.txt'
[10.970s] [ 36%] [34m[1mGenerating C introspection for ROS interfaces[0m
[10.970s] [ 36%] [34m[1mGenerating C type support for eProsima Fast-RTPS[0m
[10.995s] reading manifest file 'cmrosutils.egg-info/SOURCES.txt'
[11.001s] writing manifest file 'cmrosutils.egg-info/SOURCES.txt'
[11.107s] [ 36%] Built target ament_cmake_python_build_cmrosutils_egg
[11.178s] [ 39%] [34m[1mGenerating C type support dispatch for ROS interfaces[0m
[11.507s] [ 42%] [32m[1mLinking CXX shared library libcmrosutils__rosidl_typesupport_cpp.so[0m
[11.533s] [ 45%] [32mBuilding C object CMakeFiles/cmrosutils__rosidl_typesupport_introspection_c.dir/rosidl_typesupport_introspection_c/cmrosutils/srv/detail/cm_remote_control__type_support.c.o[0m
[11.535s] [ 48%] [32mBuilding CXX object CMakeFiles/cmrosutils__rosidl_typesupport_fastrtps_c.dir/rosidl_typesupport_fastrtps_c/cmrosutils/srv/detail/cm_remote_control__type_support_c.cpp.o[0m
[11.540s] [ 51%] [32m[1mLinking CXX shared library libcmrosutils__rosidl_typesupport_introspection_cpp.so[0m
[11.673s] [ 51%] Built target cmrosutils__rosidl_typesupport_cpp
[11.715s] [ 54%] [32mBuilding CXX object CMakeFiles/cmrosutils__rosidl_typesupport_c.dir/rosidl_typesupport_c/cmrosutils/srv/cm_remote_control__type_support.cpp.o[0m
[11.718s] [ 54%] Built target cmrosutils__rosidl_typesupport_introspection_cpp
[11.750s] [ 57%] [32mBuilding CXX object CMakeFiles/cmrosif.dir/src/cmrosif.cpp.o[0m
[11.781s] [ 60%] [32m[1mLinking CXX shared library libcmrosutils__rosidl_typesupport_fastrtps_cpp.so[0m
[11.801s] [ 63%] [32m[1mLinking C shared library libcmrosutils__rosidl_typesupport_introspection_c.so[0m
[11.944s] [ 63%] Built target cmrosutils__rosidl_typesupport_fastrtps_cpp
[11.947s] [ 63%] Built target cmrosutils__rosidl_typesupport_introspection_c
[11.955s] [ 66%] [32m[1mLinking CXX shared library libcmrosutils__rosidl_typesupport_c.so[0m
[12.104s] [ 66%] Built target cmrosutils__rosidl_typesupport_c
[12.242s] [ 69%] [32m[1mLinking CXX shared library libcmrosutils__rosidl_typesupport_fastrtps_c.so[0m
[12.372s] [ 69%] Built target cmrosutils__rosidl_typesupport_fastrtps_c
[12.428s] [ 69%] Built target cmrosutils
[12.499s] [ 72%] [34m[1mGenerating Python code for ROS interfaces[0m
[13.086s] [ 72%] Built target cmrosutils__py
[13.152s] [ 75%] [32mBuilding C object CMakeFiles/cmrosutils__rosidl_generator_py.dir/rosidl_generator_py/cmrosutils/srv/_cm_remote_control_s.c.o[0m
[13.677s] [ 78%] [32m[1mLinking C shared library rosidl_generator_py/cmrosutils/libcmrosutils__rosidl_generator_py.so[0m
[13.790s] [ 78%] Built target cmrosutils__rosidl_generator_py
[13.853s] [ 87%] [32mBuilding C object CMakeFiles/cmrosutils__rosidl_typesupport_fastrtps_c__pyext.dir/rosidl_generator_py/cmrosutils/_cmrosutils_s.ep.rosidl_typesupport_fastrtps_c.c.o[0m
[13.853s] [ 87%] [32mBuilding C object CMakeFiles/cmrosutils__rosidl_typesupport_introspection_c__pyext.dir/rosidl_generator_py/cmrosutils/_cmrosutils_s.ep.rosidl_typesupport_introspection_c.c.o[0m
[13.853s] [ 87%] [32mBuilding C object CMakeFiles/cmrosutils__rosidl_typesupport_c__pyext.dir/rosidl_generator_py/cmrosutils/_cmrosutils_s.ep.rosidl_typesupport_c.c.o[0m
[14.462s] [ 93%] [32m[1mLinking C shared library rosidl_generator_py/cmrosutils/cmrosutils_s__rosidl_typesupport_fastrtps_c.cpython-36m-x86_64-linux-gnu.so[0m
[14.462s] [ 93%] [32m[1mLinking C shared library rosidl_generator_py/cmrosutils/cmrosutils_s__rosidl_typesupport_introspection_c.cpython-36m-x86_64-linux-gnu.so[0m
[14.476s] [ 96%] [32m[1mLinking C shared library rosidl_generator_py/cmrosutils/cmrosutils_s__rosidl_typesupport_c.cpython-36m-x86_64-linux-gnu.so[0m
[14.566s] [ 96%] Built target cmrosutils__rosidl_typesupport_fastrtps_c__pyext
[14.566s] [ 96%] Built target cmrosutils__rosidl_typesupport_introspection_c__pyext
[14.599s] [ 96%] Built target cmrosutils__rosidl_typesupport_c__pyext
[18.468s] [100%] [32m[1mLinking CXX shared library libcmrosif.so[0m
[18.800s] [100%] Built target cmrosif
[18.835s] Invoked command in '/home/ujglv/Dokumente/PSE/Grundstein/carmaker-workspace/ros2_ws/build/cmrosutils' returned '0': CMAKE_PREFIX_PATH=/opt/ros/humble DEBUGINFOD_URLS=https://debuginfod.centos.org/ SHLVL=7 VIRTUAL_ENV_PROMPT=(.env) _=/usr/bin/env /usr/bin/cmake --build /home/ujglv/Dokumente/PSE/Grundstein/carmaker-workspace/ros2_ws/build/cmrosutils -- -j6 -l6
[18.839s] Invoking command in '/home/ujglv/Dokumente/PSE/Grundstein/carmaker-workspace/ros2_ws/build/cmrosutils': CMAKE_PREFIX_PATH=/opt/ros/humble DEBUGINFOD_URLS=https://debuginfod.centos.org/ SHLVL=7 VIRTUAL_ENV_PROMPT=(.env) _=/usr/bin/env /usr/bin/cmake --install /home/ujglv/Dokumente/PSE/Grundstein/carmaker-workspace/ros2_ws/build/cmrosutils
[18.862s] -- Install configuration: ""
[18.867s] -- Installing: /home/ujglv/Dokumente/PSE/Grundstein/carmaker-workspace/ros2_ws/install/cmrosutils/share/ament_index/resource_index/rosidl_interfaces/cmrosutils
[18.870s] -- Installing: /home/ujglv/Dokumente/PSE/Grundstein/carmaker-workspace/ros2_ws/install/cmrosutils/include/cmrosutils/cmrosutils
[18.875s] -- Installing: /home/ujglv/Dokumente/PSE/Grundstein/carmaker-workspace/ros2_ws/install/cmrosutils/include/cmrosutils/cmrosutils/srv
[18.879s] -- Installing: /home/ujglv/Dokumente/PSE/Grundstein/carmaker-workspace/ros2_ws/install/cmrosutils/include/cmrosutils/cmrosutils/srv/cm_remote_control.h
[18.882s] -- Installing: /home/ujglv/Dokumente/PSE/Grundstein/carmaker-workspace/ros2_ws/install/cmrosutils/include/cmrosutils/cmrosutils/srv/detail
[18.886s] -- Installing: /home/ujglv/Dokumente/PSE/Grundstein/carmaker-workspace/ros2_ws/install/cmrosutils/include/cmrosutils/cmrosutils/srv/detail/cm_remote_control__functions.c
[18.889s] -- Installing: /home/ujglv/Dokumente/PSE/Grundstein/carmaker-workspace/ros2_ws/install/cmrosutils/include/cmrosutils/cmrosutils/srv/detail/cm_remote_control__type_support.h
[18.895s] -- Installing: /home/ujglv/Dokumente/PSE/Grundstein/carmaker-workspace/ros2_ws/install/cmrosutils/include/cmrosutils/cmrosutils/srv/detail/cm_remote_control__functions.h
[18.898s] -- Installing: /home/ujglv/Dokumente/PSE/Grundstein/carmaker-workspace/ros2_ws/install/cmrosutils/include/cmrosutils/cmrosutils/srv/detail/cm_remote_control__struct.h
[18.901s] -- Installing: /home/ujglv/Dokumente/PSE/Grundstein/carmaker-workspace/ros2_ws/install/cmrosutils/include/cmrosutils/cmrosutils/msg
[18.905s] -- Installing: /home/ujglv/Dokumente/PSE/Grundstein/carmaker-workspace/ros2_ws/install/cmrosutils/include/cmrosutils/cmrosutils/msg/rosidl_generator_c__visibility_control.h
[18.913s] -- Installing: /home/ujglv/Dokumente/PSE/Grundstein/carmaker-workspace/ros2_ws/install/cmrosutils/share/cmrosutils/environment/library_path.sh
[18.917s] -- Installing: /home/ujglv/Dokumente/PSE/Grundstein/carmaker-workspace/ros2_ws/install/cmrosutils/share/cmrosutils/environment/library_path.dsv
[18.924s] -- Installing: /home/ujglv/Dokumente/PSE/Grundstein/carmaker-workspace/ros2_ws/install/cmrosutils/lib/libcmrosutils__rosidl_generator_c.so
[18.929s] -- Set runtime path of "/home/ujglv/Dokumente/PSE/Grundstein/carmaker-workspace/ros2_ws/install/cmrosutils/lib/libcmrosutils__rosidl_generator_c.so" to ""
[18.930s] -- Up-to-date: /home/ujglv/Dokumente/PSE/Grundstein/carmaker-workspace/ros2_ws/install/cmrosutils/include/cmrosutils/cmrosutils
[18.931s] -- Up-to-date: /home/ujglv/Dokumente/PSE/Grundstein/carmaker-workspace/ros2_ws/install/cmrosutils/include/cmrosutils/cmrosutils/srv
[18.932s] -- Up-to-date: /home/ujglv/Dokumente/PSE/Grundstein/carmaker-workspace/ros2_ws/install/cmrosutils/include/cmrosutils/cmrosutils/srv/detail
[18.932s] -- Installing: /home/ujglv/Dokumente/PSE/Grundstein/carmaker-workspace/ros2_ws/install/cmrosutils/include/cmrosutils/cmrosutils/srv/detail/cm_remote_control__rosidl_typesupport_fastrtps_c.h
[18.937s] -- Up-to-date: /home/ujglv/Dokumente/PSE/Grundstein/carmaker-workspace/ros2_ws/install/cmrosutils/include/cmrosutils/cmrosutils/msg
[18.937s] -- Installing: /home/ujglv/Dokumente/PSE/Grundstein/carmaker-workspace/ros2_ws/install/cmrosutils/include/cmrosutils/cmrosutils/msg/rosidl_typesupport_fastrtps_c__visibility_control.h
[18.940s] -- Installing: /home/ujglv/Dokumente/PSE/Grundstein/carmaker-workspace/ros2_ws/install/cmrosutils/lib/libcmrosutils__rosidl_typesupport_fastrtps_c.so
[18.948s] -- Set runtime path of "/home/ujglv/Dokumente/PSE/Grundstein/carmaker-workspace/ros2_ws/install/cmrosutils/lib/libcmrosutils__rosidl_typesupport_fastrtps_c.so" to ""
[18.948s] -- Up-to-date: /home/ujglv/Dokumente/PSE/Grundstein/carmaker-workspace/ros2_ws/install/cmrosutils/include/cmrosutils/cmrosutils
[18.949s] -- Up-to-date: /home/ujglv/Dokumente/PSE/Grundstein/carmaker-workspace/ros2_ws/install/cmrosutils/include/cmrosutils/cmrosutils/srv
[18.956s] -- Installing: /home/ujglv/Dokumente/PSE/Grundstein/carmaker-workspace/ros2_ws/install/cmrosutils/include/cmrosutils/cmrosutils/srv/cm_remote_control.hpp
[18.965s] -- Up-to-date: /home/ujglv/Dokumente/PSE/Grundstein/carmaker-workspace/ros2_ws/install/cmrosutils/include/cmrosutils/cmrosutils/srv/detail
[18.965s] -- Installing: /home/ujglv/Dokumente/PSE/Grundstein/carmaker-workspace/ros2_ws/install/cmrosutils/include/cmrosutils/cmrosutils/srv/detail/cm_remote_control__type_support.hpp
[18.969s] -- Installing: /home/ujglv/Dokumente/PSE/Grundstein/carmaker-workspace/ros2_ws/install/cmrosutils/include/cmrosutils/cmrosutils/srv/detail/cm_remote_control__builder.hpp
[18.972s] -- Installing: /home/ujglv/Dokumente/PSE/Grundstein/carmaker-workspace/ros2_ws/install/cmrosutils/include/cmrosutils/cmrosutils/srv/detail/cm_remote_control__struct.hpp
[18.975s] -- Installing: /home/ujglv/Dokumente/PSE/Grundstein/carmaker-workspace/ros2_ws/install/cmrosutils/include/cmrosutils/cmrosutils/srv/detail/cm_remote_control__traits.hpp
[18.979s] -- Up-to-date: /home/ujglv/Dokumente/PSE/Grundstein/carmaker-workspace/ros2_ws/install/cmrosutils/include/cmrosutils/cmrosutils/msg
[18.980s] -- Installing: /home/ujglv/Dokumente/PSE/Grundstein/carmaker-workspace/ros2_ws/install/cmrosutils/include/cmrosutils/cmrosutils/msg/rosidl_generator_cpp__visibility_control.hpp
[18.982s] -- Up-to-date: /home/ujglv/Dokumente/PSE/Grundstein/carmaker-workspace/ros2_ws/install/cmrosutils/include/cmrosutils/cmrosutils
[18.983s] -- Up-to-date: /home/ujglv/Dokumente/PSE/Grundstein/carmaker-workspace/ros2_ws/install/cmrosutils/include/cmrosutils/cmrosutils/srv
[18.984s] -- Up-to-date: /home/ujglv/Dokumente/PSE/Grundstein/carmaker-workspace/ros2_ws/install/cmrosutils/include/cmrosutils/cmrosutils/srv/detail
[18.984s] -- Installing: /home/ujglv/Dokumente/PSE/Grundstein/carmaker-workspace/ros2_ws/install/cmrosutils/include/cmrosutils/cmrosutils/srv/detail/cm_remote_control__rosidl_typesupport_fastrtps_cpp.hpp
[18.987s] -- Installing: /home/ujglv/Dokumente/PSE/Grundstein/carmaker-workspace/ros2_ws/install/cmrosutils/include/cmrosutils/cmrosutils/srv/detail/dds_fastrtps
[18.991s] -- Up-to-date: /home/ujglv/Dokumente/PSE/Grundstein/carmaker-workspace/ros2_ws/install/cmrosutils/include/cmrosutils/cmrosutils/msg
[18.992s] -- Installing: /home/ujglv/Dokumente/PSE/Grundstein/carmaker-workspace/ros2_ws/install/cmrosutils/include/cmrosutils/cmrosutils/msg/rosidl_typesupport_fastrtps_cpp__visibility_control.h
[18.995s] -- Installing: /home/ujglv/Dokumente/PSE/Grundstein/carmaker-workspace/ros2_ws/install/cmrosutils/lib/libcmrosutils__rosidl_typesupport_fastrtps_cpp.so
[19.003s] -- Set runtime path of "/home/ujglv/Dokumente/PSE/Grundstein/carmaker-workspace/ros2_ws/install/cmrosutils/lib/libcmrosutils__rosidl_typesupport_fastrtps_cpp.so" to ""
[19.003s] -- Up-to-date: /home/ujglv/Dokumente/PSE/Grundstein/carmaker-workspace/ros2_ws/install/cmrosutils/include/cmrosutils/cmrosutils
[19.011s] -- Up-to-date: /home/ujglv/Dokumente/PSE/Grundstein/carmaker-workspace/ros2_ws/install/cmrosutils/include/cmrosutils/cmrosutils/srv
[19.012s] -- Up-to-date: /home/ujglv/Dokumente/PSE/Grundstein/carmaker-workspace/ros2_ws/install/cmrosutils/include/cmrosutils/cmrosutils/srv/detail
[19.013s] -- Installing: /home/ujglv/Dokumente/PSE/Grundstein/carmaker-workspace/ros2_ws/install/cmrosutils/include/cmrosutils/cmrosutils/srv/detail/cm_remote_control__type_support.c
[19.019s] -- Installing: /home/ujglv/Dokumente/PSE/Grundstein/carmaker-workspace/ros2_ws/install/cmrosutils/include/cmrosutils/cmrosutils/srv/detail/cm_remote_control__rosidl_typesupport_introspection_c.h
[19.038s] -- Up-to-date: /home/ujglv/Dokumente/PSE/Grundstein/carmaker-workspace/ros2_ws/install/cmrosutils/include/cmrosutils/cmrosutils/msg
[19.039s] -- Installing: /home/ujglv/Dokumente/PSE/Grundstein/carmaker-workspace/ros2_ws/install/cmrosutils/include/cmrosutils/cmrosutils/msg/rosidl_typesupport_introspection_c__visibility_control.h
[19.042s] -- Installing: /home/ujglv/Dokumente/PSE/Grundstein/carmaker-workspace/ros2_ws/install/cmrosutils/lib/libcmrosutils__rosidl_typesupport_introspection_c.so
[19.048s] -- Set runtime path of "/home/ujglv/Dokumente/PSE/Grundstein/carmaker-workspace/ros2_ws/install/cmrosutils/lib/libcmrosutils__rosidl_typesupport_introspection_c.so" to ""
[19.049s] -- Installing: /home/ujglv/Dokumente/PSE/Grundstein/carmaker-workspace/ros2_ws/install/cmrosutils/lib/libcmrosutils__rosidl_typesupport_c.so
[19.059s] -- Set runtime path of "/home/ujglv/Dokumente/PSE/Grundstein/carmaker-workspace/ros2_ws/install/cmrosutils/lib/libcmrosutils__rosidl_typesupport_c.so" to ""
[19.060s] -- Up-to-date: /home/ujglv/Dokumente/PSE/Grundstein/carmaker-workspace/ros2_ws/install/cmrosutils/include/cmrosutils/cmrosutils
[19.060s] -- Up-to-date: /home/ujglv/Dokumente/PSE/Grundstein/carmaker-workspace/ros2_ws/install/cmrosutils/include/cmrosutils/cmrosutils/srv
[19.061s] -- Up-to-date: /home/ujglv/Dokumente/PSE/Grundstein/carmaker-workspace/ros2_ws/install/cmrosutils/include/cmrosutils/cmrosutils/srv/detail
[19.062s] -- Installing: /home/ujglv/Dokumente/PSE/Grundstein/carmaker-workspace/ros2_ws/install/cmrosutils/include/cmrosutils/cmrosutils/srv/detail/cm_remote_control__rosidl_typesupport_introspection_cpp.hpp
[19.065s] -- Installing: /home/ujglv/Dokumente/PSE/Grundstein/carmaker-workspace/ros2_ws/install/cmrosutils/include/cmrosutils/cmrosutils/srv/detail/cm_remote_control__type_support.cpp
[19.070s] -- Installing: /home/ujglv/Dokumente/PSE/Grundstein/carmaker-workspace/ros2_ws/install/cmrosutils/lib/libcmrosutils__rosidl_typesupport_introspection_cpp.so
[19.076s] -- Set runtime path of "/home/ujglv/Dokumente/PSE/Grundstein/carmaker-workspace/ros2_ws/install/cmrosutils/lib/libcmrosutils__rosidl_typesupport_introspection_cpp.so" to ""
[19.077s] -- Installing: /home/ujglv/Dokumente/PSE/Grundstein/carmaker-workspace/ros2_ws/install/cmrosutils/lib/libcmrosutils__rosidl_typesupport_cpp.so
[19.083s] -- Set runtime path of "/home/ujglv/Dokumente/PSE/Grundstein/carmaker-workspace/ros2_ws/install/cmrosutils/lib/libcmrosutils__rosidl_typesupport_cpp.so" to ""
[19.083s] -- Installing: /home/ujglv/Dokumente/PSE/Grundstein/carmaker-workspace/ros2_ws/install/cmrosutils/share/cmrosutils/environment/pythonpath.sh
[19.088s] -- Installing: /home/ujglv/Dokumente/PSE/Grundstein/carmaker-workspace/ros2_ws/install/cmrosutils/share/cmrosutils/environment/pythonpath.dsv
[19.092s] -- Installing: /home/ujglv/Dokumente/PSE/Grundstein/carmaker-workspace/ros2_ws/install/cmrosutils/lib/python3.11/site-packages/cmrosutils-1.1.0-py3.11.egg-info
[19.096s] -- Installing: /home/ujglv/Dokumente/PSE/Grundstein/carmaker-workspace/ros2_ws/install/cmrosutils/lib/python3.11/site-packages/cmrosutils-1.1.0-py3.11.egg-info/top_level.txt
[19.100s] -- Installing: /home/ujglv/Dokumente/PSE/Grundstein/carmaker-workspace/ros2_ws/install/cmrosutils/lib/python3.11/site-packages/cmrosutils-1.1.0-py3.11.egg-info/PKG-INFO
[19.103s] -- Installing: /home/ujglv/Dokumente/PSE/Grundstein/carmaker-workspace/ros2_ws/install/cmrosutils/lib/python3.11/site-packages/cmrosutils-1.1.0-py3.11.egg-info/dependency_links.txt
[19.106s] -- Installing: /home/ujglv/Dokumente/PSE/Grundstein/carmaker-workspace/ros2_ws/install/cmrosutils/lib/python3.11/site-packages/cmrosutils-1.1.0-py3.11.egg-info/SOURCES.txt
[19.110s] -- Installing: /home/ujglv/Dokumente/PSE/Grundstein/carmaker-workspace/ros2_ws/install/cmrosutils/lib/python3.11/site-packages/cmrosutils
[19.131s] -- Installing: /home/ujglv/Dokumente/PSE/Grundstein/carmaker-workspace/ros2_ws/install/cmrosutils/lib/python3.11/site-packages/cmrosutils/_cmrosutils_s.ep.rosidl_typesupport_introspection_c.c
[19.143s] -- Installing: /home/ujglv/Dokumente/PSE/Grundstein/carmaker-workspace/ros2_ws/install/cmrosutils/lib/python3.11/site-packages/cmrosutils/cmrosutils_s__rosidl_typesupport_introspection_c.cpython-36m-x86_64-linux-gnu.so
[19.148s] -- Installing: /home/ujglv/Dokumente/PSE/Grundstein/carmaker-workspace/ros2_ws/install/cmrosutils/lib/python3.11/site-packages/cmrosutils/cmrosutils_s__rosidl_typesupport_c.cpython-36m-x86_64-linux-gnu.so
[19.155s] -- Installing: /home/ujglv/Dokumente/PSE/Grundstein/carmaker-workspace/ros2_ws/install/cmrosutils/lib/python3.11/site-packages/cmrosutils/cmrosutils_s__rosidl_typesupport_fastrtps_c.cpython-36m-x86_64-linux-gnu.so
[19.164s] -- Installing: /home/ujglv/Dokumente/PSE/Grundstein/carmaker-workspace/ros2_ws/install/cmrosutils/lib/python3.11/site-packages/cmrosutils/_cmrosutils_s.ep.rosidl_typesupport_c.c
[19.172s] -- Installing: /home/ujglv/Dokumente/PSE/Grundstein/carmaker-workspace/ros2_ws/install/cmrosutils/lib/python3.11/site-packages/cmrosutils/__init__.py
[19.177s] -- Installing: /home/ujglv/Dokumente/PSE/Grundstein/carmaker-workspace/ros2_ws/install/cmrosutils/lib/python3.11/site-packages/cmrosutils/libcmrosutils__rosidl_generator_py.so
[19.183s] -- Installing: /home/ujglv/Dokumente/PSE/Grundstein/carmaker-workspace/ros2_ws/install/cmrosutils/lib/python3.11/site-packages/cmrosutils/_cmrosutils_s.ep.rosidl_typesupport_fastrtps_c.c
[19.187s] -- Installing: /home/ujglv/Dokumente/PSE/Grundstein/carmaker-workspace/ros2_ws/install/cmrosutils/lib/python3.11/site-packages/cmrosutils/srv
[19.194s] -- Installing: /home/ujglv/Dokumente/PSE/Grundstein/carmaker-workspace/ros2_ws/install/cmrosutils/lib/python3.11/site-packages/cmrosutils/srv/_cm_remote_control.py
[19.199s] -- Installing: /home/ujglv/Dokumente/PSE/Grundstein/carmaker-workspace/ros2_ws/install/cmrosutils/lib/python3.11/site-packages/cmrosutils/srv/__init__.py
[19.210s] -- Installing: /home/ujglv/Dokumente/PSE/Grundstein/carmaker-workspace/ros2_ws/install/cmrosutils/lib/python3.11/site-packages/cmrosutils/srv/_cm_remote_control_s.c
[19.310s] Listing '/home/ujglv/Dokumente/PSE/Grundstein/carmaker-workspace/ros2_ws/install/cmrosutils/lib/python3.11/site-packages/cmrosutils'...
[19.310s] Compiling '/home/ujglv/Dokumente/PSE/Grundstein/carmaker-workspace/ros2_ws/install/cmrosutils/lib/python3.11/site-packages/cmrosutils/__init__.py'...
[19.310s] Listing '/home/ujglv/Dokumente/PSE/Grundstein/carmaker-workspace/ros2_ws/install/cmrosutils/lib/python3.11/site-packages/cmrosutils/srv'...
[19.310s] Compiling '/home/ujglv/Dokumente/PSE/Grundstein/carmaker-workspace/ros2_ws/install/cmrosutils/lib/python3.11/site-packages/cmrosutils/srv/__init__.py'...
[19.310s] Compiling '/home/ujglv/Dokumente/PSE/Grundstein/carmaker-workspace/ros2_ws/install/cmrosutils/lib/python3.11/site-packages/cmrosutils/srv/_cm_remote_control.py'...
[19.321s] -- Installing: /home/ujglv/Dokumente/PSE/Grundstein/carmaker-workspace/ros2_ws/install/cmrosutils/lib/python3.11/site-packages/cmrosutils/cmrosutils_s__rosidl_typesupport_fastrtps_c.cpython-36m-x86_64-linux-gnu.so
[19.331s] -- Set runtime path of "/home/ujglv/Dokumente/PSE/Grundstein/carmaker-workspace/ros2_ws/install/cmrosutils/lib/python3.11/site-packages/cmrosutils/cmrosutils_s__rosidl_typesupport_fastrtps_c.cpython-36m-x86_64-linux-gnu.so" to ""
[19.334s] -- Installing: /home/ujglv/Dokumente/PSE/Grundstein/carmaker-workspace/ros2_ws/install/cmrosutils/lib/python3.11/site-packages/cmrosutils/cmrosutils_s__rosidl_typesupport_introspection_c.cpython-36m-x86_64-linux-gnu.so
[19.343s] -- Set runtime path of "/home/ujglv/Dokumente/PSE/Grundstein/carmaker-workspace/ros2_ws/install/cmrosutils/lib/python3.11/site-packages/cmrosutils/cmrosutils_s__rosidl_typesupport_introspection_c.cpython-36m-x86_64-linux-gnu.so" to ""
[19.345s] -- Installing: /home/ujglv/Dokumente/PSE/Grundstein/carmaker-workspace/ros2_ws/install/cmrosutils/lib/python3.11/site-packages/cmrosutils/cmrosutils_s__rosidl_typesupport_c.cpython-36m-x86_64-linux-gnu.so
[19.351s] -- Set runtime path of "/home/ujglv/Dokumente/PSE/Grundstein/carmaker-workspace/ros2_ws/install/cmrosutils/lib/python3.11/site-packages/cmrosutils/cmrosutils_s__rosidl_typesupport_c.cpython-36m-x86_64-linux-gnu.so" to ""
[19.353s] -- Installing: /home/ujglv/Dokumente/PSE/Grundstein/carmaker-workspace/ros2_ws/install/cmrosutils/lib/libcmrosutils__rosidl_generator_py.so
[19.362s] -- Set runtime path of "/home/ujglv/Dokumente/PSE/Grundstein/carmaker-workspace/ros2_ws/install/cmrosutils/lib/libcmrosutils__rosidl_generator_py.so" to ""
[19.368s] -- Installing: /home/ujglv/Dokumente/PSE/Grundstein/carmaker-workspace/ros2_ws/install/cmrosutils/share/cmrosutils/srv/CMRemoteControl.idl
[19.378s] -- Installing: /home/ujglv/Dokumente/PSE/Grundstein/carmaker-workspace/ros2_ws/install/cmrosutils/share/cmrosutils/srv/CMRemoteControl.srv
[19.384s] -- Installing: /home/ujglv/Dokumente/PSE/Grundstein/carmaker-workspace/ros2_ws/install/cmrosutils/share/cmrosutils/srv/CMRemoteControl_Request.msg
[19.391s] -- Installing: /home/ujglv/Dokumente/PSE/Grundstein/carmaker-workspace/ros2_ws/install/cmrosutils/share/cmrosutils/srv/CMRemoteControl_Response.msg
[19.395s] -- Up-to-date: /home/ujglv/Dokumente/PSE/Grundstein/carmaker-workspace/ros2_ws/install/cmrosutils/include
[19.396s] -- Up-to-date: /home/ujglv/Dokumente/PSE/Grundstein/carmaker-workspace/ros2_ws/install/cmrosutils/include/cmrosutils
[19.396s] -- Installing: /home/ujglv/Dokumente/PSE/Grundstein/carmaker-workspace/ros2_ws/install/cmrosutils/include/cmrosutils/CMJob.h
[19.402s] -- Installing: /home/ujglv/Dokumente/PSE/Grundstein/carmaker-workspace/ros2_ws/install/cmrosutils/include/cmrosutils/cmcppif.h
[19.408s] -- Installing: /home/ujglv/Dokumente/PSE/Grundstein/carmaker-workspace/ros2_ws/install/cmrosutils/include/cmrosutils/cmjob_publisher.hpp
[19.411s] -- Installing: /home/ujglv/Dokumente/PSE/Grundstein/carmaker-workspace/ros2_ws/install/cmrosutils/include/cmrosutils/cmrosif.hpp
[19.419s] -- Installing: /home/ujglv/Dokumente/PSE/Grundstein/carmaker-workspace/ros2_ws/install/cmrosutils/include/cmrosutils/cmjob_subscriber.hpp
[19.422s] -- Installing: /home/ujglv/Dokumente/PSE/Grundstein/carmaker-workspace/ros2_ws/install/cmrosutils/lib/libcmrosif.so
[19.474s] -- Set runtime path of "/home/ujglv/Dokumente/PSE/Grundstein/carmaker-workspace/ros2_ws/install/cmrosutils/lib/libcmrosif.so" to ""
[19.483s] -- Installing: /home/ujglv/Dokumente/PSE/Grundstein/carmaker-workspace/ros2_ws/install/cmrosutils/share/ament_index/resource_index/package_run_dependencies/cmrosutils
[19.494s] -- Installing: /home/ujglv/Dokumente/PSE/Grundstein/carmaker-workspace/ros2_ws/install/cmrosutils/share/ament_index/resource_index/parent_prefix_path/cmrosutils
[19.499s] -- Installing: /home/ujglv/Dokumente/PSE/Grundstein/carmaker-workspace/ros2_ws/install/cmrosutils/share/cmrosutils/environment/ament_prefix_path.sh
[19.506s] -- Installing: /home/ujglv/Dokumente/PSE/Grundstein/carmaker-workspace/ros2_ws/install/cmrosutils/share/cmrosutils/environment/ament_prefix_path.dsv
[19.516s] -- Installing: /home/ujglv/Dokumente/PSE/Grundstein/carmaker-workspace/ros2_ws/install/cmrosutils/share/cmrosutils/environment/path.sh
[19.520s] -- Installing: /home/ujglv/Dokumente/PSE/Grundstein/carmaker-workspace/ros2_ws/install/cmrosutils/share/cmrosutils/environment/path.dsv
[19.526s] -- Installing: /home/ujglv/Dokumente/PSE/Grundstein/carmaker-workspace/ros2_ws/install/cmrosutils/share/cmrosutils/local_setup.bash
[19.533s] -- Installing: /home/ujglv/Dokumente/PSE/Grundstein/carmaker-workspace/ros2_ws/install/cmrosutils/share/cmrosutils/local_setup.sh
[19.542s] -- Installing: /home/ujglv/Dokumente/PSE/Grundstein/carmaker-workspace/ros2_ws/install/cmrosutils/share/cmrosutils/local_setup.zsh
[19.553s] -- Installing: /home/ujglv/Dokumente/PSE/Grundstein/carmaker-workspace/ros2_ws/install/cmrosutils/share/cmrosutils/local_setup.dsv
[19.557s] -- Installing: /home/ujglv/Dokumente/PSE/Grundstein/carmaker-workspace/ros2_ws/install/cmrosutils/share/cmrosutils/package.dsv
[19.564s] -- Installing: /home/ujglv/Dokumente/PSE/Grundstein/carmaker-workspace/ros2_ws/install/cmrosutils/share/ament_index/resource_index/packages/cmrosutils
[19.571s] -- Installing: /home/ujglv/Dokumente/PSE/Grundstein/carmaker-workspace/ros2_ws/install/cmrosutils/share/cmrosutils/cmake/export_cmrosutils__rosidl_generator_cExport.cmake
[19.575s] -- Installing: /home/ujglv/Dokumente/PSE/Grundstein/carmaker-workspace/ros2_ws/install/cmrosutils/share/cmrosutils/cmake/export_cmrosutils__rosidl_generator_cExport-noconfig.cmake
[19.579s] -- Installing: /home/ujglv/Dokumente/PSE/Grundstein/carmaker-workspace/ros2_ws/install/cmrosutils/share/cmrosutils/cmake/export_cmrosutils__rosidl_typesupport_fastrtps_cExport.cmake
[19.582s] -- Installing: /home/ujglv/Dokumente/PSE/Grundstein/carmaker-workspace/ros2_ws/install/cmrosutils/share/cmrosutils/cmake/export_cmrosutils__rosidl_typesupport_fastrtps_cExport-noconfig.cmake
[19.586s] -- Installing: /home/ujglv/Dokumente/PSE/Grundstein/carmaker-workspace/ros2_ws/install/cmrosutils/share/cmrosutils/cmake/export_cmrosutils__rosidl_generator_cppExport.cmake
[19.589s] -- Installing: /home/ujglv/Dokumente/PSE/Grundstein/carmaker-workspace/ros2_ws/install/cmrosutils/share/cmrosutils/cmake/export_cmrosutils__rosidl_typesupport_fastrtps_cppExport.cmake
[19.593s] -- Installing: /home/ujglv/Dokumente/PSE/Grundstein/carmaker-workspace/ros2_ws/install/cmrosutils/share/cmrosutils/cmake/export_cmrosutils__rosidl_typesupport_fastrtps_cppExport-noconfig.cmake
[19.610s] -- Installing: /home/ujglv/Dokumente/PSE/Grundstein/carmaker-workspace/ros2_ws/install/cmrosutils/share/cmrosutils/cmake/cmrosutils__rosidl_typesupport_introspection_cExport.cmake
[19.619s] -- Installing: /home/ujglv/Dokumente/PSE/Grundstein/carmaker-workspace/ros2_ws/install/cmrosutils/share/cmrosutils/cmake/cmrosutils__rosidl_typesupport_introspection_cExport-noconfig.cmake
[19.622s] -- Installing: /home/ujglv/Dokumente/PSE/Grundstein/carmaker-workspace/ros2_ws/install/cmrosutils/share/cmrosutils/cmake/cmrosutils__rosidl_typesupport_cExport.cmake
[19.625s] -- Installing: /home/ujglv/Dokumente/PSE/Grundstein/carmaker-workspace/ros2_ws/install/cmrosutils/share/cmrosutils/cmake/cmrosutils__rosidl_typesupport_cExport-noconfig.cmake
[19.629s] -- Installing: /home/ujglv/Dokumente/PSE/Grundstein/carmaker-workspace/ros2_ws/install/cmrosutils/share/cmrosutils/cmake/cmrosutils__rosidl_typesupport_introspection_cppExport.cmake
[19.634s] -- Installing: /home/ujglv/Dokumente/PSE/Grundstein/carmaker-workspace/ros2_ws/install/cmrosutils/share/cmrosutils/cmake/cmrosutils__rosidl_typesupport_introspection_cppExport-noconfig.cmake
[19.637s] -- Installing: /home/ujglv/Dokumente/PSE/Grundstein/carmaker-workspace/ros2_ws/install/cmrosutils/share/cmrosutils/cmake/cmrosutils__rosidl_typesupport_cppExport.cmake
[19.641s] -- Installing: /home/ujglv/Dokumente/PSE/Grundstein/carmaker-workspace/ros2_ws/install/cmrosutils/share/cmrosutils/cmake/cmrosutils__rosidl_typesupport_cppExport-noconfig.cmake
[19.644s] -- Installing: /home/ujglv/Dokumente/PSE/Grundstein/carmaker-workspace/ros2_ws/install/cmrosutils/share/cmrosutils/cmake/export_cmrosutils__rosidl_generator_pyExport.cmake
[19.648s] -- Installing: /home/ujglv/Dokumente/PSE/Grundstein/carmaker-workspace/ros2_ws/install/cmrosutils/share/cmrosutils/cmake/export_cmrosutils__rosidl_generator_pyExport-noconfig.cmake
[19.652s] -- Installing: /home/ujglv/Dokumente/PSE/Grundstein/carmaker-workspace/ros2_ws/install/cmrosutils/share/cmrosutils/cmake/cmrosifTargetsExport.cmake
[19.656s] -- Installing: /home/ujglv/Dokumente/PSE/Grundstein/carmaker-workspace/ros2_ws/install/cmrosutils/share/cmrosutils/cmake/cmrosifTargetsExport-noconfig.cmake
[19.659s] -- Installing: /home/ujglv/Dokumente/PSE/Grundstein/carmaker-workspace/ros2_ws/install/cmrosutils/share/cmrosutils/cmake/rosidl_cmake-extras.cmake
[19.664s] -- Installing: /home/ujglv/Dokumente/PSE/Grundstein/carmaker-workspace/ros2_ws/install/cmrosutils/share/cmrosutils/cmake/ament_cmake_export_dependencies-extras.cmake
[19.669s] -- Installing: /home/ujglv/Dokumente/PSE/Grundstein/carmaker-workspace/ros2_ws/install/cmrosutils/share/cmrosutils/cmake/ament_cmake_export_include_directories-extras.cmake
[19.673s] -- Installing: /home/ujglv/Dokumente/PSE/Grundstein/carmaker-workspace/ros2_ws/install/cmrosutils/share/cmrosutils/cmake/ament_cmake_export_libraries-extras.cmake
[19.677s] -- Installing: /home/ujglv/Dokumente/PSE/Grundstein/carmaker-workspace/ros2_ws/install/cmrosutils/share/cmrosutils/cmake/ament_cmake_export_targets-extras.cmake
[19.682s] -- Installing: /home/ujglv/Dokumente/PSE/Grundstein/carmaker-workspace/ros2_ws/install/cmrosutils/share/cmrosutils/cmake/rosidl_cmake_export_typesupport_targets-extras.cmake
[19.687s] -- Installing: /home/ujglv/Dokumente/PSE/Grundstein/carmaker-workspace/ros2_ws/install/cmrosutils/share/cmrosutils/cmake/rosidl_cmake_export_typesupport_libraries-extras.cmake
[19.691s] -- Installing: /home/ujglv/Dokumente/PSE/Grundstein/carmaker-workspace/ros2_ws/install/cmrosutils/share/cmrosutils/cmake/cmrosutilsConfig.cmake
[19.695s] -- Installing: /home/ujglv/Dokumente/PSE/Grundstein/carmaker-workspace/ros2_ws/install/cmrosutils/share/cmrosutils/cmake/cmrosutilsConfig-version.cmake
[19.698s] -- Installing: /home/ujglv/Dokumente/PSE/Grundstein/carmaker-workspace/ros2_ws/install/cmrosutils/share/cmrosutils/package.xml
[19.710s] Invoked command in '/home/ujglv/Dokumente/PSE/Grundstein/carmaker-workspace/ros2_ws/build/cmrosutils' returned '0': CMAKE_PREFIX_PATH=/opt/ros/humble DEBUGINFOD_URLS=https://debuginfod.centos.org/ SHLVL=7 VIRTUAL_ENV_PROMPT=(.env) _=/usr/bin/env /usr/bin/cmake --install /home/ujglv/Dokumente/PSE/Grundstein/carmaker-workspace/ros2_ws/build/cmrosutils
