[ 50%] [32mBuilding CXX object CMakeFiles/cm_ros_if.dir/src/cm_ros_if.cpp.o[0m
[100%] [32m[1mLinking CXX shared library libcm_ros_if.so[0m
[100%] Built target cm_ros_if
-- Install configuration: ""
-- Installing: /home/ujglv/Dokumente/PSE/Grundstein/carmaker-workspace/ros2_ws/install/cm_ros_if/lib/libcm_ros_if.so
-- Set runtime path of "/home/ujglv/Dokumente/PSE/Grundstein/carmaker-workspace/ros2_ws/install/cm_ros_if/lib/libcm_ros_if.so" to ""
-- Installing: /home/ujglv/Dokumente/PSE/Grundstein/carmaker-workspace/ros2_ws/install/cm_ros_if/share/cm_ros_if/environment/library_path.sh
-- Installing: /home/ujglv/Dokumente/PSE/Grundstein/carmaker-workspace/ros2_ws/install/cm_ros_if/share/cm_ros_if/environment/library_path.dsv
-- Up-to-date: /home/ujglv/Dokumente/PSE/Grundstein/carmaker-workspace/ros2_ws/install/cm_ros_if/share/ament_index/resource_index/package_run_dependencies/cm_ros_if
-- Installing: /home/ujglv/Dokumente/PSE/Grundstein/carmaker-workspace/ros2_ws/install/cm_ros_if/share/ament_index/resource_index/parent_prefix_path/cm_ros_if
-- Installing: /home/ujglv/Dokumente/PSE/Grundstein/carmaker-workspace/ros2_ws/install/cm_ros_if/share/cm_ros_if/environment/ament_prefix_path.sh
-- Installing: /home/ujglv/Dokumente/PSE/Grundstein/carmaker-workspace/ros2_ws/install/cm_ros_if/share/cm_ros_if/environment/ament_prefix_path.dsv
-- Installing: /home/ujglv/Dokumente/PSE/Grundstein/carmaker-workspace/ros2_ws/install/cm_ros_if/share/cm_ros_if/environment/path.sh
-- Installing: /home/ujglv/Dokumente/PSE/Grundstein/carmaker-workspace/ros2_ws/install/cm_ros_if/share/cm_ros_if/environment/path.dsv
-- Installing: /home/ujglv/Dokumente/PSE/Grundstein/carmaker-workspace/ros2_ws/install/cm_ros_if/share/cm_ros_if/local_setup.bash
-- Installing: /home/ujglv/Dokumente/PSE/Grundstein/carmaker-workspace/ros2_ws/install/cm_ros_if/share/cm_ros_if/local_setup.sh
-- Installing: /home/ujglv/Dokumente/PSE/Grundstein/carmaker-workspace/ros2_ws/install/cm_ros_if/share/cm_ros_if/local_setup.zsh
-- Installing: /home/ujglv/Dokumente/PSE/Grundstein/carmaker-workspace/ros2_ws/install/cm_ros_if/share/cm_ros_if/local_setup.dsv
-- Installing: /home/ujglv/Dokumente/PSE/Grundstein/carmaker-workspace/ros2_ws/install/cm_ros_if/share/cm_ros_if/package.dsv
-- Installing: /home/ujglv/Dokumente/PSE/Grundstein/carmaker-workspace/ros2_ws/install/cm_ros_if/share/ament_index/resource_index/packages/cm_ros_if
-- Installing: /home/ujglv/Dokumente/PSE/Grundstein/carmaker-workspace/ros2_ws/install/cm_ros_if/share/cm_ros_if/cmake/ament_cmake_export_libraries-extras.cmake
-- Installing: /home/ujglv/Dokumente/PSE/Grundstein/carmaker-workspace/ros2_ws/install/cm_ros_if/share/cm_ros_if/cmake/ament_cmake_export_dependencies-extras.cmake
-- Installing: /home/ujglv/Dokumente/PSE/Grundstein/carmaker-workspace/ros2_ws/install/cm_ros_if/share/cm_ros_if/cmake/cm_ros_ifConfig.cmake
-- Installing: /home/ujglv/Dokumente/PSE/Grundstein/carmaker-workspace/ros2_ws/install/cm_ros_if/share/cm_ros_if/cmake/cm_ros_ifConfig-version.cmake
-- Installing: /home/ujglv/Dokumente/PSE/Grundstein/carmaker-workspace/ros2_ws/install/cm_ros_if/share/cm_ros_if/package.xml
